

================================================================
== Vivado HLS Report for 'fc_layer3'
================================================================
* Date:           Mon Jun 18 15:49:29 2018

* Version:        2017.4.1 (Build 2117188 on Tue Jan 30 15:53:01 MST 2018)
* Project:        nnet_stream
* Solution:       solution1
* Product family: zynq
* Target device:  xc7z020clg400-1


================================================================
== Performance Estimates
================================================================
+ Timing (ns): 
    * Summary: 
    +--------+-------+----------+------------+
    |  Clock | Target| Estimated| Uncertainty|
    +--------+-------+----------+------------+
    |ap_clk  |  13.00|      9.75|        1.62|
    +--------+-------+----------+------------+

+ Latency (clock cycles): 
    * Summary: 
    +------+------+------+------+---------+
    |   Latency   |   Interval  | Pipeline|
    |  min |  max |  min |  max |   Type  |
    +------+------+------+------+---------+
    |  1198|  1198|  1198|  1198|   none  |
    +------+------+------+------+---------+

    + Detail: 
        * Instance: 
        N/A

        * Loop: 
        +----------------------+------+------+----------+-----------+-----------+------+----------+
        |                      |   Latency   | Iteration|  Initiation Interval  | Trip |          |
        |       Loop Name      |  min |  max |  Latency |  achieved |   target  | Count| Pipelined|
        +----------------------+------+------+----------+-----------+-----------+------+----------+
        |- fc_layer3_label10   |  1176|  1176|        14|          -|          -|    84|    no    |
        | + fc_layer3_label42  |    12|    12|         5|          -|          -|     2|    no    |
        |- fc_layer3_label14   |    20|    20|         2|          -|          -|    10|    no    |
        +----------------------+------+------+----------+-----------+-----------+------+----------+

============================================================
+ Verbose Summary: Synthesis Manager
============================================================
InlineROM: 1
ExposeGlobal: 0
============================================================
+ Verbose Summary: CDFG Model
============================================================
IsTopModel: 0
ResetActiveHigh: 1
IsCombinational: 2
IsDatapathOnly: 0
HasWiredReturn: 1
HasMFsm: 0
HasVarLatency: 1
IsPipeline: 0
IsRtlPipelined: 0
IsInstanceOverlapped: 0
IsDontTouch: 0
HasImplIP: 0
IsGatedGlobalClock: 0


============================================================
+ Verbose Summary: Schedule
============================================================
* Number of FSM states : 9
* Pipeline : 0
* Dataflow Pipeline: 0

* FSM state transitions: 
1 --> 
	2  / true
2 --> 
	3  / (!exitcond1)
	8  / (exitcond1)
3 --> 
	4  / true
4 --> 
	5  / true
5 --> 
	6  / (!exitcond16_2)
	2  / (exitcond16_2)
6 --> 
	7  / true
7 --> 
	3  / true
8 --> 
	9  / (!exitcond)
9 --> 
	8  / true

* FSM state operations: 

 <State 1> : 4.64ns
ST_1 : Operation 10 [1/1] (0.00ns)   --->   "%empty = call i32 (...)* @_ssdm_op_SpecInterface(i16* %in_V_V, [8 x i8]* @ap_fifo_str, i32 0, i32 0, [1 x i8]* @p_str174, i32 0, i32 0, [1 x i8]* @p_str175, [1 x i8]* @p_str176, [1 x i8]* @p_str177, i32 2, i32 2, i32 16, i32 16, [1 x i8]* @p_str178, [1 x i8]* @p_str179)"
ST_1 : Operation 11 [1/1] (0.00ns)   --->   "%empty_498 = call i32 (...)* @_ssdm_op_SpecInterface(i16* %out_V_V, [8 x i8]* @ap_fifo_str, i32 0, i32 0, [1 x i8]* @p_str187, i32 0, i32 0, [1 x i8]* @p_str188, [1 x i8]* @p_str189, [1 x i8]* @p_str190, i32 2, i32 2, i32 16, i32 16, [1 x i8]* @p_str191, [1 x i8]* @p_str192)"
ST_1 : Operation 12 [1/1] (2.32ns)   --->   "%output_V = alloca [10 x i16], align 2" [nnet_stream/solution1/nnet.cpp:292]   --->   Core 37 'RAM' <Latency = 1> <II = 1> <Delay = 2.32> <Storage> <Opcode : 'load' 'store'> <Ports = 2> <Width = 16> <Depth = 10> <RAM>
ST_1 : Operation 13 [1/1] (0.00ns)   --->   "%output_V_addr = getelementptr [10 x i16]* %output_V, i64 0, i64 0" [nnet_stream/solution1/nnet.cpp:292]
ST_1 : Operation 14 [1/1] (2.32ns)   --->   "store i16 0, i16* %output_V_addr, align 16" [nnet_stream/solution1/nnet.cpp:292]   --->   Core 37 'RAM' <Latency = 1> <II = 1> <Delay = 2.32> <Storage> <Opcode : 'load' 'store'> <Ports = 2> <Width = 16> <Depth = 10> <RAM>
ST_1 : Operation 15 [1/1] (1.76ns)   --->   "br label %.preheader64" [nnet_stream/solution1/nnet.cpp:293]

 <State 2> : 3.63ns
ST_2 : Operation 16 [1/1] (0.00ns)   --->   "%j = phi i7 [ %j_1, %3 ], [ 0, %.preheader64.preheader ]"
ST_2 : Operation 17 [1/1] (1.48ns)   --->   "%exitcond1 = icmp eq i7 %j, -44" [nnet_stream/solution1/nnet.cpp:293]   --->   Core 25 'Cmp' <Latency = 0> <II = 1> <Delay = 2.42> <FuncUnit> <Opcode : 'icmp'> <InPorts = 2> <OutPorts = 1>
ST_2 : Operation 18 [1/1] (0.00ns)   --->   "%empty_499 = call i32 (...)* @_ssdm_op_SpecLoopTripCount(i64 84, i64 84, i64 84)"
ST_2 : Operation 19 [1/1] (1.87ns)   --->   "%j_1 = add i7 %j, 1" [nnet_stream/solution1/nnet.cpp:293]   --->   Core 14 'AddSub' <Latency = 0> <II = 1> <Delay = 1.73> <FuncUnit> <Opcode : 'add' 'sub'> <InPorts = 2> <OutPorts = 1>
ST_2 : Operation 20 [1/1] (0.00ns)   --->   "br i1 %exitcond1, label %.preheader.preheader, label %0" [nnet_stream/solution1/nnet.cpp:293]
ST_2 : Operation 21 [1/1] (0.00ns)   --->   "call void (...)* @_ssdm_op_SpecLoopName([18 x i8]* @p_str51) nounwind" [nnet_stream/solution1/nnet.cpp:294]
ST_2 : Operation 22 [1/1] (0.00ns)   --->   "%tmp_1 = call i32 (...)* @_ssdm_op_SpecRegionBegin([18 x i8]* @p_str51)" [nnet_stream/solution1/nnet.cpp:294]
ST_2 : Operation 23 [1/1] (3.63ns)   --->   "%tmp_V_712 = call i16 @_ssdm_op_Read.ap_fifo.volatile.i16P(i16* %in_V_V)" [nnet_stream/solution1/nnet.cpp:295]   --->   Core 32 'FIFO' <Latency = 0> <II = 1> <Delay = 3.63> <Storage> <Opcode : 'read' 'write' 'nbread' 'nbwrite'> <Ports = 0> <Width = 16> <Depth = 1> <FIFO>
ST_2 : Operation 24 [1/1] (0.00ns)   --->   "%tmp = call i10 @_ssdm_op_BitConcatenate.i10.i7.i3(i7 %j, i3 0)" [nnet_stream/solution1/nnet.cpp:293]
ST_2 : Operation 25 [1/1] (0.00ns)   --->   "%p_shl_cast = zext i10 %tmp to i11" [nnet_stream/solution1/nnet.cpp:293]
ST_2 : Operation 26 [1/1] (0.00ns)   --->   "%tmp_6 = call i8 @_ssdm_op_BitConcatenate.i8.i7.i1(i7 %j, i1 false)" [nnet_stream/solution1/nnet.cpp:293]
ST_2 : Operation 27 [1/1] (0.00ns)   --->   "%p_shl1_cast = zext i8 %tmp_6 to i11" [nnet_stream/solution1/nnet.cpp:298]
ST_2 : Operation 28 [1/1] (1.95ns)   --->   "%tmp_11 = add i11 %p_shl1_cast, %p_shl_cast" [nnet_stream/solution1/nnet.cpp:298]   --->   Core 14 'AddSub' <Latency = 0> <II = 1> <Delay = 1.73> <FuncUnit> <Opcode : 'add' 'sub'> <InPorts = 2> <OutPorts = 1>
ST_2 : Operation 29 [1/1] (0.00ns)   --->   "%tmp_2 = sext i16 %tmp_V_712 to i28" [nnet_stream/solution1/nnet.cpp:298]
ST_2 : Operation 30 [1/1] (1.76ns)   --->   "br label %1" [nnet_stream/solution1/nnet.cpp:296]
ST_2 : Operation 31 [1/1] (1.76ns)   --->   "br label %.preheader" [nnet_stream/solution1/nnet.cpp:301]

 <State 3> : 5.23ns
ST_3 : Operation 32 [1/1] (0.00ns)   --->   "%i3 = phi i4 [ 0, %0 ], [ %i_4_3, %2 ]" [nnet_stream/solution1/nnet.cpp:296]
ST_3 : Operation 33 [1/1] (0.00ns)   --->   "%tmp_3_cast = zext i4 %i3 to i11" [nnet_stream/solution1/nnet.cpp:298]
ST_3 : Operation 34 [1/1] (1.97ns)   --->   "%tmp_12 = add i11 %tmp_3_cast, %tmp_11" [nnet_stream/solution1/nnet.cpp:298]   --->   Core 14 'AddSub' <Latency = 0> <II = 1> <Delay = 1.73> <FuncUnit> <Opcode : 'add' 'sub'> <InPorts = 2> <OutPorts = 1>
ST_3 : Operation 35 [1/1] (0.00ns)   --->   "%tmp_12_cast = zext i11 %tmp_12 to i64" [nnet_stream/solution1/nnet.cpp:298]
ST_3 : Operation 36 [1/1] (0.00ns)   --->   "%fc_layer3_weights_V_s = getelementptr [840 x i12]* @fc_layer3_weights_V, i64 0, i64 %tmp_12_cast" [nnet_stream/solution1/nnet.cpp:298]
ST_3 : Operation 37 [2/2] (3.25ns)   --->   "%fc_layer3_weights_V_1 = load i12* %fc_layer3_weights_V_s, align 2" [nnet_stream/solution1/nnet.cpp:298]   --->   Core 48 'ROM_nP' <Latency = 1> <II = 1> <Delay = 3.25> <Storage> <Opcode : 'load'> <Ports = 0> <Width = 12> <Depth = 840> <ROM>
ST_3 : Operation 38 [1/1] (0.00ns)   --->   "%i_4_s = or i4 %i3, 1" [nnet_stream/solution1/nnet.cpp:296]
ST_3 : Operation 39 [1/1] (0.00ns)   --->   "%tmp_28_1_cast = zext i4 %i_4_s to i11" [nnet_stream/solution1/nnet.cpp:298]
ST_3 : Operation 40 [1/1] (1.97ns)   --->   "%tmp_13 = add i11 %tmp_28_1_cast, %tmp_11" [nnet_stream/solution1/nnet.cpp:298]   --->   Core 14 'AddSub' <Latency = 0> <II = 1> <Delay = 1.73> <FuncUnit> <Opcode : 'add' 'sub'> <InPorts = 2> <OutPorts = 1>
ST_3 : Operation 41 [1/1] (0.00ns)   --->   "%tmp_13_cast = zext i11 %tmp_13 to i64" [nnet_stream/solution1/nnet.cpp:298]
ST_3 : Operation 42 [1/1] (0.00ns)   --->   "%fc_layer3_weights_V_2 = getelementptr [840 x i12]* @fc_layer3_weights_V, i64 0, i64 %tmp_13_cast" [nnet_stream/solution1/nnet.cpp:298]
ST_3 : Operation 43 [2/2] (3.25ns)   --->   "%fc_layer3_weights_V_3 = load i12* %fc_layer3_weights_V_2, align 2" [nnet_stream/solution1/nnet.cpp:298]   --->   Core 48 'ROM_nP' <Latency = 1> <II = 1> <Delay = 3.25> <Storage> <Opcode : 'load'> <Ports = 0> <Width = 12> <Depth = 840> <ROM>

 <State 4> : 3.25ns
ST_4 : Operation 44 [1/1] (0.00ns)   --->   "%tmp_3 = zext i4 %i3 to i64" [nnet_stream/solution1/nnet.cpp:298]
ST_4 : Operation 45 [1/2] (3.25ns)   --->   "%fc_layer3_weights_V_1 = load i12* %fc_layer3_weights_V_s, align 2" [nnet_stream/solution1/nnet.cpp:298]   --->   Core 48 'ROM_nP' <Latency = 1> <II = 1> <Delay = 3.25> <Storage> <Opcode : 'load'> <Ports = 0> <Width = 12> <Depth = 840> <ROM>
ST_4 : Operation 46 [1/1] (0.00ns)   --->   "%output_V_addr_2 = getelementptr [10 x i16]* %output_V, i64 0, i64 %tmp_3" [nnet_stream/solution1/nnet.cpp:298]
ST_4 : Operation 47 [2/2] (2.32ns)   --->   "%output_V_load = load i16* %output_V_addr_2, align 2" [nnet_stream/solution1/nnet.cpp:298]   --->   Core 37 'RAM' <Latency = 1> <II = 1> <Delay = 2.32> <Storage> <Opcode : 'load' 'store'> <Ports = 2> <Width = 16> <Depth = 10> <RAM>
ST_4 : Operation 48 [1/1] (0.00ns)   --->   "%tmp_28_1 = zext i4 %i_4_s to i64" [nnet_stream/solution1/nnet.cpp:298]
ST_4 : Operation 49 [1/2] (3.25ns)   --->   "%fc_layer3_weights_V_3 = load i12* %fc_layer3_weights_V_2, align 2" [nnet_stream/solution1/nnet.cpp:298]   --->   Core 48 'ROM_nP' <Latency = 1> <II = 1> <Delay = 3.25> <Storage> <Opcode : 'load'> <Ports = 0> <Width = 12> <Depth = 840> <ROM>
ST_4 : Operation 50 [1/1] (0.00ns)   --->   "%output_V_addr_3 = getelementptr [10 x i16]* %output_V, i64 0, i64 %tmp_28_1" [nnet_stream/solution1/nnet.cpp:298]
ST_4 : Operation 51 [2/2] (2.32ns)   --->   "%output_V_load_1 = load i16* %output_V_addr_3, align 2" [nnet_stream/solution1/nnet.cpp:298]   --->   Core 37 'RAM' <Latency = 1> <II = 1> <Delay = 2.32> <Storage> <Opcode : 'load' 'store'> <Ports = 2> <Width = 16> <Depth = 10> <RAM>

 <State 5> : 8.70ns
ST_5 : Operation 52 [1/1] (0.00ns)   --->   "call void (...)* @_ssdm_op_SpecLoopName([18 x i8]* @p_str52) nounwind" [nnet_stream/solution1/nnet.cpp:297]
ST_5 : Operation 53 [1/1] (0.00ns)   --->   "%tmp_4 = sext i12 %fc_layer3_weights_V_1 to i28" [nnet_stream/solution1/nnet.cpp:298]
ST_5 : Operation 54 [1/2] (2.32ns)   --->   "%output_V_load = load i16* %output_V_addr_2, align 2" [nnet_stream/solution1/nnet.cpp:298]   --->   Core 37 'RAM' <Latency = 1> <II = 1> <Delay = 2.32> <Storage> <Opcode : 'load' 'store'> <Ports = 2> <Width = 16> <Depth = 10> <RAM>
ST_5 : Operation 55 [1/1] (0.00ns)   --->   "%tmp_5 = call i28 @_ssdm_op_BitConcatenate.i28.i16.i12(i16 %output_V_load, i12 0)" [nnet_stream/solution1/nnet.cpp:298]
ST_5 : Operation 56 [1/1] (3.36ns)   --->   "%tmp_313_cast = mul i28 %tmp_2, %tmp_4" [nnet_stream/solution1/nnet.cpp:298]   --->   Core 61 'DSP48' <Latency = 0> <II = 1> <Delay = 6.38> <IPBlock> <Opcode : 'mul' 'add' 'sub' 'select'> <InPorts = 0> <OutPorts = 1> <Sync> <CReg>
ST_5 : Operation 57 [1/1] (3.02ns)   --->   "%p_Val2_5 = add i28 %tmp_313_cast, %tmp_5" [nnet_stream/solution1/nnet.cpp:298]   --->   Core 61 'DSP48' <Latency = 0> <II = 1> <Delay = 6.38> <IPBlock> <Opcode : 'mul' 'add' 'sub' 'select'> <InPorts = 0> <OutPorts = 1> <Sync> <CReg>
ST_5 : Operation 58 [1/1] (0.00ns)   --->   "%tmp_7 = call i16 @_ssdm_op_PartSelect.i16.i28.i32.i32(i28 %p_Val2_5, i32 12, i32 27)" [nnet_stream/solution1/nnet.cpp:298]
ST_5 : Operation 59 [1/1] (2.32ns)   --->   "store i16 %tmp_7, i16* %output_V_addr_2, align 2" [nnet_stream/solution1/nnet.cpp:298]   --->   Core 37 'RAM' <Latency = 1> <II = 1> <Delay = 2.32> <Storage> <Opcode : 'load' 'store'> <Ports = 2> <Width = 16> <Depth = 10> <RAM>
ST_5 : Operation 60 [1/1] (0.00ns)   --->   "%tmp_8 = sext i12 %fc_layer3_weights_V_3 to i28" [nnet_stream/solution1/nnet.cpp:298]
ST_5 : Operation 61 [1/2] (2.32ns)   --->   "%output_V_load_1 = load i16* %output_V_addr_3, align 2" [nnet_stream/solution1/nnet.cpp:298]   --->   Core 37 'RAM' <Latency = 1> <II = 1> <Delay = 2.32> <Storage> <Opcode : 'load' 'store'> <Ports = 2> <Width = 16> <Depth = 10> <RAM>
ST_5 : Operation 62 [1/1] (0.00ns)   --->   "%tmp_30_1 = call i28 @_ssdm_op_BitConcatenate.i28.i16.i12(i16 %output_V_load_1, i12 0)" [nnet_stream/solution1/nnet.cpp:298]
ST_5 : Operation 63 [1/1] (3.36ns)   --->   "%tmp_313_1_cast = mul i28 %tmp_2, %tmp_8" [nnet_stream/solution1/nnet.cpp:298]   --->   Core 61 'DSP48' <Latency = 0> <II = 1> <Delay = 6.38> <IPBlock> <Opcode : 'mul' 'add' 'sub' 'select'> <InPorts = 0> <OutPorts = 1> <Sync> <CReg>
ST_5 : Operation 64 [1/1] (3.02ns)   --->   "%p_Val2_5_1 = add i28 %tmp_313_1_cast, %tmp_30_1" [nnet_stream/solution1/nnet.cpp:298]   --->   Core 61 'DSP48' <Latency = 0> <II = 1> <Delay = 6.38> <IPBlock> <Opcode : 'mul' 'add' 'sub' 'select'> <InPorts = 0> <OutPorts = 1> <Sync> <CReg>
ST_5 : Operation 65 [1/1] (0.00ns)   --->   "%tmp_33_1 = call i16 @_ssdm_op_PartSelect.i16.i28.i32.i32(i28 %p_Val2_5_1, i32 12, i32 27)" [nnet_stream/solution1/nnet.cpp:298]
ST_5 : Operation 66 [1/1] (2.32ns)   --->   "store i16 %tmp_33_1, i16* %output_V_addr_3, align 2" [nnet_stream/solution1/nnet.cpp:298]   --->   Core 37 'RAM' <Latency = 1> <II = 1> <Delay = 2.32> <Storage> <Opcode : 'load' 'store'> <Ports = 2> <Width = 16> <Depth = 10> <RAM>
ST_5 : Operation 67 [1/1] (0.00ns)   --->   "%i_4_1 = or i4 %i3, 2" [nnet_stream/solution1/nnet.cpp:296]
ST_5 : Operation 68 [1/1] (1.30ns)   --->   "%exitcond16_2 = icmp eq i4 %i_4_1, -6" [nnet_stream/solution1/nnet.cpp:296]   --->   Core 25 'Cmp' <Latency = 0> <II = 1> <Delay = 2.42> <FuncUnit> <Opcode : 'icmp'> <InPorts = 2> <OutPorts = 1>
ST_5 : Operation 69 [1/1] (0.00ns)   --->   "%empty_500 = call i32 (...)* @_ssdm_op_SpecLoopTripCount(i64 2, i64 2, i64 2)"
ST_5 : Operation 70 [1/1] (0.00ns)   --->   "br i1 %exitcond16_2, label %3, label %2" [nnet_stream/solution1/nnet.cpp:296]
ST_5 : Operation 71 [1/1] (0.00ns)   --->   "%tmp_28_2_cast = zext i4 %i_4_1 to i11" [nnet_stream/solution1/nnet.cpp:298]
ST_5 : Operation 72 [1/1] (1.97ns)   --->   "%tmp_14 = add i11 %tmp_11, %tmp_28_2_cast" [nnet_stream/solution1/nnet.cpp:298]   --->   Core 14 'AddSub' <Latency = 0> <II = 1> <Delay = 1.73> <FuncUnit> <Opcode : 'add' 'sub'> <InPorts = 2> <OutPorts = 1>
ST_5 : Operation 73 [1/1] (0.00ns)   --->   "%tmp_14_cast = zext i11 %tmp_14 to i64" [nnet_stream/solution1/nnet.cpp:298]
ST_5 : Operation 74 [1/1] (0.00ns)   --->   "%fc_layer3_weights_V_4 = getelementptr [840 x i12]* @fc_layer3_weights_V, i64 0, i64 %tmp_14_cast" [nnet_stream/solution1/nnet.cpp:298]
ST_5 : Operation 75 [2/2] (3.25ns)   --->   "%fc_layer3_weights_V_5 = load i12* %fc_layer3_weights_V_4, align 2" [nnet_stream/solution1/nnet.cpp:298]   --->   Core 48 'ROM_nP' <Latency = 1> <II = 1> <Delay = 3.25> <Storage> <Opcode : 'load'> <Ports = 0> <Width = 12> <Depth = 840> <ROM>
ST_5 : Operation 76 [1/1] (0.00ns)   --->   "%tmp_17 = trunc i4 %i3 to i3" [nnet_stream/solution1/nnet.cpp:297]
ST_5 : Operation 77 [1/1] (0.00ns)   --->   "%i_4_2 = or i3 %tmp_17, 3" [nnet_stream/solution1/nnet.cpp:296]
ST_5 : Operation 78 [1/1] (0.00ns)   --->   "%tmp_28_3_cast = zext i3 %i_4_2 to i11" [nnet_stream/solution1/nnet.cpp:298]
ST_5 : Operation 79 [1/1] (1.97ns)   --->   "%tmp_15 = add i11 %tmp_11, %tmp_28_3_cast" [nnet_stream/solution1/nnet.cpp:298]   --->   Core 14 'AddSub' <Latency = 0> <II = 1> <Delay = 1.73> <FuncUnit> <Opcode : 'add' 'sub'> <InPorts = 2> <OutPorts = 1>
ST_5 : Operation 80 [1/1] (0.00ns)   --->   "%tmp_15_cast = zext i11 %tmp_15 to i64" [nnet_stream/solution1/nnet.cpp:298]
ST_5 : Operation 81 [1/1] (0.00ns)   --->   "%fc_layer3_weights_V_6 = getelementptr [840 x i12]* @fc_layer3_weights_V, i64 0, i64 %tmp_15_cast" [nnet_stream/solution1/nnet.cpp:298]
ST_5 : Operation 82 [2/2] (3.25ns)   --->   "%fc_layer3_weights_V_7 = load i12* %fc_layer3_weights_V_6, align 2" [nnet_stream/solution1/nnet.cpp:298]   --->   Core 48 'ROM_nP' <Latency = 1> <II = 1> <Delay = 3.25> <Storage> <Opcode : 'load'> <Ports = 0> <Width = 12> <Depth = 840> <ROM>
ST_5 : Operation 83 [1/1] (1.73ns)   --->   "%i_4_3 = add i4 4, %i3" [nnet_stream/solution1/nnet.cpp:296]   --->   Core 14 'AddSub' <Latency = 0> <II = 1> <Delay = 1.73> <FuncUnit> <Opcode : 'add' 'sub'> <InPorts = 2> <OutPorts = 1>
ST_5 : Operation 84 [1/1] (0.00ns)   --->   "%empty_501 = call i32 (...)* @_ssdm_op_SpecRegionEnd([18 x i8]* @p_str51, i32 %tmp_1)" [nnet_stream/solution1/nnet.cpp:300]
ST_5 : Operation 85 [1/1] (0.00ns)   --->   "br label %.preheader64" [nnet_stream/solution1/nnet.cpp:293]

 <State 6> : 3.25ns
ST_6 : Operation 86 [1/1] (0.00ns)   --->   "%tmp_28_2 = zext i4 %i_4_1 to i64" [nnet_stream/solution1/nnet.cpp:298]
ST_6 : Operation 87 [1/2] (3.25ns)   --->   "%fc_layer3_weights_V_5 = load i12* %fc_layer3_weights_V_4, align 2" [nnet_stream/solution1/nnet.cpp:298]   --->   Core 48 'ROM_nP' <Latency = 1> <II = 1> <Delay = 3.25> <Storage> <Opcode : 'load'> <Ports = 0> <Width = 12> <Depth = 840> <ROM>
ST_6 : Operation 88 [1/1] (0.00ns)   --->   "%output_V_addr_4 = getelementptr [10 x i16]* %output_V, i64 0, i64 %tmp_28_2" [nnet_stream/solution1/nnet.cpp:298]
ST_6 : Operation 89 [2/2] (2.32ns)   --->   "%output_V_load_2 = load i16* %output_V_addr_4, align 2" [nnet_stream/solution1/nnet.cpp:298]   --->   Core 37 'RAM' <Latency = 1> <II = 1> <Delay = 2.32> <Storage> <Opcode : 'load' 'store'> <Ports = 2> <Width = 16> <Depth = 10> <RAM>
ST_6 : Operation 90 [1/1] (0.00ns)   --->   "%tmp_28_3 = zext i3 %i_4_2 to i64" [nnet_stream/solution1/nnet.cpp:298]
ST_6 : Operation 91 [1/2] (3.25ns)   --->   "%fc_layer3_weights_V_7 = load i12* %fc_layer3_weights_V_6, align 2" [nnet_stream/solution1/nnet.cpp:298]   --->   Core 48 'ROM_nP' <Latency = 1> <II = 1> <Delay = 3.25> <Storage> <Opcode : 'load'> <Ports = 0> <Width = 12> <Depth = 840> <ROM>
ST_6 : Operation 92 [1/1] (0.00ns)   --->   "%output_V_addr_5 = getelementptr [10 x i16]* %output_V, i64 0, i64 %tmp_28_3" [nnet_stream/solution1/nnet.cpp:298]
ST_6 : Operation 93 [2/2] (2.32ns)   --->   "%output_V_load_3 = load i16* %output_V_addr_5, align 2" [nnet_stream/solution1/nnet.cpp:298]   --->   Core 37 'RAM' <Latency = 1> <II = 1> <Delay = 2.32> <Storage> <Opcode : 'load' 'store'> <Ports = 2> <Width = 16> <Depth = 10> <RAM>

 <State 7> : 8.70ns
ST_7 : Operation 94 [1/1] (0.00ns)   --->   "%tmp_9 = sext i12 %fc_layer3_weights_V_5 to i28" [nnet_stream/solution1/nnet.cpp:298]
ST_7 : Operation 95 [1/2] (2.32ns)   --->   "%output_V_load_2 = load i16* %output_V_addr_4, align 2" [nnet_stream/solution1/nnet.cpp:298]   --->   Core 37 'RAM' <Latency = 1> <II = 1> <Delay = 2.32> <Storage> <Opcode : 'load' 'store'> <Ports = 2> <Width = 16> <Depth = 10> <RAM>
ST_7 : Operation 96 [1/1] (0.00ns)   --->   "%tmp_30_2 = call i28 @_ssdm_op_BitConcatenate.i28.i16.i12(i16 %output_V_load_2, i12 0)" [nnet_stream/solution1/nnet.cpp:298]
ST_7 : Operation 97 [1/1] (3.36ns)   --->   "%tmp_313_2_cast = mul i28 %tmp_9, %tmp_2" [nnet_stream/solution1/nnet.cpp:298]   --->   Core 61 'DSP48' <Latency = 0> <II = 1> <Delay = 6.38> <IPBlock> <Opcode : 'mul' 'add' 'sub' 'select'> <InPorts = 0> <OutPorts = 1> <Sync> <CReg>
ST_7 : Operation 98 [1/1] (3.02ns)   --->   "%p_Val2_5_2 = add i28 %tmp_30_2, %tmp_313_2_cast" [nnet_stream/solution1/nnet.cpp:298]   --->   Core 61 'DSP48' <Latency = 0> <II = 1> <Delay = 6.38> <IPBlock> <Opcode : 'mul' 'add' 'sub' 'select'> <InPorts = 0> <OutPorts = 1> <Sync> <CReg>
ST_7 : Operation 99 [1/1] (0.00ns)   --->   "%tmp_33_2 = call i16 @_ssdm_op_PartSelect.i16.i28.i32.i32(i28 %p_Val2_5_2, i32 12, i32 27)" [nnet_stream/solution1/nnet.cpp:298]
ST_7 : Operation 100 [1/1] (2.32ns)   --->   "store i16 %tmp_33_2, i16* %output_V_addr_4, align 2" [nnet_stream/solution1/nnet.cpp:298]   --->   Core 37 'RAM' <Latency = 1> <II = 1> <Delay = 2.32> <Storage> <Opcode : 'load' 'store'> <Ports = 2> <Width = 16> <Depth = 10> <RAM>
ST_7 : Operation 101 [1/1] (0.00ns)   --->   "%tmp_10 = sext i12 %fc_layer3_weights_V_7 to i28" [nnet_stream/solution1/nnet.cpp:298]
ST_7 : Operation 102 [1/2] (2.32ns)   --->   "%output_V_load_3 = load i16* %output_V_addr_5, align 2" [nnet_stream/solution1/nnet.cpp:298]   --->   Core 37 'RAM' <Latency = 1> <II = 1> <Delay = 2.32> <Storage> <Opcode : 'load' 'store'> <Ports = 2> <Width = 16> <Depth = 10> <RAM>
ST_7 : Operation 103 [1/1] (0.00ns)   --->   "%tmp_30_3 = call i28 @_ssdm_op_BitConcatenate.i28.i16.i12(i16 %output_V_load_3, i12 0)" [nnet_stream/solution1/nnet.cpp:298]
ST_7 : Operation 104 [1/1] (3.36ns)   --->   "%tmp_313_3_cast = mul i28 %tmp_10, %tmp_2" [nnet_stream/solution1/nnet.cpp:298]   --->   Core 61 'DSP48' <Latency = 0> <II = 1> <Delay = 6.38> <IPBlock> <Opcode : 'mul' 'add' 'sub' 'select'> <InPorts = 0> <OutPorts = 1> <Sync> <CReg>
ST_7 : Operation 105 [1/1] (3.02ns)   --->   "%p_Val2_5_3 = add i28 %tmp_30_3, %tmp_313_3_cast" [nnet_stream/solution1/nnet.cpp:298]   --->   Core 61 'DSP48' <Latency = 0> <II = 1> <Delay = 6.38> <IPBlock> <Opcode : 'mul' 'add' 'sub' 'select'> <InPorts = 0> <OutPorts = 1> <Sync> <CReg>
ST_7 : Operation 106 [1/1] (0.00ns)   --->   "%tmp_33_3 = call i16 @_ssdm_op_PartSelect.i16.i28.i32.i32(i28 %p_Val2_5_3, i32 12, i32 27)" [nnet_stream/solution1/nnet.cpp:298]
ST_7 : Operation 107 [1/1] (2.32ns)   --->   "store i16 %tmp_33_3, i16* %output_V_addr_5, align 2" [nnet_stream/solution1/nnet.cpp:298]   --->   Core 37 'RAM' <Latency = 1> <II = 1> <Delay = 2.32> <Storage> <Opcode : 'load' 'store'> <Ports = 2> <Width = 16> <Depth = 10> <RAM>
ST_7 : Operation 108 [1/1] (0.00ns)   --->   "br label %1" [nnet_stream/solution1/nnet.cpp:296]

 <State 8> : 2.32ns
ST_8 : Operation 109 [1/1] (0.00ns)   --->   "%i1 = phi i4 [ %i, %4 ], [ 0, %.preheader.preheader ]"
ST_8 : Operation 110 [1/1] (1.30ns)   --->   "%exitcond = icmp eq i4 %i1, -6" [nnet_stream/solution1/nnet.cpp:301]   --->   Core 25 'Cmp' <Latency = 0> <II = 1> <Delay = 2.42> <FuncUnit> <Opcode : 'icmp'> <InPorts = 2> <OutPorts = 1>
ST_8 : Operation 111 [1/1] (0.00ns)   --->   "%empty_502 = call i32 (...)* @_ssdm_op_SpecLoopTripCount(i64 10, i64 10, i64 10)"
ST_8 : Operation 112 [1/1] (1.73ns)   --->   "%i = add i4 %i1, 1" [nnet_stream/solution1/nnet.cpp:301]   --->   Core 14 'AddSub' <Latency = 0> <II = 1> <Delay = 1.73> <FuncUnit> <Opcode : 'add' 'sub'> <InPorts = 2> <OutPorts = 1>
ST_8 : Operation 113 [1/1] (0.00ns)   --->   "br i1 %exitcond, label %5, label %4" [nnet_stream/solution1/nnet.cpp:301]
ST_8 : Operation 114 [1/1] (0.00ns)   --->   "%tmp_s = zext i4 %i1 to i64" [nnet_stream/solution1/nnet.cpp:302]
ST_8 : Operation 115 [1/1] (0.00ns)   --->   "%output_V_addr_1 = getelementptr [10 x i16]* %output_V, i64 0, i64 %tmp_s" [nnet_stream/solution1/nnet.cpp:302]
ST_8 : Operation 116 [2/2] (2.32ns)   --->   "%p_Val2_s = load i16* %output_V_addr_1, align 2" [nnet_stream/solution1/nnet.cpp:302]   --->   Core 37 'RAM' <Latency = 1> <II = 1> <Delay = 2.32> <Storage> <Opcode : 'load' 'store'> <Ports = 2> <Width = 16> <Depth = 10> <RAM>
ST_8 : Operation 117 [1/1] (0.00ns)   --->   "ret void" [nnet_stream/solution1/nnet.cpp:304]

 <State 9> : 9.75ns
ST_9 : Operation 118 [1/1] (0.00ns)   --->   "call void (...)* @_ssdm_op_SpecLoopName([18 x i8]* @p_str53) nounwind" [nnet_stream/solution1/nnet.cpp:302]
ST_9 : Operation 119 [1/2] (2.32ns)   --->   "%p_Val2_s = load i16* %output_V_addr_1, align 2" [nnet_stream/solution1/nnet.cpp:302]   --->   Core 37 'RAM' <Latency = 1> <II = 1> <Delay = 2.32> <Storage> <Opcode : 'load' 'store'> <Ports = 2> <Width = 16> <Depth = 10> <RAM>
ST_9 : Operation 120 [1/1] (0.00ns)   --->   "%tmp_16 = trunc i16 %p_Val2_s to i15" [nnet_stream/solution1/nnet.cpp:302]
ST_9 : Operation 121 [1/1] (2.42ns)   --->   "%tmp_i = icmp sgt i16 %p_Val2_s, 0" [/home/sergiu/git/lic/hls/workspace/nnet_stream/headers/activations.h:20->nnet_stream/solution1/nnet.cpp:302]   --->   Core 25 'Cmp' <Latency = 0> <II = 1> <Delay = 2.42> <FuncUnit> <Opcode : 'icmp'> <InPorts = 2> <OutPorts = 1>
ST_9 : Operation 122 [1/1] (1.37ns)   --->   "%tmp_V = select i1 %tmp_i, i15 %tmp_16, i15 0" [/home/sergiu/git/lic/hls/workspace/nnet_stream/headers/activations.h:20->nnet_stream/solution1/nnet.cpp:302]   --->   Core 26 'Sel' <Latency = 0> <II = 1> <Delay = 1.37> <FuncUnit> <Opcode : 'select'> <InPorts = 3> <OutPorts = 1>
ST_9 : Operation 123 [1/1] (0.00ns)   --->   "%tmp_V_1 = zext i15 %tmp_V to i16" [/home/sergiu/git/lic/hls/workspace/nnet_stream/headers/activations.h:20->nnet_stream/solution1/nnet.cpp:302]
ST_9 : Operation 124 [1/1] (3.63ns)   --->   "call void @_ssdm_op_Write.ap_fifo.volatile.i16P(i16* %out_V_V, i16 %tmp_V_1)" [nnet_stream/solution1/nnet.cpp:302]   --->   Core 32 'FIFO' <Latency = 0> <II = 1> <Delay = 3.63> <Storage> <Opcode : 'read' 'write' 'nbread' 'nbwrite'> <Ports = 0> <Width = 16> <Depth = 1> <FIFO>
ST_9 : Operation 125 [1/1] (0.00ns)   --->   "br label %.preheader" [nnet_stream/solution1/nnet.cpp:301]


============================================================
+ Verbose Summary: Binding
============================================================
STG Binding: 
---------------- STG Properties BEGIN ----------------
- Is combinational: 0
- Is one-state seq: 0
- Is datapath-only: 0
- Is pipelined: 0
- Is top level: 0
Port [ Return ] is wired: 1; IO mode=ap_ctrl_hs:ce=0
Port [ out_V_V]:  wired=1; compound=1; hidden=0; nouse=0; global=0; static=0; extern=0; dir=1; type=3; pingpong=0; private_global=0; IO mode=ap_fifo:ce=0
Port [ in_V_V]:  wired=1; compound=1; hidden=0; nouse=0; global=0; static=0; extern=0; dir=0; type=3; pingpong=0; private_global=0; IO mode=ap_fifo:ce=0
Port [ fc_layer3_weights_V]:  wired=0; compound=1; hidden=1; nouse=0; global=1; static=0; extern=0; dir=0; type=1; pingpong=0; private_global=1; linkage=0; visibility=0; MemPort=[11]; IO mode=ap_memory:ce=0
---------------- STG Properties END ------------------

---------------- Datapath Model BEGIN ----------------

<LifeTime>
<method=bitvector/>
empty                 (specinterface    ) [ 0000000000]
empty_498             (specinterface    ) [ 0000000000]
output_V              (alloca           ) [ 0011111111]
output_V_addr         (getelementptr    ) [ 0000000000]
StgValue_14           (store            ) [ 0000000000]
StgValue_15           (br               ) [ 0111111100]
j                     (phi              ) [ 0010000000]
exitcond1             (icmp             ) [ 0011111100]
empty_499             (speclooptripcount) [ 0000000000]
j_1                   (add              ) [ 0111111100]
StgValue_20           (br               ) [ 0000000000]
StgValue_21           (specloopname     ) [ 0000000000]
tmp_1                 (specregionbegin  ) [ 0001111100]
tmp_V_712             (read             ) [ 0000000000]
tmp                   (bitconcatenate   ) [ 0000000000]
p_shl_cast            (zext             ) [ 0000000000]
tmp_6                 (bitconcatenate   ) [ 0000000000]
p_shl1_cast           (zext             ) [ 0000000000]
tmp_11                (add              ) [ 0001111100]
tmp_2                 (sext             ) [ 0001111100]
StgValue_30           (br               ) [ 0011111100]
StgValue_31           (br               ) [ 0011111111]
i3                    (phi              ) [ 0001110000]
tmp_3_cast            (zext             ) [ 0000000000]
tmp_12                (add              ) [ 0000000000]
tmp_12_cast           (zext             ) [ 0000000000]
fc_layer3_weights_V_s (getelementptr    ) [ 0000100000]
i_4_s                 (or               ) [ 0000100000]
tmp_28_1_cast         (zext             ) [ 0000000000]
tmp_13                (add              ) [ 0000000000]
tmp_13_cast           (zext             ) [ 0000000000]
fc_layer3_weights_V_2 (getelementptr    ) [ 0000100000]
tmp_3                 (zext             ) [ 0000000000]
fc_layer3_weights_V_1 (load             ) [ 0000010000]
output_V_addr_2       (getelementptr    ) [ 0000010000]
tmp_28_1              (zext             ) [ 0000000000]
fc_layer3_weights_V_3 (load             ) [ 0000010000]
output_V_addr_3       (getelementptr    ) [ 0000010000]
StgValue_52           (specloopname     ) [ 0000000000]
tmp_4                 (sext             ) [ 0000000000]
output_V_load         (load             ) [ 0000000000]
tmp_5                 (bitconcatenate   ) [ 0000000000]
tmp_313_cast          (mul              ) [ 0000000000]
p_Val2_5              (add              ) [ 0000000000]
tmp_7                 (partselect       ) [ 0000000000]
StgValue_59           (store            ) [ 0000000000]
tmp_8                 (sext             ) [ 0000000000]
output_V_load_1       (load             ) [ 0000000000]
tmp_30_1              (bitconcatenate   ) [ 0000000000]
tmp_313_1_cast        (mul              ) [ 0000000000]
p_Val2_5_1            (add              ) [ 0000000000]
tmp_33_1              (partselect       ) [ 0000000000]
StgValue_66           (store            ) [ 0000000000]
i_4_1                 (or               ) [ 0000001000]
exitcond16_2          (icmp             ) [ 0011111100]
empty_500             (speclooptripcount) [ 0000000000]
StgValue_70           (br               ) [ 0000000000]
tmp_28_2_cast         (zext             ) [ 0000000000]
tmp_14                (add              ) [ 0000000000]
tmp_14_cast           (zext             ) [ 0000000000]
fc_layer3_weights_V_4 (getelementptr    ) [ 0000001000]
tmp_17                (trunc            ) [ 0000000000]
i_4_2                 (or               ) [ 0000001000]
tmp_28_3_cast         (zext             ) [ 0000000000]
tmp_15                (add              ) [ 0000000000]
tmp_15_cast           (zext             ) [ 0000000000]
fc_layer3_weights_V_6 (getelementptr    ) [ 0000001000]
i_4_3                 (add              ) [ 0011001100]
empty_501             (specregionend    ) [ 0000000000]
StgValue_85           (br               ) [ 0111111100]
tmp_28_2              (zext             ) [ 0000000000]
fc_layer3_weights_V_5 (load             ) [ 0000000100]
output_V_addr_4       (getelementptr    ) [ 0000000100]
tmp_28_3              (zext             ) [ 0000000000]
fc_layer3_weights_V_7 (load             ) [ 0000000100]
output_V_addr_5       (getelementptr    ) [ 0000000100]
tmp_9                 (sext             ) [ 0000000000]
output_V_load_2       (load             ) [ 0000000000]
tmp_30_2              (bitconcatenate   ) [ 0000000000]
tmp_313_2_cast        (mul              ) [ 0000000000]
p_Val2_5_2            (add              ) [ 0000000000]
tmp_33_2              (partselect       ) [ 0000000000]
StgValue_100          (store            ) [ 0000000000]
tmp_10                (sext             ) [ 0000000000]
output_V_load_3       (load             ) [ 0000000000]
tmp_30_3              (bitconcatenate   ) [ 0000000000]
tmp_313_3_cast        (mul              ) [ 0000000000]
p_Val2_5_3            (add              ) [ 0000000000]
tmp_33_3              (partselect       ) [ 0000000000]
StgValue_107          (store            ) [ 0000000000]
StgValue_108          (br               ) [ 0011111100]
i1                    (phi              ) [ 0000000010]
exitcond              (icmp             ) [ 0000000011]
empty_502             (speclooptripcount) [ 0000000000]
i                     (add              ) [ 0010000011]
StgValue_113          (br               ) [ 0000000000]
tmp_s                 (zext             ) [ 0000000000]
output_V_addr_1       (getelementptr    ) [ 0000000001]
StgValue_117          (ret              ) [ 0000000000]
StgValue_118          (specloopname     ) [ 0000000000]
p_Val2_s              (load             ) [ 0000000000]
tmp_16                (trunc            ) [ 0000000000]
tmp_i                 (icmp             ) [ 0000000000]
tmp_V                 (select           ) [ 0000000000]
tmp_V_1               (zext             ) [ 0000000000]
StgValue_124          (write            ) [ 0000000000]
StgValue_125          (br               ) [ 0010000011]
</LifeTime>

<model>

<comp_list>
<comp id="0" class="1000" name="out_V_V">
<pin_list>
<pin id="1" dir="1" index="0" bw="1" slack="0"/>
</pin_list>
<bind>
<StgValue><ssdm name="out_V_V"/></StgValue>
</bind>
</comp>

<comp id="2" class="1000" name="in_V_V">
<pin_list>
<pin id="3" dir="1" index="0" bw="1" slack="0"/>
</pin_list>
<bind>
<StgValue><ssdm name="in_V_V"/></StgValue>
</bind>
</comp>

<comp id="4" class="1000" name="fc_layer3_weights_V">
<pin_list>
<pin id="5" dir="1" index="0" bw="1" slack="0"/>
</pin_list>
<bind>
<StgValue><ssdm name="fc_layer3_weights_V"/><MemPortTyVec>1 1 </MemPortTyVec>
</StgValue>
</bind>
</comp>

<comp id="6" class="1001" name="const_6">
<pin_list>
<pin id="7" dir="1" index="0" bw="1" slack="2147483647"/>
</pin_list>
<bind>
<StgValue><ssdm name="_ssdm_op_SpecInterface"/></StgValue>
</bind>
</comp>

<comp id="8" class="1001" name="const_8">
<pin_list>
<pin id="9" dir="1" index="0" bw="1" slack="2147483647"/>
</pin_list>
<bind>
<StgValue><ssdm name="ap_fifo_str"/></StgValue>
</bind>
</comp>

<comp id="10" class="1001" name="const_10">
<pin_list>
<pin id="11" dir="1" index="0" bw="1" slack="2147483647"/>
</pin_list>
<bind>
<StgValue><ssdm name=""/></StgValue>
</bind>
</comp>

<comp id="12" class="1001" name="const_12">
<pin_list>
<pin id="13" dir="1" index="0" bw="1" slack="2147483647"/>
</pin_list>
<bind>
<StgValue><ssdm name="p_str174"/></StgValue>
</bind>
</comp>

<comp id="14" class="1001" name="const_14">
<pin_list>
<pin id="15" dir="1" index="0" bw="1" slack="2147483647"/>
</pin_list>
<bind>
<StgValue><ssdm name="p_str175"/></StgValue>
</bind>
</comp>

<comp id="16" class="1001" name="const_16">
<pin_list>
<pin id="17" dir="1" index="0" bw="1" slack="2147483647"/>
</pin_list>
<bind>
<StgValue><ssdm name="p_str176"/></StgValue>
</bind>
</comp>

<comp id="18" class="1001" name="const_18">
<pin_list>
<pin id="19" dir="1" index="0" bw="1" slack="2147483647"/>
</pin_list>
<bind>
<StgValue><ssdm name="p_str177"/></StgValue>
</bind>
</comp>

<comp id="20" class="1001" name="const_20">
<pin_list>
<pin id="21" dir="1" index="0" bw="1" slack="2147483647"/>
</pin_list>
<bind>
<StgValue><ssdm name=""/></StgValue>
</bind>
</comp>

<comp id="22" class="1001" name="const_22">
<pin_list>
<pin id="23" dir="1" index="0" bw="1" slack="2147483647"/>
</pin_list>
<bind>
<StgValue><ssdm name=""/></StgValue>
</bind>
</comp>

<comp id="24" class="1001" name="const_24">
<pin_list>
<pin id="25" dir="1" index="0" bw="1" slack="2147483647"/>
</pin_list>
<bind>
<StgValue><ssdm name="p_str178"/></StgValue>
</bind>
</comp>

<comp id="26" class="1001" name="const_26">
<pin_list>
<pin id="27" dir="1" index="0" bw="1" slack="2147483647"/>
</pin_list>
<bind>
<StgValue><ssdm name="p_str179"/></StgValue>
</bind>
</comp>

<comp id="28" class="1001" name="const_28">
<pin_list>
<pin id="29" dir="1" index="0" bw="1" slack="2147483647"/>
</pin_list>
<bind>
<StgValue><ssdm name="p_str187"/></StgValue>
</bind>
</comp>

<comp id="30" class="1001" name="const_30">
<pin_list>
<pin id="31" dir="1" index="0" bw="1" slack="2147483647"/>
</pin_list>
<bind>
<StgValue><ssdm name="p_str188"/></StgValue>
</bind>
</comp>

<comp id="32" class="1001" name="const_32">
<pin_list>
<pin id="33" dir="1" index="0" bw="1" slack="2147483647"/>
</pin_list>
<bind>
<StgValue><ssdm name="p_str189"/></StgValue>
</bind>
</comp>

<comp id="34" class="1001" name="const_34">
<pin_list>
<pin id="35" dir="1" index="0" bw="1" slack="2147483647"/>
</pin_list>
<bind>
<StgValue><ssdm name="p_str190"/></StgValue>
</bind>
</comp>

<comp id="36" class="1001" name="const_36">
<pin_list>
<pin id="37" dir="1" index="0" bw="1" slack="2147483647"/>
</pin_list>
<bind>
<StgValue><ssdm name="p_str191"/></StgValue>
</bind>
</comp>

<comp id="38" class="1001" name="const_38">
<pin_list>
<pin id="39" dir="1" index="0" bw="1" slack="2147483647"/>
</pin_list>
<bind>
<StgValue><ssdm name="p_str192"/></StgValue>
</bind>
</comp>

<comp id="40" class="1001" name="const_40">
<pin_list>
<pin id="41" dir="1" index="0" bw="1" slack="0"/>
</pin_list>
<bind>
<StgValue><ssdm name=""/></StgValue>
</bind>
</comp>

<comp id="42" class="1001" name="const_42">
<pin_list>
<pin id="43" dir="1" index="0" bw="1" slack="0"/>
</pin_list>
<bind>
<StgValue><ssdm name=""/></StgValue>
</bind>
</comp>

<comp id="44" class="1001" name="const_44">
<pin_list>
<pin id="45" dir="1" index="0" bw="1" slack="0"/>
</pin_list>
<bind>
<StgValue><ssdm name=""/></StgValue>
</bind>
</comp>

<comp id="46" class="1001" name="const_46">
<pin_list>
<pin id="47" dir="1" index="0" bw="1" slack="1"/>
</pin_list>
<bind>
<StgValue><ssdm name=""/></StgValue>
</bind>
</comp>

<comp id="48" class="1001" name="const_48">
<pin_list>
<pin id="49" dir="1" index="0" bw="1" slack="0"/>
</pin_list>
<bind>
<StgValue><ssdm name=""/></StgValue>
</bind>
</comp>

<comp id="50" class="1001" name="const_50">
<pin_list>
<pin id="51" dir="1" index="0" bw="1" slack="2147483647"/>
</pin_list>
<bind>
<StgValue><ssdm name="_ssdm_op_SpecLoopTripCount"/></StgValue>
</bind>
</comp>

<comp id="52" class="1001" name="const_52">
<pin_list>
<pin id="53" dir="1" index="0" bw="1" slack="2147483647"/>
</pin_list>
<bind>
<StgValue><ssdm name=""/></StgValue>
</bind>
</comp>

<comp id="54" class="1001" name="const_54">
<pin_list>
<pin id="55" dir="1" index="0" bw="1" slack="0"/>
</pin_list>
<bind>
<StgValue><ssdm name=""/></StgValue>
</bind>
</comp>

<comp id="56" class="1001" name="const_56">
<pin_list>
<pin id="57" dir="1" index="0" bw="1" slack="2147483647"/>
</pin_list>
<bind>
<StgValue><ssdm name="_ssdm_op_SpecLoopName"/></StgValue>
</bind>
</comp>

<comp id="58" class="1001" name="const_58">
<pin_list>
<pin id="59" dir="1" index="0" bw="1" slack="2147483647"/>
</pin_list>
<bind>
<StgValue><ssdm name="p_str51"/></StgValue>
</bind>
</comp>

<comp id="60" class="1001" name="const_60">
<pin_list>
<pin id="61" dir="1" index="0" bw="1" slack="2147483647"/>
</pin_list>
<bind>
<StgValue><ssdm name="_ssdm_op_SpecRegionBegin"/></StgValue>
</bind>
</comp>

<comp id="62" class="1001" name="const_62">
<pin_list>
<pin id="63" dir="1" index="0" bw="1" slack="0"/>
</pin_list>
<bind>
<StgValue><ssdm name="_ssdm_op_Read.ap_fifo.volatile.i16P"/></StgValue>
</bind>
</comp>

<comp id="64" class="1001" name="const_64">
<pin_list>
<pin id="65" dir="1" index="0" bw="1" slack="0"/>
</pin_list>
<bind>
<StgValue><ssdm name="_ssdm_op_BitConcatenate.i10.i7.i3"/></StgValue>
</bind>
</comp>

<comp id="66" class="1001" name="const_66">
<pin_list>
<pin id="67" dir="1" index="0" bw="1" slack="0"/>
</pin_list>
<bind>
<StgValue><ssdm name=""/></StgValue>
</bind>
</comp>

<comp id="68" class="1001" name="const_68">
<pin_list>
<pin id="69" dir="1" index="0" bw="1" slack="0"/>
</pin_list>
<bind>
<StgValue><ssdm name="_ssdm_op_BitConcatenate.i8.i7.i1"/></StgValue>
</bind>
</comp>

<comp id="70" class="1001" name="const_70">
<pin_list>
<pin id="71" dir="1" index="0" bw="1" slack="0"/>
</pin_list>
<bind>
<StgValue><ssdm name=""/></StgValue>
</bind>
</comp>

<comp id="72" class="1001" name="const_72">
<pin_list>
<pin id="73" dir="1" index="0" bw="1" slack="1"/>
</pin_list>
<bind>
<StgValue><ssdm name=""/></StgValue>
</bind>
</comp>

<comp id="74" class="1001" name="const_74">
<pin_list>
<pin id="75" dir="1" index="0" bw="1" slack="0"/>
</pin_list>
<bind>
<StgValue><ssdm name=""/></StgValue>
</bind>
</comp>

<comp id="76" class="1001" name="const_76">
<pin_list>
<pin id="77" dir="1" index="0" bw="1" slack="2147483647"/>
</pin_list>
<bind>
<StgValue><ssdm name="p_str52"/></StgValue>
</bind>
</comp>

<comp id="78" class="1001" name="const_78">
<pin_list>
<pin id="79" dir="1" index="0" bw="1" slack="0"/>
</pin_list>
<bind>
<StgValue><ssdm name="_ssdm_op_BitConcatenate.i28.i16.i12"/></StgValue>
</bind>
</comp>

<comp id="80" class="1001" name="const_80">
<pin_list>
<pin id="81" dir="1" index="0" bw="1" slack="0"/>
</pin_list>
<bind>
<StgValue><ssdm name=""/></StgValue>
</bind>
</comp>

<comp id="82" class="1001" name="const_82">
<pin_list>
<pin id="83" dir="1" index="0" bw="1" slack="0"/>
</pin_list>
<bind>
<StgValue><ssdm name="_ssdm_op_PartSelect.i16.i28.i32.i32"/></StgValue>
</bind>
</comp>

<comp id="84" class="1001" name="const_84">
<pin_list>
<pin id="85" dir="1" index="0" bw="1" slack="0"/>
</pin_list>
<bind>
<StgValue><ssdm name=""/></StgValue>
</bind>
</comp>

<comp id="86" class="1001" name="const_86">
<pin_list>
<pin id="87" dir="1" index="0" bw="1" slack="0"/>
</pin_list>
<bind>
<StgValue><ssdm name=""/></StgValue>
</bind>
</comp>

<comp id="88" class="1001" name="const_88">
<pin_list>
<pin id="89" dir="1" index="0" bw="1" slack="0"/>
</pin_list>
<bind>
<StgValue><ssdm name=""/></StgValue>
</bind>
</comp>

<comp id="90" class="1001" name="const_90">
<pin_list>
<pin id="91" dir="1" index="0" bw="1" slack="0"/>
</pin_list>
<bind>
<StgValue><ssdm name=""/></StgValue>
</bind>
</comp>

<comp id="92" class="1001" name="const_92">
<pin_list>
<pin id="93" dir="1" index="0" bw="1" slack="2147483647"/>
</pin_list>
<bind>
<StgValue><ssdm name=""/></StgValue>
</bind>
</comp>

<comp id="94" class="1001" name="const_94">
<pin_list>
<pin id="95" dir="1" index="0" bw="1" slack="0"/>
</pin_list>
<bind>
<StgValue><ssdm name=""/></StgValue>
</bind>
</comp>

<comp id="96" class="1001" name="const_96">
<pin_list>
<pin id="97" dir="1" index="0" bw="1" slack="0"/>
</pin_list>
<bind>
<StgValue><ssdm name=""/></StgValue>
</bind>
</comp>

<comp id="98" class="1001" name="const_98">
<pin_list>
<pin id="99" dir="1" index="0" bw="1" slack="2147483647"/>
</pin_list>
<bind>
<StgValue><ssdm name="_ssdm_op_SpecRegionEnd"/></StgValue>
</bind>
</comp>

<comp id="100" class="1001" name="const_100">
<pin_list>
<pin id="101" dir="1" index="0" bw="1" slack="2147483647"/>
</pin_list>
<bind>
<StgValue><ssdm name=""/></StgValue>
</bind>
</comp>

<comp id="102" class="1001" name="const_102">
<pin_list>
<pin id="103" dir="1" index="0" bw="1" slack="2147483647"/>
</pin_list>
<bind>
<StgValue><ssdm name="p_str53"/></StgValue>
</bind>
</comp>

<comp id="104" class="1001" name="const_104">
<pin_list>
<pin id="105" dir="1" index="0" bw="1" slack="0"/>
</pin_list>
<bind>
<StgValue><ssdm name=""/></StgValue>
</bind>
</comp>

<comp id="106" class="1001" name="const_106">
<pin_list>
<pin id="107" dir="1" index="0" bw="1" slack="0"/>
</pin_list>
<bind>
<StgValue><ssdm name="_ssdm_op_Write.ap_fifo.volatile.i16P"/></StgValue>
</bind>
</comp>

<comp id="108" class="1004" name="output_V_alloca_fu_108">
<pin_list>
<pin id="109" dir="0" index="0" bw="1" slack="0"/>
<pin id="110" dir="1" index="1" bw="16" slack="0"/>
</pin_list>
<bind>
<opcode="alloca(26) " fcode="alloca"/>
<opset="output_V/1 "/>
</bind>
</comp>

<comp id="112" class="1004" name="tmp_V_712_read_fu_112">
<pin_list>
<pin id="113" dir="0" index="0" bw="16" slack="0"/>
<pin id="114" dir="0" index="1" bw="16" slack="0"/>
<pin id="115" dir="1" index="2" bw="16" slack="0"/>
</pin_list>
<bind>
<opcode="read(1150) " fcode="read"/>
<opset="tmp_V_712/2 "/>
</bind>
</comp>

<comp id="118" class="1004" name="StgValue_124_write_fu_118">
<pin_list>
<pin id="119" dir="0" index="0" bw="0" slack="0"/>
<pin id="120" dir="0" index="1" bw="16" slack="0"/>
<pin id="121" dir="0" index="2" bw="15" slack="0"/>
<pin id="122" dir="1" index="3" bw="0" slack="2147483647"/>
</pin_list>
<bind>
<opcode="write(1151) " fcode="write"/>
<opset="StgValue_124/9 "/>
</bind>
</comp>

<comp id="125" class="1004" name="output_V_addr_gep_fu_125">
<pin_list>
<pin id="126" dir="0" index="0" bw="16" slack="0"/>
<pin id="127" dir="0" index="1" bw="1" slack="0"/>
<pin id="128" dir="0" index="2" bw="1" slack="0"/>
<pin id="129" dir="1" index="3" bw="4" slack="0"/>
</pin_list>
<bind>
<opcode="getelementptr(29) " fcode="getelementptr"/>
<opset="output_V_addr/1 "/>
</bind>
</comp>

<comp id="133" class="1004" name="grp_access_fu_133">
<pin_list>
<pin id="134" dir="0" index="0" bw="4" slack="0"/>
<pin id="135" dir="0" index="1" bw="16" slack="0"/>
<pin id="175" dir="0" index="3" bw="4" slack="0"/>
<pin id="176" dir="0" index="4" bw="16" slack="0"/>
<pin id="136" dir="1" index="2" bw="16" slack="0"/>
<pin id="177" dir="1" index="5" bw="16" slack="0"/>
</pin_list>
<bind>
<opcode="load(27) store(28) " fcode="load"/>
<opset="StgValue_14/1 output_V_load/4 output_V_load_1/4 StgValue_59/5 StgValue_66/5 output_V_load_2/6 output_V_load_3/6 StgValue_100/7 StgValue_107/7 p_Val2_s/8 "/>
</bind>
</comp>

<comp id="139" class="1004" name="fc_layer3_weights_V_s_gep_fu_139">
<pin_list>
<pin id="140" dir="0" index="0" bw="12" slack="0"/>
<pin id="141" dir="0" index="1" bw="1" slack="0"/>
<pin id="142" dir="0" index="2" bw="11" slack="0"/>
<pin id="143" dir="1" index="3" bw="10" slack="0"/>
</pin_list>
<bind>
<opcode="getelementptr(29) " fcode="getelementptr"/>
<opset="fc_layer3_weights_V_s/3 "/>
</bind>
</comp>

<comp id="146" class="1004" name="grp_access_fu_146">
<pin_list>
<pin id="147" dir="0" index="0" bw="10" slack="0"/>
<pin id="148" dir="0" index="1" bw="12" slack="2147483647"/>
<pin id="158" dir="0" index="3" bw="10" slack="0"/>
<pin id="159" dir="0" index="4" bw="12" slack="2147483647"/>
<pin id="149" dir="1" index="2" bw="12" slack="1"/>
<pin id="160" dir="1" index="5" bw="12" slack="1"/>
</pin_list>
<bind>
<opcode="load(27) " fcode="load"/>
<opset="fc_layer3_weights_V_1/3 fc_layer3_weights_V_3/3 fc_layer3_weights_V_5/5 fc_layer3_weights_V_7/5 "/>
</bind>
</comp>

<comp id="151" class="1004" name="fc_layer3_weights_V_2_gep_fu_151">
<pin_list>
<pin id="152" dir="0" index="0" bw="12" slack="0"/>
<pin id="153" dir="0" index="1" bw="1" slack="0"/>
<pin id="154" dir="0" index="2" bw="11" slack="0"/>
<pin id="155" dir="1" index="3" bw="10" slack="0"/>
</pin_list>
<bind>
<opcode="getelementptr(29) " fcode="getelementptr"/>
<opset="fc_layer3_weights_V_2/3 "/>
</bind>
</comp>

<comp id="162" class="1004" name="output_V_addr_2_gep_fu_162">
<pin_list>
<pin id="163" dir="0" index="0" bw="16" slack="2147483647"/>
<pin id="164" dir="0" index="1" bw="1" slack="0"/>
<pin id="165" dir="0" index="2" bw="4" slack="0"/>
<pin id="166" dir="1" index="3" bw="4" slack="0"/>
</pin_list>
<bind>
<opcode="getelementptr(29) " fcode="getelementptr"/>
<opset="output_V_addr_2/4 "/>
</bind>
</comp>

<comp id="169" class="1004" name="output_V_addr_3_gep_fu_169">
<pin_list>
<pin id="170" dir="0" index="0" bw="16" slack="2147483647"/>
<pin id="171" dir="0" index="1" bw="1" slack="0"/>
<pin id="172" dir="0" index="2" bw="4" slack="0"/>
<pin id="173" dir="1" index="3" bw="4" slack="0"/>
</pin_list>
<bind>
<opcode="getelementptr(29) " fcode="getelementptr"/>
<opset="output_V_addr_3/4 "/>
</bind>
</comp>

<comp id="179" class="1004" name="fc_layer3_weights_V_4_gep_fu_179">
<pin_list>
<pin id="180" dir="0" index="0" bw="12" slack="0"/>
<pin id="181" dir="0" index="1" bw="1" slack="0"/>
<pin id="182" dir="0" index="2" bw="11" slack="0"/>
<pin id="183" dir="1" index="3" bw="10" slack="0"/>
</pin_list>
<bind>
<opcode="getelementptr(29) " fcode="getelementptr"/>
<opset="fc_layer3_weights_V_4/5 "/>
</bind>
</comp>

<comp id="187" class="1004" name="fc_layer3_weights_V_6_gep_fu_187">
<pin_list>
<pin id="188" dir="0" index="0" bw="12" slack="0"/>
<pin id="189" dir="0" index="1" bw="1" slack="0"/>
<pin id="190" dir="0" index="2" bw="11" slack="0"/>
<pin id="191" dir="1" index="3" bw="10" slack="0"/>
</pin_list>
<bind>
<opcode="getelementptr(29) " fcode="getelementptr"/>
<opset="fc_layer3_weights_V_6/5 "/>
</bind>
</comp>

<comp id="195" class="1004" name="output_V_addr_4_gep_fu_195">
<pin_list>
<pin id="196" dir="0" index="0" bw="16" slack="2147483647"/>
<pin id="197" dir="0" index="1" bw="1" slack="0"/>
<pin id="198" dir="0" index="2" bw="4" slack="0"/>
<pin id="199" dir="1" index="3" bw="4" slack="0"/>
</pin_list>
<bind>
<opcode="getelementptr(29) " fcode="getelementptr"/>
<opset="output_V_addr_4/6 "/>
</bind>
</comp>

<comp id="202" class="1004" name="output_V_addr_5_gep_fu_202">
<pin_list>
<pin id="203" dir="0" index="0" bw="16" slack="2147483647"/>
<pin id="204" dir="0" index="1" bw="1" slack="0"/>
<pin id="205" dir="0" index="2" bw="3" slack="0"/>
<pin id="206" dir="1" index="3" bw="4" slack="0"/>
</pin_list>
<bind>
<opcode="getelementptr(29) " fcode="getelementptr"/>
<opset="output_V_addr_5/6 "/>
</bind>
</comp>

<comp id="209" class="1004" name="output_V_addr_1_gep_fu_209">
<pin_list>
<pin id="210" dir="0" index="0" bw="16" slack="2147483647"/>
<pin id="211" dir="0" index="1" bw="1" slack="0"/>
<pin id="212" dir="0" index="2" bw="4" slack="0"/>
<pin id="213" dir="1" index="3" bw="4" slack="0"/>
</pin_list>
<bind>
<opcode="getelementptr(29) " fcode="getelementptr"/>
<opset="output_V_addr_1/8 "/>
</bind>
</comp>

<comp id="216" class="1005" name="j_reg_216">
<pin_list>
<pin id="217" dir="0" index="0" bw="7" slack="1"/>
<pin id="218" dir="1" index="1" bw="7" slack="1"/>
</pin_list>
<bind>
<opset="j (phireg) "/>
</bind>
</comp>

<comp id="220" class="1004" name="j_phi_fu_220">
<pin_list>
<pin id="221" dir="0" index="0" bw="7" slack="0"/>
<pin id="222" dir="0" index="1" bw="0" slack="2147483647"/>
<pin id="223" dir="0" index="2" bw="1" slack="1"/>
<pin id="224" dir="0" index="3" bw="0" slack="2147483647"/>
<pin id="225" dir="1" index="4" bw="7" slack="0"/>
</pin_list>
<bind>
<opcode="phi(47) " fcode="phi"/>
<opset="j/2 "/>
</bind>
</comp>

<comp id="227" class="1005" name="i3_reg_227">
<pin_list>
<pin id="228" dir="0" index="0" bw="4" slack="1"/>
<pin id="229" dir="1" index="1" bw="4" slack="1"/>
</pin_list>
<bind>
<opset="i3 (phireg) "/>
</bind>
</comp>

<comp id="231" class="1004" name="i3_phi_fu_231">
<pin_list>
<pin id="232" dir="0" index="0" bw="1" slack="1"/>
<pin id="233" dir="0" index="1" bw="0" slack="2147483647"/>
<pin id="234" dir="0" index="2" bw="4" slack="1"/>
<pin id="235" dir="0" index="3" bw="0" slack="2147483647"/>
<pin id="236" dir="1" index="4" bw="4" slack="0"/>
</pin_list>
<bind>
<opcode="phi(47) " fcode="phi"/>
<opset="i3/3 "/>
</bind>
</comp>

<comp id="239" class="1005" name="i1_reg_239">
<pin_list>
<pin id="240" dir="0" index="0" bw="4" slack="1"/>
<pin id="241" dir="1" index="1" bw="4" slack="1"/>
</pin_list>
<bind>
<opset="i1 (phireg) "/>
</bind>
</comp>

<comp id="243" class="1004" name="i1_phi_fu_243">
<pin_list>
<pin id="244" dir="0" index="0" bw="4" slack="0"/>
<pin id="245" dir="0" index="1" bw="0" slack="2147483647"/>
<pin id="246" dir="0" index="2" bw="1" slack="1"/>
<pin id="247" dir="0" index="3" bw="0" slack="2147483647"/>
<pin id="248" dir="1" index="4" bw="4" slack="0"/>
</pin_list>
<bind>
<opcode="phi(47) " fcode="phi"/>
<opset="i1/8 "/>
</bind>
</comp>

<comp id="250" class="1005" name="reg_250">
<pin_list>
<pin id="251" dir="0" index="0" bw="12" slack="1"/>
<pin id="252" dir="1" index="1" bw="12" slack="1"/>
</pin_list>
<bind>
<opset="fc_layer3_weights_V_1 fc_layer3_weights_V_5 "/>
</bind>
</comp>

<comp id="254" class="1005" name="reg_254">
<pin_list>
<pin id="255" dir="0" index="0" bw="12" slack="1"/>
<pin id="256" dir="1" index="1" bw="12" slack="1"/>
</pin_list>
<bind>
<opset="fc_layer3_weights_V_3 fc_layer3_weights_V_7 "/>
</bind>
</comp>

<comp id="258" class="1004" name="exitcond1_fu_258">
<pin_list>
<pin id="259" dir="0" index="0" bw="7" slack="0"/>
<pin id="260" dir="0" index="1" bw="7" slack="0"/>
<pin id="261" dir="1" index="2" bw="1" slack="2147483647"/>
</pin_list>
<bind>
<opcode="icmp(45) " fcode="icmp"/>
<opset="exitcond1/2 "/>
</bind>
</comp>

<comp id="264" class="1004" name="j_1_fu_264">
<pin_list>
<pin id="265" dir="0" index="0" bw="7" slack="0"/>
<pin id="266" dir="0" index="1" bw="1" slack="0"/>
<pin id="267" dir="1" index="2" bw="7" slack="0"/>
</pin_list>
<bind>
<opcode="add(8) " fcode="add"/>
<opset="j_1/2 "/>
</bind>
</comp>

<comp id="270" class="1004" name="tmp_fu_270">
<pin_list>
<pin id="271" dir="0" index="0" bw="10" slack="0"/>
<pin id="272" dir="0" index="1" bw="7" slack="0"/>
<pin id="273" dir="0" index="2" bw="1" slack="0"/>
<pin id="274" dir="1" index="3" bw="10" slack="0"/>
</pin_list>
<bind>
<opcode="bitconcatenate(1004) " fcode="bitconcatenate"/>
<opset="tmp/2 "/>
</bind>
</comp>

<comp id="278" class="1004" name="p_shl_cast_fu_278">
<pin_list>
<pin id="279" dir="0" index="0" bw="10" slack="0"/>
<pin id="280" dir="1" index="1" bw="11" slack="0"/>
</pin_list>
<bind>
<opcode="zext(34) " fcode="zext"/>
<opset="p_shl_cast/2 "/>
</bind>
</comp>

<comp id="282" class="1004" name="tmp_6_fu_282">
<pin_list>
<pin id="283" dir="0" index="0" bw="8" slack="0"/>
<pin id="284" dir="0" index="1" bw="7" slack="0"/>
<pin id="285" dir="0" index="2" bw="1" slack="0"/>
<pin id="286" dir="1" index="3" bw="8" slack="0"/>
</pin_list>
<bind>
<opcode="bitconcatenate(1004) " fcode="bitconcatenate"/>
<opset="tmp_6/2 "/>
</bind>
</comp>

<comp id="290" class="1004" name="p_shl1_cast_fu_290">
<pin_list>
<pin id="291" dir="0" index="0" bw="8" slack="0"/>
<pin id="292" dir="1" index="1" bw="11" slack="0"/>
</pin_list>
<bind>
<opcode="zext(34) " fcode="zext"/>
<opset="p_shl1_cast/2 "/>
</bind>
</comp>

<comp id="294" class="1004" name="tmp_11_fu_294">
<pin_list>
<pin id="295" dir="0" index="0" bw="8" slack="0"/>
<pin id="296" dir="0" index="1" bw="10" slack="0"/>
<pin id="297" dir="1" index="2" bw="11" slack="1"/>
</pin_list>
<bind>
<opcode="add(8) " fcode="add"/>
<opset="tmp_11/2 "/>
</bind>
</comp>

<comp id="300" class="1004" name="tmp_2_fu_300">
<pin_list>
<pin id="301" dir="0" index="0" bw="16" slack="0"/>
<pin id="302" dir="1" index="1" bw="28" slack="3"/>
</pin_list>
<bind>
<opcode="sext(35) " fcode="sext"/>
<opset="tmp_2/2 "/>
</bind>
</comp>

<comp id="304" class="1004" name="tmp_3_cast_fu_304">
<pin_list>
<pin id="305" dir="0" index="0" bw="4" slack="0"/>
<pin id="306" dir="1" index="1" bw="11" slack="0"/>
</pin_list>
<bind>
<opcode="zext(34) " fcode="zext"/>
<opset="tmp_3_cast/3 "/>
</bind>
</comp>

<comp id="308" class="1004" name="tmp_12_fu_308">
<pin_list>
<pin id="309" dir="0" index="0" bw="4" slack="0"/>
<pin id="310" dir="0" index="1" bw="11" slack="1"/>
<pin id="311" dir="1" index="2" bw="11" slack="0"/>
</pin_list>
<bind>
<opcode="add(8) " fcode="add"/>
<opset="tmp_12/3 "/>
</bind>
</comp>

<comp id="313" class="1004" name="tmp_12_cast_fu_313">
<pin_list>
<pin id="314" dir="0" index="0" bw="11" slack="0"/>
<pin id="315" dir="1" index="1" bw="64" slack="0"/>
</pin_list>
<bind>
<opcode="zext(34) " fcode="zext"/>
<opset="tmp_12_cast/3 "/>
</bind>
</comp>

<comp id="318" class="1004" name="i_4_s_fu_318">
<pin_list>
<pin id="319" dir="0" index="0" bw="4" slack="0"/>
<pin id="320" dir="0" index="1" bw="1" slack="0"/>
<pin id="321" dir="1" index="2" bw="4" slack="0"/>
</pin_list>
<bind>
<opcode="or(24) " fcode="or"/>
<opset="i_4_s/3 "/>
</bind>
</comp>

<comp id="324" class="1004" name="tmp_28_1_cast_fu_324">
<pin_list>
<pin id="325" dir="0" index="0" bw="4" slack="0"/>
<pin id="326" dir="1" index="1" bw="11" slack="0"/>
</pin_list>
<bind>
<opcode="zext(34) " fcode="zext"/>
<opset="tmp_28_1_cast/3 "/>
</bind>
</comp>

<comp id="328" class="1004" name="tmp_13_fu_328">
<pin_list>
<pin id="329" dir="0" index="0" bw="4" slack="0"/>
<pin id="330" dir="0" index="1" bw="11" slack="1"/>
<pin id="331" dir="1" index="2" bw="11" slack="0"/>
</pin_list>
<bind>
<opcode="add(8) " fcode="add"/>
<opset="tmp_13/3 "/>
</bind>
</comp>

<comp id="333" class="1004" name="tmp_13_cast_fu_333">
<pin_list>
<pin id="334" dir="0" index="0" bw="11" slack="0"/>
<pin id="335" dir="1" index="1" bw="64" slack="0"/>
</pin_list>
<bind>
<opcode="zext(34) " fcode="zext"/>
<opset="tmp_13_cast/3 "/>
</bind>
</comp>

<comp id="338" class="1004" name="tmp_3_fu_338">
<pin_list>
<pin id="339" dir="0" index="0" bw="4" slack="1"/>
<pin id="340" dir="1" index="1" bw="64" slack="0"/>
</pin_list>
<bind>
<opcode="zext(34) " fcode="zext"/>
<opset="tmp_3/4 "/>
</bind>
</comp>

<comp id="343" class="1004" name="tmp_28_1_fu_343">
<pin_list>
<pin id="344" dir="0" index="0" bw="4" slack="1"/>
<pin id="345" dir="1" index="1" bw="64" slack="0"/>
</pin_list>
<bind>
<opcode="zext(34) " fcode="zext"/>
<opset="tmp_28_1/4 "/>
</bind>
</comp>

<comp id="347" class="1004" name="tmp_4_fu_347">
<pin_list>
<pin id="348" dir="0" index="0" bw="12" slack="1"/>
<pin id="349" dir="1" index="1" bw="28" slack="0"/>
</pin_list>
<bind>
<opcode="sext(35) " fcode="sext"/>
<opset="tmp_4/5 "/>
</bind>
</comp>

<comp id="351" class="1004" name="tmp_5_fu_351">
<pin_list>
<pin id="352" dir="0" index="0" bw="28" slack="0"/>
<pin id="353" dir="0" index="1" bw="16" slack="0"/>
<pin id="354" dir="0" index="2" bw="1" slack="0"/>
<pin id="355" dir="1" index="3" bw="28" slack="0"/>
</pin_list>
<bind>
<opcode="bitconcatenate(1004) " fcode="bitconcatenate"/>
<opset="tmp_5/5 "/>
</bind>
</comp>

<comp id="359" class="1004" name="tmp_7_fu_359">
<pin_list>
<pin id="360" dir="0" index="0" bw="16" slack="0"/>
<pin id="361" dir="0" index="1" bw="28" slack="0"/>
<pin id="362" dir="0" index="2" bw="5" slack="0"/>
<pin id="363" dir="0" index="3" bw="6" slack="0"/>
<pin id="364" dir="1" index="4" bw="16" slack="0"/>
</pin_list>
<bind>
<opcode="partselect(1002) " fcode="partselect"/>
<opset="tmp_7/5 "/>
</bind>
</comp>

<comp id="369" class="1004" name="tmp_8_fu_369">
<pin_list>
<pin id="370" dir="0" index="0" bw="12" slack="1"/>
<pin id="371" dir="1" index="1" bw="28" slack="0"/>
</pin_list>
<bind>
<opcode="sext(35) " fcode="sext"/>
<opset="tmp_8/5 "/>
</bind>
</comp>

<comp id="373" class="1004" name="tmp_30_1_fu_373">
<pin_list>
<pin id="374" dir="0" index="0" bw="28" slack="0"/>
<pin id="375" dir="0" index="1" bw="16" slack="0"/>
<pin id="376" dir="0" index="2" bw="1" slack="0"/>
<pin id="377" dir="1" index="3" bw="28" slack="0"/>
</pin_list>
<bind>
<opcode="bitconcatenate(1004) " fcode="bitconcatenate"/>
<opset="tmp_30_1/5 "/>
</bind>
</comp>

<comp id="381" class="1004" name="tmp_33_1_fu_381">
<pin_list>
<pin id="382" dir="0" index="0" bw="16" slack="0"/>
<pin id="383" dir="0" index="1" bw="28" slack="0"/>
<pin id="384" dir="0" index="2" bw="5" slack="0"/>
<pin id="385" dir="0" index="3" bw="6" slack="0"/>
<pin id="386" dir="1" index="4" bw="16" slack="0"/>
</pin_list>
<bind>
<opcode="partselect(1002) " fcode="partselect"/>
<opset="tmp_33_1/5 "/>
</bind>
</comp>

<comp id="391" class="1004" name="i_4_1_fu_391">
<pin_list>
<pin id="392" dir="0" index="0" bw="4" slack="2"/>
<pin id="393" dir="0" index="1" bw="3" slack="0"/>
<pin id="394" dir="1" index="2" bw="4" slack="0"/>
</pin_list>
<bind>
<opcode="or(24) " fcode="or"/>
<opset="i_4_1/5 "/>
</bind>
</comp>

<comp id="397" class="1004" name="exitcond16_2_fu_397">
<pin_list>
<pin id="398" dir="0" index="0" bw="4" slack="0"/>
<pin id="399" dir="0" index="1" bw="4" slack="0"/>
<pin id="400" dir="1" index="2" bw="1" slack="2147483647"/>
</pin_list>
<bind>
<opcode="icmp(45) " fcode="icmp"/>
<opset="exitcond16_2/5 "/>
</bind>
</comp>

<comp id="403" class="1004" name="tmp_28_2_cast_fu_403">
<pin_list>
<pin id="404" dir="0" index="0" bw="4" slack="0"/>
<pin id="405" dir="1" index="1" bw="11" slack="0"/>
</pin_list>
<bind>
<opcode="zext(34) " fcode="zext"/>
<opset="tmp_28_2_cast/5 "/>
</bind>
</comp>

<comp id="407" class="1004" name="tmp_14_fu_407">
<pin_list>
<pin id="408" dir="0" index="0" bw="11" slack="3"/>
<pin id="409" dir="0" index="1" bw="4" slack="0"/>
<pin id="410" dir="1" index="2" bw="11" slack="0"/>
</pin_list>
<bind>
<opcode="add(8) " fcode="add"/>
<opset="tmp_14/5 "/>
</bind>
</comp>

<comp id="412" class="1004" name="tmp_14_cast_fu_412">
<pin_list>
<pin id="413" dir="0" index="0" bw="11" slack="0"/>
<pin id="414" dir="1" index="1" bw="64" slack="0"/>
</pin_list>
<bind>
<opcode="zext(34) " fcode="zext"/>
<opset="tmp_14_cast/5 "/>
</bind>
</comp>

<comp id="417" class="1004" name="tmp_17_fu_417">
<pin_list>
<pin id="418" dir="0" index="0" bw="4" slack="2"/>
<pin id="419" dir="1" index="1" bw="3" slack="0"/>
</pin_list>
<bind>
<opcode="trunc(33) " fcode="trunc"/>
<opset="tmp_17/5 "/>
</bind>
</comp>

<comp id="421" class="1004" name="i_4_2_fu_421">
<pin_list>
<pin id="422" dir="0" index="0" bw="3" slack="0"/>
<pin id="423" dir="0" index="1" bw="3" slack="0"/>
<pin id="424" dir="1" index="2" bw="3" slack="0"/>
</pin_list>
<bind>
<opcode="or(24) " fcode="or"/>
<opset="i_4_2/5 "/>
</bind>
</comp>

<comp id="427" class="1004" name="tmp_28_3_cast_fu_427">
<pin_list>
<pin id="428" dir="0" index="0" bw="3" slack="0"/>
<pin id="429" dir="1" index="1" bw="11" slack="0"/>
</pin_list>
<bind>
<opcode="zext(34) " fcode="zext"/>
<opset="tmp_28_3_cast/5 "/>
</bind>
</comp>

<comp id="431" class="1004" name="tmp_15_fu_431">
<pin_list>
<pin id="432" dir="0" index="0" bw="11" slack="3"/>
<pin id="433" dir="0" index="1" bw="3" slack="0"/>
<pin id="434" dir="1" index="2" bw="11" slack="0"/>
</pin_list>
<bind>
<opcode="add(8) " fcode="add"/>
<opset="tmp_15/5 "/>
</bind>
</comp>

<comp id="436" class="1004" name="tmp_15_cast_fu_436">
<pin_list>
<pin id="437" dir="0" index="0" bw="11" slack="0"/>
<pin id="438" dir="1" index="1" bw="64" slack="0"/>
</pin_list>
<bind>
<opcode="zext(34) " fcode="zext"/>
<opset="tmp_15_cast/5 "/>
</bind>
</comp>

<comp id="441" class="1004" name="i_4_3_fu_441">
<pin_list>
<pin id="442" dir="0" index="0" bw="4" slack="0"/>
<pin id="443" dir="0" index="1" bw="4" slack="2"/>
<pin id="444" dir="1" index="2" bw="4" slack="1"/>
</pin_list>
<bind>
<opcode="add(8) " fcode="add"/>
<opset="i_4_3/5 "/>
</bind>
</comp>

<comp id="447" class="1004" name="tmp_28_2_fu_447">
<pin_list>
<pin id="448" dir="0" index="0" bw="4" slack="1"/>
<pin id="449" dir="1" index="1" bw="64" slack="0"/>
</pin_list>
<bind>
<opcode="zext(34) " fcode="zext"/>
<opset="tmp_28_2/6 "/>
</bind>
</comp>

<comp id="451" class="1004" name="tmp_28_3_fu_451">
<pin_list>
<pin id="452" dir="0" index="0" bw="3" slack="1"/>
<pin id="453" dir="1" index="1" bw="64" slack="0"/>
</pin_list>
<bind>
<opcode="zext(34) " fcode="zext"/>
<opset="tmp_28_3/6 "/>
</bind>
</comp>

<comp id="455" class="1004" name="tmp_9_fu_455">
<pin_list>
<pin id="456" dir="0" index="0" bw="12" slack="1"/>
<pin id="457" dir="1" index="1" bw="28" slack="0"/>
</pin_list>
<bind>
<opcode="sext(35) " fcode="sext"/>
<opset="tmp_9/7 "/>
</bind>
</comp>

<comp id="459" class="1004" name="tmp_30_2_fu_459">
<pin_list>
<pin id="460" dir="0" index="0" bw="28" slack="0"/>
<pin id="461" dir="0" index="1" bw="16" slack="0"/>
<pin id="462" dir="0" index="2" bw="1" slack="0"/>
<pin id="463" dir="1" index="3" bw="28" slack="0"/>
</pin_list>
<bind>
<opcode="bitconcatenate(1004) " fcode="bitconcatenate"/>
<opset="tmp_30_2/7 "/>
</bind>
</comp>

<comp id="467" class="1004" name="tmp_33_2_fu_467">
<pin_list>
<pin id="468" dir="0" index="0" bw="16" slack="0"/>
<pin id="469" dir="0" index="1" bw="28" slack="0"/>
<pin id="470" dir="0" index="2" bw="5" slack="0"/>
<pin id="471" dir="0" index="3" bw="6" slack="0"/>
<pin id="472" dir="1" index="4" bw="16" slack="0"/>
</pin_list>
<bind>
<opcode="partselect(1002) " fcode="partselect"/>
<opset="tmp_33_2/7 "/>
</bind>
</comp>

<comp id="477" class="1004" name="tmp_10_fu_477">
<pin_list>
<pin id="478" dir="0" index="0" bw="12" slack="1"/>
<pin id="479" dir="1" index="1" bw="28" slack="0"/>
</pin_list>
<bind>
<opcode="sext(35) " fcode="sext"/>
<opset="tmp_10/7 "/>
</bind>
</comp>

<comp id="481" class="1004" name="tmp_30_3_fu_481">
<pin_list>
<pin id="482" dir="0" index="0" bw="28" slack="0"/>
<pin id="483" dir="0" index="1" bw="16" slack="0"/>
<pin id="484" dir="0" index="2" bw="1" slack="0"/>
<pin id="485" dir="1" index="3" bw="28" slack="0"/>
</pin_list>
<bind>
<opcode="bitconcatenate(1004) " fcode="bitconcatenate"/>
<opset="tmp_30_3/7 "/>
</bind>
</comp>

<comp id="489" class="1004" name="tmp_33_3_fu_489">
<pin_list>
<pin id="490" dir="0" index="0" bw="16" slack="0"/>
<pin id="491" dir="0" index="1" bw="28" slack="0"/>
<pin id="492" dir="0" index="2" bw="5" slack="0"/>
<pin id="493" dir="0" index="3" bw="6" slack="0"/>
<pin id="494" dir="1" index="4" bw="16" slack="0"/>
</pin_list>
<bind>
<opcode="partselect(1002) " fcode="partselect"/>
<opset="tmp_33_3/7 "/>
</bind>
</comp>

<comp id="499" class="1004" name="exitcond_fu_499">
<pin_list>
<pin id="500" dir="0" index="0" bw="4" slack="0"/>
<pin id="501" dir="0" index="1" bw="4" slack="0"/>
<pin id="502" dir="1" index="2" bw="1" slack="2147483647"/>
</pin_list>
<bind>
<opcode="icmp(45) " fcode="icmp"/>
<opset="exitcond/8 "/>
</bind>
</comp>

<comp id="505" class="1004" name="i_fu_505">
<pin_list>
<pin id="506" dir="0" index="0" bw="4" slack="0"/>
<pin id="507" dir="0" index="1" bw="1" slack="0"/>
<pin id="508" dir="1" index="2" bw="4" slack="0"/>
</pin_list>
<bind>
<opcode="add(8) " fcode="add"/>
<opset="i/8 "/>
</bind>
</comp>

<comp id="511" class="1004" name="tmp_s_fu_511">
<pin_list>
<pin id="512" dir="0" index="0" bw="4" slack="0"/>
<pin id="513" dir="1" index="1" bw="64" slack="0"/>
</pin_list>
<bind>
<opcode="zext(34) " fcode="zext"/>
<opset="tmp_s/8 "/>
</bind>
</comp>

<comp id="516" class="1004" name="tmp_16_fu_516">
<pin_list>
<pin id="517" dir="0" index="0" bw="16" slack="0"/>
<pin id="518" dir="1" index="1" bw="15" slack="0"/>
</pin_list>
<bind>
<opcode="trunc(33) " fcode="trunc"/>
<opset="tmp_16/9 "/>
</bind>
</comp>

<comp id="520" class="1004" name="tmp_i_fu_520">
<pin_list>
<pin id="521" dir="0" index="0" bw="16" slack="0"/>
<pin id="522" dir="0" index="1" bw="1" slack="0"/>
<pin id="523" dir="1" index="2" bw="1" slack="0"/>
</pin_list>
<bind>
<opcode="icmp(45) " fcode="icmp"/>
<opset="tmp_i/9 "/>
</bind>
</comp>

<comp id="526" class="1004" name="tmp_V_fu_526">
<pin_list>
<pin id="527" dir="0" index="0" bw="1" slack="0"/>
<pin id="528" dir="0" index="1" bw="15" slack="0"/>
<pin id="529" dir="0" index="2" bw="1" slack="0"/>
<pin id="530" dir="1" index="3" bw="15" slack="0"/>
</pin_list>
<bind>
<opcode="select(49) " fcode="select"/>
<opset="tmp_V/9 "/>
</bind>
</comp>

<comp id="534" class="1004" name="tmp_V_1_fu_534">
<pin_list>
<pin id="535" dir="0" index="0" bw="15" slack="0"/>
<pin id="536" dir="1" index="1" bw="16" slack="0"/>
</pin_list>
<bind>
<opcode="zext(34) " fcode="zext"/>
<opset="tmp_V_1/9 "/>
</bind>
</comp>

<comp id="539" class="1007" name="grp_fu_539">
<pin_list>
<pin id="540" dir="0" index="0" bw="16" slack="3"/>
<pin id="541" dir="0" index="1" bw="12" slack="0"/>
<pin id="542" dir="0" index="2" bw="28" slack="0"/>
<pin id="543" dir="1" index="3" bw="28" slack="0"/>
</pin_list>
<bind>
<opcode="muladd(1172) " fcode="muladd"/>
<opset="tmp_313_cast/5 p_Val2_5/5 "/>
</bind>
</comp>

<comp id="547" class="1007" name="grp_fu_547">
<pin_list>
<pin id="548" dir="0" index="0" bw="16" slack="3"/>
<pin id="549" dir="0" index="1" bw="12" slack="0"/>
<pin id="550" dir="0" index="2" bw="28" slack="0"/>
<pin id="551" dir="1" index="3" bw="28" slack="0"/>
</pin_list>
<bind>
<opcode="muladd(1172) " fcode="muladd"/>
<opset="tmp_313_1_cast/5 p_Val2_5_1/5 "/>
</bind>
</comp>

<comp id="555" class="1007" name="grp_fu_555">
<pin_list>
<pin id="556" dir="0" index="0" bw="12" slack="0"/>
<pin id="557" dir="0" index="1" bw="16" slack="5"/>
<pin id="558" dir="0" index="2" bw="28" slack="0"/>
<pin id="559" dir="1" index="3" bw="28" slack="0"/>
</pin_list>
<bind>
<opcode="muladd(1172) " fcode="muladd"/>
<opset="tmp_313_2_cast/7 p_Val2_5_2/7 "/>
</bind>
</comp>

<comp id="563" class="1007" name="grp_fu_563">
<pin_list>
<pin id="564" dir="0" index="0" bw="12" slack="0"/>
<pin id="565" dir="0" index="1" bw="16" slack="5"/>
<pin id="566" dir="0" index="2" bw="28" slack="0"/>
<pin id="567" dir="1" index="3" bw="28" slack="0"/>
</pin_list>
<bind>
<opcode="muladd(1172) " fcode="muladd"/>
<opset="tmp_313_3_cast/7 p_Val2_5_3/7 "/>
</bind>
</comp>

<comp id="574" class="1005" name="j_1_reg_574">
<pin_list>
<pin id="575" dir="0" index="0" bw="7" slack="0"/>
<pin id="576" dir="1" index="1" bw="7" slack="0"/>
</pin_list>
<bind>
<opset="j_1 "/>
</bind>
</comp>

<comp id="579" class="1005" name="tmp_11_reg_579">
<pin_list>
<pin id="580" dir="0" index="0" bw="11" slack="1"/>
<pin id="581" dir="1" index="1" bw="11" slack="1"/>
</pin_list>
<bind>
<opset="tmp_11 "/>
</bind>
</comp>

<comp id="587" class="1005" name="tmp_2_reg_587">
<pin_list>
<pin id="588" dir="0" index="0" bw="28" slack="3"/>
<pin id="589" dir="1" index="1" bw="28" slack="3"/>
</pin_list>
<bind>
<opset="tmp_2 "/>
</bind>
</comp>

<comp id="595" class="1005" name="fc_layer3_weights_V_s_reg_595">
<pin_list>
<pin id="596" dir="0" index="0" bw="10" slack="1"/>
<pin id="597" dir="1" index="1" bw="10" slack="1"/>
</pin_list>
<bind>
<opset="fc_layer3_weights_V_s "/>
</bind>
</comp>

<comp id="600" class="1005" name="i_4_s_reg_600">
<pin_list>
<pin id="601" dir="0" index="0" bw="4" slack="1"/>
<pin id="602" dir="1" index="1" bw="4" slack="1"/>
</pin_list>
<bind>
<opset="i_4_s "/>
</bind>
</comp>

<comp id="605" class="1005" name="fc_layer3_weights_V_2_reg_605">
<pin_list>
<pin id="606" dir="0" index="0" bw="10" slack="1"/>
<pin id="607" dir="1" index="1" bw="10" slack="1"/>
</pin_list>
<bind>
<opset="fc_layer3_weights_V_2 "/>
</bind>
</comp>

<comp id="610" class="1005" name="output_V_addr_2_reg_610">
<pin_list>
<pin id="611" dir="0" index="0" bw="4" slack="1"/>
<pin id="612" dir="1" index="1" bw="4" slack="1"/>
</pin_list>
<bind>
<opset="output_V_addr_2 "/>
</bind>
</comp>

<comp id="616" class="1005" name="output_V_addr_3_reg_616">
<pin_list>
<pin id="617" dir="0" index="0" bw="4" slack="1"/>
<pin id="618" dir="1" index="1" bw="4" slack="1"/>
</pin_list>
<bind>
<opset="output_V_addr_3 "/>
</bind>
</comp>

<comp id="622" class="1005" name="i_4_1_reg_622">
<pin_list>
<pin id="623" dir="0" index="0" bw="4" slack="1"/>
<pin id="624" dir="1" index="1" bw="4" slack="1"/>
</pin_list>
<bind>
<opset="i_4_1 "/>
</bind>
</comp>

<comp id="630" class="1005" name="fc_layer3_weights_V_4_reg_630">
<pin_list>
<pin id="631" dir="0" index="0" bw="10" slack="1"/>
<pin id="632" dir="1" index="1" bw="10" slack="1"/>
</pin_list>
<bind>
<opset="fc_layer3_weights_V_4 "/>
</bind>
</comp>

<comp id="635" class="1005" name="i_4_2_reg_635">
<pin_list>
<pin id="636" dir="0" index="0" bw="3" slack="1"/>
<pin id="637" dir="1" index="1" bw="3" slack="1"/>
</pin_list>
<bind>
<opset="i_4_2 "/>
</bind>
</comp>

<comp id="640" class="1005" name="fc_layer3_weights_V_6_reg_640">
<pin_list>
<pin id="641" dir="0" index="0" bw="10" slack="1"/>
<pin id="642" dir="1" index="1" bw="10" slack="1"/>
</pin_list>
<bind>
<opset="fc_layer3_weights_V_6 "/>
</bind>
</comp>

<comp id="645" class="1005" name="i_4_3_reg_645">
<pin_list>
<pin id="646" dir="0" index="0" bw="4" slack="1"/>
<pin id="647" dir="1" index="1" bw="4" slack="1"/>
</pin_list>
<bind>
<opset="i_4_3 "/>
</bind>
</comp>

<comp id="650" class="1005" name="output_V_addr_4_reg_650">
<pin_list>
<pin id="651" dir="0" index="0" bw="4" slack="1"/>
<pin id="652" dir="1" index="1" bw="4" slack="1"/>
</pin_list>
<bind>
<opset="output_V_addr_4 "/>
</bind>
</comp>

<comp id="655" class="1005" name="output_V_addr_5_reg_655">
<pin_list>
<pin id="656" dir="0" index="0" bw="4" slack="1"/>
<pin id="657" dir="1" index="1" bw="4" slack="1"/>
</pin_list>
<bind>
<opset="output_V_addr_5 "/>
</bind>
</comp>

<comp id="663" class="1005" name="i_reg_663">
<pin_list>
<pin id="664" dir="0" index="0" bw="4" slack="0"/>
<pin id="665" dir="1" index="1" bw="4" slack="0"/>
</pin_list>
<bind>
<opset="i "/>
</bind>
</comp>

<comp id="668" class="1005" name="output_V_addr_1_reg_668">
<pin_list>
<pin id="669" dir="0" index="0" bw="4" slack="1"/>
<pin id="670" dir="1" index="1" bw="4" slack="1"/>
</pin_list>
<bind>
<opset="output_V_addr_1 "/>
</bind>
</comp>

</comp_list>

<net_list>
<net id="111"><net_src comp="40" pin="0"/><net_sink comp="108" pin=0"/></net>

<net id="116"><net_src comp="62" pin="0"/><net_sink comp="112" pin=0"/></net>

<net id="117"><net_src comp="2" pin="0"/><net_sink comp="112" pin=1"/></net>

<net id="123"><net_src comp="106" pin="0"/><net_sink comp="118" pin=0"/></net>

<net id="124"><net_src comp="0" pin="0"/><net_sink comp="118" pin=1"/></net>

<net id="130"><net_src comp="108" pin="1"/><net_sink comp="125" pin=0"/></net>

<net id="131"><net_src comp="42" pin="0"/><net_sink comp="125" pin=1"/></net>

<net id="132"><net_src comp="42" pin="0"/><net_sink comp="125" pin=2"/></net>

<net id="137"><net_src comp="44" pin="0"/><net_sink comp="133" pin=1"/></net>

<net id="138"><net_src comp="125" pin="3"/><net_sink comp="133" pin=0"/></net>

<net id="144"><net_src comp="4" pin="0"/><net_sink comp="139" pin=0"/></net>

<net id="145"><net_src comp="42" pin="0"/><net_sink comp="139" pin=1"/></net>

<net id="150"><net_src comp="139" pin="3"/><net_sink comp="146" pin=0"/></net>

<net id="156"><net_src comp="4" pin="0"/><net_sink comp="151" pin=0"/></net>

<net id="157"><net_src comp="42" pin="0"/><net_sink comp="151" pin=1"/></net>

<net id="161"><net_src comp="151" pin="3"/><net_sink comp="146" pin=3"/></net>

<net id="167"><net_src comp="42" pin="0"/><net_sink comp="162" pin=1"/></net>

<net id="168"><net_src comp="162" pin="3"/><net_sink comp="133" pin=0"/></net>

<net id="174"><net_src comp="42" pin="0"/><net_sink comp="169" pin=1"/></net>

<net id="178"><net_src comp="169" pin="3"/><net_sink comp="133" pin=3"/></net>

<net id="184"><net_src comp="4" pin="0"/><net_sink comp="179" pin=0"/></net>

<net id="185"><net_src comp="42" pin="0"/><net_sink comp="179" pin=1"/></net>

<net id="186"><net_src comp="179" pin="3"/><net_sink comp="146" pin=0"/></net>

<net id="192"><net_src comp="4" pin="0"/><net_sink comp="187" pin=0"/></net>

<net id="193"><net_src comp="42" pin="0"/><net_sink comp="187" pin=1"/></net>

<net id="194"><net_src comp="187" pin="3"/><net_sink comp="146" pin=3"/></net>

<net id="200"><net_src comp="42" pin="0"/><net_sink comp="195" pin=1"/></net>

<net id="201"><net_src comp="195" pin="3"/><net_sink comp="133" pin=3"/></net>

<net id="207"><net_src comp="42" pin="0"/><net_sink comp="202" pin=1"/></net>

<net id="208"><net_src comp="202" pin="3"/><net_sink comp="133" pin=0"/></net>

<net id="214"><net_src comp="42" pin="0"/><net_sink comp="209" pin=1"/></net>

<net id="215"><net_src comp="209" pin="3"/><net_sink comp="133" pin=3"/></net>

<net id="219"><net_src comp="46" pin="0"/><net_sink comp="216" pin=0"/></net>

<net id="226"><net_src comp="216" pin="1"/><net_sink comp="220" pin=2"/></net>

<net id="230"><net_src comp="72" pin="0"/><net_sink comp="227" pin=0"/></net>

<net id="237"><net_src comp="227" pin="1"/><net_sink comp="231" pin=0"/></net>

<net id="238"><net_src comp="231" pin="4"/><net_sink comp="227" pin=0"/></net>

<net id="242"><net_src comp="72" pin="0"/><net_sink comp="239" pin=0"/></net>

<net id="249"><net_src comp="239" pin="1"/><net_sink comp="243" pin=2"/></net>

<net id="253"><net_src comp="146" pin="2"/><net_sink comp="250" pin=0"/></net>

<net id="257"><net_src comp="146" pin="5"/><net_sink comp="254" pin=0"/></net>

<net id="262"><net_src comp="220" pin="4"/><net_sink comp="258" pin=0"/></net>

<net id="263"><net_src comp="48" pin="0"/><net_sink comp="258" pin=1"/></net>

<net id="268"><net_src comp="220" pin="4"/><net_sink comp="264" pin=0"/></net>

<net id="269"><net_src comp="54" pin="0"/><net_sink comp="264" pin=1"/></net>

<net id="275"><net_src comp="64" pin="0"/><net_sink comp="270" pin=0"/></net>

<net id="276"><net_src comp="220" pin="4"/><net_sink comp="270" pin=1"/></net>

<net id="277"><net_src comp="66" pin="0"/><net_sink comp="270" pin=2"/></net>

<net id="281"><net_src comp="270" pin="3"/><net_sink comp="278" pin=0"/></net>

<net id="287"><net_src comp="68" pin="0"/><net_sink comp="282" pin=0"/></net>

<net id="288"><net_src comp="220" pin="4"/><net_sink comp="282" pin=1"/></net>

<net id="289"><net_src comp="70" pin="0"/><net_sink comp="282" pin=2"/></net>

<net id="293"><net_src comp="282" pin="3"/><net_sink comp="290" pin=0"/></net>

<net id="298"><net_src comp="290" pin="1"/><net_sink comp="294" pin=0"/></net>

<net id="299"><net_src comp="278" pin="1"/><net_sink comp="294" pin=1"/></net>

<net id="303"><net_src comp="112" pin="2"/><net_sink comp="300" pin=0"/></net>

<net id="307"><net_src comp="231" pin="4"/><net_sink comp="304" pin=0"/></net>

<net id="312"><net_src comp="304" pin="1"/><net_sink comp="308" pin=0"/></net>

<net id="316"><net_src comp="308" pin="2"/><net_sink comp="313" pin=0"/></net>

<net id="317"><net_src comp="313" pin="1"/><net_sink comp="139" pin=2"/></net>

<net id="322"><net_src comp="231" pin="4"/><net_sink comp="318" pin=0"/></net>

<net id="323"><net_src comp="74" pin="0"/><net_sink comp="318" pin=1"/></net>

<net id="327"><net_src comp="318" pin="2"/><net_sink comp="324" pin=0"/></net>

<net id="332"><net_src comp="324" pin="1"/><net_sink comp="328" pin=0"/></net>

<net id="336"><net_src comp="328" pin="2"/><net_sink comp="333" pin=0"/></net>

<net id="337"><net_src comp="333" pin="1"/><net_sink comp="151" pin=2"/></net>

<net id="341"><net_src comp="227" pin="1"/><net_sink comp="338" pin=0"/></net>

<net id="342"><net_src comp="338" pin="1"/><net_sink comp="162" pin=2"/></net>

<net id="346"><net_src comp="343" pin="1"/><net_sink comp="169" pin=2"/></net>

<net id="350"><net_src comp="250" pin="1"/><net_sink comp="347" pin=0"/></net>

<net id="356"><net_src comp="78" pin="0"/><net_sink comp="351" pin=0"/></net>

<net id="357"><net_src comp="133" pin="2"/><net_sink comp="351" pin=1"/></net>

<net id="358"><net_src comp="80" pin="0"/><net_sink comp="351" pin=2"/></net>

<net id="365"><net_src comp="82" pin="0"/><net_sink comp="359" pin=0"/></net>

<net id="366"><net_src comp="84" pin="0"/><net_sink comp="359" pin=2"/></net>

<net id="367"><net_src comp="86" pin="0"/><net_sink comp="359" pin=3"/></net>

<net id="368"><net_src comp="359" pin="4"/><net_sink comp="133" pin=4"/></net>

<net id="372"><net_src comp="254" pin="1"/><net_sink comp="369" pin=0"/></net>

<net id="378"><net_src comp="78" pin="0"/><net_sink comp="373" pin=0"/></net>

<net id="379"><net_src comp="133" pin="5"/><net_sink comp="373" pin=1"/></net>

<net id="380"><net_src comp="80" pin="0"/><net_sink comp="373" pin=2"/></net>

<net id="387"><net_src comp="82" pin="0"/><net_sink comp="381" pin=0"/></net>

<net id="388"><net_src comp="84" pin="0"/><net_sink comp="381" pin=2"/></net>

<net id="389"><net_src comp="86" pin="0"/><net_sink comp="381" pin=3"/></net>

<net id="390"><net_src comp="381" pin="4"/><net_sink comp="133" pin=1"/></net>

<net id="395"><net_src comp="227" pin="1"/><net_sink comp="391" pin=0"/></net>

<net id="396"><net_src comp="88" pin="0"/><net_sink comp="391" pin=1"/></net>

<net id="401"><net_src comp="391" pin="2"/><net_sink comp="397" pin=0"/></net>

<net id="402"><net_src comp="90" pin="0"/><net_sink comp="397" pin=1"/></net>

<net id="406"><net_src comp="391" pin="2"/><net_sink comp="403" pin=0"/></net>

<net id="411"><net_src comp="403" pin="1"/><net_sink comp="407" pin=1"/></net>

<net id="415"><net_src comp="407" pin="2"/><net_sink comp="412" pin=0"/></net>

<net id="416"><net_src comp="412" pin="1"/><net_sink comp="179" pin=2"/></net>

<net id="420"><net_src comp="227" pin="1"/><net_sink comp="417" pin=0"/></net>

<net id="425"><net_src comp="417" pin="1"/><net_sink comp="421" pin=0"/></net>

<net id="426"><net_src comp="94" pin="0"/><net_sink comp="421" pin=1"/></net>

<net id="430"><net_src comp="421" pin="2"/><net_sink comp="427" pin=0"/></net>

<net id="435"><net_src comp="427" pin="1"/><net_sink comp="431" pin=1"/></net>

<net id="439"><net_src comp="431" pin="2"/><net_sink comp="436" pin=0"/></net>

<net id="440"><net_src comp="436" pin="1"/><net_sink comp="187" pin=2"/></net>

<net id="445"><net_src comp="96" pin="0"/><net_sink comp="441" pin=0"/></net>

<net id="446"><net_src comp="227" pin="1"/><net_sink comp="441" pin=1"/></net>

<net id="450"><net_src comp="447" pin="1"/><net_sink comp="195" pin=2"/></net>

<net id="454"><net_src comp="451" pin="1"/><net_sink comp="202" pin=2"/></net>

<net id="458"><net_src comp="250" pin="1"/><net_sink comp="455" pin=0"/></net>

<net id="464"><net_src comp="78" pin="0"/><net_sink comp="459" pin=0"/></net>

<net id="465"><net_src comp="133" pin="5"/><net_sink comp="459" pin=1"/></net>

<net id="466"><net_src comp="80" pin="0"/><net_sink comp="459" pin=2"/></net>

<net id="473"><net_src comp="82" pin="0"/><net_sink comp="467" pin=0"/></net>

<net id="474"><net_src comp="84" pin="0"/><net_sink comp="467" pin=2"/></net>

<net id="475"><net_src comp="86" pin="0"/><net_sink comp="467" pin=3"/></net>

<net id="476"><net_src comp="467" pin="4"/><net_sink comp="133" pin=4"/></net>

<net id="480"><net_src comp="254" pin="1"/><net_sink comp="477" pin=0"/></net>

<net id="486"><net_src comp="78" pin="0"/><net_sink comp="481" pin=0"/></net>

<net id="487"><net_src comp="133" pin="2"/><net_sink comp="481" pin=1"/></net>

<net id="488"><net_src comp="80" pin="0"/><net_sink comp="481" pin=2"/></net>

<net id="495"><net_src comp="82" pin="0"/><net_sink comp="489" pin=0"/></net>

<net id="496"><net_src comp="84" pin="0"/><net_sink comp="489" pin=2"/></net>

<net id="497"><net_src comp="86" pin="0"/><net_sink comp="489" pin=3"/></net>

<net id="498"><net_src comp="489" pin="4"/><net_sink comp="133" pin=1"/></net>

<net id="503"><net_src comp="243" pin="4"/><net_sink comp="499" pin=0"/></net>

<net id="504"><net_src comp="90" pin="0"/><net_sink comp="499" pin=1"/></net>

<net id="509"><net_src comp="243" pin="4"/><net_sink comp="505" pin=0"/></net>

<net id="510"><net_src comp="74" pin="0"/><net_sink comp="505" pin=1"/></net>

<net id="514"><net_src comp="243" pin="4"/><net_sink comp="511" pin=0"/></net>

<net id="515"><net_src comp="511" pin="1"/><net_sink comp="209" pin=2"/></net>

<net id="519"><net_src comp="133" pin="5"/><net_sink comp="516" pin=0"/></net>

<net id="524"><net_src comp="133" pin="5"/><net_sink comp="520" pin=0"/></net>

<net id="525"><net_src comp="44" pin="0"/><net_sink comp="520" pin=1"/></net>

<net id="531"><net_src comp="520" pin="2"/><net_sink comp="526" pin=0"/></net>

<net id="532"><net_src comp="516" pin="1"/><net_sink comp="526" pin=1"/></net>

<net id="533"><net_src comp="104" pin="0"/><net_sink comp="526" pin=2"/></net>

<net id="537"><net_src comp="526" pin="3"/><net_sink comp="534" pin=0"/></net>

<net id="538"><net_src comp="534" pin="1"/><net_sink comp="118" pin=2"/></net>

<net id="544"><net_src comp="347" pin="1"/><net_sink comp="539" pin=1"/></net>

<net id="545"><net_src comp="351" pin="3"/><net_sink comp="539" pin=2"/></net>

<net id="546"><net_src comp="539" pin="3"/><net_sink comp="359" pin=1"/></net>

<net id="552"><net_src comp="369" pin="1"/><net_sink comp="547" pin=1"/></net>

<net id="553"><net_src comp="373" pin="3"/><net_sink comp="547" pin=2"/></net>

<net id="554"><net_src comp="547" pin="3"/><net_sink comp="381" pin=1"/></net>

<net id="560"><net_src comp="455" pin="1"/><net_sink comp="555" pin=0"/></net>

<net id="561"><net_src comp="459" pin="3"/><net_sink comp="555" pin=2"/></net>

<net id="562"><net_src comp="555" pin="3"/><net_sink comp="467" pin=1"/></net>

<net id="568"><net_src comp="477" pin="1"/><net_sink comp="563" pin=0"/></net>

<net id="569"><net_src comp="481" pin="3"/><net_sink comp="563" pin=2"/></net>

<net id="570"><net_src comp="563" pin="3"/><net_sink comp="489" pin=1"/></net>

<net id="577"><net_src comp="264" pin="2"/><net_sink comp="574" pin=0"/></net>

<net id="578"><net_src comp="574" pin="1"/><net_sink comp="220" pin=0"/></net>

<net id="582"><net_src comp="294" pin="2"/><net_sink comp="579" pin=0"/></net>

<net id="583"><net_src comp="579" pin="1"/><net_sink comp="308" pin=1"/></net>

<net id="584"><net_src comp="579" pin="1"/><net_sink comp="328" pin=1"/></net>

<net id="585"><net_src comp="579" pin="1"/><net_sink comp="407" pin=0"/></net>

<net id="586"><net_src comp="579" pin="1"/><net_sink comp="431" pin=0"/></net>

<net id="590"><net_src comp="300" pin="1"/><net_sink comp="587" pin=0"/></net>

<net id="591"><net_src comp="587" pin="1"/><net_sink comp="539" pin=0"/></net>

<net id="592"><net_src comp="587" pin="1"/><net_sink comp="547" pin=0"/></net>

<net id="593"><net_src comp="587" pin="1"/><net_sink comp="555" pin=1"/></net>

<net id="594"><net_src comp="587" pin="1"/><net_sink comp="563" pin=1"/></net>

<net id="598"><net_src comp="139" pin="3"/><net_sink comp="595" pin=0"/></net>

<net id="599"><net_src comp="595" pin="1"/><net_sink comp="146" pin=0"/></net>

<net id="603"><net_src comp="318" pin="2"/><net_sink comp="600" pin=0"/></net>

<net id="604"><net_src comp="600" pin="1"/><net_sink comp="343" pin=0"/></net>

<net id="608"><net_src comp="151" pin="3"/><net_sink comp="605" pin=0"/></net>

<net id="609"><net_src comp="605" pin="1"/><net_sink comp="146" pin=3"/></net>

<net id="613"><net_src comp="162" pin="3"/><net_sink comp="610" pin=0"/></net>

<net id="614"><net_src comp="610" pin="1"/><net_sink comp="133" pin=0"/></net>

<net id="615"><net_src comp="610" pin="1"/><net_sink comp="133" pin=3"/></net>

<net id="619"><net_src comp="169" pin="3"/><net_sink comp="616" pin=0"/></net>

<net id="620"><net_src comp="616" pin="1"/><net_sink comp="133" pin=3"/></net>

<net id="621"><net_src comp="616" pin="1"/><net_sink comp="133" pin=0"/></net>

<net id="625"><net_src comp="391" pin="2"/><net_sink comp="622" pin=0"/></net>

<net id="626"><net_src comp="622" pin="1"/><net_sink comp="447" pin=0"/></net>

<net id="633"><net_src comp="179" pin="3"/><net_sink comp="630" pin=0"/></net>

<net id="634"><net_src comp="630" pin="1"/><net_sink comp="146" pin=0"/></net>

<net id="638"><net_src comp="421" pin="2"/><net_sink comp="635" pin=0"/></net>

<net id="639"><net_src comp="635" pin="1"/><net_sink comp="451" pin=0"/></net>

<net id="643"><net_src comp="187" pin="3"/><net_sink comp="640" pin=0"/></net>

<net id="644"><net_src comp="640" pin="1"/><net_sink comp="146" pin=3"/></net>

<net id="648"><net_src comp="441" pin="2"/><net_sink comp="645" pin=0"/></net>

<net id="649"><net_src comp="645" pin="1"/><net_sink comp="231" pin=2"/></net>

<net id="653"><net_src comp="195" pin="3"/><net_sink comp="650" pin=0"/></net>

<net id="654"><net_src comp="650" pin="1"/><net_sink comp="133" pin=3"/></net>

<net id="658"><net_src comp="202" pin="3"/><net_sink comp="655" pin=0"/></net>

<net id="659"><net_src comp="655" pin="1"/><net_sink comp="133" pin=0"/></net>

<net id="666"><net_src comp="505" pin="2"/><net_sink comp="663" pin=0"/></net>

<net id="667"><net_src comp="663" pin="1"/><net_sink comp="243" pin=0"/></net>

<net id="671"><net_src comp="209" pin="3"/><net_sink comp="668" pin=0"/></net>

<net id="672"><net_src comp="668" pin="1"/><net_sink comp="133" pin=3"/></net>

</net_list>

</model> 
---------------- Datapath Model END ------------------

* FSMD analyzer results:
  - Output states:
	Port: out_V_V | {9 }
 - Input state : 
	Port: fc_layer3 : in_V_V | {2 }
	Port: fc_layer3 : fc_layer3_weights_V | {3 4 5 6 }
  - Chain level:
	State 1
		output_V_addr : 1
		StgValue_14 : 2
	State 2
		exitcond1 : 1
		j_1 : 1
		StgValue_20 : 2
		tmp : 1
		p_shl_cast : 2
		tmp_6 : 1
		p_shl1_cast : 2
		tmp_11 : 3
	State 3
		tmp_3_cast : 1
		tmp_12 : 2
		tmp_12_cast : 3
		fc_layer3_weights_V_s : 4
		fc_layer3_weights_V_1 : 5
		i_4_s : 1
		tmp_28_1_cast : 1
		tmp_13 : 2
		tmp_13_cast : 3
		fc_layer3_weights_V_2 : 4
		fc_layer3_weights_V_3 : 5
	State 4
		output_V_addr_2 : 1
		output_V_load : 2
		output_V_addr_3 : 1
		output_V_load_1 : 2
	State 5
		tmp_5 : 1
		tmp_313_cast : 1
		p_Val2_5 : 2
		tmp_7 : 3
		StgValue_59 : 4
		tmp_30_1 : 1
		tmp_313_1_cast : 1
		p_Val2_5_1 : 2
		tmp_33_1 : 3
		StgValue_66 : 4
		StgValue_70 : 1
		tmp_14 : 1
		tmp_14_cast : 2
		fc_layer3_weights_V_4 : 3
		fc_layer3_weights_V_5 : 4
		i_4_2 : 1
		tmp_28_3_cast : 1
		tmp_15 : 2
		tmp_15_cast : 3
		fc_layer3_weights_V_6 : 4
		fc_layer3_weights_V_7 : 5
	State 6
		output_V_addr_4 : 1
		output_V_load_2 : 2
		output_V_addr_5 : 1
		output_V_load_3 : 2
	State 7
		tmp_30_2 : 1
		tmp_313_2_cast : 1
		p_Val2_5_2 : 2
		tmp_33_2 : 3
		StgValue_100 : 4
		tmp_30_3 : 1
		tmp_313_3_cast : 1
		p_Val2_5_3 : 2
		tmp_33_3 : 3
		StgValue_107 : 4
	State 8
		exitcond : 1
		i : 1
		StgValue_113 : 2
		tmp_s : 1
		output_V_addr_1 : 2
		p_Val2_s : 3
	State 9
		tmp_16 : 1
		tmp_i : 1
		tmp_V : 2
		tmp_V_1 : 3
		StgValue_124 : 4


============================================================
+ Verbose Summary: Datapath Resource usage 
============================================================

* Functional unit list:
|----------|---------------------------|---------|---------|---------|
| Operation|      Functional Unit      |  DSP48E |    FF   |   LUT   |
|----------|---------------------------|---------|---------|---------|
|          |         j_1_fu_264        |    0    |    0    |    15   |
|          |       tmp_11_fu_294       |    0    |    0    |    17   |
|          |       tmp_12_fu_308       |    0    |    0    |    18   |
|    add   |       tmp_13_fu_328       |    0    |    0    |    18   |
|          |       tmp_14_fu_407       |    0    |    0    |    18   |
|          |       tmp_15_fu_431       |    0    |    0    |    18   |
|          |        i_4_3_fu_441       |    0    |    0    |    13   |
|          |          i_fu_505         |    0    |    0    |    13   |
|----------|---------------------------|---------|---------|---------|
|          |      exitcond1_fu_258     |    0    |    0    |    11   |
|   icmp   |    exitcond16_2_fu_397    |    0    |    0    |    9    |
|          |      exitcond_fu_499      |    0    |    0    |    9    |
|          |        tmp_i_fu_520       |    0    |    0    |    13   |
|----------|---------------------------|---------|---------|---------|
|  select  |        tmp_V_fu_526       |    0    |    0    |    15   |
|----------|---------------------------|---------|---------|---------|
|          |         grp_fu_539        |    1    |    0    |    0    |
|  muladd  |         grp_fu_547        |    1    |    0    |    0    |
|          |         grp_fu_555        |    1    |    0    |    0    |
|          |         grp_fu_563        |    1    |    0    |    0    |
|----------|---------------------------|---------|---------|---------|
|   read   |   tmp_V_712_read_fu_112   |    0    |    0    |    0    |
|----------|---------------------------|---------|---------|---------|
|   write  | StgValue_124_write_fu_118 |    0    |    0    |    0    |
|----------|---------------------------|---------|---------|---------|
|          |         tmp_fu_270        |    0    |    0    |    0    |
|          |        tmp_6_fu_282       |    0    |    0    |    0    |
|bitconcatenate|        tmp_5_fu_351       |    0    |    0    |    0    |
|          |      tmp_30_1_fu_373      |    0    |    0    |    0    |
|          |      tmp_30_2_fu_459      |    0    |    0    |    0    |
|          |      tmp_30_3_fu_481      |    0    |    0    |    0    |
|----------|---------------------------|---------|---------|---------|
|          |     p_shl_cast_fu_278     |    0    |    0    |    0    |
|          |     p_shl1_cast_fu_290    |    0    |    0    |    0    |
|          |     tmp_3_cast_fu_304     |    0    |    0    |    0    |
|          |     tmp_12_cast_fu_313    |    0    |    0    |    0    |
|          |    tmp_28_1_cast_fu_324   |    0    |    0    |    0    |
|          |     tmp_13_cast_fu_333    |    0    |    0    |    0    |
|          |        tmp_3_fu_338       |    0    |    0    |    0    |
|   zext   |      tmp_28_1_fu_343      |    0    |    0    |    0    |
|          |    tmp_28_2_cast_fu_403   |    0    |    0    |    0    |
|          |     tmp_14_cast_fu_412    |    0    |    0    |    0    |
|          |    tmp_28_3_cast_fu_427   |    0    |    0    |    0    |
|          |     tmp_15_cast_fu_436    |    0    |    0    |    0    |
|          |      tmp_28_2_fu_447      |    0    |    0    |    0    |
|          |      tmp_28_3_fu_451      |    0    |    0    |    0    |
|          |        tmp_s_fu_511       |    0    |    0    |    0    |
|          |       tmp_V_1_fu_534      |    0    |    0    |    0    |
|----------|---------------------------|---------|---------|---------|
|          |        tmp_2_fu_300       |    0    |    0    |    0    |
|          |        tmp_4_fu_347       |    0    |    0    |    0    |
|   sext   |        tmp_8_fu_369       |    0    |    0    |    0    |
|          |        tmp_9_fu_455       |    0    |    0    |    0    |
|          |       tmp_10_fu_477       |    0    |    0    |    0    |
|----------|---------------------------|---------|---------|---------|
|          |        i_4_s_fu_318       |    0    |    0    |    0    |
|    or    |        i_4_1_fu_391       |    0    |    0    |    0    |
|          |        i_4_2_fu_421       |    0    |    0    |    0    |
|----------|---------------------------|---------|---------|---------|
|          |        tmp_7_fu_359       |    0    |    0    |    0    |
|partselect|      tmp_33_1_fu_381      |    0    |    0    |    0    |
|          |      tmp_33_2_fu_467      |    0    |    0    |    0    |
|          |      tmp_33_3_fu_489      |    0    |    0    |    0    |
|----------|---------------------------|---------|---------|---------|
|   trunc  |       tmp_17_fu_417       |    0    |    0    |    0    |
|          |       tmp_16_fu_516       |    0    |    0    |    0    |
|----------|---------------------------|---------|---------|---------|
|   Total  |                           |    4    |    0    |   187   |
|----------|---------------------------|---------|---------|---------|

Memories:
+--------+--------+--------+--------+
|        |  BRAM  |   FF   |   LUT  |
+--------+--------+--------+--------+
|output_V|    1   |    0   |    0   |
+--------+--------+--------+--------+
|  Total |    1   |    0   |    0   |
+--------+--------+--------+--------+

* Register list:
+-----------------------------+--------+
|                             |   FF   |
+-----------------------------+--------+
|fc_layer3_weights_V_2_reg_605|   10   |
|fc_layer3_weights_V_4_reg_630|   10   |
|fc_layer3_weights_V_6_reg_640|   10   |
|fc_layer3_weights_V_s_reg_595|   10   |
|          i1_reg_239         |    4   |
|          i3_reg_227         |    4   |
|        i_4_1_reg_622        |    4   |
|        i_4_2_reg_635        |    3   |
|        i_4_3_reg_645        |    4   |
|        i_4_s_reg_600        |    4   |
|          i_reg_663          |    4   |
|         j_1_reg_574         |    7   |
|          j_reg_216          |    7   |
|   output_V_addr_1_reg_668   |    4   |
|   output_V_addr_2_reg_610   |    4   |
|   output_V_addr_3_reg_616   |    4   |
|   output_V_addr_4_reg_650   |    4   |
|   output_V_addr_5_reg_655   |    4   |
|           reg_250           |   12   |
|           reg_254           |   12   |
|        tmp_11_reg_579       |   11   |
|        tmp_2_reg_587        |   28   |
+-----------------------------+--------+
|            Total            |   164  |
+-----------------------------+--------+

* Multiplexer (MUX) list: 
|-------------------|------|------|------|--------||---------||---------|
|        Comp       |  Pin | Size |  BW  | S x BW ||  Delay  ||   LUT   |
|-------------------|------|------|------|--------||---------||---------|
| grp_access_fu_133 |  p0  |   6  |   4  |   24   ||    33   |
| grp_access_fu_133 |  p1  |   3  |  16  |   48   ||    15   |
| grp_access_fu_133 |  p3  |   7  |   4  |   28   ||    38   |
| grp_access_fu_133 |  p4  |   2  |  16  |   32   ||    9    |
| grp_access_fu_146 |  p0  |   4  |  10  |   40   ||    21   |
| grp_access_fu_146 |  p3  |   4  |  10  |   40   ||    21   |
|     i3_reg_227    |  p0  |   2  |   4  |    8   ||    9    |
|-------------------|------|------|------|--------||---------||---------|
|       Total       |      |      |      |   220  || 13.0024 ||   146   |
|-------------------|------|------|------|--------||---------||---------|



* Summary:
+-----------+--------+--------+--------+--------+--------+
|           |  BRAM  | DSP48E |  Delay |   FF   |   LUT  |
+-----------+--------+--------+--------+--------+--------+
|  Function |    -   |    4   |    -   |    0   |   187  |
|   Memory  |    1   |    -   |    -   |    0   |    0   |
|Multiplexer|    -   |    -   |   13   |    -   |   146  |
|  Register |    -   |    -   |    -   |   164  |    -   |
+-----------+--------+--------+--------+--------+--------+
|   Total   |    1   |    4   |   13   |   164  |   333  |
+-----------+--------+--------+--------+--------+--------+
