

================================================================
== Vivado HLS Report for 'fc_layer1'
================================================================
* Date:           Mon Jun 18 15:49:25 2018

* Version:        2017.4.1 (Build 2117188 on Tue Jan 30 15:53:01 MST 2018)
* Project:        nnet_stream
* Solution:       solution1
* Product family: zynq
* Target device:  xc7z020clg400-1


================================================================
== Performance Estimates
================================================================
+ Timing (ns): 
    * Summary: 
    +--------+-------+----------+------------+
    |  Clock | Target| Estimated| Uncertainty|
    +--------+-------+----------+------------+
    |ap_clk  |  13.00|     10.69|        1.62|
    +--------+-------+----------+------------+

+ Latency (clock cycles): 
    * Summary: 
    +-------+-------+-------+-------+---------+
    |    Latency    |    Interval   | Pipeline|
    |  min  |  max  |  min  |  max  |   Type  |
    +-------+-------+-------+-------+---------+
    |  70514|  70514|  70514|  70514|   none  |
    +-------+-------+-------+-------+---------+

    + Detail: 
        * Instance: 
        N/A

        * Loop: 
        +----------------------+-------+-------+----------+-----------+-----------+------+----------+
        |                      |    Latency    | Iteration|  Initiation Interval  | Trip |          |
        |       Loop Name      |  min  |  max  |  Latency |  achieved |   target  | Count| Pipelined|
        +----------------------+-------+-------+----------+-----------+-----------+------+----------+
        |- fc_layer1_label12   |  70272|  70272|       122|          -|          -|   576|    no    |
        | + fc_layer1_label40  |    120|    120|         4|          -|          -|    30|    no    |
        |- fc_layer1_label15   |    240|    240|         2|          -|          -|   120|    no    |
        +----------------------+-------+-------+----------+-----------+-----------+------+----------+

============================================================
+ Verbose Summary: Synthesis Manager
============================================================
InlineROM: 1
ExposeGlobal: 0
============================================================
+ Verbose Summary: CDFG Model
============================================================
IsTopModel: 0
ResetActiveHigh: 1
IsCombinational: 2
IsDatapathOnly: 0
HasWiredReturn: 1
HasMFsm: 0
HasVarLatency: 1
IsPipeline: 0
IsRtlPipelined: 0
IsInstanceOverlapped: 0
IsDontTouch: 0
HasImplIP: 0
IsGatedGlobalClock: 0


============================================================
+ Verbose Summary: Schedule
============================================================
* Number of FSM states : 8
* Pipeline : 0
* Dataflow Pipeline: 0

* FSM state transitions: 
1 --> 
	2  / true
2 --> 
	3  / (!exitcond3)
	7  / (exitcond3)
3 --> 
	4  / (!exitcond2)
	2  / (exitcond2)
4 --> 
	5  / true
5 --> 
	6  / true
6 --> 
	3  / true
7 --> 
	8  / (!exitcond)
8 --> 
	7  / true

* FSM state operations: 

 <State 1> : 6.51ns
ST_1 : Operation 9 [1/1] (0.00ns)   --->   "%empty = call i32 (...)* @_ssdm_op_SpecInterface(i16* %out_V_V, [8 x i8]* @ap_fifo_str, i32 0, i32 0, [1 x i8]* @p_str167, i32 0, i32 0, [1 x i8]* @p_str168, [1 x i8]* @p_str169, [1 x i8]* @p_str170, i32 2, i32 2, i32 16, i32 16, [1 x i8]* @p_str171, [1 x i8]* @p_str172)"
ST_1 : Operation 10 [1/1] (0.00ns)   --->   "%empty_509 = call i32 (...)* @_ssdm_op_SpecInterface(i16* %in_V_V, [8 x i8]* @ap_fifo_str, i32 0, i32 0, [1 x i8]* @p_str160, i32 0, i32 0, [1 x i8]* @p_str161, [1 x i8]* @p_str162, [1 x i8]* @p_str163, i32 2, i32 2, i32 16, i32 16, [1 x i8]* @p_str164, [1 x i8]* @p_str165)"
ST_1 : Operation 11 [1/1] (3.25ns)   --->   "%output_V = alloca [120 x i16], align 2" [nnet_stream/solution1/nnet.cpp:247]   --->   Core 37 'RAM' <Latency = 1> <II = 1> <Delay = 3.25> <Storage> <Opcode : 'load' 'store'> <Ports = 2> <Width = 16> <Depth = 120> <RAM>
ST_1 : Operation 12 [1/1] (0.00ns)   --->   "%output_V_addr = getelementptr [120 x i16]* %output_V, i64 0, i64 0" [nnet_stream/solution1/nnet.cpp:247]
ST_1 : Operation 13 [1/1] (3.25ns)   --->   "store i16 0, i16* %output_V_addr, align 16" [nnet_stream/solution1/nnet.cpp:247]   --->   Core 37 'RAM' <Latency = 1> <II = 1> <Delay = 3.25> <Storage> <Opcode : 'load' 'store'> <Ports = 2> <Width = 16> <Depth = 120> <RAM>
ST_1 : Operation 14 [1/1] (1.76ns)   --->   "br label %.preheader64" [nnet_stream/solution1/nnet.cpp:248]

 <State 2> : 3.63ns
ST_2 : Operation 15 [1/1] (0.00ns)   --->   "%j = phi i10 [ %j_3, %3 ], [ 0, %.preheader64.preheader ]"
ST_2 : Operation 16 [1/1] (1.77ns)   --->   "%exitcond3 = icmp eq i10 %j, -448" [nnet_stream/solution1/nnet.cpp:248]   --->   Core 25 'Cmp' <Latency = 0> <II = 1> <Delay = 2.42> <FuncUnit> <Opcode : 'icmp'> <InPorts = 2> <OutPorts = 1>
ST_2 : Operation 17 [1/1] (0.00ns)   --->   "%empty_510 = call i32 (...)* @_ssdm_op_SpecLoopTripCount(i64 576, i64 576, i64 576)"
ST_2 : Operation 18 [1/1] (1.95ns)   --->   "%j_3 = add i10 %j, 1" [nnet_stream/solution1/nnet.cpp:248]   --->   Core 14 'AddSub' <Latency = 0> <II = 1> <Delay = 1.87> <FuncUnit> <Opcode : 'add' 'sub'> <InPorts = 2> <OutPorts = 1>
ST_2 : Operation 19 [1/1] (0.00ns)   --->   "br i1 %exitcond3, label %.preheader.preheader, label %0" [nnet_stream/solution1/nnet.cpp:248]
ST_2 : Operation 20 [1/1] (0.00ns)   --->   "call void (...)* @_ssdm_op_SpecLoopName([18 x i8]* @p_str45) nounwind" [nnet_stream/solution1/nnet.cpp:249]
ST_2 : Operation 21 [1/1] (0.00ns)   --->   "%tmp_3 = call i32 (...)* @_ssdm_op_SpecRegionBegin([18 x i8]* @p_str45)" [nnet_stream/solution1/nnet.cpp:249]
ST_2 : Operation 22 [1/1] (3.63ns)   --->   "%tmp_V_714 = call i16 @_ssdm_op_Read.ap_fifo.volatile.i16P(i16* %in_V_V)" [nnet_stream/solution1/nnet.cpp:250]   --->   Core 32 'FIFO' <Latency = 0> <II = 1> <Delay = 3.63> <Storage> <Opcode : 'read' 'write' 'nbread' 'nbwrite'> <Ports = 0> <Width = 16> <Depth = 1> <FIFO>
ST_2 : Operation 23 [1/1] (0.00ns)   --->   "%tmp = call i17 @_ssdm_op_BitConcatenate.i17.i10.i7(i10 %j, i7 0)" [nnet_stream/solution1/nnet.cpp:248]
ST_2 : Operation 24 [1/1] (0.00ns)   --->   "%p_shl_cast = zext i17 %tmp to i18" [nnet_stream/solution1/nnet.cpp:248]
ST_2 : Operation 25 [1/1] (0.00ns)   --->   "%tmp_20 = call i13 @_ssdm_op_BitConcatenate.i13.i10.i3(i10 %j, i3 0)" [nnet_stream/solution1/nnet.cpp:248]
ST_2 : Operation 26 [1/1] (0.00ns)   --->   "%p_shl1_cast = zext i13 %tmp_20 to i18" [nnet_stream/solution1/nnet.cpp:253]
ST_2 : Operation 27 [1/1] (2.10ns)   --->   "%tmp_21 = sub i18 %p_shl_cast, %p_shl1_cast" [nnet_stream/solution1/nnet.cpp:253]   --->   Core 14 'AddSub' <Latency = 0> <II = 1> <Delay = 1.87> <FuncUnit> <Opcode : 'add' 'sub'> <InPorts = 2> <OutPorts = 1>
ST_2 : Operation 28 [1/1] (0.00ns)   --->   "%tmp_17_cast = sext i16 %tmp_V_714 to i27" [nnet_stream/solution1/nnet.cpp:251]
ST_2 : Operation 29 [1/1] (1.76ns)   --->   "br label %1" [nnet_stream/solution1/nnet.cpp:251]
ST_2 : Operation 30 [1/1] (1.76ns)   --->   "br label %.preheader" [nnet_stream/solution1/nnet.cpp:256]

 <State 3> : 5.39ns
ST_3 : Operation 31 [1/1] (0.00ns)   --->   "%i5 = phi i7 [ 0, %0 ], [ %i_8_3, %2 ]" [nnet_stream/solution1/nnet.cpp:251]
ST_3 : Operation 32 [1/1] (0.00ns)   --->   "%empty_511 = call i32 (...)* @_ssdm_op_SpecLoopTripCount(i64 30, i64 30, i64 30)"
ST_3 : Operation 33 [1/1] (1.48ns)   --->   "%exitcond2 = icmp eq i7 %i5, -8" [nnet_stream/solution1/nnet.cpp:251]   --->   Core 25 'Cmp' <Latency = 0> <II = 1> <Delay = 2.42> <FuncUnit> <Opcode : 'icmp'> <InPorts = 2> <OutPorts = 1>
ST_3 : Operation 34 [1/1] (0.00ns)   --->   "br i1 %exitcond2, label %3, label %2" [nnet_stream/solution1/nnet.cpp:251]
ST_3 : Operation 35 [1/1] (0.00ns)   --->   "%tmp_14 = zext i7 %i5 to i64" [nnet_stream/solution1/nnet.cpp:253]
ST_3 : Operation 36 [1/1] (0.00ns)   --->   "%tmp_14_cast = zext i7 %i5 to i18" [nnet_stream/solution1/nnet.cpp:253]
ST_3 : Operation 37 [1/1] (2.13ns)   --->   "%tmp_22 = add i18 %tmp_14_cast, %tmp_21" [nnet_stream/solution1/nnet.cpp:253]   --->   Core 14 'AddSub' <Latency = 0> <II = 1> <Delay = 1.87> <FuncUnit> <Opcode : 'add' 'sub'> <InPorts = 2> <OutPorts = 1>
ST_3 : Operation 38 [1/1] (0.00ns)   --->   "%tmp_25_cast = sext i18 %tmp_22 to i64" [nnet_stream/solution1/nnet.cpp:253]
ST_3 : Operation 39 [1/1] (0.00ns)   --->   "%fc_layer1_weights_V_s = getelementptr [69120 x i10]* @fc_layer1_weights_V, i64 0, i64 %tmp_25_cast" [nnet_stream/solution1/nnet.cpp:253]
ST_3 : Operation 40 [2/2] (3.25ns)   --->   "%fc_layer1_weights_V_1 = load i10* %fc_layer1_weights_V_s, align 2" [nnet_stream/solution1/nnet.cpp:253]   --->   Core 48 'ROM_nP' <Latency = 1> <II = 1> <Delay = 3.25> <Storage> <Opcode : 'load'> <Ports = 0> <Width = 10> <Depth = 69120> <ROM>
ST_3 : Operation 41 [1/1] (0.00ns)   --->   "%output_V_addr_10 = getelementptr [120 x i16]* %output_V, i64 0, i64 %tmp_14" [nnet_stream/solution1/nnet.cpp:253]
ST_3 : Operation 42 [2/2] (3.25ns)   --->   "%output_V_load = load i16* %output_V_addr_10, align 2" [nnet_stream/solution1/nnet.cpp:253]   --->   Core 37 'RAM' <Latency = 1> <II = 1> <Delay = 3.25> <Storage> <Opcode : 'load' 'store'> <Ports = 2> <Width = 16> <Depth = 120> <RAM>
ST_3 : Operation 43 [1/1] (0.00ns)   --->   "%i_8_s = or i7 %i5, 1" [nnet_stream/solution1/nnet.cpp:251]
ST_3 : Operation 44 [1/1] (0.00ns)   --->   "%tmp_46_1 = zext i7 %i_8_s to i64" [nnet_stream/solution1/nnet.cpp:253]
ST_3 : Operation 45 [1/1] (0.00ns)   --->   "%tmp_46_1_cast = zext i7 %i_8_s to i18" [nnet_stream/solution1/nnet.cpp:253]
ST_3 : Operation 46 [1/1] (2.13ns)   --->   "%tmp_23 = add i18 %tmp_46_1_cast, %tmp_21" [nnet_stream/solution1/nnet.cpp:253]   --->   Core 14 'AddSub' <Latency = 0> <II = 1> <Delay = 1.87> <FuncUnit> <Opcode : 'add' 'sub'> <InPorts = 2> <OutPorts = 1>
ST_3 : Operation 47 [1/1] (0.00ns)   --->   "%tmp_26_cast = sext i18 %tmp_23 to i64" [nnet_stream/solution1/nnet.cpp:253]
ST_3 : Operation 48 [1/1] (0.00ns)   --->   "%fc_layer1_weights_V_2 = getelementptr [69120 x i10]* @fc_layer1_weights_V, i64 0, i64 %tmp_26_cast" [nnet_stream/solution1/nnet.cpp:253]
ST_3 : Operation 49 [2/2] (3.25ns)   --->   "%fc_layer1_weights_V_3 = load i10* %fc_layer1_weights_V_2, align 2" [nnet_stream/solution1/nnet.cpp:253]   --->   Core 48 'ROM_nP' <Latency = 1> <II = 1> <Delay = 3.25> <Storage> <Opcode : 'load'> <Ports = 0> <Width = 10> <Depth = 69120> <ROM>
ST_3 : Operation 50 [1/1] (0.00ns)   --->   "%output_V_addr_11 = getelementptr [120 x i16]* %output_V, i64 0, i64 %tmp_46_1" [nnet_stream/solution1/nnet.cpp:253]
ST_3 : Operation 51 [2/2] (3.25ns)   --->   "%output_V_load_7 = load i16* %output_V_addr_11, align 2" [nnet_stream/solution1/nnet.cpp:253]   --->   Core 37 'RAM' <Latency = 1> <II = 1> <Delay = 3.25> <Storage> <Opcode : 'load' 'store'> <Ports = 2> <Width = 16> <Depth = 120> <RAM>
ST_3 : Operation 52 [1/1] (0.00ns)   --->   "%empty_512 = call i32 (...)* @_ssdm_op_SpecRegionEnd([18 x i8]* @p_str45, i32 %tmp_3)" [nnet_stream/solution1/nnet.cpp:255]
ST_3 : Operation 53 [1/1] (0.00ns)   --->   "br label %.preheader64" [nnet_stream/solution1/nnet.cpp:248]

 <State 4> : 9.63ns
ST_4 : Operation 54 [1/2] (3.25ns)   --->   "%fc_layer1_weights_V_1 = load i10* %fc_layer1_weights_V_s, align 2" [nnet_stream/solution1/nnet.cpp:253]   --->   Core 48 'ROM_nP' <Latency = 1> <II = 1> <Delay = 3.25> <Storage> <Opcode : 'load'> <Ports = 0> <Width = 10> <Depth = 69120> <ROM>
ST_4 : Operation 55 [1/1] (0.00ns)   --->   "%tmp_18_cast = sext i10 %fc_layer1_weights_V_1 to i27" [nnet_stream/solution1/nnet.cpp:253]
ST_4 : Operation 56 [1/2] (3.25ns)   --->   "%output_V_load = load i16* %output_V_addr_10, align 2" [nnet_stream/solution1/nnet.cpp:253]   --->   Core 37 'RAM' <Latency = 1> <II = 1> <Delay = 3.25> <Storage> <Opcode : 'load' 'store'> <Ports = 2> <Width = 16> <Depth = 120> <RAM>
ST_4 : Operation 57 [1/1] (0.00ns)   --->   "%tmp_15 = call i28 @_ssdm_op_BitConcatenate.i28.i16.i12(i16 %output_V_load, i12 0)" [nnet_stream/solution1/nnet.cpp:253]
ST_4 : Operation 58 [1/1] (3.36ns)   --->   "%tmp_493_cast = mul i27 %tmp_17_cast, %tmp_18_cast" [nnet_stream/solution1/nnet.cpp:253]   --->   Core 61 'DSP48' <Latency = 0> <II = 1> <Delay = 6.38> <IPBlock> <Opcode : 'mul' 'add' 'sub' 'select'> <InPorts = 0> <OutPorts = 1> <Sync> <CReg>
ST_4 : Operation 59 [1/1] (0.00ns)   --->   "%tmp_493_cast_cast = sext i27 %tmp_493_cast to i28" [nnet_stream/solution1/nnet.cpp:253]
ST_4 : Operation 60 [1/1] (3.02ns)   --->   "%p_Val2_s = add i28 %tmp_493_cast_cast, %tmp_15" [nnet_stream/solution1/nnet.cpp:253]   --->   Core 61 'DSP48' <Latency = 0> <II = 1> <Delay = 6.38> <IPBlock> <Opcode : 'mul' 'add' 'sub' 'select'> <InPorts = 0> <OutPorts = 1> <Sync> <CReg>
ST_4 : Operation 61 [1/1] (0.00ns)   --->   "%tmp_19 = call i16 @_ssdm_op_PartSelect.i16.i28.i32.i32(i28 %p_Val2_s, i32 12, i32 27)" [nnet_stream/solution1/nnet.cpp:253]
ST_4 : Operation 62 [1/2] (3.25ns)   --->   "%fc_layer1_weights_V_3 = load i10* %fc_layer1_weights_V_2, align 2" [nnet_stream/solution1/nnet.cpp:253]   --->   Core 48 'ROM_nP' <Latency = 1> <II = 1> <Delay = 3.25> <Storage> <Opcode : 'load'> <Ports = 0> <Width = 10> <Depth = 69120> <ROM>
ST_4 : Operation 63 [1/1] (0.00ns)   --->   "%tmp_20_cast = sext i10 %fc_layer1_weights_V_3 to i27" [nnet_stream/solution1/nnet.cpp:253]
ST_4 : Operation 64 [1/2] (3.25ns)   --->   "%output_V_load_7 = load i16* %output_V_addr_11, align 2" [nnet_stream/solution1/nnet.cpp:253]   --->   Core 37 'RAM' <Latency = 1> <II = 1> <Delay = 3.25> <Storage> <Opcode : 'load' 'store'> <Ports = 2> <Width = 16> <Depth = 120> <RAM>
ST_4 : Operation 65 [1/1] (0.00ns)   --->   "%tmp_48_1 = call i28 @_ssdm_op_BitConcatenate.i28.i16.i12(i16 %output_V_load_7, i12 0)" [nnet_stream/solution1/nnet.cpp:253]
ST_4 : Operation 66 [1/1] (3.36ns)   --->   "%tmp_493_1_cast = mul i27 %tmp_17_cast, %tmp_20_cast" [nnet_stream/solution1/nnet.cpp:253]   --->   Core 61 'DSP48' <Latency = 0> <II = 1> <Delay = 6.38> <IPBlock> <Opcode : 'mul' 'add' 'sub' 'select'> <InPorts = 0> <OutPorts = 1> <Sync> <CReg>
ST_4 : Operation 67 [1/1] (0.00ns)   --->   "%tmp_493_1_cast_cast = sext i27 %tmp_493_1_cast to i28" [nnet_stream/solution1/nnet.cpp:253]
ST_4 : Operation 68 [1/1] (3.02ns)   --->   "%p_Val2_15_1 = add i28 %tmp_493_1_cast_cast, %tmp_48_1" [nnet_stream/solution1/nnet.cpp:253]   --->   Core 61 'DSP48' <Latency = 0> <II = 1> <Delay = 6.38> <IPBlock> <Opcode : 'mul' 'add' 'sub' 'select'> <InPorts = 0> <OutPorts = 1> <Sync> <CReg>
ST_4 : Operation 69 [1/1] (0.00ns)   --->   "%tmp_51_1 = call i16 @_ssdm_op_PartSelect.i16.i28.i32.i32(i28 %p_Val2_15_1, i32 12, i32 27)" [nnet_stream/solution1/nnet.cpp:253]
ST_4 : Operation 70 [1/1] (0.00ns)   --->   "%i_8_1 = or i7 %i5, 2" [nnet_stream/solution1/nnet.cpp:251]
ST_4 : Operation 71 [1/1] (0.00ns)   --->   "%tmp_46_2 = zext i7 %i_8_1 to i64" [nnet_stream/solution1/nnet.cpp:253]
ST_4 : Operation 72 [1/1] (0.00ns)   --->   "%tmp_46_2_cast = zext i7 %i_8_1 to i18" [nnet_stream/solution1/nnet.cpp:253]
ST_4 : Operation 73 [1/1] (2.13ns)   --->   "%tmp_24 = add i18 %tmp_46_2_cast, %tmp_21" [nnet_stream/solution1/nnet.cpp:253]   --->   Core 14 'AddSub' <Latency = 0> <II = 1> <Delay = 1.87> <FuncUnit> <Opcode : 'add' 'sub'> <InPorts = 2> <OutPorts = 1>
ST_4 : Operation 74 [1/1] (0.00ns)   --->   "%tmp_27_cast = sext i18 %tmp_24 to i64" [nnet_stream/solution1/nnet.cpp:253]
ST_4 : Operation 75 [1/1] (0.00ns)   --->   "%fc_layer1_weights_V_4 = getelementptr [69120 x i10]* @fc_layer1_weights_V, i64 0, i64 %tmp_27_cast" [nnet_stream/solution1/nnet.cpp:253]
ST_4 : Operation 76 [2/2] (3.25ns)   --->   "%fc_layer1_weights_V_5 = load i10* %fc_layer1_weights_V_4, align 2" [nnet_stream/solution1/nnet.cpp:253]   --->   Core 48 'ROM_nP' <Latency = 1> <II = 1> <Delay = 3.25> <Storage> <Opcode : 'load'> <Ports = 0> <Width = 10> <Depth = 69120> <ROM>
ST_4 : Operation 77 [1/1] (0.00ns)   --->   "%output_V_addr_12 = getelementptr [120 x i16]* %output_V, i64 0, i64 %tmp_46_2" [nnet_stream/solution1/nnet.cpp:253]
ST_4 : Operation 78 [2/2] (3.25ns)   --->   "%output_V_load_8 = load i16* %output_V_addr_12, align 2" [nnet_stream/solution1/nnet.cpp:253]   --->   Core 37 'RAM' <Latency = 1> <II = 1> <Delay = 3.25> <Storage> <Opcode : 'load' 'store'> <Ports = 2> <Width = 16> <Depth = 120> <RAM>
ST_4 : Operation 79 [1/1] (0.00ns)   --->   "%i_8_2 = or i7 %i5, 3" [nnet_stream/solution1/nnet.cpp:251]
ST_4 : Operation 80 [1/1] (0.00ns)   --->   "%tmp_46_3 = zext i7 %i_8_2 to i64" [nnet_stream/solution1/nnet.cpp:253]
ST_4 : Operation 81 [1/1] (0.00ns)   --->   "%tmp_46_3_cast = zext i7 %i_8_2 to i18" [nnet_stream/solution1/nnet.cpp:253]
ST_4 : Operation 82 [1/1] (2.13ns)   --->   "%tmp_25 = add i18 %tmp_46_3_cast, %tmp_21" [nnet_stream/solution1/nnet.cpp:253]   --->   Core 14 'AddSub' <Latency = 0> <II = 1> <Delay = 1.87> <FuncUnit> <Opcode : 'add' 'sub'> <InPorts = 2> <OutPorts = 1>
ST_4 : Operation 83 [1/1] (0.00ns)   --->   "%tmp_28_cast = sext i18 %tmp_25 to i64" [nnet_stream/solution1/nnet.cpp:253]
ST_4 : Operation 84 [1/1] (0.00ns)   --->   "%fc_layer1_weights_V_6 = getelementptr [69120 x i10]* @fc_layer1_weights_V, i64 0, i64 %tmp_28_cast" [nnet_stream/solution1/nnet.cpp:253]
ST_4 : Operation 85 [2/2] (3.25ns)   --->   "%fc_layer1_weights_V_7 = load i10* %fc_layer1_weights_V_6, align 2" [nnet_stream/solution1/nnet.cpp:253]   --->   Core 48 'ROM_nP' <Latency = 1> <II = 1> <Delay = 3.25> <Storage> <Opcode : 'load'> <Ports = 0> <Width = 10> <Depth = 69120> <ROM>
ST_4 : Operation 86 [1/1] (0.00ns)   --->   "%output_V_addr_13 = getelementptr [120 x i16]* %output_V, i64 0, i64 %tmp_46_3" [nnet_stream/solution1/nnet.cpp:253]
ST_4 : Operation 87 [2/2] (3.25ns)   --->   "%output_V_load_9 = load i16* %output_V_addr_13, align 2" [nnet_stream/solution1/nnet.cpp:253]   --->   Core 37 'RAM' <Latency = 1> <II = 1> <Delay = 3.25> <Storage> <Opcode : 'load' 'store'> <Ports = 2> <Width = 16> <Depth = 120> <RAM>
ST_4 : Operation 88 [1/1] (1.87ns)   --->   "%i_8_3 = add i7 %i5, 4" [nnet_stream/solution1/nnet.cpp:251]   --->   Core 14 'AddSub' <Latency = 0> <II = 1> <Delay = 1.87> <FuncUnit> <Opcode : 'add' 'sub'> <InPorts = 2> <OutPorts = 1>

 <State 5> : 9.63ns
ST_5 : Operation 89 [1/1] (3.25ns)   --->   "store i16 %tmp_19, i16* %output_V_addr_10, align 2" [nnet_stream/solution1/nnet.cpp:253]   --->   Core 37 'RAM' <Latency = 1> <II = 1> <Delay = 3.25> <Storage> <Opcode : 'load' 'store'> <Ports = 2> <Width = 16> <Depth = 120> <RAM>
ST_5 : Operation 90 [1/1] (3.25ns)   --->   "store i16 %tmp_51_1, i16* %output_V_addr_11, align 2" [nnet_stream/solution1/nnet.cpp:253]   --->   Core 37 'RAM' <Latency = 1> <II = 1> <Delay = 3.25> <Storage> <Opcode : 'load' 'store'> <Ports = 2> <Width = 16> <Depth = 120> <RAM>
ST_5 : Operation 91 [1/2] (3.25ns)   --->   "%fc_layer1_weights_V_5 = load i10* %fc_layer1_weights_V_4, align 2" [nnet_stream/solution1/nnet.cpp:253]   --->   Core 48 'ROM_nP' <Latency = 1> <II = 1> <Delay = 3.25> <Storage> <Opcode : 'load'> <Ports = 0> <Width = 10> <Depth = 69120> <ROM>
ST_5 : Operation 92 [1/1] (0.00ns)   --->   "%tmp_21_cast = sext i10 %fc_layer1_weights_V_5 to i27" [nnet_stream/solution1/nnet.cpp:253]
ST_5 : Operation 93 [1/2] (3.25ns)   --->   "%output_V_load_8 = load i16* %output_V_addr_12, align 2" [nnet_stream/solution1/nnet.cpp:253]   --->   Core 37 'RAM' <Latency = 1> <II = 1> <Delay = 3.25> <Storage> <Opcode : 'load' 'store'> <Ports = 2> <Width = 16> <Depth = 120> <RAM>
ST_5 : Operation 94 [1/1] (0.00ns)   --->   "%tmp_48_2 = call i28 @_ssdm_op_BitConcatenate.i28.i16.i12(i16 %output_V_load_8, i12 0)" [nnet_stream/solution1/nnet.cpp:253]
ST_5 : Operation 95 [1/1] (3.36ns)   --->   "%tmp_493_2_cast = mul i27 %tmp_17_cast, %tmp_21_cast" [nnet_stream/solution1/nnet.cpp:253]   --->   Core 61 'DSP48' <Latency = 0> <II = 1> <Delay = 6.38> <IPBlock> <Opcode : 'mul' 'add' 'sub' 'select'> <InPorts = 0> <OutPorts = 1> <Sync> <CReg>
ST_5 : Operation 96 [1/1] (0.00ns)   --->   "%tmp_493_2_cast_cast = sext i27 %tmp_493_2_cast to i28" [nnet_stream/solution1/nnet.cpp:253]
ST_5 : Operation 97 [1/1] (3.02ns)   --->   "%p_Val2_15_2 = add i28 %tmp_493_2_cast_cast, %tmp_48_2" [nnet_stream/solution1/nnet.cpp:253]   --->   Core 61 'DSP48' <Latency = 0> <II = 1> <Delay = 6.38> <IPBlock> <Opcode : 'mul' 'add' 'sub' 'select'> <InPorts = 0> <OutPorts = 1> <Sync> <CReg>
ST_5 : Operation 98 [1/1] (0.00ns)   --->   "%tmp_51_2 = call i16 @_ssdm_op_PartSelect.i16.i28.i32.i32(i28 %p_Val2_15_2, i32 12, i32 27)" [nnet_stream/solution1/nnet.cpp:253]
ST_5 : Operation 99 [1/2] (3.25ns)   --->   "%fc_layer1_weights_V_7 = load i10* %fc_layer1_weights_V_6, align 2" [nnet_stream/solution1/nnet.cpp:253]   --->   Core 48 'ROM_nP' <Latency = 1> <II = 1> <Delay = 3.25> <Storage> <Opcode : 'load'> <Ports = 0> <Width = 10> <Depth = 69120> <ROM>
ST_5 : Operation 100 [1/1] (0.00ns)   --->   "%tmp_22_cast = sext i10 %fc_layer1_weights_V_7 to i27" [nnet_stream/solution1/nnet.cpp:253]
ST_5 : Operation 101 [1/2] (3.25ns)   --->   "%output_V_load_9 = load i16* %output_V_addr_13, align 2" [nnet_stream/solution1/nnet.cpp:253]   --->   Core 37 'RAM' <Latency = 1> <II = 1> <Delay = 3.25> <Storage> <Opcode : 'load' 'store'> <Ports = 2> <Width = 16> <Depth = 120> <RAM>
ST_5 : Operation 102 [1/1] (0.00ns)   --->   "%tmp_48_3 = call i28 @_ssdm_op_BitConcatenate.i28.i16.i12(i16 %output_V_load_9, i12 0)" [nnet_stream/solution1/nnet.cpp:253]
ST_5 : Operation 103 [1/1] (3.36ns)   --->   "%tmp_493_3_cast = mul i27 %tmp_17_cast, %tmp_22_cast" [nnet_stream/solution1/nnet.cpp:253]   --->   Core 61 'DSP48' <Latency = 0> <II = 1> <Delay = 6.38> <IPBlock> <Opcode : 'mul' 'add' 'sub' 'select'> <InPorts = 0> <OutPorts = 1> <Sync> <CReg>
ST_5 : Operation 104 [1/1] (0.00ns)   --->   "%tmp_493_3_cast_cast = sext i27 %tmp_493_3_cast to i28" [nnet_stream/solution1/nnet.cpp:253]
ST_5 : Operation 105 [1/1] (3.02ns)   --->   "%p_Val2_15_3 = add i28 %tmp_493_3_cast_cast, %tmp_48_3" [nnet_stream/solution1/nnet.cpp:253]   --->   Core 61 'DSP48' <Latency = 0> <II = 1> <Delay = 6.38> <IPBlock> <Opcode : 'mul' 'add' 'sub' 'select'> <InPorts = 0> <OutPorts = 1> <Sync> <CReg>
ST_5 : Operation 106 [1/1] (0.00ns)   --->   "%tmp_51_3 = call i16 @_ssdm_op_PartSelect.i16.i28.i32.i32(i28 %p_Val2_15_3, i32 12, i32 27)" [nnet_stream/solution1/nnet.cpp:253]

 <State 6> : 3.25ns
ST_6 : Operation 107 [1/1] (0.00ns)   --->   "call void (...)* @_ssdm_op_SpecLoopName([18 x i8]* @p_str46) nounwind" [nnet_stream/solution1/nnet.cpp:252]
ST_6 : Operation 108 [1/1] (3.25ns)   --->   "store i16 %tmp_51_2, i16* %output_V_addr_12, align 2" [nnet_stream/solution1/nnet.cpp:253]   --->   Core 37 'RAM' <Latency = 1> <II = 1> <Delay = 3.25> <Storage> <Opcode : 'load' 'store'> <Ports = 2> <Width = 16> <Depth = 120> <RAM>
ST_6 : Operation 109 [1/1] (3.25ns)   --->   "store i16 %tmp_51_3, i16* %output_V_addr_13, align 2" [nnet_stream/solution1/nnet.cpp:253]   --->   Core 37 'RAM' <Latency = 1> <II = 1> <Delay = 3.25> <Storage> <Opcode : 'load' 'store'> <Ports = 2> <Width = 16> <Depth = 120> <RAM>
ST_6 : Operation 110 [1/1] (0.00ns)   --->   "br label %1" [nnet_stream/solution1/nnet.cpp:251]

 <State 7> : 3.25ns
ST_7 : Operation 111 [1/1] (0.00ns)   --->   "%i1 = phi i7 [ %i, %4 ], [ 0, %.preheader.preheader ]"
ST_7 : Operation 112 [1/1] (1.48ns)   --->   "%exitcond = icmp eq i7 %i1, -8" [nnet_stream/solution1/nnet.cpp:256]   --->   Core 25 'Cmp' <Latency = 0> <II = 1> <Delay = 2.42> <FuncUnit> <Opcode : 'icmp'> <InPorts = 2> <OutPorts = 1>
ST_7 : Operation 113 [1/1] (0.00ns)   --->   "%empty_513 = call i32 (...)* @_ssdm_op_SpecLoopTripCount(i64 120, i64 120, i64 120)"
ST_7 : Operation 114 [1/1] (1.87ns)   --->   "%i = add i7 %i1, 1" [nnet_stream/solution1/nnet.cpp:256]   --->   Core 14 'AddSub' <Latency = 0> <II = 1> <Delay = 1.87> <FuncUnit> <Opcode : 'add' 'sub'> <InPorts = 2> <OutPorts = 1>
ST_7 : Operation 115 [1/1] (0.00ns)   --->   "br i1 %exitcond, label %5, label %4" [nnet_stream/solution1/nnet.cpp:256]
ST_7 : Operation 116 [1/1] (0.00ns)   --->   "%tmp_s = zext i7 %i1 to i64" [nnet_stream/solution1/nnet.cpp:257]
ST_7 : Operation 117 [1/1] (0.00ns)   --->   "%output_V_addr_5 = getelementptr [120 x i16]* %output_V, i64 0, i64 %tmp_s" [nnet_stream/solution1/nnet.cpp:257]
ST_7 : Operation 118 [2/2] (3.25ns)   --->   "%p_Val2_s_514 = load i16* %output_V_addr_5, align 2" [nnet_stream/solution1/nnet.cpp:257]   --->   Core 37 'RAM' <Latency = 1> <II = 1> <Delay = 3.25> <Storage> <Opcode : 'load' 'store'> <Ports = 2> <Width = 16> <Depth = 120> <RAM>
ST_7 : Operation 119 [1/1] (0.00ns)   --->   "ret void" [nnet_stream/solution1/nnet.cpp:259]

 <State 8> : 10.69ns
ST_8 : Operation 120 [1/1] (0.00ns)   --->   "call void (...)* @_ssdm_op_SpecLoopName([18 x i8]* @p_str47) nounwind" [nnet_stream/solution1/nnet.cpp:257]
ST_8 : Operation 121 [1/2] (3.25ns)   --->   "%p_Val2_s_514 = load i16* %output_V_addr_5, align 2" [nnet_stream/solution1/nnet.cpp:257]   --->   Core 37 'RAM' <Latency = 1> <II = 1> <Delay = 3.25> <Storage> <Opcode : 'load' 'store'> <Ports = 2> <Width = 16> <Depth = 120> <RAM>
ST_8 : Operation 122 [1/1] (0.00ns)   --->   "%tmp_18 = trunc i16 %p_Val2_s_514 to i15" [nnet_stream/solution1/nnet.cpp:257]
ST_8 : Operation 123 [1/1] (2.42ns)   --->   "%tmp_i = icmp sgt i16 %p_Val2_s_514, 0" [/home/sergiu/git/lic/hls/workspace/nnet_stream/headers/activations.h:20->nnet_stream/solution1/nnet.cpp:257]   --->   Core 25 'Cmp' <Latency = 0> <II = 1> <Delay = 2.42> <FuncUnit> <Opcode : 'icmp'> <InPorts = 2> <OutPorts = 1>
ST_8 : Operation 124 [1/1] (1.37ns)   --->   "%tmp_V = select i1 %tmp_i, i15 %tmp_18, i15 0" [/home/sergiu/git/lic/hls/workspace/nnet_stream/headers/activations.h:20->nnet_stream/solution1/nnet.cpp:257]   --->   Core 26 'Sel' <Latency = 0> <II = 1> <Delay = 1.37> <FuncUnit> <Opcode : 'select'> <InPorts = 3> <OutPorts = 1>
ST_8 : Operation 125 [1/1] (0.00ns)   --->   "%tmp_V_3 = zext i15 %tmp_V to i16" [/home/sergiu/git/lic/hls/workspace/nnet_stream/headers/activations.h:20->nnet_stream/solution1/nnet.cpp:257]
ST_8 : Operation 126 [1/1] (3.63ns)   --->   "call void @_ssdm_op_Write.ap_fifo.volatile.i16P(i16* %out_V_V, i16 %tmp_V_3)" [nnet_stream/solution1/nnet.cpp:257]   --->   Core 32 'FIFO' <Latency = 0> <II = 1> <Delay = 3.63> <Storage> <Opcode : 'read' 'write' 'nbread' 'nbwrite'> <Ports = 0> <Width = 16> <Depth = 1> <FIFO>
ST_8 : Operation 127 [1/1] (0.00ns)   --->   "br label %.preheader" [nnet_stream/solution1/nnet.cpp:256]


============================================================
+ Verbose Summary: Binding
============================================================
STG Binding: 
---------------- STG Properties BEGIN ----------------
- Is combinational: 0
- Is one-state seq: 0
- Is datapath-only: 0
- Is pipelined: 0
- Is top level: 0
Port [ Return ] is wired: 1; IO mode=ap_ctrl_hs:ce=0
Port [ out_V_V]:  wired=1; compound=1; hidden=0; nouse=0; global=0; static=0; extern=0; dir=1; type=3; pingpong=0; private_global=0; IO mode=ap_fifo:ce=0
Port [ in_V_V]:  wired=1; compound=1; hidden=0; nouse=0; global=0; static=0; extern=0; dir=0; type=3; pingpong=0; private_global=0; IO mode=ap_fifo:ce=0
Port [ fc_layer1_weights_V]:  wired=0; compound=1; hidden=1; nouse=0; global=1; static=0; extern=0; dir=0; type=1; pingpong=0; private_global=1; linkage=0; visibility=0; MemPort=[11]; IO mode=ap_memory:ce=0
---------------- STG Properties END ------------------

---------------- Datapath Model BEGIN ----------------

<LifeTime>
<method=bitvector/>
empty                 (specinterface    ) [ 000000000]
empty_509             (specinterface    ) [ 000000000]
output_V              (alloca           ) [ 001111111]
output_V_addr         (getelementptr    ) [ 000000000]
StgValue_13           (store            ) [ 000000000]
StgValue_14           (br               ) [ 011111100]
j                     (phi              ) [ 001000000]
exitcond3             (icmp             ) [ 001111100]
empty_510             (speclooptripcount) [ 000000000]
j_3                   (add              ) [ 011111100]
StgValue_19           (br               ) [ 000000000]
StgValue_20           (specloopname     ) [ 000000000]
tmp_3                 (specregionbegin  ) [ 000111100]
tmp_V_714             (read             ) [ 000000000]
tmp                   (bitconcatenate   ) [ 000000000]
p_shl_cast            (zext             ) [ 000000000]
tmp_20                (bitconcatenate   ) [ 000000000]
p_shl1_cast           (zext             ) [ 000000000]
tmp_21                (sub              ) [ 000111100]
tmp_17_cast           (sext             ) [ 000111100]
StgValue_29           (br               ) [ 001111100]
StgValue_30           (br               ) [ 001111111]
i5                    (phi              ) [ 000110000]
empty_511             (speclooptripcount) [ 000000000]
exitcond2             (icmp             ) [ 001111100]
StgValue_34           (br               ) [ 000000000]
tmp_14                (zext             ) [ 000000000]
tmp_14_cast           (zext             ) [ 000000000]
tmp_22                (add              ) [ 000000000]
tmp_25_cast           (sext             ) [ 000000000]
fc_layer1_weights_V_s (getelementptr    ) [ 000010000]
output_V_addr_10      (getelementptr    ) [ 000011000]
i_8_s                 (or               ) [ 000000000]
tmp_46_1              (zext             ) [ 000000000]
tmp_46_1_cast         (zext             ) [ 000000000]
tmp_23                (add              ) [ 000000000]
tmp_26_cast           (sext             ) [ 000000000]
fc_layer1_weights_V_2 (getelementptr    ) [ 000010000]
output_V_addr_11      (getelementptr    ) [ 000011000]
empty_512             (specregionend    ) [ 000000000]
StgValue_53           (br               ) [ 011111100]
fc_layer1_weights_V_1 (load             ) [ 000000000]
tmp_18_cast           (sext             ) [ 000000000]
output_V_load         (load             ) [ 000000000]
tmp_15                (bitconcatenate   ) [ 000000000]
tmp_493_cast          (mul              ) [ 000000000]
tmp_493_cast_cast     (sext             ) [ 000000000]
p_Val2_s              (add              ) [ 000000000]
tmp_19                (partselect       ) [ 000001000]
fc_layer1_weights_V_3 (load             ) [ 000000000]
tmp_20_cast           (sext             ) [ 000000000]
output_V_load_7       (load             ) [ 000000000]
tmp_48_1              (bitconcatenate   ) [ 000000000]
tmp_493_1_cast        (mul              ) [ 000000000]
tmp_493_1_cast_cast   (sext             ) [ 000000000]
p_Val2_15_1           (add              ) [ 000000000]
tmp_51_1              (partselect       ) [ 000001000]
i_8_1                 (or               ) [ 000000000]
tmp_46_2              (zext             ) [ 000000000]
tmp_46_2_cast         (zext             ) [ 000000000]
tmp_24                (add              ) [ 000000000]
tmp_27_cast           (sext             ) [ 000000000]
fc_layer1_weights_V_4 (getelementptr    ) [ 000001000]
output_V_addr_12      (getelementptr    ) [ 000001100]
i_8_2                 (or               ) [ 000000000]
tmp_46_3              (zext             ) [ 000000000]
tmp_46_3_cast         (zext             ) [ 000000000]
tmp_25                (add              ) [ 000000000]
tmp_28_cast           (sext             ) [ 000000000]
fc_layer1_weights_V_6 (getelementptr    ) [ 000001000]
output_V_addr_13      (getelementptr    ) [ 000001100]
i_8_3                 (add              ) [ 001101100]
StgValue_89           (store            ) [ 000000000]
StgValue_90           (store            ) [ 000000000]
fc_layer1_weights_V_5 (load             ) [ 000000000]
tmp_21_cast           (sext             ) [ 000000000]
output_V_load_8       (load             ) [ 000000000]
tmp_48_2              (bitconcatenate   ) [ 000000000]
tmp_493_2_cast        (mul              ) [ 000000000]
tmp_493_2_cast_cast   (sext             ) [ 000000000]
p_Val2_15_2           (add              ) [ 000000000]
tmp_51_2              (partselect       ) [ 000000100]
fc_layer1_weights_V_7 (load             ) [ 000000000]
tmp_22_cast           (sext             ) [ 000000000]
output_V_load_9       (load             ) [ 000000000]
tmp_48_3              (bitconcatenate   ) [ 000000000]
tmp_493_3_cast        (mul              ) [ 000000000]
tmp_493_3_cast_cast   (sext             ) [ 000000000]
p_Val2_15_3           (add              ) [ 000000000]
tmp_51_3              (partselect       ) [ 000000100]
StgValue_107          (specloopname     ) [ 000000000]
StgValue_108          (store            ) [ 000000000]
StgValue_109          (store            ) [ 000000000]
StgValue_110          (br               ) [ 001111100]
i1                    (phi              ) [ 000000010]
exitcond              (icmp             ) [ 000000011]
empty_513             (speclooptripcount) [ 000000000]
i                     (add              ) [ 001000011]
StgValue_115          (br               ) [ 000000000]
tmp_s                 (zext             ) [ 000000000]
output_V_addr_5       (getelementptr    ) [ 000000001]
StgValue_119          (ret              ) [ 000000000]
StgValue_120          (specloopname     ) [ 000000000]
p_Val2_s_514          (load             ) [ 000000000]
tmp_18                (trunc            ) [ 000000000]
tmp_i                 (icmp             ) [ 000000000]
tmp_V                 (select           ) [ 000000000]
tmp_V_3               (zext             ) [ 000000000]
StgValue_126          (write            ) [ 000000000]
StgValue_127          (br               ) [ 001000011]
</LifeTime>

<model>

<comp_list>
<comp id="0" class="1000" name="out_V_V">
<pin_list>
<pin id="1" dir="1" index="0" bw="1" slack="0"/>
</pin_list>
<bind>
<StgValue><ssdm name="out_V_V"/></StgValue>
</bind>
</comp>

<comp id="2" class="1000" name="in_V_V">
<pin_list>
<pin id="3" dir="1" index="0" bw="1" slack="0"/>
</pin_list>
<bind>
<StgValue><ssdm name="in_V_V"/></StgValue>
</bind>
</comp>

<comp id="4" class="1000" name="fc_layer1_weights_V">
<pin_list>
<pin id="5" dir="1" index="0" bw="1" slack="0"/>
</pin_list>
<bind>
<StgValue><ssdm name="fc_layer1_weights_V"/><MemPortTyVec>1 1 </MemPortTyVec>
</StgValue>
</bind>
</comp>

<comp id="6" class="1001" name="const_6">
<pin_list>
<pin id="7" dir="1" index="0" bw="1" slack="2147483647"/>
</pin_list>
<bind>
<StgValue><ssdm name="_ssdm_op_SpecInterface"/></StgValue>
</bind>
</comp>

<comp id="8" class="1001" name="const_8">
<pin_list>
<pin id="9" dir="1" index="0" bw="1" slack="2147483647"/>
</pin_list>
<bind>
<StgValue><ssdm name="ap_fifo_str"/></StgValue>
</bind>
</comp>

<comp id="10" class="1001" name="const_10">
<pin_list>
<pin id="11" dir="1" index="0" bw="1" slack="2147483647"/>
</pin_list>
<bind>
<StgValue><ssdm name=""/></StgValue>
</bind>
</comp>

<comp id="12" class="1001" name="const_12">
<pin_list>
<pin id="13" dir="1" index="0" bw="1" slack="2147483647"/>
</pin_list>
<bind>
<StgValue><ssdm name="p_str167"/></StgValue>
</bind>
</comp>

<comp id="14" class="1001" name="const_14">
<pin_list>
<pin id="15" dir="1" index="0" bw="1" slack="2147483647"/>
</pin_list>
<bind>
<StgValue><ssdm name="p_str168"/></StgValue>
</bind>
</comp>

<comp id="16" class="1001" name="const_16">
<pin_list>
<pin id="17" dir="1" index="0" bw="1" slack="2147483647"/>
</pin_list>
<bind>
<StgValue><ssdm name="p_str169"/></StgValue>
</bind>
</comp>

<comp id="18" class="1001" name="const_18">
<pin_list>
<pin id="19" dir="1" index="0" bw="1" slack="2147483647"/>
</pin_list>
<bind>
<StgValue><ssdm name="p_str170"/></StgValue>
</bind>
</comp>

<comp id="20" class="1001" name="const_20">
<pin_list>
<pin id="21" dir="1" index="0" bw="1" slack="2147483647"/>
</pin_list>
<bind>
<StgValue><ssdm name=""/></StgValue>
</bind>
</comp>

<comp id="22" class="1001" name="const_22">
<pin_list>
<pin id="23" dir="1" index="0" bw="1" slack="2147483647"/>
</pin_list>
<bind>
<StgValue><ssdm name=""/></StgValue>
</bind>
</comp>

<comp id="24" class="1001" name="const_24">
<pin_list>
<pin id="25" dir="1" index="0" bw="1" slack="2147483647"/>
</pin_list>
<bind>
<StgValue><ssdm name="p_str171"/></StgValue>
</bind>
</comp>

<comp id="26" class="1001" name="const_26">
<pin_list>
<pin id="27" dir="1" index="0" bw="1" slack="2147483647"/>
</pin_list>
<bind>
<StgValue><ssdm name="p_str172"/></StgValue>
</bind>
</comp>

<comp id="28" class="1001" name="const_28">
<pin_list>
<pin id="29" dir="1" index="0" bw="1" slack="2147483647"/>
</pin_list>
<bind>
<StgValue><ssdm name="p_str160"/></StgValue>
</bind>
</comp>

<comp id="30" class="1001" name="const_30">
<pin_list>
<pin id="31" dir="1" index="0" bw="1" slack="2147483647"/>
</pin_list>
<bind>
<StgValue><ssdm name="p_str161"/></StgValue>
</bind>
</comp>

<comp id="32" class="1001" name="const_32">
<pin_list>
<pin id="33" dir="1" index="0" bw="1" slack="2147483647"/>
</pin_list>
<bind>
<StgValue><ssdm name="p_str162"/></StgValue>
</bind>
</comp>

<comp id="34" class="1001" name="const_34">
<pin_list>
<pin id="35" dir="1" index="0" bw="1" slack="2147483647"/>
</pin_list>
<bind>
<StgValue><ssdm name="p_str163"/></StgValue>
</bind>
</comp>

<comp id="36" class="1001" name="const_36">
<pin_list>
<pin id="37" dir="1" index="0" bw="1" slack="2147483647"/>
</pin_list>
<bind>
<StgValue><ssdm name="p_str164"/></StgValue>
</bind>
</comp>

<comp id="38" class="1001" name="const_38">
<pin_list>
<pin id="39" dir="1" index="0" bw="1" slack="2147483647"/>
</pin_list>
<bind>
<StgValue><ssdm name="p_str165"/></StgValue>
</bind>
</comp>

<comp id="40" class="1001" name="const_40">
<pin_list>
<pin id="41" dir="1" index="0" bw="1" slack="0"/>
</pin_list>
<bind>
<StgValue><ssdm name=""/></StgValue>
</bind>
</comp>

<comp id="42" class="1001" name="const_42">
<pin_list>
<pin id="43" dir="1" index="0" bw="1" slack="0"/>
</pin_list>
<bind>
<StgValue><ssdm name=""/></StgValue>
</bind>
</comp>

<comp id="44" class="1001" name="const_44">
<pin_list>
<pin id="45" dir="1" index="0" bw="1" slack="0"/>
</pin_list>
<bind>
<StgValue><ssdm name=""/></StgValue>
</bind>
</comp>

<comp id="46" class="1001" name="const_46">
<pin_list>
<pin id="47" dir="1" index="0" bw="1" slack="1"/>
</pin_list>
<bind>
<StgValue><ssdm name=""/></StgValue>
</bind>
</comp>

<comp id="48" class="1001" name="const_48">
<pin_list>
<pin id="49" dir="1" index="0" bw="1" slack="0"/>
</pin_list>
<bind>
<StgValue><ssdm name=""/></StgValue>
</bind>
</comp>

<comp id="50" class="1001" name="const_50">
<pin_list>
<pin id="51" dir="1" index="0" bw="1" slack="2147483647"/>
</pin_list>
<bind>
<StgValue><ssdm name="_ssdm_op_SpecLoopTripCount"/></StgValue>
</bind>
</comp>

<comp id="52" class="1001" name="const_52">
<pin_list>
<pin id="53" dir="1" index="0" bw="1" slack="2147483647"/>
</pin_list>
<bind>
<StgValue><ssdm name=""/></StgValue>
</bind>
</comp>

<comp id="54" class="1001" name="const_54">
<pin_list>
<pin id="55" dir="1" index="0" bw="1" slack="0"/>
</pin_list>
<bind>
<StgValue><ssdm name=""/></StgValue>
</bind>
</comp>

<comp id="56" class="1001" name="const_56">
<pin_list>
<pin id="57" dir="1" index="0" bw="1" slack="2147483647"/>
</pin_list>
<bind>
<StgValue><ssdm name="_ssdm_op_SpecLoopName"/></StgValue>
</bind>
</comp>

<comp id="58" class="1001" name="const_58">
<pin_list>
<pin id="59" dir="1" index="0" bw="1" slack="2147483647"/>
</pin_list>
<bind>
<StgValue><ssdm name="p_str45"/></StgValue>
</bind>
</comp>

<comp id="60" class="1001" name="const_60">
<pin_list>
<pin id="61" dir="1" index="0" bw="1" slack="2147483647"/>
</pin_list>
<bind>
<StgValue><ssdm name="_ssdm_op_SpecRegionBegin"/></StgValue>
</bind>
</comp>

<comp id="62" class="1001" name="const_62">
<pin_list>
<pin id="63" dir="1" index="0" bw="1" slack="0"/>
</pin_list>
<bind>
<StgValue><ssdm name="_ssdm_op_Read.ap_fifo.volatile.i16P"/></StgValue>
</bind>
</comp>

<comp id="64" class="1001" name="const_64">
<pin_list>
<pin id="65" dir="1" index="0" bw="1" slack="0"/>
</pin_list>
<bind>
<StgValue><ssdm name="_ssdm_op_BitConcatenate.i17.i10.i7"/></StgValue>
</bind>
</comp>

<comp id="66" class="1001" name="const_66">
<pin_list>
<pin id="67" dir="1" index="0" bw="1" slack="0"/>
</pin_list>
<bind>
<StgValue><ssdm name=""/></StgValue>
</bind>
</comp>

<comp id="68" class="1001" name="const_68">
<pin_list>
<pin id="69" dir="1" index="0" bw="1" slack="0"/>
</pin_list>
<bind>
<StgValue><ssdm name="_ssdm_op_BitConcatenate.i13.i10.i3"/></StgValue>
</bind>
</comp>

<comp id="70" class="1001" name="const_70">
<pin_list>
<pin id="71" dir="1" index="0" bw="1" slack="0"/>
</pin_list>
<bind>
<StgValue><ssdm name=""/></StgValue>
</bind>
</comp>

<comp id="72" class="1001" name="const_72">
<pin_list>
<pin id="73" dir="1" index="0" bw="1" slack="2147483647"/>
</pin_list>
<bind>
<StgValue><ssdm name=""/></StgValue>
</bind>
</comp>

<comp id="74" class="1001" name="const_74">
<pin_list>
<pin id="75" dir="1" index="0" bw="1" slack="0"/>
</pin_list>
<bind>
<StgValue><ssdm name=""/></StgValue>
</bind>
</comp>

<comp id="76" class="1001" name="const_76">
<pin_list>
<pin id="77" dir="1" index="0" bw="1" slack="0"/>
</pin_list>
<bind>
<StgValue><ssdm name=""/></StgValue>
</bind>
</comp>

<comp id="78" class="1001" name="const_78">
<pin_list>
<pin id="79" dir="1" index="0" bw="1" slack="2147483647"/>
</pin_list>
<bind>
<StgValue><ssdm name="_ssdm_op_SpecRegionEnd"/></StgValue>
</bind>
</comp>

<comp id="80" class="1001" name="const_80">
<pin_list>
<pin id="81" dir="1" index="0" bw="1" slack="0"/>
</pin_list>
<bind>
<StgValue><ssdm name="_ssdm_op_BitConcatenate.i28.i16.i12"/></StgValue>
</bind>
</comp>

<comp id="82" class="1001" name="const_82">
<pin_list>
<pin id="83" dir="1" index="0" bw="1" slack="0"/>
</pin_list>
<bind>
<StgValue><ssdm name=""/></StgValue>
</bind>
</comp>

<comp id="84" class="1001" name="const_84">
<pin_list>
<pin id="85" dir="1" index="0" bw="1" slack="0"/>
</pin_list>
<bind>
<StgValue><ssdm name="_ssdm_op_PartSelect.i16.i28.i32.i32"/></StgValue>
</bind>
</comp>

<comp id="86" class="1001" name="const_86">
<pin_list>
<pin id="87" dir="1" index="0" bw="1" slack="0"/>
</pin_list>
<bind>
<StgValue><ssdm name=""/></StgValue>
</bind>
</comp>

<comp id="88" class="1001" name="const_88">
<pin_list>
<pin id="89" dir="1" index="0" bw="1" slack="0"/>
</pin_list>
<bind>
<StgValue><ssdm name=""/></StgValue>
</bind>
</comp>

<comp id="90" class="1001" name="const_90">
<pin_list>
<pin id="91" dir="1" index="0" bw="1" slack="0"/>
</pin_list>
<bind>
<StgValue><ssdm name=""/></StgValue>
</bind>
</comp>

<comp id="92" class="1001" name="const_92">
<pin_list>
<pin id="93" dir="1" index="0" bw="1" slack="0"/>
</pin_list>
<bind>
<StgValue><ssdm name=""/></StgValue>
</bind>
</comp>

<comp id="94" class="1001" name="const_94">
<pin_list>
<pin id="95" dir="1" index="0" bw="1" slack="0"/>
</pin_list>
<bind>
<StgValue><ssdm name=""/></StgValue>
</bind>
</comp>

<comp id="96" class="1001" name="const_96">
<pin_list>
<pin id="97" dir="1" index="0" bw="1" slack="2147483647"/>
</pin_list>
<bind>
<StgValue><ssdm name="p_str46"/></StgValue>
</bind>
</comp>

<comp id="98" class="1001" name="const_98">
<pin_list>
<pin id="99" dir="1" index="0" bw="1" slack="2147483647"/>
</pin_list>
<bind>
<StgValue><ssdm name=""/></StgValue>
</bind>
</comp>

<comp id="100" class="1001" name="const_100">
<pin_list>
<pin id="101" dir="1" index="0" bw="1" slack="2147483647"/>
</pin_list>
<bind>
<StgValue><ssdm name="p_str47"/></StgValue>
</bind>
</comp>

<comp id="102" class="1001" name="const_102">
<pin_list>
<pin id="103" dir="1" index="0" bw="1" slack="0"/>
</pin_list>
<bind>
<StgValue><ssdm name=""/></StgValue>
</bind>
</comp>

<comp id="104" class="1001" name="const_104">
<pin_list>
<pin id="105" dir="1" index="0" bw="1" slack="0"/>
</pin_list>
<bind>
<StgValue><ssdm name="_ssdm_op_Write.ap_fifo.volatile.i16P"/></StgValue>
</bind>
</comp>

<comp id="106" class="1004" name="output_V_alloca_fu_106">
<pin_list>
<pin id="107" dir="0" index="0" bw="1" slack="0"/>
<pin id="108" dir="1" index="1" bw="16" slack="0"/>
</pin_list>
<bind>
<opcode="alloca(26) " fcode="alloca"/>
<opset="output_V/1 "/>
</bind>
</comp>

<comp id="110" class="1004" name="tmp_V_714_read_fu_110">
<pin_list>
<pin id="111" dir="0" index="0" bw="16" slack="0"/>
<pin id="112" dir="0" index="1" bw="16" slack="0"/>
<pin id="113" dir="1" index="2" bw="16" slack="0"/>
</pin_list>
<bind>
<opcode="read(1150) " fcode="read"/>
<opset="tmp_V_714/2 "/>
</bind>
</comp>

<comp id="116" class="1004" name="StgValue_126_write_fu_116">
<pin_list>
<pin id="117" dir="0" index="0" bw="0" slack="0"/>
<pin id="118" dir="0" index="1" bw="16" slack="0"/>
<pin id="119" dir="0" index="2" bw="15" slack="0"/>
<pin id="120" dir="1" index="3" bw="0" slack="2147483647"/>
</pin_list>
<bind>
<opcode="write(1151) " fcode="write"/>
<opset="StgValue_126/8 "/>
</bind>
</comp>

<comp id="123" class="1004" name="output_V_addr_gep_fu_123">
<pin_list>
<pin id="124" dir="0" index="0" bw="16" slack="0"/>
<pin id="125" dir="0" index="1" bw="1" slack="0"/>
<pin id="126" dir="0" index="2" bw="1" slack="0"/>
<pin id="127" dir="1" index="3" bw="7" slack="0"/>
</pin_list>
<bind>
<opcode="getelementptr(29) " fcode="getelementptr"/>
<opset="output_V_addr/1 "/>
</bind>
</comp>

<comp id="131" class="1004" name="grp_access_fu_131">
<pin_list>
<pin id="132" dir="0" index="0" bw="7" slack="0"/>
<pin id="133" dir="0" index="1" bw="16" slack="0"/>
<pin id="173" dir="0" index="3" bw="7" slack="0"/>
<pin id="174" dir="0" index="4" bw="16" slack="1"/>
<pin id="134" dir="1" index="2" bw="16" slack="0"/>
<pin id="175" dir="1" index="5" bw="16" slack="0"/>
</pin_list>
<bind>
<opcode="load(27) store(28) " fcode="load"/>
<opset="StgValue_13/1 output_V_load/3 output_V_load_7/3 output_V_load_8/4 output_V_load_9/4 StgValue_89/5 StgValue_90/5 StgValue_108/6 StgValue_109/6 p_Val2_s_514/7 "/>
</bind>
</comp>

<comp id="137" class="1004" name="fc_layer1_weights_V_s_gep_fu_137">
<pin_list>
<pin id="138" dir="0" index="0" bw="10" slack="0"/>
<pin id="139" dir="0" index="1" bw="1" slack="0"/>
<pin id="140" dir="0" index="2" bw="18" slack="0"/>
<pin id="141" dir="1" index="3" bw="17" slack="0"/>
</pin_list>
<bind>
<opcode="getelementptr(29) " fcode="getelementptr"/>
<opset="fc_layer1_weights_V_s/3 "/>
</bind>
</comp>

<comp id="144" class="1004" name="grp_access_fu_144">
<pin_list>
<pin id="145" dir="0" index="0" bw="17" slack="0"/>
<pin id="146" dir="0" index="1" bw="10" slack="2147483647"/>
<pin id="163" dir="0" index="3" bw="17" slack="0"/>
<pin id="164" dir="0" index="4" bw="10" slack="2147483647"/>
<pin id="147" dir="1" index="2" bw="10" slack="0"/>
<pin id="165" dir="1" index="5" bw="10" slack="0"/>
</pin_list>
<bind>
<opcode="load(27) " fcode="load"/>
<opset="fc_layer1_weights_V_1/3 fc_layer1_weights_V_3/3 fc_layer1_weights_V_5/4 fc_layer1_weights_V_7/4 "/>
</bind>
</comp>

<comp id="149" class="1004" name="output_V_addr_10_gep_fu_149">
<pin_list>
<pin id="150" dir="0" index="0" bw="16" slack="2147483647"/>
<pin id="151" dir="0" index="1" bw="1" slack="0"/>
<pin id="152" dir="0" index="2" bw="7" slack="0"/>
<pin id="153" dir="1" index="3" bw="7" slack="0"/>
</pin_list>
<bind>
<opcode="getelementptr(29) " fcode="getelementptr"/>
<opset="output_V_addr_10/3 "/>
</bind>
</comp>

<comp id="156" class="1004" name="fc_layer1_weights_V_2_gep_fu_156">
<pin_list>
<pin id="157" dir="0" index="0" bw="10" slack="0"/>
<pin id="158" dir="0" index="1" bw="1" slack="0"/>
<pin id="159" dir="0" index="2" bw="18" slack="0"/>
<pin id="160" dir="1" index="3" bw="17" slack="0"/>
</pin_list>
<bind>
<opcode="getelementptr(29) " fcode="getelementptr"/>
<opset="fc_layer1_weights_V_2/3 "/>
</bind>
</comp>

<comp id="167" class="1004" name="output_V_addr_11_gep_fu_167">
<pin_list>
<pin id="168" dir="0" index="0" bw="16" slack="2147483647"/>
<pin id="169" dir="0" index="1" bw="1" slack="0"/>
<pin id="170" dir="0" index="2" bw="7" slack="0"/>
<pin id="171" dir="1" index="3" bw="7" slack="0"/>
</pin_list>
<bind>
<opcode="getelementptr(29) " fcode="getelementptr"/>
<opset="output_V_addr_11/3 "/>
</bind>
</comp>

<comp id="177" class="1004" name="fc_layer1_weights_V_4_gep_fu_177">
<pin_list>
<pin id="178" dir="0" index="0" bw="10" slack="0"/>
<pin id="179" dir="0" index="1" bw="1" slack="0"/>
<pin id="180" dir="0" index="2" bw="18" slack="0"/>
<pin id="181" dir="1" index="3" bw="17" slack="0"/>
</pin_list>
<bind>
<opcode="getelementptr(29) " fcode="getelementptr"/>
<opset="fc_layer1_weights_V_4/4 "/>
</bind>
</comp>

<comp id="185" class="1004" name="output_V_addr_12_gep_fu_185">
<pin_list>
<pin id="186" dir="0" index="0" bw="16" slack="2147483647"/>
<pin id="187" dir="0" index="1" bw="1" slack="0"/>
<pin id="188" dir="0" index="2" bw="7" slack="0"/>
<pin id="189" dir="1" index="3" bw="7" slack="0"/>
</pin_list>
<bind>
<opcode="getelementptr(29) " fcode="getelementptr"/>
<opset="output_V_addr_12/4 "/>
</bind>
</comp>

<comp id="192" class="1004" name="fc_layer1_weights_V_6_gep_fu_192">
<pin_list>
<pin id="193" dir="0" index="0" bw="10" slack="0"/>
<pin id="194" dir="0" index="1" bw="1" slack="0"/>
<pin id="195" dir="0" index="2" bw="18" slack="0"/>
<pin id="196" dir="1" index="3" bw="17" slack="0"/>
</pin_list>
<bind>
<opcode="getelementptr(29) " fcode="getelementptr"/>
<opset="fc_layer1_weights_V_6/4 "/>
</bind>
</comp>

<comp id="200" class="1004" name="output_V_addr_13_gep_fu_200">
<pin_list>
<pin id="201" dir="0" index="0" bw="16" slack="2147483647"/>
<pin id="202" dir="0" index="1" bw="1" slack="0"/>
<pin id="203" dir="0" index="2" bw="7" slack="0"/>
<pin id="204" dir="1" index="3" bw="7" slack="0"/>
</pin_list>
<bind>
<opcode="getelementptr(29) " fcode="getelementptr"/>
<opset="output_V_addr_13/4 "/>
</bind>
</comp>

<comp id="207" class="1004" name="output_V_addr_5_gep_fu_207">
<pin_list>
<pin id="208" dir="0" index="0" bw="16" slack="2147483647"/>
<pin id="209" dir="0" index="1" bw="1" slack="0"/>
<pin id="210" dir="0" index="2" bw="7" slack="0"/>
<pin id="211" dir="1" index="3" bw="7" slack="0"/>
</pin_list>
<bind>
<opcode="getelementptr(29) " fcode="getelementptr"/>
<opset="output_V_addr_5/7 "/>
</bind>
</comp>

<comp id="214" class="1005" name="j_reg_214">
<pin_list>
<pin id="215" dir="0" index="0" bw="10" slack="1"/>
<pin id="216" dir="1" index="1" bw="10" slack="1"/>
</pin_list>
<bind>
<opset="j (phireg) "/>
</bind>
</comp>

<comp id="218" class="1004" name="j_phi_fu_218">
<pin_list>
<pin id="219" dir="0" index="0" bw="10" slack="0"/>
<pin id="220" dir="0" index="1" bw="0" slack="2147483647"/>
<pin id="221" dir="0" index="2" bw="1" slack="1"/>
<pin id="222" dir="0" index="3" bw="0" slack="2147483647"/>
<pin id="223" dir="1" index="4" bw="10" slack="0"/>
</pin_list>
<bind>
<opcode="phi(47) " fcode="phi"/>
<opset="j/2 "/>
</bind>
</comp>

<comp id="225" class="1005" name="i5_reg_225">
<pin_list>
<pin id="226" dir="0" index="0" bw="7" slack="1"/>
<pin id="227" dir="1" index="1" bw="7" slack="1"/>
</pin_list>
<bind>
<opset="i5 (phireg) "/>
</bind>
</comp>

<comp id="229" class="1004" name="i5_phi_fu_229">
<pin_list>
<pin id="230" dir="0" index="0" bw="1" slack="1"/>
<pin id="231" dir="0" index="1" bw="0" slack="2147483647"/>
<pin id="232" dir="0" index="2" bw="7" slack="1"/>
<pin id="233" dir="0" index="3" bw="0" slack="2147483647"/>
<pin id="234" dir="1" index="4" bw="7" slack="0"/>
</pin_list>
<bind>
<opcode="phi(47) " fcode="phi"/>
<opset="i5/3 "/>
</bind>
</comp>

<comp id="237" class="1005" name="i1_reg_237">
<pin_list>
<pin id="238" dir="0" index="0" bw="7" slack="1"/>
<pin id="239" dir="1" index="1" bw="7" slack="1"/>
</pin_list>
<bind>
<opset="i1 (phireg) "/>
</bind>
</comp>

<comp id="241" class="1004" name="i1_phi_fu_241">
<pin_list>
<pin id="242" dir="0" index="0" bw="7" slack="0"/>
<pin id="243" dir="0" index="1" bw="0" slack="2147483647"/>
<pin id="244" dir="0" index="2" bw="1" slack="1"/>
<pin id="245" dir="0" index="3" bw="0" slack="2147483647"/>
<pin id="246" dir="1" index="4" bw="7" slack="0"/>
</pin_list>
<bind>
<opcode="phi(47) " fcode="phi"/>
<opset="i1/7 "/>
</bind>
</comp>

<comp id="248" class="1004" name="exitcond3_fu_248">
<pin_list>
<pin id="249" dir="0" index="0" bw="10" slack="0"/>
<pin id="250" dir="0" index="1" bw="10" slack="0"/>
<pin id="251" dir="1" index="2" bw="1" slack="2147483647"/>
</pin_list>
<bind>
<opcode="icmp(45) " fcode="icmp"/>
<opset="exitcond3/2 "/>
</bind>
</comp>

<comp id="254" class="1004" name="j_3_fu_254">
<pin_list>
<pin id="255" dir="0" index="0" bw="10" slack="0"/>
<pin id="256" dir="0" index="1" bw="1" slack="0"/>
<pin id="257" dir="1" index="2" bw="10" slack="0"/>
</pin_list>
<bind>
<opcode="add(8) " fcode="add"/>
<opset="j_3/2 "/>
</bind>
</comp>

<comp id="260" class="1004" name="tmp_fu_260">
<pin_list>
<pin id="261" dir="0" index="0" bw="17" slack="0"/>
<pin id="262" dir="0" index="1" bw="10" slack="0"/>
<pin id="263" dir="0" index="2" bw="1" slack="0"/>
<pin id="264" dir="1" index="3" bw="17" slack="0"/>
</pin_list>
<bind>
<opcode="bitconcatenate(1004) " fcode="bitconcatenate"/>
<opset="tmp/2 "/>
</bind>
</comp>

<comp id="268" class="1004" name="p_shl_cast_fu_268">
<pin_list>
<pin id="269" dir="0" index="0" bw="17" slack="0"/>
<pin id="270" dir="1" index="1" bw="18" slack="0"/>
</pin_list>
<bind>
<opcode="zext(34) " fcode="zext"/>
<opset="p_shl_cast/2 "/>
</bind>
</comp>

<comp id="272" class="1004" name="tmp_20_fu_272">
<pin_list>
<pin id="273" dir="0" index="0" bw="13" slack="0"/>
<pin id="274" dir="0" index="1" bw="10" slack="0"/>
<pin id="275" dir="0" index="2" bw="1" slack="0"/>
<pin id="276" dir="1" index="3" bw="13" slack="0"/>
</pin_list>
<bind>
<opcode="bitconcatenate(1004) " fcode="bitconcatenate"/>
<opset="tmp_20/2 "/>
</bind>
</comp>

<comp id="280" class="1004" name="p_shl1_cast_fu_280">
<pin_list>
<pin id="281" dir="0" index="0" bw="13" slack="0"/>
<pin id="282" dir="1" index="1" bw="18" slack="0"/>
</pin_list>
<bind>
<opcode="zext(34) " fcode="zext"/>
<opset="p_shl1_cast/2 "/>
</bind>
</comp>

<comp id="284" class="1004" name="tmp_21_fu_284">
<pin_list>
<pin id="285" dir="0" index="0" bw="17" slack="0"/>
<pin id="286" dir="0" index="1" bw="13" slack="0"/>
<pin id="287" dir="1" index="2" bw="18" slack="1"/>
</pin_list>
<bind>
<opcode="sub(10) " fcode="sub"/>
<opset="tmp_21/2 "/>
</bind>
</comp>

<comp id="290" class="1004" name="tmp_17_cast_fu_290">
<pin_list>
<pin id="291" dir="0" index="0" bw="16" slack="0"/>
<pin id="292" dir="1" index="1" bw="27" slack="2"/>
</pin_list>
<bind>
<opcode="sext(35) " fcode="sext"/>
<opset="tmp_17_cast/2 "/>
</bind>
</comp>

<comp id="294" class="1004" name="exitcond2_fu_294">
<pin_list>
<pin id="295" dir="0" index="0" bw="7" slack="0"/>
<pin id="296" dir="0" index="1" bw="4" slack="0"/>
<pin id="297" dir="1" index="2" bw="1" slack="2147483647"/>
</pin_list>
<bind>
<opcode="icmp(45) " fcode="icmp"/>
<opset="exitcond2/3 "/>
</bind>
</comp>

<comp id="300" class="1004" name="tmp_14_fu_300">
<pin_list>
<pin id="301" dir="0" index="0" bw="7" slack="0"/>
<pin id="302" dir="1" index="1" bw="64" slack="0"/>
</pin_list>
<bind>
<opcode="zext(34) " fcode="zext"/>
<opset="tmp_14/3 "/>
</bind>
</comp>

<comp id="305" class="1004" name="tmp_14_cast_fu_305">
<pin_list>
<pin id="306" dir="0" index="0" bw="7" slack="0"/>
<pin id="307" dir="1" index="1" bw="18" slack="0"/>
</pin_list>
<bind>
<opcode="zext(34) " fcode="zext"/>
<opset="tmp_14_cast/3 "/>
</bind>
</comp>

<comp id="309" class="1004" name="tmp_22_fu_309">
<pin_list>
<pin id="310" dir="0" index="0" bw="7" slack="0"/>
<pin id="311" dir="0" index="1" bw="18" slack="1"/>
<pin id="312" dir="1" index="2" bw="18" slack="0"/>
</pin_list>
<bind>
<opcode="add(8) " fcode="add"/>
<opset="tmp_22/3 "/>
</bind>
</comp>

<comp id="314" class="1004" name="tmp_25_cast_fu_314">
<pin_list>
<pin id="315" dir="0" index="0" bw="18" slack="0"/>
<pin id="316" dir="1" index="1" bw="64" slack="0"/>
</pin_list>
<bind>
<opcode="sext(35) " fcode="sext"/>
<opset="tmp_25_cast/3 "/>
</bind>
</comp>

<comp id="319" class="1004" name="i_8_s_fu_319">
<pin_list>
<pin id="320" dir="0" index="0" bw="7" slack="0"/>
<pin id="321" dir="0" index="1" bw="1" slack="0"/>
<pin id="322" dir="1" index="2" bw="7" slack="0"/>
</pin_list>
<bind>
<opcode="or(24) " fcode="or"/>
<opset="i_8_s/3 "/>
</bind>
</comp>

<comp id="325" class="1004" name="tmp_46_1_fu_325">
<pin_list>
<pin id="326" dir="0" index="0" bw="7" slack="0"/>
<pin id="327" dir="1" index="1" bw="64" slack="0"/>
</pin_list>
<bind>
<opcode="zext(34) " fcode="zext"/>
<opset="tmp_46_1/3 "/>
</bind>
</comp>

<comp id="330" class="1004" name="tmp_46_1_cast_fu_330">
<pin_list>
<pin id="331" dir="0" index="0" bw="7" slack="0"/>
<pin id="332" dir="1" index="1" bw="18" slack="0"/>
</pin_list>
<bind>
<opcode="zext(34) " fcode="zext"/>
<opset="tmp_46_1_cast/3 "/>
</bind>
</comp>

<comp id="334" class="1004" name="tmp_23_fu_334">
<pin_list>
<pin id="335" dir="0" index="0" bw="7" slack="0"/>
<pin id="336" dir="0" index="1" bw="18" slack="1"/>
<pin id="337" dir="1" index="2" bw="18" slack="0"/>
</pin_list>
<bind>
<opcode="add(8) " fcode="add"/>
<opset="tmp_23/3 "/>
</bind>
</comp>

<comp id="339" class="1004" name="tmp_26_cast_fu_339">
<pin_list>
<pin id="340" dir="0" index="0" bw="18" slack="0"/>
<pin id="341" dir="1" index="1" bw="64" slack="0"/>
</pin_list>
<bind>
<opcode="sext(35) " fcode="sext"/>
<opset="tmp_26_cast/3 "/>
</bind>
</comp>

<comp id="344" class="1004" name="tmp_18_cast_fu_344">
<pin_list>
<pin id="345" dir="0" index="0" bw="10" slack="0"/>
<pin id="346" dir="1" index="1" bw="27" slack="0"/>
</pin_list>
<bind>
<opcode="sext(35) " fcode="sext"/>
<opset="tmp_18_cast/4 "/>
</bind>
</comp>

<comp id="348" class="1004" name="tmp_15_fu_348">
<pin_list>
<pin id="349" dir="0" index="0" bw="28" slack="0"/>
<pin id="350" dir="0" index="1" bw="16" slack="0"/>
<pin id="351" dir="0" index="2" bw="1" slack="0"/>
<pin id="352" dir="1" index="3" bw="28" slack="0"/>
</pin_list>
<bind>
<opcode="bitconcatenate(1004) " fcode="bitconcatenate"/>
<opset="tmp_15/4 "/>
</bind>
</comp>

<comp id="356" class="1004" name="tmp_19_fu_356">
<pin_list>
<pin id="357" dir="0" index="0" bw="16" slack="0"/>
<pin id="358" dir="0" index="1" bw="28" slack="0"/>
<pin id="359" dir="0" index="2" bw="5" slack="0"/>
<pin id="360" dir="0" index="3" bw="6" slack="0"/>
<pin id="361" dir="1" index="4" bw="16" slack="1"/>
</pin_list>
<bind>
<opcode="partselect(1002) " fcode="partselect"/>
<opset="tmp_19/4 "/>
</bind>
</comp>

<comp id="365" class="1004" name="tmp_20_cast_fu_365">
<pin_list>
<pin id="366" dir="0" index="0" bw="10" slack="0"/>
<pin id="367" dir="1" index="1" bw="27" slack="0"/>
</pin_list>
<bind>
<opcode="sext(35) " fcode="sext"/>
<opset="tmp_20_cast/4 "/>
</bind>
</comp>

<comp id="369" class="1004" name="tmp_48_1_fu_369">
<pin_list>
<pin id="370" dir="0" index="0" bw="28" slack="0"/>
<pin id="371" dir="0" index="1" bw="16" slack="0"/>
<pin id="372" dir="0" index="2" bw="1" slack="0"/>
<pin id="373" dir="1" index="3" bw="28" slack="0"/>
</pin_list>
<bind>
<opcode="bitconcatenate(1004) " fcode="bitconcatenate"/>
<opset="tmp_48_1/4 "/>
</bind>
</comp>

<comp id="377" class="1004" name="tmp_51_1_fu_377">
<pin_list>
<pin id="378" dir="0" index="0" bw="16" slack="0"/>
<pin id="379" dir="0" index="1" bw="28" slack="0"/>
<pin id="380" dir="0" index="2" bw="5" slack="0"/>
<pin id="381" dir="0" index="3" bw="6" slack="0"/>
<pin id="382" dir="1" index="4" bw="16" slack="1"/>
</pin_list>
<bind>
<opcode="partselect(1002) " fcode="partselect"/>
<opset="tmp_51_1/4 "/>
</bind>
</comp>

<comp id="386" class="1004" name="i_8_1_fu_386">
<pin_list>
<pin id="387" dir="0" index="0" bw="7" slack="1"/>
<pin id="388" dir="0" index="1" bw="3" slack="0"/>
<pin id="389" dir="1" index="2" bw="7" slack="0"/>
</pin_list>
<bind>
<opcode="or(24) " fcode="or"/>
<opset="i_8_1/4 "/>
</bind>
</comp>

<comp id="392" class="1004" name="tmp_46_2_fu_392">
<pin_list>
<pin id="393" dir="0" index="0" bw="7" slack="0"/>
<pin id="394" dir="1" index="1" bw="64" slack="0"/>
</pin_list>
<bind>
<opcode="zext(34) " fcode="zext"/>
<opset="tmp_46_2/4 "/>
</bind>
</comp>

<comp id="397" class="1004" name="tmp_46_2_cast_fu_397">
<pin_list>
<pin id="398" dir="0" index="0" bw="7" slack="0"/>
<pin id="399" dir="1" index="1" bw="18" slack="0"/>
</pin_list>
<bind>
<opcode="zext(34) " fcode="zext"/>
<opset="tmp_46_2_cast/4 "/>
</bind>
</comp>

<comp id="401" class="1004" name="tmp_24_fu_401">
<pin_list>
<pin id="402" dir="0" index="0" bw="7" slack="0"/>
<pin id="403" dir="0" index="1" bw="18" slack="2"/>
<pin id="404" dir="1" index="2" bw="18" slack="0"/>
</pin_list>
<bind>
<opcode="add(8) " fcode="add"/>
<opset="tmp_24/4 "/>
</bind>
</comp>

<comp id="406" class="1004" name="tmp_27_cast_fu_406">
<pin_list>
<pin id="407" dir="0" index="0" bw="18" slack="0"/>
<pin id="408" dir="1" index="1" bw="64" slack="0"/>
</pin_list>
<bind>
<opcode="sext(35) " fcode="sext"/>
<opset="tmp_27_cast/4 "/>
</bind>
</comp>

<comp id="411" class="1004" name="i_8_2_fu_411">
<pin_list>
<pin id="412" dir="0" index="0" bw="7" slack="1"/>
<pin id="413" dir="0" index="1" bw="3" slack="0"/>
<pin id="414" dir="1" index="2" bw="7" slack="0"/>
</pin_list>
<bind>
<opcode="or(24) " fcode="or"/>
<opset="i_8_2/4 "/>
</bind>
</comp>

<comp id="417" class="1004" name="tmp_46_3_fu_417">
<pin_list>
<pin id="418" dir="0" index="0" bw="7" slack="0"/>
<pin id="419" dir="1" index="1" bw="64" slack="0"/>
</pin_list>
<bind>
<opcode="zext(34) " fcode="zext"/>
<opset="tmp_46_3/4 "/>
</bind>
</comp>

<comp id="422" class="1004" name="tmp_46_3_cast_fu_422">
<pin_list>
<pin id="423" dir="0" index="0" bw="7" slack="0"/>
<pin id="424" dir="1" index="1" bw="18" slack="0"/>
</pin_list>
<bind>
<opcode="zext(34) " fcode="zext"/>
<opset="tmp_46_3_cast/4 "/>
</bind>
</comp>

<comp id="426" class="1004" name="tmp_25_fu_426">
<pin_list>
<pin id="427" dir="0" index="0" bw="7" slack="0"/>
<pin id="428" dir="0" index="1" bw="18" slack="2"/>
<pin id="429" dir="1" index="2" bw="18" slack="0"/>
</pin_list>
<bind>
<opcode="add(8) " fcode="add"/>
<opset="tmp_25/4 "/>
</bind>
</comp>

<comp id="431" class="1004" name="tmp_28_cast_fu_431">
<pin_list>
<pin id="432" dir="0" index="0" bw="18" slack="0"/>
<pin id="433" dir="1" index="1" bw="64" slack="0"/>
</pin_list>
<bind>
<opcode="sext(35) " fcode="sext"/>
<opset="tmp_28_cast/4 "/>
</bind>
</comp>

<comp id="436" class="1004" name="i_8_3_fu_436">
<pin_list>
<pin id="437" dir="0" index="0" bw="7" slack="1"/>
<pin id="438" dir="0" index="1" bw="4" slack="0"/>
<pin id="439" dir="1" index="2" bw="7" slack="1"/>
</pin_list>
<bind>
<opcode="add(8) " fcode="add"/>
<opset="i_8_3/4 "/>
</bind>
</comp>

<comp id="442" class="1004" name="tmp_21_cast_fu_442">
<pin_list>
<pin id="443" dir="0" index="0" bw="10" slack="0"/>
<pin id="444" dir="1" index="1" bw="27" slack="0"/>
</pin_list>
<bind>
<opcode="sext(35) " fcode="sext"/>
<opset="tmp_21_cast/5 "/>
</bind>
</comp>

<comp id="446" class="1004" name="tmp_48_2_fu_446">
<pin_list>
<pin id="447" dir="0" index="0" bw="28" slack="0"/>
<pin id="448" dir="0" index="1" bw="16" slack="0"/>
<pin id="449" dir="0" index="2" bw="1" slack="0"/>
<pin id="450" dir="1" index="3" bw="28" slack="0"/>
</pin_list>
<bind>
<opcode="bitconcatenate(1004) " fcode="bitconcatenate"/>
<opset="tmp_48_2/5 "/>
</bind>
</comp>

<comp id="454" class="1004" name="tmp_51_2_fu_454">
<pin_list>
<pin id="455" dir="0" index="0" bw="16" slack="0"/>
<pin id="456" dir="0" index="1" bw="28" slack="0"/>
<pin id="457" dir="0" index="2" bw="5" slack="0"/>
<pin id="458" dir="0" index="3" bw="6" slack="0"/>
<pin id="459" dir="1" index="4" bw="16" slack="1"/>
</pin_list>
<bind>
<opcode="partselect(1002) " fcode="partselect"/>
<opset="tmp_51_2/5 "/>
</bind>
</comp>

<comp id="463" class="1004" name="tmp_22_cast_fu_463">
<pin_list>
<pin id="464" dir="0" index="0" bw="10" slack="0"/>
<pin id="465" dir="1" index="1" bw="27" slack="0"/>
</pin_list>
<bind>
<opcode="sext(35) " fcode="sext"/>
<opset="tmp_22_cast/5 "/>
</bind>
</comp>

<comp id="467" class="1004" name="tmp_48_3_fu_467">
<pin_list>
<pin id="468" dir="0" index="0" bw="28" slack="0"/>
<pin id="469" dir="0" index="1" bw="16" slack="0"/>
<pin id="470" dir="0" index="2" bw="1" slack="0"/>
<pin id="471" dir="1" index="3" bw="28" slack="0"/>
</pin_list>
<bind>
<opcode="bitconcatenate(1004) " fcode="bitconcatenate"/>
<opset="tmp_48_3/5 "/>
</bind>
</comp>

<comp id="475" class="1004" name="tmp_51_3_fu_475">
<pin_list>
<pin id="476" dir="0" index="0" bw="16" slack="0"/>
<pin id="477" dir="0" index="1" bw="28" slack="0"/>
<pin id="478" dir="0" index="2" bw="5" slack="0"/>
<pin id="479" dir="0" index="3" bw="6" slack="0"/>
<pin id="480" dir="1" index="4" bw="16" slack="1"/>
</pin_list>
<bind>
<opcode="partselect(1002) " fcode="partselect"/>
<opset="tmp_51_3/5 "/>
</bind>
</comp>

<comp id="484" class="1004" name="exitcond_fu_484">
<pin_list>
<pin id="485" dir="0" index="0" bw="7" slack="0"/>
<pin id="486" dir="0" index="1" bw="4" slack="0"/>
<pin id="487" dir="1" index="2" bw="1" slack="2147483647"/>
</pin_list>
<bind>
<opcode="icmp(45) " fcode="icmp"/>
<opset="exitcond/7 "/>
</bind>
</comp>

<comp id="490" class="1004" name="i_fu_490">
<pin_list>
<pin id="491" dir="0" index="0" bw="7" slack="0"/>
<pin id="492" dir="0" index="1" bw="1" slack="0"/>
<pin id="493" dir="1" index="2" bw="7" slack="0"/>
</pin_list>
<bind>
<opcode="add(8) " fcode="add"/>
<opset="i/7 "/>
</bind>
</comp>

<comp id="496" class="1004" name="tmp_s_fu_496">
<pin_list>
<pin id="497" dir="0" index="0" bw="7" slack="0"/>
<pin id="498" dir="1" index="1" bw="64" slack="0"/>
</pin_list>
<bind>
<opcode="zext(34) " fcode="zext"/>
<opset="tmp_s/7 "/>
</bind>
</comp>

<comp id="501" class="1004" name="tmp_18_fu_501">
<pin_list>
<pin id="502" dir="0" index="0" bw="16" slack="0"/>
<pin id="503" dir="1" index="1" bw="15" slack="0"/>
</pin_list>
<bind>
<opcode="trunc(33) " fcode="trunc"/>
<opset="tmp_18/8 "/>
</bind>
</comp>

<comp id="505" class="1004" name="tmp_i_fu_505">
<pin_list>
<pin id="506" dir="0" index="0" bw="16" slack="0"/>
<pin id="507" dir="0" index="1" bw="1" slack="0"/>
<pin id="508" dir="1" index="2" bw="1" slack="0"/>
</pin_list>
<bind>
<opcode="icmp(45) " fcode="icmp"/>
<opset="tmp_i/8 "/>
</bind>
</comp>

<comp id="511" class="1004" name="tmp_V_fu_511">
<pin_list>
<pin id="512" dir="0" index="0" bw="1" slack="0"/>
<pin id="513" dir="0" index="1" bw="15" slack="0"/>
<pin id="514" dir="0" index="2" bw="1" slack="0"/>
<pin id="515" dir="1" index="3" bw="15" slack="0"/>
</pin_list>
<bind>
<opcode="select(49) " fcode="select"/>
<opset="tmp_V/8 "/>
</bind>
</comp>

<comp id="519" class="1004" name="tmp_V_3_fu_519">
<pin_list>
<pin id="520" dir="0" index="0" bw="15" slack="0"/>
<pin id="521" dir="1" index="1" bw="16" slack="0"/>
</pin_list>
<bind>
<opcode="zext(34) " fcode="zext"/>
<opset="tmp_V_3/8 "/>
</bind>
</comp>

<comp id="524" class="1007" name="grp_fu_524">
<pin_list>
<pin id="525" dir="0" index="0" bw="16" slack="2"/>
<pin id="526" dir="0" index="1" bw="10" slack="0"/>
<pin id="527" dir="0" index="2" bw="28" slack="0"/>
<pin id="528" dir="1" index="3" bw="28" slack="0"/>
</pin_list>
<bind>
<opcode="muladd(1172) " fcode="muladd"/>
<opset="tmp_493_cast/4 tmp_493_cast_cast/4 p_Val2_s/4 "/>
</bind>
</comp>

<comp id="532" class="1007" name="grp_fu_532">
<pin_list>
<pin id="533" dir="0" index="0" bw="16" slack="2"/>
<pin id="534" dir="0" index="1" bw="10" slack="0"/>
<pin id="535" dir="0" index="2" bw="28" slack="0"/>
<pin id="536" dir="1" index="3" bw="28" slack="0"/>
</pin_list>
<bind>
<opcode="muladd(1172) " fcode="muladd"/>
<opset="tmp_493_1_cast/4 tmp_493_1_cast_cast/4 p_Val2_15_1/4 "/>
</bind>
</comp>

<comp id="540" class="1007" name="grp_fu_540">
<pin_list>
<pin id="541" dir="0" index="0" bw="16" slack="3"/>
<pin id="542" dir="0" index="1" bw="10" slack="0"/>
<pin id="543" dir="0" index="2" bw="28" slack="0"/>
<pin id="544" dir="1" index="3" bw="28" slack="0"/>
</pin_list>
<bind>
<opcode="muladd(1172) " fcode="muladd"/>
<opset="tmp_493_2_cast/5 tmp_493_2_cast_cast/5 p_Val2_15_2/5 "/>
</bind>
</comp>

<comp id="548" class="1007" name="grp_fu_548">
<pin_list>
<pin id="549" dir="0" index="0" bw="16" slack="3"/>
<pin id="550" dir="0" index="1" bw="10" slack="0"/>
<pin id="551" dir="0" index="2" bw="28" slack="0"/>
<pin id="552" dir="1" index="3" bw="28" slack="0"/>
</pin_list>
<bind>
<opcode="muladd(1172) " fcode="muladd"/>
<opset="tmp_493_3_cast/5 tmp_493_3_cast_cast/5 p_Val2_15_3/5 "/>
</bind>
</comp>

<comp id="559" class="1005" name="j_3_reg_559">
<pin_list>
<pin id="560" dir="0" index="0" bw="10" slack="0"/>
<pin id="561" dir="1" index="1" bw="10" slack="0"/>
</pin_list>
<bind>
<opset="j_3 "/>
</bind>
</comp>

<comp id="564" class="1005" name="tmp_21_reg_564">
<pin_list>
<pin id="565" dir="0" index="0" bw="18" slack="1"/>
<pin id="566" dir="1" index="1" bw="18" slack="1"/>
</pin_list>
<bind>
<opset="tmp_21 "/>
</bind>
</comp>

<comp id="572" class="1005" name="tmp_17_cast_reg_572">
<pin_list>
<pin id="573" dir="0" index="0" bw="27" slack="2"/>
<pin id="574" dir="1" index="1" bw="27" slack="2"/>
</pin_list>
<bind>
<opset="tmp_17_cast "/>
</bind>
</comp>

<comp id="583" class="1005" name="fc_layer1_weights_V_s_reg_583">
<pin_list>
<pin id="584" dir="0" index="0" bw="17" slack="1"/>
<pin id="585" dir="1" index="1" bw="17" slack="1"/>
</pin_list>
<bind>
<opset="fc_layer1_weights_V_s "/>
</bind>
</comp>

<comp id="588" class="1005" name="output_V_addr_10_reg_588">
<pin_list>
<pin id="589" dir="0" index="0" bw="7" slack="1"/>
<pin id="590" dir="1" index="1" bw="7" slack="1"/>
</pin_list>
<bind>
<opset="output_V_addr_10 "/>
</bind>
</comp>

<comp id="594" class="1005" name="fc_layer1_weights_V_2_reg_594">
<pin_list>
<pin id="595" dir="0" index="0" bw="17" slack="1"/>
<pin id="596" dir="1" index="1" bw="17" slack="1"/>
</pin_list>
<bind>
<opset="fc_layer1_weights_V_2 "/>
</bind>
</comp>

<comp id="599" class="1005" name="output_V_addr_11_reg_599">
<pin_list>
<pin id="600" dir="0" index="0" bw="7" slack="1"/>
<pin id="601" dir="1" index="1" bw="7" slack="1"/>
</pin_list>
<bind>
<opset="output_V_addr_11 "/>
</bind>
</comp>

<comp id="605" class="1005" name="tmp_19_reg_605">
<pin_list>
<pin id="606" dir="0" index="0" bw="16" slack="1"/>
<pin id="607" dir="1" index="1" bw="16" slack="1"/>
</pin_list>
<bind>
<opset="tmp_19 "/>
</bind>
</comp>

<comp id="610" class="1005" name="tmp_51_1_reg_610">
<pin_list>
<pin id="611" dir="0" index="0" bw="16" slack="1"/>
<pin id="612" dir="1" index="1" bw="16" slack="1"/>
</pin_list>
<bind>
<opset="tmp_51_1 "/>
</bind>
</comp>

<comp id="615" class="1005" name="fc_layer1_weights_V_4_reg_615">
<pin_list>
<pin id="616" dir="0" index="0" bw="17" slack="1"/>
<pin id="617" dir="1" index="1" bw="17" slack="1"/>
</pin_list>
<bind>
<opset="fc_layer1_weights_V_4 "/>
</bind>
</comp>

<comp id="620" class="1005" name="output_V_addr_12_reg_620">
<pin_list>
<pin id="621" dir="0" index="0" bw="7" slack="1"/>
<pin id="622" dir="1" index="1" bw="7" slack="1"/>
</pin_list>
<bind>
<opset="output_V_addr_12 "/>
</bind>
</comp>

<comp id="625" class="1005" name="fc_layer1_weights_V_6_reg_625">
<pin_list>
<pin id="626" dir="0" index="0" bw="17" slack="1"/>
<pin id="627" dir="1" index="1" bw="17" slack="1"/>
</pin_list>
<bind>
<opset="fc_layer1_weights_V_6 "/>
</bind>
</comp>

<comp id="630" class="1005" name="output_V_addr_13_reg_630">
<pin_list>
<pin id="631" dir="0" index="0" bw="7" slack="1"/>
<pin id="632" dir="1" index="1" bw="7" slack="1"/>
</pin_list>
<bind>
<opset="output_V_addr_13 "/>
</bind>
</comp>

<comp id="635" class="1005" name="i_8_3_reg_635">
<pin_list>
<pin id="636" dir="0" index="0" bw="7" slack="1"/>
<pin id="637" dir="1" index="1" bw="7" slack="1"/>
</pin_list>
<bind>
<opset="i_8_3 "/>
</bind>
</comp>

<comp id="640" class="1005" name="tmp_51_2_reg_640">
<pin_list>
<pin id="641" dir="0" index="0" bw="16" slack="1"/>
<pin id="642" dir="1" index="1" bw="16" slack="1"/>
</pin_list>
<bind>
<opset="tmp_51_2 "/>
</bind>
</comp>

<comp id="645" class="1005" name="tmp_51_3_reg_645">
<pin_list>
<pin id="646" dir="0" index="0" bw="16" slack="1"/>
<pin id="647" dir="1" index="1" bw="16" slack="1"/>
</pin_list>
<bind>
<opset="tmp_51_3 "/>
</bind>
</comp>

<comp id="653" class="1005" name="i_reg_653">
<pin_list>
<pin id="654" dir="0" index="0" bw="7" slack="0"/>
<pin id="655" dir="1" index="1" bw="7" slack="0"/>
</pin_list>
<bind>
<opset="i "/>
</bind>
</comp>

<comp id="658" class="1005" name="output_V_addr_5_reg_658">
<pin_list>
<pin id="659" dir="0" index="0" bw="7" slack="1"/>
<pin id="660" dir="1" index="1" bw="7" slack="1"/>
</pin_list>
<bind>
<opset="output_V_addr_5 "/>
</bind>
</comp>

</comp_list>

<net_list>
<net id="109"><net_src comp="40" pin="0"/><net_sink comp="106" pin=0"/></net>

<net id="114"><net_src comp="62" pin="0"/><net_sink comp="110" pin=0"/></net>

<net id="115"><net_src comp="2" pin="0"/><net_sink comp="110" pin=1"/></net>

<net id="121"><net_src comp="104" pin="0"/><net_sink comp="116" pin=0"/></net>

<net id="122"><net_src comp="0" pin="0"/><net_sink comp="116" pin=1"/></net>

<net id="128"><net_src comp="106" pin="1"/><net_sink comp="123" pin=0"/></net>

<net id="129"><net_src comp="42" pin="0"/><net_sink comp="123" pin=1"/></net>

<net id="130"><net_src comp="42" pin="0"/><net_sink comp="123" pin=2"/></net>

<net id="135"><net_src comp="44" pin="0"/><net_sink comp="131" pin=1"/></net>

<net id="136"><net_src comp="123" pin="3"/><net_sink comp="131" pin=0"/></net>

<net id="142"><net_src comp="4" pin="0"/><net_sink comp="137" pin=0"/></net>

<net id="143"><net_src comp="42" pin="0"/><net_sink comp="137" pin=1"/></net>

<net id="148"><net_src comp="137" pin="3"/><net_sink comp="144" pin=0"/></net>

<net id="154"><net_src comp="42" pin="0"/><net_sink comp="149" pin=1"/></net>

<net id="155"><net_src comp="149" pin="3"/><net_sink comp="131" pin=0"/></net>

<net id="161"><net_src comp="4" pin="0"/><net_sink comp="156" pin=0"/></net>

<net id="162"><net_src comp="42" pin="0"/><net_sink comp="156" pin=1"/></net>

<net id="166"><net_src comp="156" pin="3"/><net_sink comp="144" pin=3"/></net>

<net id="172"><net_src comp="42" pin="0"/><net_sink comp="167" pin=1"/></net>

<net id="176"><net_src comp="167" pin="3"/><net_sink comp="131" pin=3"/></net>

<net id="182"><net_src comp="4" pin="0"/><net_sink comp="177" pin=0"/></net>

<net id="183"><net_src comp="42" pin="0"/><net_sink comp="177" pin=1"/></net>

<net id="184"><net_src comp="177" pin="3"/><net_sink comp="144" pin=0"/></net>

<net id="190"><net_src comp="42" pin="0"/><net_sink comp="185" pin=1"/></net>

<net id="191"><net_src comp="185" pin="3"/><net_sink comp="131" pin=3"/></net>

<net id="197"><net_src comp="4" pin="0"/><net_sink comp="192" pin=0"/></net>

<net id="198"><net_src comp="42" pin="0"/><net_sink comp="192" pin=1"/></net>

<net id="199"><net_src comp="192" pin="3"/><net_sink comp="144" pin=3"/></net>

<net id="205"><net_src comp="42" pin="0"/><net_sink comp="200" pin=1"/></net>

<net id="206"><net_src comp="200" pin="3"/><net_sink comp="131" pin=0"/></net>

<net id="212"><net_src comp="42" pin="0"/><net_sink comp="207" pin=1"/></net>

<net id="213"><net_src comp="207" pin="3"/><net_sink comp="131" pin=3"/></net>

<net id="217"><net_src comp="46" pin="0"/><net_sink comp="214" pin=0"/></net>

<net id="224"><net_src comp="214" pin="1"/><net_sink comp="218" pin=2"/></net>

<net id="228"><net_src comp="66" pin="0"/><net_sink comp="225" pin=0"/></net>

<net id="235"><net_src comp="225" pin="1"/><net_sink comp="229" pin=0"/></net>

<net id="236"><net_src comp="229" pin="4"/><net_sink comp="225" pin=0"/></net>

<net id="240"><net_src comp="66" pin="0"/><net_sink comp="237" pin=0"/></net>

<net id="247"><net_src comp="237" pin="1"/><net_sink comp="241" pin=2"/></net>

<net id="252"><net_src comp="218" pin="4"/><net_sink comp="248" pin=0"/></net>

<net id="253"><net_src comp="48" pin="0"/><net_sink comp="248" pin=1"/></net>

<net id="258"><net_src comp="218" pin="4"/><net_sink comp="254" pin=0"/></net>

<net id="259"><net_src comp="54" pin="0"/><net_sink comp="254" pin=1"/></net>

<net id="265"><net_src comp="64" pin="0"/><net_sink comp="260" pin=0"/></net>

<net id="266"><net_src comp="218" pin="4"/><net_sink comp="260" pin=1"/></net>

<net id="267"><net_src comp="66" pin="0"/><net_sink comp="260" pin=2"/></net>

<net id="271"><net_src comp="260" pin="3"/><net_sink comp="268" pin=0"/></net>

<net id="277"><net_src comp="68" pin="0"/><net_sink comp="272" pin=0"/></net>

<net id="278"><net_src comp="218" pin="4"/><net_sink comp="272" pin=1"/></net>

<net id="279"><net_src comp="70" pin="0"/><net_sink comp="272" pin=2"/></net>

<net id="283"><net_src comp="272" pin="3"/><net_sink comp="280" pin=0"/></net>

<net id="288"><net_src comp="268" pin="1"/><net_sink comp="284" pin=0"/></net>

<net id="289"><net_src comp="280" pin="1"/><net_sink comp="284" pin=1"/></net>

<net id="293"><net_src comp="110" pin="2"/><net_sink comp="290" pin=0"/></net>

<net id="298"><net_src comp="229" pin="4"/><net_sink comp="294" pin=0"/></net>

<net id="299"><net_src comp="74" pin="0"/><net_sink comp="294" pin=1"/></net>

<net id="303"><net_src comp="229" pin="4"/><net_sink comp="300" pin=0"/></net>

<net id="304"><net_src comp="300" pin="1"/><net_sink comp="149" pin=2"/></net>

<net id="308"><net_src comp="229" pin="4"/><net_sink comp="305" pin=0"/></net>

<net id="313"><net_src comp="305" pin="1"/><net_sink comp="309" pin=0"/></net>

<net id="317"><net_src comp="309" pin="2"/><net_sink comp="314" pin=0"/></net>

<net id="318"><net_src comp="314" pin="1"/><net_sink comp="137" pin=2"/></net>

<net id="323"><net_src comp="229" pin="4"/><net_sink comp="319" pin=0"/></net>

<net id="324"><net_src comp="76" pin="0"/><net_sink comp="319" pin=1"/></net>

<net id="328"><net_src comp="319" pin="2"/><net_sink comp="325" pin=0"/></net>

<net id="329"><net_src comp="325" pin="1"/><net_sink comp="167" pin=2"/></net>

<net id="333"><net_src comp="319" pin="2"/><net_sink comp="330" pin=0"/></net>

<net id="338"><net_src comp="330" pin="1"/><net_sink comp="334" pin=0"/></net>

<net id="342"><net_src comp="334" pin="2"/><net_sink comp="339" pin=0"/></net>

<net id="343"><net_src comp="339" pin="1"/><net_sink comp="156" pin=2"/></net>

<net id="347"><net_src comp="144" pin="2"/><net_sink comp="344" pin=0"/></net>

<net id="353"><net_src comp="80" pin="0"/><net_sink comp="348" pin=0"/></net>

<net id="354"><net_src comp="131" pin="2"/><net_sink comp="348" pin=1"/></net>

<net id="355"><net_src comp="82" pin="0"/><net_sink comp="348" pin=2"/></net>

<net id="362"><net_src comp="84" pin="0"/><net_sink comp="356" pin=0"/></net>

<net id="363"><net_src comp="86" pin="0"/><net_sink comp="356" pin=2"/></net>

<net id="364"><net_src comp="88" pin="0"/><net_sink comp="356" pin=3"/></net>

<net id="368"><net_src comp="144" pin="5"/><net_sink comp="365" pin=0"/></net>

<net id="374"><net_src comp="80" pin="0"/><net_sink comp="369" pin=0"/></net>

<net id="375"><net_src comp="131" pin="5"/><net_sink comp="369" pin=1"/></net>

<net id="376"><net_src comp="82" pin="0"/><net_sink comp="369" pin=2"/></net>

<net id="383"><net_src comp="84" pin="0"/><net_sink comp="377" pin=0"/></net>

<net id="384"><net_src comp="86" pin="0"/><net_sink comp="377" pin=2"/></net>

<net id="385"><net_src comp="88" pin="0"/><net_sink comp="377" pin=3"/></net>

<net id="390"><net_src comp="225" pin="1"/><net_sink comp="386" pin=0"/></net>

<net id="391"><net_src comp="90" pin="0"/><net_sink comp="386" pin=1"/></net>

<net id="395"><net_src comp="386" pin="2"/><net_sink comp="392" pin=0"/></net>

<net id="396"><net_src comp="392" pin="1"/><net_sink comp="185" pin=2"/></net>

<net id="400"><net_src comp="386" pin="2"/><net_sink comp="397" pin=0"/></net>

<net id="405"><net_src comp="397" pin="1"/><net_sink comp="401" pin=0"/></net>

<net id="409"><net_src comp="401" pin="2"/><net_sink comp="406" pin=0"/></net>

<net id="410"><net_src comp="406" pin="1"/><net_sink comp="177" pin=2"/></net>

<net id="415"><net_src comp="225" pin="1"/><net_sink comp="411" pin=0"/></net>

<net id="416"><net_src comp="92" pin="0"/><net_sink comp="411" pin=1"/></net>

<net id="420"><net_src comp="411" pin="2"/><net_sink comp="417" pin=0"/></net>

<net id="421"><net_src comp="417" pin="1"/><net_sink comp="200" pin=2"/></net>

<net id="425"><net_src comp="411" pin="2"/><net_sink comp="422" pin=0"/></net>

<net id="430"><net_src comp="422" pin="1"/><net_sink comp="426" pin=0"/></net>

<net id="434"><net_src comp="426" pin="2"/><net_sink comp="431" pin=0"/></net>

<net id="435"><net_src comp="431" pin="1"/><net_sink comp="192" pin=2"/></net>

<net id="440"><net_src comp="225" pin="1"/><net_sink comp="436" pin=0"/></net>

<net id="441"><net_src comp="94" pin="0"/><net_sink comp="436" pin=1"/></net>

<net id="445"><net_src comp="144" pin="2"/><net_sink comp="442" pin=0"/></net>

<net id="451"><net_src comp="80" pin="0"/><net_sink comp="446" pin=0"/></net>

<net id="452"><net_src comp="131" pin="5"/><net_sink comp="446" pin=1"/></net>

<net id="453"><net_src comp="82" pin="0"/><net_sink comp="446" pin=2"/></net>

<net id="460"><net_src comp="84" pin="0"/><net_sink comp="454" pin=0"/></net>

<net id="461"><net_src comp="86" pin="0"/><net_sink comp="454" pin=2"/></net>

<net id="462"><net_src comp="88" pin="0"/><net_sink comp="454" pin=3"/></net>

<net id="466"><net_src comp="144" pin="5"/><net_sink comp="463" pin=0"/></net>

<net id="472"><net_src comp="80" pin="0"/><net_sink comp="467" pin=0"/></net>

<net id="473"><net_src comp="131" pin="2"/><net_sink comp="467" pin=1"/></net>

<net id="474"><net_src comp="82" pin="0"/><net_sink comp="467" pin=2"/></net>

<net id="481"><net_src comp="84" pin="0"/><net_sink comp="475" pin=0"/></net>

<net id="482"><net_src comp="86" pin="0"/><net_sink comp="475" pin=2"/></net>

<net id="483"><net_src comp="88" pin="0"/><net_sink comp="475" pin=3"/></net>

<net id="488"><net_src comp="241" pin="4"/><net_sink comp="484" pin=0"/></net>

<net id="489"><net_src comp="74" pin="0"/><net_sink comp="484" pin=1"/></net>

<net id="494"><net_src comp="241" pin="4"/><net_sink comp="490" pin=0"/></net>

<net id="495"><net_src comp="76" pin="0"/><net_sink comp="490" pin=1"/></net>

<net id="499"><net_src comp="241" pin="4"/><net_sink comp="496" pin=0"/></net>

<net id="500"><net_src comp="496" pin="1"/><net_sink comp="207" pin=2"/></net>

<net id="504"><net_src comp="131" pin="5"/><net_sink comp="501" pin=0"/></net>

<net id="509"><net_src comp="131" pin="5"/><net_sink comp="505" pin=0"/></net>

<net id="510"><net_src comp="44" pin="0"/><net_sink comp="505" pin=1"/></net>

<net id="516"><net_src comp="505" pin="2"/><net_sink comp="511" pin=0"/></net>

<net id="517"><net_src comp="501" pin="1"/><net_sink comp="511" pin=1"/></net>

<net id="518"><net_src comp="102" pin="0"/><net_sink comp="511" pin=2"/></net>

<net id="522"><net_src comp="511" pin="3"/><net_sink comp="519" pin=0"/></net>

<net id="523"><net_src comp="519" pin="1"/><net_sink comp="116" pin=2"/></net>

<net id="529"><net_src comp="344" pin="1"/><net_sink comp="524" pin=1"/></net>

<net id="530"><net_src comp="348" pin="3"/><net_sink comp="524" pin=2"/></net>

<net id="531"><net_src comp="524" pin="3"/><net_sink comp="356" pin=1"/></net>

<net id="537"><net_src comp="365" pin="1"/><net_sink comp="532" pin=1"/></net>

<net id="538"><net_src comp="369" pin="3"/><net_sink comp="532" pin=2"/></net>

<net id="539"><net_src comp="532" pin="3"/><net_sink comp="377" pin=1"/></net>

<net id="545"><net_src comp="442" pin="1"/><net_sink comp="540" pin=1"/></net>

<net id="546"><net_src comp="446" pin="3"/><net_sink comp="540" pin=2"/></net>

<net id="547"><net_src comp="540" pin="3"/><net_sink comp="454" pin=1"/></net>

<net id="553"><net_src comp="463" pin="1"/><net_sink comp="548" pin=1"/></net>

<net id="554"><net_src comp="467" pin="3"/><net_sink comp="548" pin=2"/></net>

<net id="555"><net_src comp="548" pin="3"/><net_sink comp="475" pin=1"/></net>

<net id="562"><net_src comp="254" pin="2"/><net_sink comp="559" pin=0"/></net>

<net id="563"><net_src comp="559" pin="1"/><net_sink comp="218" pin=0"/></net>

<net id="567"><net_src comp="284" pin="2"/><net_sink comp="564" pin=0"/></net>

<net id="568"><net_src comp="564" pin="1"/><net_sink comp="309" pin=1"/></net>

<net id="569"><net_src comp="564" pin="1"/><net_sink comp="334" pin=1"/></net>

<net id="570"><net_src comp="564" pin="1"/><net_sink comp="401" pin=1"/></net>

<net id="571"><net_src comp="564" pin="1"/><net_sink comp="426" pin=1"/></net>

<net id="575"><net_src comp="290" pin="1"/><net_sink comp="572" pin=0"/></net>

<net id="576"><net_src comp="572" pin="1"/><net_sink comp="524" pin=0"/></net>

<net id="577"><net_src comp="572" pin="1"/><net_sink comp="532" pin=0"/></net>

<net id="578"><net_src comp="572" pin="1"/><net_sink comp="540" pin=0"/></net>

<net id="579"><net_src comp="572" pin="1"/><net_sink comp="548" pin=0"/></net>

<net id="586"><net_src comp="137" pin="3"/><net_sink comp="583" pin=0"/></net>

<net id="587"><net_src comp="583" pin="1"/><net_sink comp="144" pin=0"/></net>

<net id="591"><net_src comp="149" pin="3"/><net_sink comp="588" pin=0"/></net>

<net id="592"><net_src comp="588" pin="1"/><net_sink comp="131" pin=0"/></net>

<net id="593"><net_src comp="588" pin="1"/><net_sink comp="131" pin=3"/></net>

<net id="597"><net_src comp="156" pin="3"/><net_sink comp="594" pin=0"/></net>

<net id="598"><net_src comp="594" pin="1"/><net_sink comp="144" pin=3"/></net>

<net id="602"><net_src comp="167" pin="3"/><net_sink comp="599" pin=0"/></net>

<net id="603"><net_src comp="599" pin="1"/><net_sink comp="131" pin=3"/></net>

<net id="604"><net_src comp="599" pin="1"/><net_sink comp="131" pin=0"/></net>

<net id="608"><net_src comp="356" pin="4"/><net_sink comp="605" pin=0"/></net>

<net id="609"><net_src comp="605" pin="1"/><net_sink comp="131" pin=4"/></net>

<net id="613"><net_src comp="377" pin="4"/><net_sink comp="610" pin=0"/></net>

<net id="614"><net_src comp="610" pin="1"/><net_sink comp="131" pin=1"/></net>

<net id="618"><net_src comp="177" pin="3"/><net_sink comp="615" pin=0"/></net>

<net id="619"><net_src comp="615" pin="1"/><net_sink comp="144" pin=0"/></net>

<net id="623"><net_src comp="185" pin="3"/><net_sink comp="620" pin=0"/></net>

<net id="624"><net_src comp="620" pin="1"/><net_sink comp="131" pin=3"/></net>

<net id="628"><net_src comp="192" pin="3"/><net_sink comp="625" pin=0"/></net>

<net id="629"><net_src comp="625" pin="1"/><net_sink comp="144" pin=3"/></net>

<net id="633"><net_src comp="200" pin="3"/><net_sink comp="630" pin=0"/></net>

<net id="634"><net_src comp="630" pin="1"/><net_sink comp="131" pin=0"/></net>

<net id="638"><net_src comp="436" pin="2"/><net_sink comp="635" pin=0"/></net>

<net id="639"><net_src comp="635" pin="1"/><net_sink comp="229" pin=2"/></net>

<net id="643"><net_src comp="454" pin="4"/><net_sink comp="640" pin=0"/></net>

<net id="644"><net_src comp="640" pin="1"/><net_sink comp="131" pin=4"/></net>

<net id="648"><net_src comp="475" pin="4"/><net_sink comp="645" pin=0"/></net>

<net id="649"><net_src comp="645" pin="1"/><net_sink comp="131" pin=1"/></net>

<net id="656"><net_src comp="490" pin="2"/><net_sink comp="653" pin=0"/></net>

<net id="657"><net_src comp="653" pin="1"/><net_sink comp="241" pin=0"/></net>

<net id="661"><net_src comp="207" pin="3"/><net_sink comp="658" pin=0"/></net>

<net id="662"><net_src comp="658" pin="1"/><net_sink comp="131" pin=3"/></net>

</net_list>

</model> 
---------------- Datapath Model END ------------------

* FSMD analyzer results:
  - Output states:
	Port: out_V_V | {8 }
 - Input state : 
	Port: fc_layer1 : in_V_V | {2 }
	Port: fc_layer1 : fc_layer1_weights_V | {3 4 5 }
  - Chain level:
	State 1
		output_V_addr : 1
		StgValue_13 : 2
	State 2
		exitcond3 : 1
		j_3 : 1
		StgValue_19 : 2
		tmp : 1
		p_shl_cast : 2
		tmp_20 : 1
		p_shl1_cast : 2
		tmp_21 : 3
	State 3
		exitcond2 : 1
		StgValue_34 : 2
		tmp_14 : 1
		tmp_14_cast : 1
		tmp_22 : 2
		tmp_25_cast : 3
		fc_layer1_weights_V_s : 4
		fc_layer1_weights_V_1 : 5
		output_V_addr_10 : 2
		output_V_load : 3
		i_8_s : 1
		tmp_46_1 : 1
		tmp_46_1_cast : 1
		tmp_23 : 2
		tmp_26_cast : 3
		fc_layer1_weights_V_2 : 4
		fc_layer1_weights_V_3 : 5
		output_V_addr_11 : 2
		output_V_load_7 : 3
	State 4
		tmp_18_cast : 1
		tmp_15 : 1
		tmp_493_cast : 2
		tmp_493_cast_cast : 3
		p_Val2_s : 4
		tmp_19 : 5
		tmp_20_cast : 1
		tmp_48_1 : 1
		tmp_493_1_cast : 2
		tmp_493_1_cast_cast : 3
		p_Val2_15_1 : 4
		tmp_51_1 : 5
		tmp_24 : 1
		tmp_27_cast : 2
		fc_layer1_weights_V_4 : 3
		fc_layer1_weights_V_5 : 4
		output_V_addr_12 : 1
		output_V_load_8 : 2
		tmp_25 : 1
		tmp_28_cast : 2
		fc_layer1_weights_V_6 : 3
		fc_layer1_weights_V_7 : 4
		output_V_addr_13 : 1
		output_V_load_9 : 2
	State 5
		tmp_21_cast : 1
		tmp_48_2 : 1
		tmp_493_2_cast : 2
		tmp_493_2_cast_cast : 3
		p_Val2_15_2 : 4
		tmp_51_2 : 5
		tmp_22_cast : 1
		tmp_48_3 : 1
		tmp_493_3_cast : 2
		tmp_493_3_cast_cast : 3
		p_Val2_15_3 : 4
		tmp_51_3 : 5
	State 6
	State 7
		exitcond : 1
		i : 1
		StgValue_115 : 2
		tmp_s : 1
		output_V_addr_5 : 2
		p_Val2_s_514 : 3
	State 8
		tmp_18 : 1
		tmp_i : 1
		tmp_V : 2
		tmp_V_3 : 3
		StgValue_126 : 4


============================================================
+ Verbose Summary: Datapath Resource usage 
============================================================

* Functional unit list:
|----------|---------------------------|---------|---------|---------|
| Operation|      Functional Unit      |  DSP48E |    FF   |   LUT   |
|----------|---------------------------|---------|---------|---------|
|          |         j_3_fu_254        |    0    |    0    |    17   |
|          |       tmp_22_fu_309       |    0    |    0    |    25   |
|          |       tmp_23_fu_334       |    0    |    0    |    25   |
|    add   |       tmp_24_fu_401       |    0    |    0    |    25   |
|          |       tmp_25_fu_426       |    0    |    0    |    25   |
|          |        i_8_3_fu_436       |    0    |    0    |    15   |
|          |          i_fu_490         |    0    |    0    |    15   |
|----------|---------------------------|---------|---------|---------|
|          |      exitcond3_fu_248     |    0    |    0    |    13   |
|   icmp   |      exitcond2_fu_294     |    0    |    0    |    11   |
|          |      exitcond_fu_484      |    0    |    0    |    11   |
|          |        tmp_i_fu_505       |    0    |    0    |    13   |
|----------|---------------------------|---------|---------|---------|
|    sub   |       tmp_21_fu_284       |    0    |    0    |    24   |
|----------|---------------------------|---------|---------|---------|
|  select  |        tmp_V_fu_511       |    0    |    0    |    15   |
|----------|---------------------------|---------|---------|---------|
|          |         grp_fu_524        |    1    |    0    |    0    |
|  muladd  |         grp_fu_532        |    1    |    0    |    0    |
|          |         grp_fu_540        |    1    |    0    |    0    |
|          |         grp_fu_548        |    1    |    0    |    0    |
|----------|---------------------------|---------|---------|---------|
|   read   |   tmp_V_714_read_fu_110   |    0    |    0    |    0    |
|----------|---------------------------|---------|---------|---------|
|   write  | StgValue_126_write_fu_116 |    0    |    0    |    0    |
|----------|---------------------------|---------|---------|---------|
|          |         tmp_fu_260        |    0    |    0    |    0    |
|          |       tmp_20_fu_272       |    0    |    0    |    0    |
|bitconcatenate|       tmp_15_fu_348       |    0    |    0    |    0    |
|          |      tmp_48_1_fu_369      |    0    |    0    |    0    |
|          |      tmp_48_2_fu_446      |    0    |    0    |    0    |
|          |      tmp_48_3_fu_467      |    0    |    0    |    0    |
|----------|---------------------------|---------|---------|---------|
|          |     p_shl_cast_fu_268     |    0    |    0    |    0    |
|          |     p_shl1_cast_fu_280    |    0    |    0    |    0    |
|          |       tmp_14_fu_300       |    0    |    0    |    0    |
|          |     tmp_14_cast_fu_305    |    0    |    0    |    0    |
|          |      tmp_46_1_fu_325      |    0    |    0    |    0    |
|   zext   |    tmp_46_1_cast_fu_330   |    0    |    0    |    0    |
|          |      tmp_46_2_fu_392      |    0    |    0    |    0    |
|          |    tmp_46_2_cast_fu_397   |    0    |    0    |    0    |
|          |      tmp_46_3_fu_417      |    0    |    0    |    0    |
|          |    tmp_46_3_cast_fu_422   |    0    |    0    |    0    |
|          |        tmp_s_fu_496       |    0    |    0    |    0    |
|          |       tmp_V_3_fu_519      |    0    |    0    |    0    |
|----------|---------------------------|---------|---------|---------|
|          |     tmp_17_cast_fu_290    |    0    |    0    |    0    |
|          |     tmp_25_cast_fu_314    |    0    |    0    |    0    |
|          |     tmp_26_cast_fu_339    |    0    |    0    |    0    |
|          |     tmp_18_cast_fu_344    |    0    |    0    |    0    |
|   sext   |     tmp_20_cast_fu_365    |    0    |    0    |    0    |
|          |     tmp_27_cast_fu_406    |    0    |    0    |    0    |
|          |     tmp_28_cast_fu_431    |    0    |    0    |    0    |
|          |     tmp_21_cast_fu_442    |    0    |    0    |    0    |
|          |     tmp_22_cast_fu_463    |    0    |    0    |    0    |
|----------|---------------------------|---------|---------|---------|
|          |        i_8_s_fu_319       |    0    |    0    |    0    |
|    or    |        i_8_1_fu_386       |    0    |    0    |    0    |
|          |        i_8_2_fu_411       |    0    |    0    |    0    |
|----------|---------------------------|---------|---------|---------|
|          |       tmp_19_fu_356       |    0    |    0    |    0    |
|partselect|      tmp_51_1_fu_377      |    0    |    0    |    0    |
|          |      tmp_51_2_fu_454      |    0    |    0    |    0    |
|          |      tmp_51_3_fu_475      |    0    |    0    |    0    |
|----------|---------------------------|---------|---------|---------|
|   trunc  |       tmp_18_fu_501       |    0    |    0    |    0    |
|----------|---------------------------|---------|---------|---------|
|   Total  |                           |    4    |    0    |   234   |
|----------|---------------------------|---------|---------|---------|

Memories:
+--------+--------+--------+--------+
|        |  BRAM  |   FF   |   LUT  |
+--------+--------+--------+--------+
|output_V|    1   |    0   |    0   |
+--------+--------+--------+--------+
|  Total |    1   |    0   |    0   |
+--------+--------+--------+--------+

* Register list:
+-----------------------------+--------+
|                             |   FF   |
+-----------------------------+--------+
|fc_layer1_weights_V_2_reg_594|   17   |
|fc_layer1_weights_V_4_reg_615|   17   |
|fc_layer1_weights_V_6_reg_625|   17   |
|fc_layer1_weights_V_s_reg_583|   17   |
|          i1_reg_237         |    7   |
|          i5_reg_225         |    7   |
|        i_8_3_reg_635        |    7   |
|          i_reg_653          |    7   |
|         j_3_reg_559         |   10   |
|          j_reg_214          |   10   |
|   output_V_addr_10_reg_588  |    7   |
|   output_V_addr_11_reg_599  |    7   |
|   output_V_addr_12_reg_620  |    7   |
|   output_V_addr_13_reg_630  |    7   |
|   output_V_addr_5_reg_658   |    7   |
|     tmp_17_cast_reg_572     |   27   |
|        tmp_19_reg_605       |   16   |
|        tmp_21_reg_564       |   18   |
|       tmp_51_1_reg_610      |   16   |
|       tmp_51_2_reg_640      |   16   |
|       tmp_51_3_reg_645      |   16   |
+-----------------------------+--------+
|            Total            |   260  |
+-----------------------------+--------+

* Multiplexer (MUX) list: 
|-------------------|------|------|------|--------||---------||---------|
|        Comp       |  Pin | Size |  BW  | S x BW ||  Delay  ||   LUT   |
|-------------------|------|------|------|--------||---------||---------|
| grp_access_fu_131 |  p0  |   6  |   7  |   42   ||    33   |
| grp_access_fu_131 |  p1  |   3  |  16  |   48   ||    15   |
| grp_access_fu_131 |  p3  |   7  |   7  |   49   ||    38   |
| grp_access_fu_131 |  p4  |   2  |  16  |   32   ||    9    |
| grp_access_fu_144 |  p0  |   4  |  17  |   68   ||    21   |
| grp_access_fu_144 |  p3  |   4  |  17  |   68   ||    21   |
|     i5_reg_225    |  p0  |   2  |   7  |   14   ||    9    |
|-------------------|------|------|------|--------||---------||---------|
|       Total       |      |      |      |   321  || 13.0024 ||   146   |
|-------------------|------|------|------|--------||---------||---------|



* Summary:
+-----------+--------+--------+--------+--------+--------+
|           |  BRAM  | DSP48E |  Delay |   FF   |   LUT  |
+-----------+--------+--------+--------+--------+--------+
|  Function |    -   |    4   |    -   |    0   |   234  |
|   Memory  |    1   |    -   |    -   |    0   |    0   |
|Multiplexer|    -   |    -   |   13   |    -   |   146  |
|  Register |    -   |    -   |    -   |   260  |    -   |
+-----------+--------+--------+--------+--------+--------+
|   Total   |    1   |    4   |   13   |   260  |   380  |
+-----------+--------+--------+--------+--------+--------+
