

================================================================
== Vivado HLS Report for 'conv_layer2'
================================================================
* Date:           Mon May 14 14:54:22 2018

* Version:        2017.4.1 (Build 2117188 on Tue Jan 30 15:53:01 MST 2018)
* Project:        nnet_unroll
* Solution:       solution1
* Product family: zynq
* Target device:  xc7z020clg400-1


================================================================
== Performance Estimates
================================================================
+ Timing (ns): 
    * Summary: 
    +--------+-------+----------+------------+
    |  Clock | Target| Estimated| Uncertainty|
    +--------+-------+----------+------------+
    |ap_clk  |  10.00|      8.45|        1.25|
    +--------+-------+----------+------------+

+ Latency (clock cycles): 
    * Summary: 
    +-------+-------+-------+-------+---------+
    |    Latency    |    Interval   | Pipeline|
    |  min  |  max  |  min  |  max  |   Type  |
    +-------+-------+-------+-------+---------+
    |  43270|  43270|  43270|  43270|   none  |
    +-------+-------+-------+-------+---------+

    + Detail: 
        * Instance: 
        N/A

        * Loop: 
        +--------------------------+-------+-------+----------+-----------+-----------+------+----------+
        |                          |    Latency    | Iteration|  Initiation Interval  | Trip |          |
        |         Loop Name        |  min  |  max  |  Latency |  achieved |   target  | Count| Pipelined|
        +--------------------------+-------+-------+----------+-----------+-----------+------+----------+
        |- L_L_conv_layer2_label5  |  43268|  43268|        21|         16|          1|  2704|    yes   |
        +--------------------------+-------+-------+----------+-----------+-----------+------+----------+



================================================================
== Utilization Estimates
================================================================
* Summary: 
+-----------------+---------+-------+--------+-------+
|       Name      | BRAM_18K| DSP48E|   FF   |  LUT  |
+-----------------+---------+-------+--------+-------+
|DSP              |        -|     32|       -|      -|
|Expression       |        -|      -|       0|   3901|
|FIFO             |        -|      -|       -|      -|
|Instance         |        -|      -|       -|      -|
|Memory           |        0|      -|     628|    165|
|Multiplexer      |        -|      -|       -|    422|
|Register         |        -|      -|    2939|      -|
+-----------------+---------+-------+--------+-------+
|Total            |        0|     32|    3567|   4488|
+-----------------+---------+-------+--------+-------+
|Available        |      280|    220|  106400|  53200|
+-----------------+---------+-------+--------+-------+
|Utilization (%)  |        0|     14|       3|      8|
+-----------------+---------+-------+--------+-------+

+ Detail: 
    * Instance: 
    N/A

    * DSP48: 
    +--------------------------+----------------------+-----------+
    |         Instance         |        Module        | Expression|
    +--------------------------+----------------------+-----------+
    |nnet_mul_mul_19s_0iy_U39  |nnet_mul_mul_19s_0iy  |  i0 * i1  |
    |nnet_mul_mul_19s_0iy_U40  |nnet_mul_mul_19s_0iy  |  i0 * i1  |
    |nnet_mul_mul_19s_0iy_U41  |nnet_mul_mul_19s_0iy  |  i0 * i1  |
    |nnet_mul_mul_19s_0iy_U42  |nnet_mul_mul_19s_0iy  |  i0 * i1  |
    |nnet_mul_mul_19s_0iy_U43  |nnet_mul_mul_19s_0iy  |  i0 * i1  |
    |nnet_mul_mul_19s_0iy_U44  |nnet_mul_mul_19s_0iy  |  i0 * i1  |
    |nnet_mul_mul_19s_0iy_U45  |nnet_mul_mul_19s_0iy  |  i0 * i1  |
    |nnet_mul_mul_19s_0iy_U46  |nnet_mul_mul_19s_0iy  |  i0 * i1  |
    |nnet_mul_mul_19s_0iy_U47  |nnet_mul_mul_19s_0iy  |  i0 * i1  |
    |nnet_mul_mul_19s_0iy_U48  |nnet_mul_mul_19s_0iy  |  i0 * i1  |
    |nnet_mul_mul_19s_0iy_U49  |nnet_mul_mul_19s_0iy  |  i0 * i1  |
    |nnet_mul_mul_19s_0iy_U50  |nnet_mul_mul_19s_0iy  |  i0 * i1  |
    |nnet_mul_mul_19s_0iy_U51  |nnet_mul_mul_19s_0iy  |  i0 * i1  |
    |nnet_mul_mul_19s_0iy_U52  |nnet_mul_mul_19s_0iy  |  i0 * i1  |
    |nnet_mul_mul_19s_0iy_U53  |nnet_mul_mul_19s_0iy  |  i0 * i1  |
    |nnet_mul_mul_19s_0iy_U54  |nnet_mul_mul_19s_0iy  |  i0 * i1  |
    |nnet_mul_mul_19s_0iy_U55  |nnet_mul_mul_19s_0iy  |  i0 * i1  |
    |nnet_mul_mul_19s_0iy_U56  |nnet_mul_mul_19s_0iy  |  i0 * i1  |
    |nnet_mul_mul_19s_0iy_U57  |nnet_mul_mul_19s_0iy  |  i0 * i1  |
    |nnet_mul_mul_19s_0iy_U58  |nnet_mul_mul_19s_0iy  |  i0 * i1  |
    |nnet_mul_mul_19s_0iy_U59  |nnet_mul_mul_19s_0iy  |  i0 * i1  |
    |nnet_mul_mul_19s_0iy_U60  |nnet_mul_mul_19s_0iy  |  i0 * i1  |
    |nnet_mul_mul_19s_0iy_U61  |nnet_mul_mul_19s_0iy  |  i0 * i1  |
    |nnet_mul_mul_19s_0iy_U62  |nnet_mul_mul_19s_0iy  |  i0 * i1  |
    |nnet_mul_mul_19s_0iy_U63  |nnet_mul_mul_19s_0iy  |  i0 * i1  |
    |nnet_mul_mul_19s_0iy_U64  |nnet_mul_mul_19s_0iy  |  i0 * i1  |
    |nnet_mul_mul_19s_0iy_U65  |nnet_mul_mul_19s_0iy  |  i0 * i1  |
    |nnet_mul_mul_19s_0iy_U66  |nnet_mul_mul_19s_0iy  |  i0 * i1  |
    |nnet_mul_mul_19s_0iy_U67  |nnet_mul_mul_19s_0iy  |  i0 * i1  |
    |nnet_mul_mul_19s_0iy_U68  |nnet_mul_mul_19s_0iy  |  i0 * i1  |
    |nnet_mul_mul_19s_0iy_U69  |nnet_mul_mul_19s_0iy  |  i0 * i1  |
    |nnet_mul_mul_19s_0iy_U70  |nnet_mul_mul_19s_0iy  |  i0 * i1  |
    +--------------------------+----------------------+-----------+

    * Memory: 
    +--------------------------+----------------------+---------+----+----+------+-----+------+-------------+
    |          Memory          |        Module        | BRAM_18K| FF | LUT| Words| Bits| Banks| W*Bits*Banks|
    +--------------------------+----------------------+---------+----+----+------+-----+------+-------------+
    |conv_layer2_weights_49_U  |conv_layer2_conv_Aem  |        0|  19|   5|    16|   19|     1|          304|
    |conv_layer2_weights_47_U  |conv_layer2_conv_Bew  |        0|  19|   5|    16|   19|     1|          304|
    |conv_layer2_weights_45_U  |conv_layer2_conv_CeG  |        0|  19|   5|    16|   19|     1|          304|
    |conv_layer2_weights_43_U  |conv_layer2_conv_DeQ  |        0|  19|   5|    16|   19|     1|          304|
    |conv_layer2_weights_41_U  |conv_layer2_conv_Ee0  |        0|  19|   5|    16|   19|     1|          304|
    |conv_layer2_weights_39_U  |conv_layer2_conv_Ffa  |        0|  19|   5|    16|   19|     1|          304|
    |conv_layer2_weights_37_U  |conv_layer2_conv_Gfk  |        0|  19|   5|    16|   19|     1|          304|
    |conv_layer2_weights_35_U  |conv_layer2_conv_Hfu  |        0|  19|   5|    16|   19|     1|          304|
    |conv_layer2_weights_33_U  |conv_layer2_conv_IfE  |        0|  19|   5|    16|   19|     1|          304|
    |conv_layer2_weights_31_U  |conv_layer2_conv_JfO  |        0|  19|   5|    16|   19|     1|          304|
    |conv_layer2_weights_29_U  |conv_layer2_conv_KfY  |        0|  19|   5|    16|   19|     1|          304|
    |conv_layer2_weights_27_U  |conv_layer2_conv_Lf8  |        0|  19|   5|    16|   19|     1|          304|
    |conv_layer2_weights_25_U  |conv_layer2_conv_Mgi  |        0|  19|   5|    16|   19|     1|          304|
    |conv_layer2_weights_23_U  |conv_layer2_conv_Ngs  |        0|  19|   5|    16|   19|     1|          304|
    |conv_layer2_weights_21_U  |conv_layer2_conv_OgC  |        0|  19|   5|    16|   19|     1|          304|
    |conv_layer2_weights_19_U  |conv_layer2_conv_PgM  |        0|  19|   5|    16|   19|     1|          304|
    |conv_layer2_weights_17_U  |conv_layer2_conv_QgW  |        0|  19|   5|    16|   19|     1|          304|
    |conv_layer2_weights_15_U  |conv_layer2_conv_Rg6  |        0|  19|   5|    16|   19|     1|          304|
    |conv_layer2_weights_13_U  |conv_layer2_conv_Shg  |        0|  19|   5|    16|   19|     1|          304|
    |conv_layer2_weights_11_U  |conv_layer2_conv_Thq  |        0|  19|   5|    16|   19|     1|          304|
    |conv_layer2_weights_9_U   |conv_layer2_conv_UhA  |        0|  19|   5|    16|   19|     1|          304|
    |conv_layer2_weights_7_U   |conv_layer2_conv_VhK  |        0|  19|   5|    16|   19|     1|          304|
    |conv_layer2_weights_5_U   |conv_layer2_conv_WhU  |        0|  19|   5|    16|   19|     1|          304|
    |conv_layer2_weights_3_U   |conv_layer2_conv_Xh4  |        0|  19|   5|    16|   19|     1|          304|
    |conv_layer2_weights_1_U   |conv_layer2_conv_Yie  |        0|  19|   5|    16|   19|     1|          304|
    |conv_layer2_bias_V_U      |conv_layer2_conv_Zio  |        0|  20|   5|    16|   20|     1|          320|
    |conv_layer2_weights_63_U  |conv_layer2_conv_tde  |        0|  19|   5|    16|   19|     1|          304|
    |conv_layer2_weights_61_U  |conv_layer2_conv_udo  |        0|  19|   5|    16|   19|     1|          304|
    |conv_layer2_weights_59_U  |conv_layer2_conv_vdy  |        0|  19|   5|    16|   19|     1|          304|
    |conv_layer2_weights_57_U  |conv_layer2_conv_wdI  |        0|  19|   5|    16|   19|     1|          304|
    |conv_layer2_weights_55_U  |conv_layer2_conv_xdS  |        0|  19|   5|    16|   19|     1|          304|
    |conv_layer2_weights_53_U  |conv_layer2_conv_yd2  |        0|  19|   5|    16|   19|     1|          304|
    |conv_layer2_weights_51_U  |conv_layer2_conv_zec  |        0|  19|   5|    16|   19|     1|          304|
    +--------------------------+----------------------+---------+----+----+------+-----+------+-------------+
    |Total                     |                      |        0| 628| 165|   528|  628|    33|        10048|
    +--------------------------+----------------------+---------+----+----+------+-----+------+-------------+

    * FIFO: 
    N/A

    * Expression: 
    +----------------------------------+----------+-------+---+----+------------+------------+
    |           Variable Name          | Operation| DSP48E| FF| LUT| Bitwidth P0| Bitwidth P1|
    +----------------------------------+----------+-------+---+----+------------+------------+
    |contor_4_dup_fu_1157_p2           |     +    |      0|  0|  39|          32|           8|
    |filter_1_fu_2947_p2               |     +    |      0|  0|  15|           5|           1|
    |i_5_fu_983_p2                     |     +    |      0|  0|  13|           4|           1|
    |i_5_mid1_fu_1201_p2               |     +    |      0|  0|  13|           4|           2|
    |indvar_flatten_next1_fu_1151_p2   |     +    |      0|  0|  19|          12|           1|
    |indvar_flatten_op_fu_1795_p2      |     +    |      0|  0|  16|           9|           1|
    |j_5_fu_1491_p2                    |     +    |      0|  0|  13|           4|           1|
    |p_Val2_20_0_0_1_fu_1954_p2        |     +    |      0|  0|  51|          44|          44|
    |p_Val2_20_0_0_2_fu_2013_p2        |     +    |      0|  0|  51|          44|          44|
    |p_Val2_20_0_0_3_fu_2040_p2        |     +    |      0|  0|  51|          44|          44|
    |p_Val2_20_0_0_4_fu_2096_p2        |     +    |      0|  0|  51|          44|          44|
    |p_Val2_20_0_0_5_fu_2123_p2        |     +    |      0|  0|  51|          44|          44|
    |p_Val2_20_0_0_6_fu_2179_p2        |     +    |      0|  0|  51|          44|          44|
    |p_Val2_20_0_0_7_fu_2206_p2        |     +    |      0|  0|  51|          44|          44|
    |p_Val2_20_0_1_1_fu_2289_p2        |     +    |      0|  0|  51|          44|          44|
    |p_Val2_20_0_1_2_fu_2348_p2        |     +    |      0|  0|  51|          44|          44|
    |p_Val2_20_0_1_3_fu_2375_p2        |     +    |      0|  0|  51|          44|          44|
    |p_Val2_20_0_1_4_fu_2443_p2        |     +    |      0|  0|  51|          44|          44|
    |p_Val2_20_0_1_5_fu_2470_p2        |     +    |      0|  0|  51|          44|          44|
    |p_Val2_20_0_1_6_fu_2538_p2        |     +    |      0|  0|  51|          44|          44|
    |p_Val2_20_0_1_7_fu_2565_p2        |     +    |      0|  0|  51|          44|          44|
    |p_Val2_20_0_1_fu_2262_p2          |     +    |      0|  0|  51|          44|          44|
    |p_Val2_20_1_0_1_fu_2660_p2        |     +    |      0|  0|  51|          44|          44|
    |p_Val2_20_1_0_2_fu_2719_p2        |     +    |      0|  0|  51|          44|          44|
    |p_Val2_20_1_0_3_fu_2746_p2        |     +    |      0|  0|  51|          44|          44|
    |p_Val2_20_1_0_4_fu_2802_p2        |     +    |      0|  0|  51|          44|          44|
    |p_Val2_20_1_0_5_fu_2829_p2        |     +    |      0|  0|  51|          44|          44|
    |p_Val2_20_1_0_6_fu_2885_p2        |     +    |      0|  0|  51|          44|          44|
    |p_Val2_20_1_0_7_fu_2912_p2        |     +    |      0|  0|  51|          44|          44|
    |p_Val2_20_1_1_1_fu_3005_p2        |     +    |      0|  0|  51|          44|          44|
    |p_Val2_20_1_1_2_fu_3045_p2        |     +    |      0|  0|  51|          44|          44|
    |p_Val2_20_1_1_3_fu_3072_p2        |     +    |      0|  0|  51|          44|          44|
    |p_Val2_20_1_1_4_fu_3112_p2        |     +    |      0|  0|  51|          44|          44|
    |p_Val2_20_1_1_5_fu_3139_p2        |     +    |      0|  0|  51|          44|          44|
    |p_Val2_20_1_1_6_fu_3179_p2        |     +    |      0|  0|  51|          44|          44|
    |p_Val2_20_1_1_7_fu_3206_p2        |     +    |      0|  0|  51|          44|          44|
    |p_Val2_20_1_1_fu_2978_p2          |     +    |      0|  0|  51|          44|          44|
    |p_Val2_20_1_fu_2633_p2            |     +    |      0|  0|  51|          44|          44|
    |p_Val2_cast_31_fu_3244_p2         |     +    |      0|  0|  30|          23|          23|
    |p_Val2_s_30_fu_3238_p2            |     +    |      0|  0|  31|          24|          24|
    |tmp_19_fu_2942_p2                 |     +    |      0|  0|  39|          32|           1|
    |tmp_21_fu_1031_p2                 |     +    |      0|  0|  19|          12|          12|
    |tmp_6913_0_1_fu_1037_p2           |     +    |      0|  0|  13|           4|           1|
    |tmp_6913_0_1_mid1_fu_1551_p2      |     +    |      0|  0|  13|           4|           2|
    |tmp_73_0_1_fu_1055_p2             |     +    |      0|  0|  19|          12|          12|
    |tmp_73_0_1_mid1_fu_1569_p2        |     +    |      0|  0|  19|          12|          12|
    |tmp_73_1_1_fu_1103_p2             |     +    |      0|  0|  19|          12|          12|
    |tmp_73_1_1_mid1_fu_1681_p2        |     +    |      0|  0|  19|          12|          12|
    |tmp_73_1_fu_1097_p2               |     +    |      0|  0|  19|          12|          12|
    |tmp_73_1_mid1_fu_1667_p2          |     +    |      0|  0|  19|          12|          12|
    |tmp_73_mid1_fu_1537_p2            |     +    |      0|  0|  19|          12|          12|
    |tmp_dup_fu_1497_p2                |     +    |      0|  0|  39|          32|           5|
    |tmp_16_fu_977_p2                  |     -    |      0|  0|  19|          12|          12|
    |tmp_67_1_fu_1013_p2               |     -    |      0|  0|  19|          12|          12|
    |tmp_67_1_mid1_fu_1231_p2          |     -    |      0|  0|  19|          12|          12|
    |exitcond1_mid_fu_1469_p2          |    and   |      0|  0|   8|           1|           1|
    |exitcond_flatten1_fu_1145_p2      |   icmp   |      0|  0|  13|          12|          12|
    |exitcond_flatten_fu_1163_p2       |   icmp   |      0|  0|  13|           9|           8|
    |exitcond_fu_1463_p2               |   icmp   |      0|  0|  11|           5|           6|
    |tmp_i_fu_3254_p2                  |   icmp   |      0|  0|  18|          24|           1|
    |tmp_73_0_1_2_fu_1061_p2           |    or    |      0|  0|  19|          12|           2|
    |tmp_73_0_1_2_mid1_fu_1583_p2      |    or    |      0|  0|  19|          12|           2|
    |tmp_73_0_1_2_mid_fu_1267_p2       |    or    |      0|  0|  19|          12|           4|
    |tmp_73_0_1_3_fu_1067_p2           |    or    |      0|  0|  19|          12|           2|
    |tmp_73_0_1_3_mid1_fu_1597_p2      |    or    |      0|  0|  19|          12|           2|
    |tmp_73_0_1_3_mid_fu_1281_p2       |    or    |      0|  0|  19|          12|           4|
    |tmp_73_0_1_4_fu_1073_p2           |    or    |      0|  0|  19|          12|           3|
    |tmp_73_0_1_4_mid1_fu_1611_p2      |    or    |      0|  0|  19|          12|           3|
    |tmp_73_0_1_4_mid_fu_1295_p2       |    or    |      0|  0|  19|          12|           4|
    |tmp_73_0_1_5_fu_1079_p2           |    or    |      0|  0|  19|          12|           3|
    |tmp_73_0_1_5_mid1_fu_1625_p2      |    or    |      0|  0|  19|          12|           3|
    |tmp_73_0_1_5_mid_fu_1309_p2       |    or    |      0|  0|  19|          12|           4|
    |tmp_73_0_1_6_fu_1085_p2           |    or    |      0|  0|  19|          12|           3|
    |tmp_73_0_1_6_mid1_fu_1639_p2      |    or    |      0|  0|  19|          12|           3|
    |tmp_73_0_1_6_mid_fu_1323_p2       |    or    |      0|  0|  19|          12|           4|
    |tmp_73_0_1_7_fu_1091_p2           |    or    |      0|  0|  19|          12|           3|
    |tmp_73_0_1_7_mid1_fu_1653_p2      |    or    |      0|  0|  19|          12|           3|
    |tmp_73_0_1_7_mid_fu_1337_p2       |    or    |      0|  0|  19|          12|           4|
    |tmp_73_0_1_mid_fu_1253_p2         |    or    |      0|  0|  19|          12|           4|
    |tmp_73_1_1_2_fu_1109_p2           |    or    |      0|  0|  19|          12|           2|
    |tmp_73_1_1_2_mid1_fu_1695_p2      |    or    |      0|  0|  19|          12|           2|
    |tmp_73_1_1_2_mid_fu_1373_p2       |    or    |      0|  0|  19|          12|           4|
    |tmp_73_1_1_3_fu_1115_p2           |    or    |      0|  0|  19|          12|           2|
    |tmp_73_1_1_3_mid1_fu_1709_p2      |    or    |      0|  0|  19|          12|           2|
    |tmp_73_1_1_3_mid_fu_1387_p2       |    or    |      0|  0|  19|          12|           4|
    |tmp_73_1_1_4_fu_1121_p2           |    or    |      0|  0|  19|          12|           3|
    |tmp_73_1_1_4_mid1_fu_1723_p2      |    or    |      0|  0|  19|          12|           3|
    |tmp_73_1_1_4_mid_fu_1401_p2       |    or    |      0|  0|  19|          12|           4|
    |tmp_73_1_1_5_fu_1127_p2           |    or    |      0|  0|  19|          12|           3|
    |tmp_73_1_1_5_mid1_fu_1737_p2      |    or    |      0|  0|  19|          12|           3|
    |tmp_73_1_1_5_mid_fu_1415_p2       |    or    |      0|  0|  19|          12|           4|
    |tmp_73_1_1_6_fu_1133_p2           |    or    |      0|  0|  19|          12|           3|
    |tmp_73_1_1_6_mid1_fu_1751_p2      |    or    |      0|  0|  19|          12|           3|
    |tmp_73_1_1_6_mid_fu_1429_p2       |    or    |      0|  0|  19|          12|           4|
    |tmp_73_1_1_7_fu_1139_p2           |    or    |      0|  0|  19|          12|           3|
    |tmp_73_1_1_7_mid1_fu_1765_p2      |    or    |      0|  0|  19|          12|           3|
    |tmp_73_1_1_7_mid_fu_1443_p2       |    or    |      0|  0|  19|          12|           4|
    |tmp_73_1_1_mid_fu_1359_p2         |    or    |      0|  0|  19|          12|           4|
    |tmp_74_0_0_1_mid2_v_fu_1817_p2    |    or    |      0|  0|  39|          32|           1|
    |tmp_74_0_0_2_mid2_v_s_fu_1833_p2  |    or    |      0|  0|  19|          12|           2|
    |tmp_74_0_0_3_mid2_v_s_fu_1847_p2  |    or    |      0|  0|  19|          12|           2|
    |tmp_74_0_0_4_mid2_v_s_fu_1861_p2  |    or    |      0|  0|  19|          12|           3|
    |tmp_74_0_0_5_mid2_v_s_fu_1875_p2  |    or    |      0|  0|  19|          12|           3|
    |tmp_74_0_0_6_mid2_v_s_fu_1912_p2  |    or    |      0|  0|  19|          12|           3|
    |tmp_74_0_0_7_mid2_v_s_fu_1926_p2  |    or    |      0|  0|  19|          12|           3|
    |tmp_74_0_1_1_mid2_v_fu_1992_p2    |    or    |      0|  0|  39|          32|           1|
    |tmp_74_1_0_1_mid2_v_fu_2327_p2    |    or    |      0|  0|  39|          32|           1|
    |tmp_74_1_0_2_mid2_v_s_fu_2405_p2  |    or    |      0|  0|  19|          12|           2|
    |tmp_74_1_0_3_mid2_v_s_fu_2419_p2  |    or    |      0|  0|  19|          12|           2|
    |tmp_74_1_0_4_mid2_v_s_fu_2500_p2  |    or    |      0|  0|  19|          12|           3|
    |tmp_74_1_0_5_mid2_v_s_fu_2514_p2  |    or    |      0|  0|  19|          12|           3|
    |tmp_74_1_0_6_mid2_v_s_fu_2595_p2  |    or    |      0|  0|  19|          12|           3|
    |tmp_74_1_0_7_mid2_v_s_fu_2609_p2  |    or    |      0|  0|  19|          12|           3|
    |tmp_74_1_1_1_mid2_v_fu_2698_p2    |    or    |      0|  0|  39|          32|           1|
    |tmp_fu_1503_p2                    |    or    |      0|  0|   8|           1|           1|
    |a_V_i_fu_3259_p3                  |  select  |      0|  0|  23|           1|          23|
    |contor_1_mid2_fu_1787_p3          |  select  |      0|  0|  32|           1|          32|
    |contor_1_mid_fu_1177_p3           |  select  |      0|  0|  32|           1|          32|
    |contor_2_mid2_fu_1517_p3          |  select  |      0|  0|  32|           1|          32|
    |contor_2_mid_fu_1185_p3           |  select  |      0|  0|  32|           1|          32|
    |contor_mid2_fu_1483_p3            |  select  |      0|  0|  32|           1|          32|
    |filter_mid2_fu_1509_p3            |  select  |      0|  0|   5|           1|           1|
    |i_mid2_fu_1475_p3                 |  select  |      0|  0|   4|           1|           4|
    |indvar_flatten_next_fu_1801_p3    |  select  |      0|  0|   9|           1|           1|
    |j_mid2_fu_1779_p3                 |  select  |      0|  0|   4|           1|           4|
    |j_mid_fu_1169_p3                  |  select  |      0|  0|   4|           1|           1|
    |tmp_16_mid2_fu_1193_p3            |  select  |      0|  0|  12|           1|          12|
    |tmp_67_1_mid2_fu_1237_p3          |  select  |      0|  0|  12|           1|          12|
    |tmp_74_0_1_2_mid2_v_s_fu_1589_p3  |  select  |      0|  0|  12|           1|          12|
    |tmp_74_0_1_2_mid_fu_1273_p3       |  select  |      0|  0|  12|           1|          12|
    |tmp_74_0_1_3_mid2_v_s_fu_1603_p3  |  select  |      0|  0|  12|           1|          12|
    |tmp_74_0_1_3_mid_fu_1287_p3       |  select  |      0|  0|  12|           1|          12|
    |tmp_74_0_1_4_mid2_v_s_fu_1617_p3  |  select  |      0|  0|  12|           1|          12|
    |tmp_74_0_1_4_mid_fu_1301_p3       |  select  |      0|  0|  12|           1|          12|
    |tmp_74_0_1_5_mid2_v_s_fu_1631_p3  |  select  |      0|  0|  12|           1|          12|
    |tmp_74_0_1_5_mid_fu_1315_p3       |  select  |      0|  0|  12|           1|          12|
    |tmp_74_0_1_6_mid2_v_s_fu_1645_p3  |  select  |      0|  0|  12|           1|          12|
    |tmp_74_0_1_6_mid_fu_1329_p3       |  select  |      0|  0|  12|           1|          12|
    |tmp_74_0_1_7_mid2_v_s_fu_1659_p3  |  select  |      0|  0|  12|           1|          12|
    |tmp_74_0_1_7_mid_fu_1343_p3       |  select  |      0|  0|  12|           1|          12|
    |tmp_74_0_1_mid2110_v_fu_1259_p3   |  select  |      0|  0|  12|           1|          12|
    |tmp_74_0_1_mid2_v_v_fu_1575_p3    |  select  |      0|  0|  12|           1|          12|
    |tmp_74_1_1_2_mid2_v_s_fu_1701_p3  |  select  |      0|  0|  12|           1|          12|
    |tmp_74_1_1_2_mid_fu_1379_p3       |  select  |      0|  0|  12|           1|          12|
    |tmp_74_1_1_3_mid2_v_s_fu_1715_p3  |  select  |      0|  0|  12|           1|          12|
    |tmp_74_1_1_3_mid_fu_1393_p3       |  select  |      0|  0|  12|           1|          12|
    |tmp_74_1_1_4_mid2_v_s_fu_1729_p3  |  select  |      0|  0|  12|           1|          12|
    |tmp_74_1_1_4_mid_fu_1407_p3       |  select  |      0|  0|  12|           1|          12|
    |tmp_74_1_1_5_mid2_v_s_fu_1743_p3  |  select  |      0|  0|  12|           1|          12|
    |tmp_74_1_1_5_mid_fu_1421_p3       |  select  |      0|  0|  12|           1|          12|
    |tmp_74_1_1_6_mid2_v_s_fu_1757_p3  |  select  |      0|  0|  12|           1|          12|
    |tmp_74_1_1_6_mid_fu_1435_p3       |  select  |      0|  0|  12|           1|          12|
    |tmp_74_1_1_7_mid2_v_s_fu_1771_p3  |  select  |      0|  0|  12|           1|          12|
    |tmp_74_1_1_7_mid_fu_1449_p3       |  select  |      0|  0|  12|           1|          12|
    |tmp_74_1_1_mid2202_v_fu_1365_p3   |  select  |      0|  0|  12|           1|          12|
    |tmp_74_1_1_mid2_v_v_fu_1687_p3    |  select  |      0|  0|  12|           1|          12|
    |tmp_74_1_mid2156_v_v_fu_1351_p3   |  select  |      0|  0|  12|           1|          12|
    |tmp_74_1_mid2_v_v_fu_1673_p3      |  select  |      0|  0|  12|           1|          12|
    |tmp_74_mid256_v_v_fu_1245_p3      |  select  |      0|  0|  12|           1|          12|
    |tmp_74_mid2_v_v_fu_1543_p3        |  select  |      0|  0|  12|           1|          12|
    |ap_enable_pp0                     |    xor   |      0|  0|   8|           1|           2|
    |ap_enable_reg_pp0_iter1           |    xor   |      0|  0|   8|           2|           1|
    |not_exitcond_flatten_fu_1457_p2   |    xor   |      0|  0|   8|           1|           2|
    +----------------------------------+----------+-------+---+----+------------+------------+
    |Total                             |          |      0|  0|3901|        2514|        2359|
    +----------------------------------+----------+-------+---+----+------------+------------+

    * Multiplexer: 
    +------------------------------------------+----+-----------+-----+-----------+
    |                   Name                   | LUT| Input Size| Bits| Total Bits|
    +------------------------------------------+----+-----------+-----+-----------+
    |ap_NS_fsm                                 |  93|         19|    1|         19|
    |ap_enable_reg_pp0_iter1                   |  15|          3|    1|          3|
    |ap_phi_mux_contor_1_phi_fu_916_p4         |   9|          2|   32|         64|
    |ap_phi_mux_contor_2_phi_fu_938_p4         |   9|          2|   32|         64|
    |ap_phi_mux_contor_phi_fu_883_p4           |   9|          2|   32|         64|
    |ap_phi_mux_filter_phi_fu_927_p4           |   9|          2|    5|         10|
    |ap_phi_mux_i_phi_fu_872_p4                |   9|          2|    4|          8|
    |ap_phi_mux_indvar_flatten1_phi_fu_861_p4  |   9|          2|   12|         24|
    |ap_phi_mux_indvar_flatten_phi_fu_894_p4   |   9|          2|    9|         18|
    |ap_phi_mux_j_phi_fu_905_p4                |   9|          2|    4|          8|
    |contor_1_reg_912                          |   9|          2|   32|         64|
    |contor_2_reg_934                          |   9|          2|   32|         64|
    |contor_reg_879                            |   9|          2|   32|         64|
    |filter_reg_923                            |   9|          2|    5|         10|
    |i_reg_868                                 |   9|          2|    4|          8|
    |image_V_address0                          |  85|         17|   11|        187|
    |image_V_address1                          |  85|         17|   11|        187|
    |indvar_flatten1_reg_857                   |   9|          2|   12|         24|
    |indvar_flatten_reg_890                    |   9|          2|    9|         18|
    |j_reg_901                                 |   9|          2|    4|          8|
    +------------------------------------------+----+-----------+-----+-----------+
    |Total                                     | 422|         88|  284|        916|
    +------------------------------------------+----+-----------+-----+-----------+

    * Register: 
    +---------------------------------------------+----+----+-----+-----------+
    |                     Name                    | FF | LUT| Bits| Const Bits|
    +---------------------------------------------+----+----+-----+-----------+
    |ap_CS_fsm                                    |  18|   0|   18|          0|
    |ap_enable_reg_pp0_iter0                      |   1|   0|    1|          0|
    |ap_enable_reg_pp0_iter1                      |   1|   0|    1|          0|
    |ap_reg_pp0_iter1_contor_2_mid2_reg_3489      |  32|   0|   32|          0|
    |ap_reg_pp0_iter1_exitcond_flatten1_reg_3464  |   1|   0|    1|          0|
    |contor_1_mid2_reg_3592                       |  32|   0|   32|          0|
    |contor_1_reg_912                             |  32|   0|   32|          0|
    |contor_2_mid2_reg_3489                       |  32|   0|   32|          0|
    |contor_2_reg_934                             |  32|   0|   32|          0|
    |contor_mid2_reg_3478                         |  32|   0|   32|          0|
    |contor_reg_879                               |  32|   0|   32|          0|
    |conv_layer2_weights_11_reg_3747              |  19|   0|   19|          0|
    |conv_layer2_weights_13_reg_3787              |  19|   0|   19|          0|
    |conv_layer2_weights_15_reg_3792              |  19|   0|   19|          0|
    |conv_layer2_weights_17_reg_3832              |  19|   0|   19|          0|
    |conv_layer2_weights_19_reg_3837              |  19|   0|   19|          0|
    |conv_layer2_weights_1_reg_3657               |  19|   0|   19|          0|
    |conv_layer2_weights_21_reg_3877              |  19|   0|   19|          0|
    |conv_layer2_weights_23_reg_3882              |  19|   0|   19|          0|
    |conv_layer2_weights_25_reg_3922              |  19|   0|   19|          0|
    |conv_layer2_weights_27_reg_3927              |  19|   0|   19|          0|
    |conv_layer2_weights_29_reg_3967              |  19|   0|   19|          0|
    |conv_layer2_weights_31_reg_3972              |  19|   0|   19|          0|
    |conv_layer2_weights_33_reg_4012              |  19|   0|   19|          0|
    |conv_layer2_weights_35_reg_4017              |  19|   0|   19|          0|
    |conv_layer2_weights_37_reg_4057              |  19|   0|   19|          0|
    |conv_layer2_weights_39_reg_4062              |  19|   0|   19|          0|
    |conv_layer2_weights_3_reg_3662               |  19|   0|   19|          0|
    |conv_layer2_weights_41_reg_4102              |  19|   0|   19|          0|
    |conv_layer2_weights_43_reg_4107              |  19|   0|   19|          0|
    |conv_layer2_weights_45_reg_4147              |  19|   0|   19|          0|
    |conv_layer2_weights_47_reg_4152              |  19|   0|   19|          0|
    |conv_layer2_weights_49_reg_4192              |  19|   0|   19|          0|
    |conv_layer2_weights_51_reg_4197              |  19|   0|   19|          0|
    |conv_layer2_weights_53_reg_4237              |  19|   0|   19|          0|
    |conv_layer2_weights_55_reg_4242              |  19|   0|   19|          0|
    |conv_layer2_weights_57_reg_4307              |  19|   0|   19|          0|
    |conv_layer2_weights_59_reg_4312              |  19|   0|   19|          0|
    |conv_layer2_weights_5_reg_3697               |  19|   0|   19|          0|
    |conv_layer2_weights_61_reg_4322              |  19|   0|   19|          0|
    |conv_layer2_weights_63_reg_4332              |  19|   0|   19|          0|
    |conv_layer2_weights_7_reg_3702               |  19|   0|   19|          0|
    |conv_layer2_weights_9_reg_3742               |  19|   0|   19|          0|
    |exitcond_flatten1_reg_3464                   |   1|   0|    1|          0|
    |filter_1_reg_4287                            |   5|   0|    5|          0|
    |filter_mid2_reg_3483                         |   5|   0|    5|          0|
    |filter_reg_923                               |   5|   0|    5|          0|
    |i_mid2_reg_3473                              |   4|   0|    4|          0|
    |i_reg_868                                    |   4|   0|    4|          0|
    |indvar_flatten1_reg_857                      |  12|   0|   12|          0|
    |indvar_flatten_next1_reg_3468                |  12|   0|   12|          0|
    |indvar_flatten_next_reg_3597                 |   9|   0|    9|          0|
    |indvar_flatten_reg_890                       |   9|   0|    9|          0|
    |j_mid2_reg_3587                              |   4|   0|    4|          0|
    |j_reg_901                                    |   4|   0|    4|          0|
    |p_Val2_19_0_0_1_reg_3687                     |  43|   0|   43|          0|
    |p_Val2_19_0_0_2_reg_3727                     |  43|   0|   43|          0|
    |p_Val2_19_0_0_3_reg_3737                     |  43|   0|   43|          0|
    |p_Val2_19_0_0_4_reg_3772                     |  43|   0|   43|          0|
    |p_Val2_19_0_0_5_reg_3782                     |  43|   0|   43|          0|
    |p_Val2_19_0_0_6_reg_3817                     |  43|   0|   43|          0|
    |p_Val2_19_0_0_7_reg_3827                     |  43|   0|   43|          0|
    |p_Val2_19_0_1_1_reg_3872                     |  43|   0|   43|          0|
    |p_Val2_19_0_1_2_reg_3907                     |  43|   0|   43|          0|
    |p_Val2_19_0_1_3_reg_3917                     |  43|   0|   43|          0|
    |p_Val2_19_0_1_4_reg_3952                     |  43|   0|   43|          0|
    |p_Val2_19_0_1_5_reg_3962                     |  43|   0|   43|          0|
    |p_Val2_19_0_1_6_reg_3997                     |  43|   0|   43|          0|
    |p_Val2_19_0_1_7_reg_4007                     |  43|   0|   43|          0|
    |p_Val2_19_0_1_reg_3862                       |  43|   0|   43|          0|
    |p_Val2_19_1_0_1_reg_4052                     |  43|   0|   43|          0|
    |p_Val2_19_1_0_2_reg_4087                     |  43|   0|   43|          0|
    |p_Val2_19_1_0_3_reg_4097                     |  43|   0|   43|          0|
    |p_Val2_19_1_0_4_reg_4132                     |  43|   0|   43|          0|
    |p_Val2_19_1_0_5_reg_4142                     |  43|   0|   43|          0|
    |p_Val2_19_1_0_6_reg_4177                     |  43|   0|   43|          0|
    |p_Val2_19_1_0_7_reg_4187                     |  43|   0|   43|          0|
    |p_Val2_19_1_1_1_reg_4232                     |  43|   0|   43|          0|
    |p_Val2_19_1_1_2_reg_4292                     |  43|   0|   43|          0|
    |p_Val2_19_1_1_3_reg_4302                     |  43|   0|   43|          0|
    |p_Val2_19_1_1_4_reg_4343                     |  43|   0|   43|          0|
    |p_Val2_19_1_1_5_reg_4353                     |  43|   0|   43|          0|
    |p_Val2_19_1_1_6_reg_4358                     |  43|   0|   43|          0|
    |p_Val2_19_1_1_7_reg_4368                     |  43|   0|   43|          0|
    |p_Val2_19_1_1_reg_4222                       |  43|   0|   43|          0|
    |p_Val2_19_1_reg_4042                         |  43|   0|   43|          0|
    |p_Val2_cast_31_reg_4378                      |  23|   0|   23|          0|
    |p_Val2_s_30_reg_4373                         |  24|   0|   24|          0|
    |p_Val2_s_reg_4337                            |  20|   0|   20|          0|
    |reg_945                                      |  24|   0|   24|          0|
    |reg_949                                      |  24|   0|   24|          0|
    |tmp_11_reg_3732                              |  24|   0|   24|          0|
    |tmp_13_reg_3777                              |  24|   0|   24|          0|
    |tmp_15_reg_3822                              |  24|   0|   24|          0|
    |tmp_19_reg_4277                              |  32|   0|   32|          0|
    |tmp_23_reg_3867                              |  24|   0|   24|          0|
    |tmp_25_reg_3912                              |  24|   0|   24|          0|
    |tmp_27_reg_3957                              |  24|   0|   24|          0|
    |tmp_29_reg_4002                              |  24|   0|   24|          0|
    |tmp_31_reg_4047                              |  24|   0|   24|          0|
    |tmp_33_reg_4092                              |  24|   0|   24|          0|
    |tmp_35_reg_4137                              |  24|   0|   24|          0|
    |tmp_37_reg_4182                              |  24|   0|   24|          0|
    |tmp_39_reg_4227                              |  24|   0|   24|          0|
    |tmp_41_reg_4297                              |  24|   0|   24|          0|
    |tmp_43_reg_4348                              |  24|   0|   24|          0|
    |tmp_45_reg_4363                              |  24|   0|   24|          0|
    |tmp_47_reg_3692                              |  23|   0|   23|          0|
    |tmp_74_0_1_2_mid2_v_s_reg_3511               |   9|   0|   12|          3|
    |tmp_74_0_1_3_mid2_v_s_reg_3516               |   9|   0|   12|          3|
    |tmp_74_0_1_4_mid2_v_s_reg_3521               |   9|   0|   12|          3|
    |tmp_74_0_1_5_mid2_v_s_reg_3526               |   9|   0|   12|          3|
    |tmp_74_0_1_6_mid2_v_s_reg_3531               |   9|   0|   12|          3|
    |tmp_74_0_1_7_mid2_v_s_reg_3536               |   9|   0|   12|          3|
    |tmp_74_0_1_mid2_v_v_reg_3506                 |   9|   0|   12|          3|
    |tmp_74_1_1_2_mid2_v_s_reg_3557               |   9|   0|   12|          3|
    |tmp_74_1_1_3_mid2_v_s_reg_3562               |   9|   0|   12|          3|
    |tmp_74_1_1_4_mid2_v_s_reg_3567               |   9|   0|   12|          3|
    |tmp_74_1_1_5_mid2_v_s_reg_3572               |   9|   0|   12|          3|
    |tmp_74_1_1_6_mid2_v_s_reg_3577               |   9|   0|   12|          3|
    |tmp_74_1_1_7_mid2_v_s_reg_3582               |   9|   0|   12|          3|
    |tmp_74_1_1_mid2_v_v_reg_3552                 |   9|   0|   12|          3|
    |tmp_74_1_mid2_v_v_reg_3541                   |   9|   0|   12|          3|
    |tmp_74_mid2_v_v_reg_3495                     |   9|   0|   12|          3|
    |tmp_s_reg_3602                               |   5|   0|   64|         59|
    +---------------------------------------------+----+----+-----+-----------+
    |Total                                        |2939|   0| 3046|        107|
    +---------------------------------------------+----+----+-----+-----------+



================================================================
== Interface
================================================================
* Summary: 
+-------------------+-----+-----+------------+--------------+--------------+
|     RTL Ports     | Dir | Bits|  Protocol  | Source Object|    C Type    |
+-------------------+-----+-----+------------+--------------+--------------+
|ap_clk             |  in |    1| ap_ctrl_hs |  conv_layer2 | return value |
|ap_rst             |  in |    1| ap_ctrl_hs |  conv_layer2 | return value |
|ap_start           |  in |    1| ap_ctrl_hs |  conv_layer2 | return value |
|ap_done            | out |    1| ap_ctrl_hs |  conv_layer2 | return value |
|ap_idle            | out |    1| ap_ctrl_hs |  conv_layer2 | return value |
|ap_ready           | out |    1| ap_ctrl_hs |  conv_layer2 | return value |
|output_V_address0  | out |   12|  ap_memory |   output_V   |     array    |
|output_V_ce0       | out |    1|  ap_memory |   output_V   |     array    |
|output_V_we0       | out |    1|  ap_memory |   output_V   |     array    |
|output_V_d0        | out |   24|  ap_memory |   output_V   |     array    |
|image_V_address0   | out |   11|  ap_memory |    image_V   |     array    |
|image_V_ce0        | out |    1|  ap_memory |    image_V   |     array    |
|image_V_q0         |  in |   24|  ap_memory |    image_V   |     array    |
|image_V_address1   | out |   11|  ap_memory |    image_V   |     array    |
|image_V_ce1        | out |    1|  ap_memory |    image_V   |     array    |
|image_V_q1         |  in |   24|  ap_memory |    image_V   |     array    |
+-------------------+-----+-----+------------+--------------+--------------+

