INFO: [SIM 2] *************** CSIM start ***************
INFO: [SIM 4] CSIM will launch GCC as the compiler.
   Compiling(apcc) ../../.tcls/fc_test.c in debug mode
INFO: [HLS 200-10] Running '/opt/Xilinx/Vivado/2017.4/bin/unwrapped/lnx64.o/apcc'
INFO: [HLS 200-10] For user 'sergiu' on host 'kalecgos' (Linux_x86_64 version 4.13.0-38-generic) on Wed Apr 25 15:37:19 EEST 2018
INFO: [HLS 200-10] On os Ubuntu 16.04.4 LTS
INFO: [HLS 200-10] In directory '/home/sergiu/git/lic/hls/workspace/fully_connected/solution1/csim/build'
INFO: [APCC 202-3] Tmp directory is /tmp/apcc_db_sergiu/146791524659839433124
INFO: [APCC 202-1] APCC is done.
   Compiling(apcc) ../../fc.c in debug mode
INFO: [HLS 200-10] Running '/opt/Xilinx/Vivado/2017.4/bin/unwrapped/lnx64.o/apcc'
INFO: [HLS 200-10] For user 'sergiu' on host 'kalecgos' (Linux_x86_64 version 4.13.0-38-generic) on Wed Apr 25 15:37:39 EEST 2018
INFO: [HLS 200-10] On os Ubuntu 16.04.4 LTS
INFO: [HLS 200-10] In directory '/home/sergiu/git/lic/hls/workspace/fully_connected/solution1/csim/build'
INFO: [APCC 202-3] Tmp directory is /tmp/apcc_db_sergiu/147391524659859404255
INFO: [APCC 202-1] APCC is done.
   Generating csim.exe
Checking FC Layer 1 ...
DONE: 120 out of 120 are correct

INFO: [SIM 1] CSim done with 0 errors.
INFO: [SIM 3] *************** CSIM finish ***************
