

================================================================
== Vivado HLS Report for 'Loop_pool_label2_pro'
================================================================
* Date:           Tue May  8 18:34:11 2018

* Version:        2017.4.1 (Build 2117188 on Tue Jan 30 15:53:01 MST 2018)
* Project:        pool
* Solution:       solution1
* Product family: zynq
* Target device:  xc7z020clg400-1


================================================================
== Performance Estimates
================================================================
+ Timing (ns): 
    * Summary: 
    +--------+-------+----------+------------+
    |  Clock | Target| Estimated| Uncertainty|
    +--------+-------+----------+------------+
    |ap_clk  |  10.00|      7.72|        1.25|
    +--------+-------+----------+------------+

+ Latency (clock cycles): 
    * Summary: 
    +------+------+------+------+---------+
    |   Latency   |   Interval  | Pipeline|
    |  min |  max |  min |  max |   Type  |
    +------+------+------+------+---------+
    |  5604|  5604|  5604|  5604|   none  |
    +------+------+------+------+---------+

    + Detail: 
        * Instance: 
        N/A

        * Loop: 
        +---------------------------+------+------+----------+-----------+-----------+------+----------+
        |                           |   Latency   | Iteration|  Initiation Interval  | Trip |          |
        |         Loop Name         |  min |  max |  Latency |  achieved |   target  | Count| Pipelined|
        +---------------------------+------+------+----------+-----------+-----------+------+----------+
        |- pool_label2_pool_label3  |  5602|  5602|        53|         50|         50|   112|    yes   |
        +---------------------------+------+------+----------+-----------+-----------+------+----------+



================================================================
== Utilization Estimates
================================================================
* Summary: 
+-----------------+---------+-------+--------+-------+
|       Name      | BRAM_18K| DSP48E|   FF   |  LUT  |
+-----------------+---------+-------+--------+-------+
|DSP              |        -|      -|       -|      -|
|Expression       |        -|      0|       0|   6372|
|FIFO             |        -|      -|       -|      -|
|Instance         |        -|      0|      66|    239|
|Memory           |        -|      -|       -|      -|
|Multiplexer      |        -|      -|       -|    914|
|Register         |        -|      -|    1623|      -|
+-----------------+---------+-------+--------+-------+
|Total            |        0|      0|    1689|   7525|
+-----------------+---------+-------+--------+-------+
|Available        |      280|    220|  106400|  53200|
+-----------------+---------+-------+--------+-------+
|Utilization (%)  |        0|      0|       1|     14|
+-----------------+---------+-------+--------+-------+

+ Detail: 
    * Instance: 
    +-------------------------+----------------------+---------+-------+----+-----+
    |         Instance        |        Module        | BRAM_18K| DSP48E| FF | LUT |
    +-------------------------+----------------------+---------+-------+----+-----+
    |pool_fcmp_32ns_32bkb_U1  |pool_fcmp_32ns_32bkb  |        0|      0|  66|  239|
    +-------------------------+----------------------+---------+-------+----+-----+
    |Total                    |                      |        0|      0|  66|  239|
    +-------------------------+----------------------+---------+-------+----+-----+

    * DSP48: 
    N/A

    * Memory: 
    N/A

    * FIFO: 
    N/A

    * Expression: 
    +--------------------------------+----------+-------+---+----+------------+------------+
    |          Variable Name         | Operation| DSP48E| FF| LUT| Bitwidth P0| Bitwidth P1|
    +--------------------------------+----------+-------+---+----+------------+------------+
    |tmp_411_fu_1225_p2              |     *    |      0|  0|  41|           8|           5|
    |tmp_fu_1171_p2                  |     *    |      0|  0|  41|           8|           5|
    |channel_fu_1139_p2              |     +    |      0|  0|  13|           1|           4|
    |i_fu_6260_p2                    |     +    |      0|  0|  15|           2|           5|
    |indvar_flatten_next_fu_1133_p2  |     +    |      0|  0|  15|           7|           1|
    |tmp_101_fu_1858_p2              |     +    |      0|  0|  13|          13|          13|
    |tmp_103_fu_2080_p2              |     +    |      0|  0|  13|           7|          13|
    |tmp_110_fu_2085_p2              |     +    |      0|  0|  13|          13|          13|
    |tmp_112_fu_2095_p2              |     +    |      0|  0|  13|           7|          13|
    |tmp_119_fu_2100_p2              |     +    |      0|  0|  13|          13|          13|
    |tmp_11_fu_1205_p2               |     +    |      0|  0|  13|          13|          13|
    |tmp_121_fu_2415_p2              |     +    |      0|  0|  13|           7|          13|
    |tmp_128_fu_2420_p2              |     +    |      0|  0|  13|          13|          13|
    |tmp_130_fu_2430_p2              |     +    |      0|  0|  13|           7|          13|
    |tmp_137_fu_2435_p2              |     +    |      0|  0|  13|          13|          13|
    |tmp_139_fu_2750_p2              |     +    |      0|  0|  13|           8|          13|
    |tmp_13_fu_1231_p2               |     +    |      0|  0|  13|           5|          13|
    |tmp_146_fu_2755_p2              |     +    |      0|  0|  13|          13|          13|
    |tmp_148_fu_2765_p2              |     +    |      0|  0|  13|           8|          13|
    |tmp_155_fu_2770_p2              |     +    |      0|  0|  13|          13|          13|
    |tmp_157_fu_3085_p2              |     +    |      0|  0|  13|           8|          13|
    |tmp_164_fu_3090_p2              |     +    |      0|  0|  13|          13|          13|
    |tmp_166_fu_3100_p2              |     +    |      0|  0|  13|           8|          13|
    |tmp_173_fu_3105_p2              |     +    |      0|  0|  13|          13|          13|
    |tmp_175_fu_3409_p2              |     +    |      0|  0|  13|           8|          13|
    |tmp_182_fu_3414_p2              |     +    |      0|  0|  13|          13|          13|
    |tmp_184_fu_3588_p2              |     +    |      0|  0|  13|           8|          13|
    |tmp_191_fu_3593_p2              |     +    |      0|  0|  13|          13|          13|
    |tmp_193_fu_3842_p2              |     +    |      0|  0|  13|           8|          13|
    |tmp_200_fu_3847_p2              |     +    |      0|  0|  13|          13|          13|
    |tmp_202_fu_3857_p2              |     +    |      0|  0|  13|           8|          13|
    |tmp_209_fu_3862_p2              |     +    |      0|  0|  13|          13|          13|
    |tmp_20_fu_1236_p2               |     +    |      0|  0|  13|          13|          13|
    |tmp_211_fu_4166_p2              |     +    |      0|  0|  13|           8|          13|
    |tmp_218_fu_4171_p2              |     +    |      0|  0|  13|          13|          13|
    |tmp_220_fu_4326_p2              |     +    |      0|  0|  13|           8|          13|
    |tmp_227_fu_4331_p2              |     +    |      0|  0|  13|          13|          13|
    |tmp_229_fu_4576_p2              |     +    |      0|  0|  13|           8|          13|
    |tmp_22_fu_1246_p2               |     +    |      0|  0|  13|           5|          13|
    |tmp_236_fu_4581_p2              |     +    |      0|  0|  13|          13|          13|
    |tmp_238_fu_4591_p2              |     +    |      0|  0|  13|           8|          13|
    |tmp_245_fu_4596_p2              |     +    |      0|  0|  13|          13|          13|
    |tmp_292_fu_3717_p2              |     +    |      0|  0|  19|          12|          12|
    |tmp_299_fu_4184_p2              |     +    |      0|  0|  20|           5|          13|
    |tmp_29_fu_1251_p2               |     +    |      0|  0|  13|          13|          13|
    |tmp_31_fu_1261_p2               |     +    |      0|  0|  13|           6|          13|
    |tmp_326_fu_4447_p2              |     +    |      0|  0|  13|           5|          12|
    |tmp_328_fu_4452_p2              |     +    |      0|  0|  13|          12|          12|
    |tmp_335_fu_4900_p2              |     +    |      0|  0|  20|           6|          13|
    |tmp_362_fu_5142_p2              |     +    |      0|  0|  13|           6|          12|
    |tmp_364_fu_5147_p2              |     +    |      0|  0|  13|          12|          12|
    |tmp_371_fu_5397_p2              |     +    |      0|  0|  20|           6|          13|
    |tmp_383_fu_5634_p2              |     +    |      0|  0|  13|           6|          12|
    |tmp_384_fu_5639_p2              |     +    |      0|  0|  13|          12|          12|
    |tmp_385_fu_5875_p2              |     +    |      0|  0|  20|           7|          13|
    |tmp_38_fu_1266_p2               |     +    |      0|  0|  13|          13|          13|
    |tmp_391_fu_6009_p2              |     +    |      0|  0|  13|           7|          12|
    |tmp_392_fu_6014_p2              |     +    |      0|  0|  13|          12|          12|
    |tmp_393_fu_6129_p2              |     +    |      0|  0|  20|           7|          13|
    |tmp_399_fu_6265_p2              |     +    |      0|  0|  13|           7|          12|
    |tmp_3_fu_1190_p2                |     +    |      0|  0|  20|          13|          13|
    |tmp_400_fu_6270_p2              |     +    |      0|  0|  13|          12|          12|
    |tmp_401_fu_6280_p2              |     +    |      0|  0|  20|           7|          13|
    |tmp_407_fu_6304_p2              |     +    |      0|  0|  13|           7|          12|
    |tmp_408_fu_6309_p2              |     +    |      0|  0|  13|          12|          12|
    |tmp_40_fu_1276_p2               |     +    |      0|  0|  13|           6|          13|
    |tmp_412_fu_1395_p2              |     +    |      0|  0|  20|          13|          13|
    |tmp_413_fu_1961_p2              |     +    |      0|  0|  13|           4|          13|
    |tmp_414_fu_1966_p2              |     +    |      0|  0|  13|          13|          13|
    |tmp_415_fu_1611_p2              |     +    |      0|  0|  13|           5|          13|
    |tmp_416_fu_1616_p2              |     +    |      0|  0|  13|          13|          13|
    |tmp_417_fu_2296_p2              |     +    |      0|  0|  13|           5|          13|
    |tmp_418_fu_2301_p2              |     +    |      0|  0|  13|          13|          13|
    |tmp_419_fu_1749_p2              |     +    |      0|  0|  13|           6|          13|
    |tmp_420_fu_1754_p2              |     +    |      0|  0|  13|          13|          13|
    |tmp_421_fu_2631_p2              |     +    |      0|  0|  13|           6|          13|
    |tmp_422_fu_2636_p2              |     +    |      0|  0|  13|          13|          13|
    |tmp_423_fu_1976_p2              |     +    |      0|  0|  13|           6|          13|
    |tmp_424_fu_1981_p2              |     +    |      0|  0|  13|          13|          13|
    |tmp_425_fu_2966_p2              |     +    |      0|  0|  13|           6|          13|
    |tmp_426_fu_2971_p2              |     +    |      0|  0|  13|          13|          13|
    |tmp_427_fu_2311_p2              |     +    |      0|  0|  13|           7|          13|
    |tmp_428_fu_2316_p2              |     +    |      0|  0|  13|          13|          13|
    |tmp_429_fu_3301_p2              |     +    |      0|  0|  13|           7|          13|
    |tmp_430_fu_3306_p2              |     +    |      0|  0|  13|          13|          13|
    |tmp_431_fu_2646_p2              |     +    |      0|  0|  13|           7|          13|
    |tmp_432_fu_2651_p2              |     +    |      0|  0|  13|          13|          13|
    |tmp_433_fu_3728_p2              |     +    |      0|  0|  13|           7|          13|
    |tmp_434_fu_3733_p2              |     +    |      0|  0|  13|          13|          13|
    |tmp_435_fu_2981_p2              |     +    |      0|  0|  13|           7|          13|
    |tmp_436_fu_2986_p2              |     +    |      0|  0|  13|          13|          13|
    |tmp_437_fu_4058_p2              |     +    |      0|  0|  13|           7|          13|
    |tmp_438_fu_4063_p2              |     +    |      0|  0|  13|          13|          13|
    |tmp_439_fu_3484_p2              |     +    |      0|  0|  13|           7|          13|
    |tmp_440_fu_3489_p2              |     +    |      0|  0|  13|          13|          13|
    |tmp_441_fu_4462_p2              |     +    |      0|  0|  13|           7|          13|
    |tmp_442_fu_4467_p2              |     +    |      0|  0|  13|          13|          13|
    |tmp_443_fu_3743_p2              |     +    |      0|  0|  13|           8|          13|
    |tmp_444_fu_3748_p2              |     +    |      0|  0|  13|          13|          13|
    |tmp_445_fu_4792_p2              |     +    |      0|  0|  13|           8|          13|
    |tmp_446_fu_4797_p2              |     +    |      0|  0|  13|          13|          13|
    |tmp_447_fu_4222_p2              |     +    |      0|  0|  13|           8|          13|
    |tmp_448_fu_4227_p2              |     +    |      0|  0|  13|          13|          13|
    |tmp_449_fu_5157_p2              |     +    |      0|  0|  13|           8|          13|
    |tmp_450_fu_5162_p2              |     +    |      0|  0|  13|          13|          13|
    |tmp_451_fu_4477_p2              |     +    |      0|  0|  13|           8|          13|
    |tmp_452_fu_4482_p2              |     +    |      0|  0|  13|          13|          13|
    |tmp_453_fu_5373_p2              |     +    |      0|  0|  13|           8|          13|
    |tmp_454_fu_5378_p2              |     +    |      0|  0|  13|          13|          13|
    |tmp_455_fu_4937_p2              |     +    |      0|  0|  13|           8|          13|
    |tmp_456_fu_4942_p2              |     +    |      0|  0|  13|          13|          13|
    |tmp_457_fu_5649_p2              |     +    |      0|  0|  13|           8|          13|
    |tmp_458_fu_5654_p2              |     +    |      0|  0|  13|          13|          13|
    |tmp_459_fu_5172_p2              |     +    |      0|  0|  13|           8|          13|
    |tmp_460_fu_5177_p2              |     +    |      0|  0|  13|          13|          13|
    |tmp_461_fu_5757_p2              |     +    |      0|  0|  13|           8|          13|
    |tmp_462_fu_5762_p2              |     +    |      0|  0|  13|          13|          13|
    |tmp_463_fu_5434_p2              |     +    |      0|  0|  13|           8|          13|
    |tmp_464_fu_5439_p2              |     +    |      0|  0|  13|          13|          13|
    |tmp_465_fu_5772_p2              |     +    |      0|  0|  13|           8|          13|
    |tmp_466_fu_5777_p2              |     +    |      0|  0|  13|          13|          13|
    |tmp_47_fu_1281_p2               |     +    |      0|  0|  13|          13|          13|
    |tmp_49_fu_1375_p2               |     +    |      0|  0|  13|           6|          13|
    |tmp_56_fu_1380_p2               |     +    |      0|  0|  13|          13|          13|
    |tmp_58_fu_1488_p2               |     +    |      0|  0|  13|           6|          13|
    |tmp_5_fu_1200_p2                |     +    |      0|  0|  13|           4|          13|
    |tmp_65_fu_1493_p2               |     +    |      0|  0|  13|          13|          13|
    |tmp_67_fu_1596_p2               |     +    |      0|  0|  13|           7|          13|
    |tmp_74_fu_1601_p2               |     +    |      0|  0|  13|          13|          13|
    |tmp_76_fu_1631_p2               |     +    |      0|  0|  13|           7|          13|
    |tmp_83_fu_1636_p2               |     +    |      0|  0|  13|          13|          13|
    |tmp_85_fu_1734_p2               |     +    |      0|  0|  13|           7|          13|
    |tmp_92_fu_1739_p2               |     +    |      0|  0|  13|          13|          13|
    |tmp_94_fu_1853_p2               |     +    |      0|  0|  13|           7|          13|
    |tmp_263_fu_3446_p2              |     -    |      0|  0|  19|          12|          12|
    |tmp_106_fu_3675_p2              |    and   |      0|  0|   8|           1|           1|
    |tmp_108_fu_3681_p2              |    and   |      0|  0|   8|           1|           1|
    |tmp_115_fu_1949_p2              |    and   |      0|  0|   8|           1|           1|
    |tmp_117_fu_1955_p2              |    and   |      0|  0|   8|           1|           1|
    |tmp_124_fu_2852_p2              |    and   |      0|  0|   8|           1|           1|
    |tmp_126_fu_2858_p2              |    and   |      0|  0|   8|           1|           1|
    |tmp_133_fu_4033_p2              |    and   |      0|  0|   8|           1|           1|
    |tmp_135_fu_4039_p2              |    and   |      0|  0|   8|           1|           1|
    |tmp_142_fu_2187_p2              |    and   |      0|  0|   8|           1|           1|
    |tmp_144_fu_2193_p2              |    and   |      0|  0|   8|           1|           1|
    |tmp_151_fu_3187_p2              |    and   |      0|  0|   8|           1|           1|
    |tmp_153_fu_3193_p2              |    and   |      0|  0|   8|           1|           1|
    |tmp_160_fu_4413_p2              |    and   |      0|  0|   8|           1|           1|
    |tmp_162_fu_4419_p2              |    and   |      0|  0|   8|           1|           1|
    |tmp_169_fu_2403_p2              |    and   |      0|  0|   8|           1|           1|
    |tmp_16_fu_1836_p2               |    and   |      0|  0|   8|           1|           1|
    |tmp_171_fu_2409_p2              |    and   |      0|  0|   8|           1|           1|
    |tmp_178_fu_3571_p2              |    and   |      0|  0|   8|           1|           1|
    |tmp_180_fu_3577_p2              |    and   |      0|  0|   8|           1|           1|
    |tmp_187_fu_4767_p2              |    and   |      0|  0|   8|           1|           1|
    |tmp_189_fu_4773_p2              |    and   |      0|  0|   8|           1|           1|
    |tmp_18_fu_1842_p2               |    and   |      0|  0|   8|           1|           1|
    |tmp_196_fu_2738_p2              |    and   |      0|  0|   8|           1|           1|
    |tmp_198_fu_2744_p2              |    and   |      0|  0|   8|           1|           1|
    |tmp_205_fu_3944_p2              |    and   |      0|  0|   8|           1|           1|
    |tmp_207_fu_3950_p2              |    and   |      0|  0|   8|           1|           1|
    |tmp_214_fu_5121_p2              |    and   |      0|  0|   8|           1|           1|
    |tmp_216_fu_5127_p2              |    and   |      0|  0|   8|           1|           1|
    |tmp_223_fu_3073_p2              |    and   |      0|  0|   8|           1|           1|
    |tmp_225_fu_3079_p2              |    and   |      0|  0|   8|           1|           1|
    |tmp_232_fu_4309_p2              |    and   |      0|  0|   8|           1|           1|
    |tmp_234_fu_4315_p2              |    and   |      0|  0|   8|           1|           1|
    |tmp_241_fu_5348_p2              |    and   |      0|  0|   8|           1|           1|
    |tmp_243_fu_5354_p2              |    and   |      0|  0|   8|           1|           1|
    |tmp_250_fu_3397_p2              |    and   |      0|  0|   8|           1|           1|
    |tmp_252_fu_3403_p2              |    and   |      0|  0|   8|           1|           1|
    |tmp_259_fu_4678_p2              |    and   |      0|  0|   8|           1|           1|
    |tmp_25_fu_2606_p2               |    and   |      0|  0|   8|           1|           1|
    |tmp_261_fu_4684_p2              |    and   |      0|  0|   8|           1|           1|
    |tmp_268_fu_5613_p2              |    and   |      0|  0|   8|           1|           1|
    |tmp_270_fu_5619_p2              |    and   |      0|  0|   8|           1|           1|
    |tmp_277_fu_3830_p2              |    and   |      0|  0|   8|           1|           1|
    |tmp_279_fu_3836_p2              |    and   |      0|  0|   8|           1|           1|
    |tmp_27_fu_2612_p2               |    and   |      0|  0|   8|           1|           1|
    |tmp_286_fu_5024_p2              |    and   |      0|  0|   8|           1|           1|
    |tmp_288_fu_5030_p2              |    and   |      0|  0|   8|           1|           1|
    |tmp_295_fu_5858_p2              |    and   |      0|  0|   8|           1|           1|
    |tmp_297_fu_5864_p2              |    and   |      0|  0|   8|           1|           1|
    |tmp_304_fu_4154_p2              |    and   |      0|  0|   8|           1|           1|
    |tmp_306_fu_4160_p2              |    and   |      0|  0|   8|           1|           1|
    |tmp_313_fu_5264_p2              |    and   |      0|  0|   8|           1|           1|
    |tmp_315_fu_5270_p2              |    and   |      0|  0|   8|           1|           1|
    |tmp_322_fu_5993_p2              |    and   |      0|  0|   8|           1|           1|
    |tmp_324_fu_5999_p2              |    and   |      0|  0|   8|           1|           1|
    |tmp_331_fu_4564_p2              |    and   |      0|  0|   8|           1|           1|
    |tmp_333_fu_4570_p2              |    and   |      0|  0|   8|           1|           1|
    |tmp_340_fu_5521_p2              |    and   |      0|  0|   8|           1|           1|
    |tmp_342_fu_5527_p2              |    and   |      0|  0|   8|           1|           1|
    |tmp_349_fu_6117_p2              |    and   |      0|  0|   8|           1|           1|
    |tmp_34_fu_1476_p2               |    and   |      0|  0|   8|           1|           1|
    |tmp_351_fu_6123_p2              |    and   |      0|  0|   8|           1|           1|
    |tmp_358_fu_4888_p2              |    and   |      0|  0|   8|           1|           1|
    |tmp_360_fu_4894_p2              |    and   |      0|  0|   8|           1|           1|
    |tmp_367_fu_5745_p2              |    and   |      0|  0|   8|           1|           1|
    |tmp_369_fu_5751_p2              |    and   |      0|  0|   8|           1|           1|
    |tmp_36_fu_1482_p2               |    and   |      0|  0|   8|           1|           1|
    |tmp_376_fu_6248_p2              |    and   |      0|  0|   8|           1|           1|
    |tmp_378_fu_6254_p2              |    and   |      0|  0|   8|           1|           1|
    |tmp_43_fu_2063_p2               |    and   |      0|  0|   8|           1|           1|
    |tmp_45_fu_2069_p2               |    and   |      0|  0|   8|           1|           1|
    |tmp_52_fu_2941_p2               |    and   |      0|  0|   8|           1|           1|
    |tmp_54_fu_2947_p2               |    and   |      0|  0|   8|           1|           1|
    |tmp_61_fu_1584_p2               |    and   |      0|  0|   8|           1|           1|
    |tmp_63_fu_1590_p2               |    and   |      0|  0|   8|           1|           1|
    |tmp_70_fu_2275_p2               |    and   |      0|  0|   8|           1|           1|
    |tmp_72_fu_2281_p2               |    and   |      0|  0|   8|           1|           1|
    |tmp_79_fu_3276_p2               |    and   |      0|  0|   8|           1|           1|
    |tmp_81_fu_3282_p2               |    and   |      0|  0|   8|           1|           1|
    |tmp_88_fu_1722_p2               |    and   |      0|  0|   8|           1|           1|
    |tmp_8_fu_1363_p2                |    and   |      0|  0|   8|           1|           1|
    |tmp_90_fu_1728_p2               |    and   |      0|  0|   8|           1|           1|
    |tmp_97_fu_2517_p2               |    and   |      0|  0|   8|           1|           1|
    |tmp_99_fu_2523_p2               |    and   |      0|  0|   8|           1|           1|
    |tmp_s_fu_1369_p2                |    and   |      0|  0|   8|           1|           1|
    |exitcond_flatten_fu_1127_p2     |   icmp   |      0|  0|  11|           7|           6|
    |notlhs10_fu_2905_p2             |   icmp   |      0|  0|  11|           8|           2|
    |notlhs11_fu_2923_p2             |   icmp   |      0|  0|  11|           8|           2|
    |notlhs12_fu_1548_p2             |   icmp   |      0|  0|  11|           8|           2|
    |notlhs13_fu_1566_p2             |   icmp   |      0|  0|  11|           8|           2|
    |notlhs14_fu_2239_p2             |   icmp   |      0|  0|  11|           8|           2|
    |notlhs15_fu_2257_p2             |   icmp   |      0|  0|  11|           8|           2|
    |notlhs16_fu_3240_p2             |   icmp   |      0|  0|  11|           8|           2|
    |notlhs17_fu_3258_p2             |   icmp   |      0|  0|  11|           8|           2|
    |notlhs18_fu_1686_p2             |   icmp   |      0|  0|  11|           8|           2|
    |notlhs19_fu_1704_p2             |   icmp   |      0|  0|  11|           8|           2|
    |notlhs1_fu_1345_p2              |   icmp   |      0|  0|  11|           8|           2|
    |notlhs20_fu_2481_p2             |   icmp   |      0|  0|  11|           8|           2|
    |notlhs21_fu_2499_p2             |   icmp   |      0|  0|  11|           8|           2|
    |notlhs22_fu_3639_p2             |   icmp   |      0|  0|  11|           8|           2|
    |notlhs23_fu_3657_p2             |   icmp   |      0|  0|  11|           8|           2|
    |notlhs24_fu_1913_p2             |   icmp   |      0|  0|  11|           8|           2|
    |notlhs25_fu_1931_p2             |   icmp   |      0|  0|  11|           8|           2|
    |notlhs26_fu_2816_p2             |   icmp   |      0|  0|  11|           8|           2|
    |notlhs27_fu_2834_p2             |   icmp   |      0|  0|  11|           8|           2|
    |notlhs28_fu_3997_p2             |   icmp   |      0|  0|  11|           8|           2|
    |notlhs29_fu_4015_p2             |   icmp   |      0|  0|  11|           8|           2|
    |notlhs2_fu_1440_p2              |   icmp   |      0|  0|  11|           8|           2|
    |notlhs30_fu_2151_p2             |   icmp   |      0|  0|  11|           8|           2|
    |notlhs31_fu_2169_p2             |   icmp   |      0|  0|  11|           8|           2|
    |notlhs32_fu_3151_p2             |   icmp   |      0|  0|  11|           8|           2|
    |notlhs33_fu_3169_p2             |   icmp   |      0|  0|  11|           8|           2|
    |notlhs34_fu_4377_p2             |   icmp   |      0|  0|  11|           8|           2|
    |notlhs35_fu_4395_p2             |   icmp   |      0|  0|  11|           8|           2|
    |notlhs36_fu_2367_p2             |   icmp   |      0|  0|  11|           8|           2|
    |notlhs37_fu_2385_p2             |   icmp   |      0|  0|  11|           8|           2|
    |notlhs38_fu_3535_p2             |   icmp   |      0|  0|  11|           8|           2|
    |notlhs39_fu_3553_p2             |   icmp   |      0|  0|  11|           8|           2|
    |notlhs3_fu_1800_p2              |   icmp   |      0|  0|  11|           8|           2|
    |notlhs40_fu_4731_p2             |   icmp   |      0|  0|  11|           8|           2|
    |notlhs41_fu_4749_p2             |   icmp   |      0|  0|  11|           8|           2|
    |notlhs42_fu_2702_p2             |   icmp   |      0|  0|  11|           8|           2|
    |notlhs43_fu_2720_p2             |   icmp   |      0|  0|  11|           8|           2|
    |notlhs44_fu_3908_p2             |   icmp   |      0|  0|  11|           8|           2|
    |notlhs45_fu_3926_p2             |   icmp   |      0|  0|  11|           8|           2|
    |notlhs46_fu_5085_p2             |   icmp   |      0|  0|  11|           8|           2|
    |notlhs47_fu_5103_p2             |   icmp   |      0|  0|  11|           8|           2|
    |notlhs48_fu_3037_p2             |   icmp   |      0|  0|  11|           8|           2|
    |notlhs49_fu_3055_p2             |   icmp   |      0|  0|  11|           8|           2|
    |notlhs4_fu_1458_p2              |   icmp   |      0|  0|  11|           8|           2|
    |notlhs50_fu_4273_p2             |   icmp   |      0|  0|  11|           8|           2|
    |notlhs51_fu_4291_p2             |   icmp   |      0|  0|  11|           8|           2|
    |notlhs52_fu_5312_p2             |   icmp   |      0|  0|  11|           8|           2|
    |notlhs53_fu_5330_p2             |   icmp   |      0|  0|  11|           8|           2|
    |notlhs54_fu_3361_p2             |   icmp   |      0|  0|  11|           8|           2|
    |notlhs55_fu_3379_p2             |   icmp   |      0|  0|  11|           8|           2|
    |notlhs56_fu_4642_p2             |   icmp   |      0|  0|  11|           8|           2|
    |notlhs57_fu_4660_p2             |   icmp   |      0|  0|  11|           8|           2|
    |notlhs58_fu_5577_p2             |   icmp   |      0|  0|  11|           8|           2|
    |notlhs59_fu_5595_p2             |   icmp   |      0|  0|  11|           8|           2|
    |notlhs5_fu_1818_p2              |   icmp   |      0|  0|  11|           8|           2|
    |notlhs60_fu_3794_p2             |   icmp   |      0|  0|  11|           8|           2|
    |notlhs61_fu_3812_p2             |   icmp   |      0|  0|  11|           8|           2|
    |notlhs62_fu_4988_p2             |   icmp   |      0|  0|  11|           8|           2|
    |notlhs63_fu_5006_p2             |   icmp   |      0|  0|  11|           8|           2|
    |notlhs64_fu_5822_p2             |   icmp   |      0|  0|  11|           8|           2|
    |notlhs65_fu_5840_p2             |   icmp   |      0|  0|  11|           8|           2|
    |notlhs66_fu_4118_p2             |   icmp   |      0|  0|  11|           8|           2|
    |notlhs67_fu_4136_p2             |   icmp   |      0|  0|  11|           8|           2|
    |notlhs68_fu_5228_p2             |   icmp   |      0|  0|  11|           8|           2|
    |notlhs69_fu_5246_p2             |   icmp   |      0|  0|  11|           8|           2|
    |notlhs6_fu_2027_p2              |   icmp   |      0|  0|  11|           8|           2|
    |notlhs70_fu_5957_p2             |   icmp   |      0|  0|  11|           8|           2|
    |notlhs71_fu_5975_p2             |   icmp   |      0|  0|  11|           8|           2|
    |notlhs72_fu_4528_p2             |   icmp   |      0|  0|  11|           8|           2|
    |notlhs73_fu_4546_p2             |   icmp   |      0|  0|  11|           8|           2|
    |notlhs74_fu_5485_p2             |   icmp   |      0|  0|  11|           8|           2|
    |notlhs75_fu_5503_p2             |   icmp   |      0|  0|  11|           8|           2|
    |notlhs76_fu_6081_p2             |   icmp   |      0|  0|  11|           8|           2|
    |notlhs77_fu_6099_p2             |   icmp   |      0|  0|  11|           8|           2|
    |notlhs78_fu_4852_p2             |   icmp   |      0|  0|  11|           8|           2|
    |notlhs79_fu_4870_p2             |   icmp   |      0|  0|  11|           8|           2|
    |notlhs7_fu_2570_p2              |   icmp   |      0|  0|  11|           8|           2|
    |notlhs80_fu_5709_p2             |   icmp   |      0|  0|  11|           8|           2|
    |notlhs81_fu_5727_p2             |   icmp   |      0|  0|  11|           8|           2|
    |notlhs82_fu_6212_p2             |   icmp   |      0|  0|  11|           8|           2|
    |notlhs83_fu_6230_p2             |   icmp   |      0|  0|  11|           8|           2|
    |notlhs8_fu_2045_p2              |   icmp   |      0|  0|  11|           8|           2|
    |notlhs9_fu_2588_p2              |   icmp   |      0|  0|  11|           8|           2|
    |notlhs_fu_1327_p2               |   icmp   |      0|  0|  11|           8|           2|
    |notrhs10_fu_2911_p2             |   icmp   |      0|  0|  18|          23|           1|
    |notrhs11_fu_2929_p2             |   icmp   |      0|  0|  18|          23|           1|
    |notrhs12_fu_1554_p2             |   icmp   |      0|  0|  18|          23|           1|
    |notrhs13_fu_1572_p2             |   icmp   |      0|  0|  18|          23|           1|
    |notrhs14_fu_2245_p2             |   icmp   |      0|  0|  18|          23|           1|
    |notrhs15_fu_2263_p2             |   icmp   |      0|  0|  18|          23|           1|
    |notrhs16_fu_3246_p2             |   icmp   |      0|  0|  18|          23|           1|
    |notrhs17_fu_3264_p2             |   icmp   |      0|  0|  18|          23|           1|
    |notrhs18_fu_1692_p2             |   icmp   |      0|  0|  18|          23|           1|
    |notrhs19_fu_1710_p2             |   icmp   |      0|  0|  18|          23|           1|
    |notrhs1_fu_2594_p2              |   icmp   |      0|  0|  18|          23|           1|
    |notrhs20_fu_2487_p2             |   icmp   |      0|  0|  18|          23|           1|
    |notrhs21_fu_2505_p2             |   icmp   |      0|  0|  18|          23|           1|
    |notrhs22_fu_3645_p2             |   icmp   |      0|  0|  18|          23|           1|
    |notrhs23_fu_3663_p2             |   icmp   |      0|  0|  18|          23|           1|
    |notrhs24_fu_1919_p2             |   icmp   |      0|  0|  18|          23|           1|
    |notrhs25_fu_1937_p2             |   icmp   |      0|  0|  18|          23|           1|
    |notrhs26_fu_2822_p2             |   icmp   |      0|  0|  18|          23|           1|
    |notrhs27_fu_2840_p2             |   icmp   |      0|  0|  18|          23|           1|
    |notrhs28_fu_4003_p2             |   icmp   |      0|  0|  18|          23|           1|
    |notrhs29_fu_4021_p2             |   icmp   |      0|  0|  18|          23|           1|
    |notrhs2_fu_1351_p2              |   icmp   |      0|  0|  18|          23|           1|
    |notrhs30_fu_2157_p2             |   icmp   |      0|  0|  18|          23|           1|
    |notrhs31_fu_2175_p2             |   icmp   |      0|  0|  18|          23|           1|
    |notrhs32_fu_3157_p2             |   icmp   |      0|  0|  18|          23|           1|
    |notrhs33_fu_3175_p2             |   icmp   |      0|  0|  18|          23|           1|
    |notrhs34_fu_4383_p2             |   icmp   |      0|  0|  18|          23|           1|
    |notrhs35_fu_4401_p2             |   icmp   |      0|  0|  18|          23|           1|
    |notrhs36_fu_2373_p2             |   icmp   |      0|  0|  18|          23|           1|
    |notrhs37_fu_2391_p2             |   icmp   |      0|  0|  18|          23|           1|
    |notrhs38_fu_3541_p2             |   icmp   |      0|  0|  18|          23|           1|
    |notrhs39_fu_3559_p2             |   icmp   |      0|  0|  18|          23|           1|
    |notrhs3_fu_1446_p2              |   icmp   |      0|  0|  18|          23|           1|
    |notrhs40_fu_4737_p2             |   icmp   |      0|  0|  18|          23|           1|
    |notrhs41_fu_4755_p2             |   icmp   |      0|  0|  18|          23|           1|
    |notrhs42_fu_2708_p2             |   icmp   |      0|  0|  18|          23|           1|
    |notrhs43_fu_2726_p2             |   icmp   |      0|  0|  18|          23|           1|
    |notrhs44_fu_3914_p2             |   icmp   |      0|  0|  18|          23|           1|
    |notrhs45_fu_3932_p2             |   icmp   |      0|  0|  18|          23|           1|
    |notrhs46_fu_5091_p2             |   icmp   |      0|  0|  18|          23|           1|
    |notrhs47_fu_5109_p2             |   icmp   |      0|  0|  18|          23|           1|
    |notrhs48_fu_3043_p2             |   icmp   |      0|  0|  18|          23|           1|
    |notrhs49_fu_3061_p2             |   icmp   |      0|  0|  18|          23|           1|
    |notrhs4_fu_1806_p2              |   icmp   |      0|  0|  18|          23|           1|
    |notrhs50_fu_4279_p2             |   icmp   |      0|  0|  18|          23|           1|
    |notrhs51_fu_4297_p2             |   icmp   |      0|  0|  18|          23|           1|
    |notrhs52_fu_5318_p2             |   icmp   |      0|  0|  18|          23|           1|
    |notrhs53_fu_5336_p2             |   icmp   |      0|  0|  18|          23|           1|
    |notrhs54_fu_3367_p2             |   icmp   |      0|  0|  18|          23|           1|
    |notrhs55_fu_3385_p2             |   icmp   |      0|  0|  18|          23|           1|
    |notrhs56_fu_4648_p2             |   icmp   |      0|  0|  18|          23|           1|
    |notrhs57_fu_4666_p2             |   icmp   |      0|  0|  18|          23|           1|
    |notrhs58_fu_5583_p2             |   icmp   |      0|  0|  18|          23|           1|
    |notrhs59_fu_5601_p2             |   icmp   |      0|  0|  18|          23|           1|
    |notrhs5_fu_1464_p2              |   icmp   |      0|  0|  18|          23|           1|
    |notrhs60_fu_3800_p2             |   icmp   |      0|  0|  18|          23|           1|
    |notrhs61_fu_3818_p2             |   icmp   |      0|  0|  18|          23|           1|
    |notrhs62_fu_4994_p2             |   icmp   |      0|  0|  18|          23|           1|
    |notrhs63_fu_5012_p2             |   icmp   |      0|  0|  18|          23|           1|
    |notrhs64_fu_5828_p2             |   icmp   |      0|  0|  18|          23|           1|
    |notrhs65_fu_5846_p2             |   icmp   |      0|  0|  18|          23|           1|
    |notrhs66_fu_4124_p2             |   icmp   |      0|  0|  18|          23|           1|
    |notrhs67_fu_4142_p2             |   icmp   |      0|  0|  18|          23|           1|
    |notrhs68_fu_5234_p2             |   icmp   |      0|  0|  18|          23|           1|
    |notrhs69_fu_5252_p2             |   icmp   |      0|  0|  18|          23|           1|
    |notrhs6_fu_1824_p2              |   icmp   |      0|  0|  18|          23|           1|
    |notrhs70_fu_5963_p2             |   icmp   |      0|  0|  18|          23|           1|
    |notrhs71_fu_5981_p2             |   icmp   |      0|  0|  18|          23|           1|
    |notrhs72_fu_4534_p2             |   icmp   |      0|  0|  18|          23|           1|
    |notrhs73_fu_4552_p2             |   icmp   |      0|  0|  18|          23|           1|
    |notrhs74_fu_5491_p2             |   icmp   |      0|  0|  18|          23|           1|
    |notrhs75_fu_5509_p2             |   icmp   |      0|  0|  18|          23|           1|
    |notrhs76_fu_6087_p2             |   icmp   |      0|  0|  18|          23|           1|
    |notrhs77_fu_6105_p2             |   icmp   |      0|  0|  18|          23|           1|
    |notrhs78_fu_4858_p2             |   icmp   |      0|  0|  18|          23|           1|
    |notrhs79_fu_4876_p2             |   icmp   |      0|  0|  18|          23|           1|
    |notrhs7_fu_2033_p2              |   icmp   |      0|  0|  18|          23|           1|
    |notrhs80_fu_5715_p2             |   icmp   |      0|  0|  18|          23|           1|
    |notrhs81_fu_5733_p2             |   icmp   |      0|  0|  18|          23|           1|
    |notrhs82_fu_6218_p2             |   icmp   |      0|  0|  18|          23|           1|
    |notrhs83_fu_6236_p2             |   icmp   |      0|  0|  18|          23|           1|
    |notrhs8_fu_2576_p2              |   icmp   |      0|  0|  18|          23|           1|
    |notrhs9_fu_2051_p2              |   icmp   |      0|  0|  18|          23|           1|
    |notrhs_fu_1333_p2               |   icmp   |      0|  0|  18|          23|           1|
    |tmp_1_i_fu_1145_p2              |   icmp   |      0|  0|  11|           5|           4|
    |ap_block_state1                 |    or    |      0|  0|   8|           1|           1|
    |tmp_104_fu_3651_p2              |    or    |      0|  0|   8|           1|           1|
    |tmp_105_fu_3669_p2              |    or    |      0|  0|   8|           1|           1|
    |tmp_113_fu_1925_p2              |    or    |      0|  0|   8|           1|           1|
    |tmp_114_fu_1943_p2              |    or    |      0|  0|   8|           1|           1|
    |tmp_122_fu_2828_p2              |    or    |      0|  0|   8|           1|           1|
    |tmp_123_fu_2846_p2              |    or    |      0|  0|   8|           1|           1|
    |tmp_131_fu_4009_p2              |    or    |      0|  0|   8|           1|           1|
    |tmp_132_fu_4027_p2              |    or    |      0|  0|   8|           1|           1|
    |tmp_140_fu_2163_p2              |    or    |      0|  0|   8|           1|           1|
    |tmp_141_fu_2181_p2              |    or    |      0|  0|   8|           1|           1|
    |tmp_149_fu_3163_p2              |    or    |      0|  0|   8|           1|           1|
    |tmp_14_fu_1812_p2               |    or    |      0|  0|   8|           1|           1|
    |tmp_150_fu_3181_p2              |    or    |      0|  0|   8|           1|           1|
    |tmp_158_fu_4389_p2              |    or    |      0|  0|   8|           1|           1|
    |tmp_159_fu_4407_p2              |    or    |      0|  0|   8|           1|           1|
    |tmp_15_fu_1830_p2               |    or    |      0|  0|   8|           1|           1|
    |tmp_167_fu_2379_p2              |    or    |      0|  0|   8|           1|           1|
    |tmp_168_fu_2397_p2              |    or    |      0|  0|   8|           1|           1|
    |tmp_176_fu_3547_p2              |    or    |      0|  0|   8|           1|           1|
    |tmp_177_fu_3565_p2              |    or    |      0|  0|   8|           1|           1|
    |tmp_185_fu_4743_p2              |    or    |      0|  0|   8|           1|           1|
    |tmp_186_fu_4761_p2              |    or    |      0|  0|   8|           1|           1|
    |tmp_194_fu_2714_p2              |    or    |      0|  0|   8|           1|           1|
    |tmp_195_fu_2732_p2              |    or    |      0|  0|   8|           1|           1|
    |tmp_203_fu_3920_p2              |    or    |      0|  0|   8|           1|           1|
    |tmp_204_fu_3938_p2              |    or    |      0|  0|   8|           1|           1|
    |tmp_212_fu_5097_p2              |    or    |      0|  0|   8|           1|           1|
    |tmp_213_fu_5115_p2              |    or    |      0|  0|   8|           1|           1|
    |tmp_221_fu_3049_p2              |    or    |      0|  0|   8|           1|           1|
    |tmp_222_fu_3067_p2              |    or    |      0|  0|   8|           1|           1|
    |tmp_230_fu_4285_p2              |    or    |      0|  0|   8|           1|           1|
    |tmp_231_fu_4303_p2              |    or    |      0|  0|   8|           1|           1|
    |tmp_239_fu_5324_p2              |    or    |      0|  0|   8|           1|           1|
    |tmp_23_fu_2582_p2               |    or    |      0|  0|   8|           1|           1|
    |tmp_240_fu_5342_p2              |    or    |      0|  0|   8|           1|           1|
    |tmp_248_fu_3373_p2              |    or    |      0|  0|   8|           1|           1|
    |tmp_249_fu_3391_p2              |    or    |      0|  0|   8|           1|           1|
    |tmp_24_fu_2600_p2               |    or    |      0|  0|   8|           1|           1|
    |tmp_257_fu_4654_p2              |    or    |      0|  0|   8|           1|           1|
    |tmp_258_fu_4672_p2              |    or    |      0|  0|   8|           1|           1|
    |tmp_266_fu_5589_p2              |    or    |      0|  0|   8|           1|           1|
    |tmp_267_fu_5607_p2              |    or    |      0|  0|   8|           1|           1|
    |tmp_272_fu_3456_p2              |    or    |      0|  0|  11|           4|           1|
    |tmp_275_fu_3806_p2              |    or    |      0|  0|   8|           1|           1|
    |tmp_276_fu_3824_p2              |    or    |      0|  0|   8|           1|           1|
    |tmp_284_fu_5000_p2              |    or    |      0|  0|   8|           1|           1|
    |tmp_285_fu_5018_p2              |    or    |      0|  0|   8|           1|           1|
    |tmp_290_fu_3712_p2              |    or    |      0|  0|  19|          12|           4|
    |tmp_293_fu_5834_p2              |    or    |      0|  0|   8|           1|           1|
    |tmp_294_fu_5852_p2              |    or    |      0|  0|   8|           1|           1|
    |tmp_302_fu_4130_p2              |    or    |      0|  0|   8|           1|           1|
    |tmp_303_fu_4148_p2              |    or    |      0|  0|   8|           1|           1|
    |tmp_308_fu_4194_p2              |    or    |      0|  0|  11|           4|           1|
    |tmp_311_fu_5240_p2              |    or    |      0|  0|   8|           1|           1|
    |tmp_312_fu_5258_p2              |    or    |      0|  0|   8|           1|           1|
    |tmp_320_fu_5969_p2              |    or    |      0|  0|   8|           1|           1|
    |tmp_321_fu_5987_p2              |    or    |      0|  0|   8|           1|           1|
    |tmp_329_fu_4540_p2              |    or    |      0|  0|   8|           1|           1|
    |tmp_32_fu_1452_p2               |    or    |      0|  0|   8|           1|           1|
    |tmp_330_fu_4558_p2              |    or    |      0|  0|   8|           1|           1|
    |tmp_338_fu_5497_p2              |    or    |      0|  0|   8|           1|           1|
    |tmp_339_fu_5515_p2              |    or    |      0|  0|   8|           1|           1|
    |tmp_33_fu_1470_p2               |    or    |      0|  0|   8|           1|           1|
    |tmp_344_fu_4909_p2              |    or    |      0|  0|  11|           4|           1|
    |tmp_347_fu_6093_p2              |    or    |      0|  0|   8|           1|           1|
    |tmp_348_fu_6111_p2              |    or    |      0|  0|   8|           1|           1|
    |tmp_356_fu_4864_p2              |    or    |      0|  0|   8|           1|           1|
    |tmp_357_fu_4882_p2              |    or    |      0|  0|   8|           1|           1|
    |tmp_365_fu_5721_p2              |    or    |      0|  0|   8|           1|           1|
    |tmp_366_fu_5739_p2              |    or    |      0|  0|   8|           1|           1|
    |tmp_374_fu_6224_p2              |    or    |      0|  0|   8|           1|           1|
    |tmp_375_fu_6242_p2              |    or    |      0|  0|   8|           1|           1|
    |tmp_379_fu_5406_p2              |    or    |      0|  0|  11|           4|           1|
    |tmp_387_fu_5884_p2              |    or    |      0|  0|  11|           4|           1|
    |tmp_395_fu_6138_p2              |    or    |      0|  0|  11|           4|           1|
    |tmp_403_fu_6289_p2              |    or    |      0|  0|  11|           4|           1|
    |tmp_41_fu_2039_p2               |    or    |      0|  0|   8|           1|           1|
    |tmp_42_fu_2057_p2               |    or    |      0|  0|   8|           1|           1|
    |tmp_50_fu_2917_p2               |    or    |      0|  0|   8|           1|           1|
    |tmp_51_fu_2935_p2               |    or    |      0|  0|   8|           1|           1|
    |tmp_59_fu_1560_p2               |    or    |      0|  0|   8|           1|           1|
    |tmp_5_i_0_s_fu_1216_p2          |    or    |      0|  0|  12|           5|           1|
    |tmp_60_fu_1578_p2               |    or    |      0|  0|   8|           1|           1|
    |tmp_68_fu_2251_p2               |    or    |      0|  0|   8|           1|           1|
    |tmp_69_fu_2269_p2               |    or    |      0|  0|   8|           1|           1|
    |tmp_6_fu_1339_p2                |    or    |      0|  0|   8|           1|           1|
    |tmp_77_fu_3252_p2               |    or    |      0|  0|   8|           1|           1|
    |tmp_78_fu_3270_p2               |    or    |      0|  0|   8|           1|           1|
    |tmp_7_fu_1357_p2                |    or    |      0|  0|   8|           1|           1|
    |tmp_86_fu_1698_p2               |    or    |      0|  0|   8|           1|           1|
    |tmp_87_fu_1716_p2               |    or    |      0|  0|   8|           1|           1|
    |tmp_95_fu_2493_p2               |    or    |      0|  0|   8|           1|           1|
    |tmp_96_fu_2511_p2               |    or    |      0|  0|   8|           1|           1|
    |i_0_i_i_mid2_fu_1151_p3         |  select  |      0|  0|   5|           1|           5|
    |max_1_i_0_0_1_fu_1390_p3        |  select  |      0|  0|  13|           1|          13|
    |max_1_i_0_1_1_fu_2661_p3        |  select  |      0|  0|  13|           1|          13|
    |max_1_i_0_1_fu_1868_p3          |  select  |      0|  0|  13|           1|          13|
    |max_1_i_10_0_1_fu_3956_p3       |  select  |      0|  0|  13|           1|          13|
    |max_1_i_10_1_1_fu_5916_p3       |  select  |      0|  0|  13|           1|          13|
    |max_1_i_10_1_fu_5137_p3         |  select  |      0|  0|  13|           1|          13|
    |max_1_i_11_0_1_fu_4321_p3       |  select  |      0|  0|  13|           1|          13|
    |max_1_i_11_1_1_fu_6028_p3       |  select  |      0|  0|  13|           1|          13|
    |max_1_i_11_1_fu_5364_p3         |  select  |      0|  0|  13|           1|          13|
    |max_1_i_12_0_1_fu_4690_p3       |  select  |      0|  0|  13|           1|          13|
    |max_1_i_12_1_1_fu_6166_p3       |  select  |      0|  0|  13|           1|          13|
    |max_1_i_12_1_fu_5629_p3         |  select  |      0|  0|  13|           1|          13|
    |max_1_i_13_0_1_fu_5040_p3       |  select  |      0|  0|  13|           1|          13|
    |max_1_i_13_1_1_fu_6314_p3       |  select  |      0|  0|  13|           1|          13|
    |max_1_i_13_1_fu_5870_p3         |  select  |      0|  0|  13|           1|          13|
    |max_1_i_1_0_1_fu_1507_p3        |  select  |      0|  0|  13|           1|          13|
    |max_1_i_1_1_1_fu_2996_p3        |  select  |      0|  0|  13|           1|          13|
    |max_1_i_1_1_fu_2110_p3          |  select  |      0|  0|  13|           1|          13|
    |max_1_i_2_0_1_fu_1626_p3        |  select  |      0|  0|  13|           1|          13|
    |max_1_i_2_1_1_fu_3320_p3        |  select  |      0|  0|  13|           1|          13|
    |max_1_i_2_1_fu_2326_p3          |  select  |      0|  0|  13|           1|          13|
    |max_1_i_3_0_1_fu_1848_p3        |  select  |      0|  0|  13|           1|          13|
    |max_1_i_3_1_1_fu_3700_p3        |  select  |      0|  0|  13|           1|          13|
    |max_1_i_3_1_fu_2622_p3          |  select  |      0|  0|  13|           1|          13|
    |max_1_i_4_0_1_fu_2075_p3        |  select  |      0|  0|  13|           1|          13|
    |max_1_i_4_1_1_fu_4077_p3        |  select  |      0|  0|  13|           1|          13|
    |max_1_i_4_1_fu_2957_p3          |  select  |      0|  0|  13|           1|          13|
    |max_1_i_5_0_1_fu_2291_p3        |  select  |      0|  0|  13|           1|          13|
    |max_1_i_5_1_1_fu_4438_p3        |  select  |      0|  0|  13|           1|          13|
    |max_1_i_5_1_fu_3292_p3          |  select  |      0|  0|  13|           1|          13|
    |max_1_i_6_0_1_fu_2529_p3        |  select  |      0|  0|  13|           1|          13|
    |max_1_i_6_1_1_fu_4811_p3        |  select  |      0|  0|  13|           1|          13|
    |max_1_i_6_1_fu_3687_p3          |  select  |      0|  0|  13|           1|          13|
    |max_1_i_7_0_1_fu_2864_p3        |  select  |      0|  0|  13|           1|          13|
    |max_1_i_7_1_1_fu_5187_p3        |  select  |      0|  0|  13|           1|          13|
    |max_1_i_7_1_fu_4049_p3          |  select  |      0|  0|  13|           1|          13|
    |max_1_i_8_0_1_fu_3199_p3        |  select  |      0|  0|  13|           1|          13|
    |max_1_i_8_1_1_fu_5392_p3        |  select  |      0|  0|  13|           1|          13|
    |max_1_i_8_1_fu_4425_p3          |  select  |      0|  0|  13|           1|          13|
    |max_1_i_9_0_1_fu_3583_p3        |  select  |      0|  0|  13|           1|          13|
    |max_1_i_9_1_1_fu_5664_p3        |  select  |      0|  0|  13|           1|          13|
    |max_1_i_9_1_fu_4783_p3          |  select  |      0|  0|  13|           1|          13|
    |tmp_i_mid2_v_fu_1159_p3         |  select  |      0|  0|   4|           1|           4|
    |ap_enable_pp0                   |    xor   |      0|  0|   8|           1|           2|
    |ap_enable_reg_pp0_iter1         |    xor   |      0|  0|   8|           2|           1|
    +--------------------------------+----------+-------+---+----+------------+------------+
    |Total                           |          |      0|  0|6372|        4183|        2697|
    +--------------------------------+----------+-------+---+----+------------+------------+

    * Multiplexer: 
    +------------------------------------------+-----+-----------+-----+-----------+
    |                   Name                   | LUT | Input Size| Bits| Total Bits|
    +------------------------------------------+-----+-----------+-----+-----------+
    |ap_NS_fsm                                 |  229|         53|    1|         53|
    |ap_done                                   |    9|          2|    1|          2|
    |ap_enable_reg_pp0_iter1                   |   15|          3|    1|          3|
    |ap_phi_mux_channel_0_i_i_phi_fu_1071_p4   |    9|          2|    4|          8|
    |ap_phi_mux_i_0_i_i_phi_fu_1082_p4         |    9|          2|    5|         10|
    |ap_phi_mux_indvar_flatten_phi_fu_1060_p4  |    9|          2|    7|         14|
    |channel_0_i_i_reg_1067                    |    9|          2|    4|          8|
    |grp_fu_1089_p0                            |   33|          6|   32|        192|
    |grp_fu_1089_p1                            |   27|          5|   32|        160|
    |i_0_i_i_reg_1078                          |    9|          2|    5|         10|
    |image_r_address0                          |  217|         50|   13|        650|
    |image_r_address1                          |  217|         50|   13|        650|
    |indvar_flatten_reg_1056                   |    9|          2|    7|         14|
    |output_r_address0                         |   62|         15|   11|        165|
    |output_r_d0                               |   15|          3|   32|         96|
    |reg_1093                                  |    9|          2|   32|         64|
    |reg_1101                                  |    9|          2|   32|         64|
    |reg_1108                                  |    9|          2|   32|         64|
    |reg_1115                                  |    9|          2|   32|         64|
    +------------------------------------------+-----+-----------+-----+-----------+
    |Total                                     |  914|        207|  296|       2291|
    +------------------------------------------+-----+-----------+-----+-----------+

    * Register: 
    +--------------------------------------------+----+----+-----+-----------+
    |                    Name                    | FF | LUT| Bits| Const Bits|
    +--------------------------------------------+----+----+-----+-----------+
    |ap_CS_fsm                                   |  52|   0|   52|          0|
    |ap_done_reg                                 |   1|   0|    1|          0|
    |ap_enable_reg_pp0_iter0                     |   1|   0|    1|          0|
    |ap_enable_reg_pp0_iter1                     |   1|   0|    1|          0|
    |ap_reg_pp0_iter1_exitcond_flatten_reg_6339  |   1|   0|    1|          0|
    |channel_0_i_i_reg_1067                      |   4|   0|    4|          0|
    |exitcond_flatten_reg_6339                   |   1|   0|    1|          0|
    |i_0_i_i_mid2_reg_6348                       |   5|   0|    5|          0|
    |i_0_i_i_reg_1078                            |   5|   0|    5|          0|
    |i_reg_7731                                  |   5|   0|    5|          0|
    |indvar_flatten_next_reg_6343                |   7|   0|    7|          0|
    |indvar_flatten_reg_1056                     |   7|   0|    7|          0|
    |max_1_i_0_0_1_reg_6571                      |  13|   0|   13|          0|
    |max_1_i_0_1_1_reg_6907                      |  13|   0|   13|          0|
    |max_1_i_0_1_reg_6705                        |  13|   0|   13|          0|
    |max_1_i_10_0_1_reg_7220                     |  13|   0|   13|          0|
    |max_1_i_10_1_1_reg_7676                     |  13|   0|   13|          0|
    |max_1_i_10_1_reg_7496                       |  13|   0|   13|          0|
    |max_1_i_11_0_1_reg_7306                     |  13|   0|   13|          0|
    |max_1_i_11_1_1_reg_7696                     |  13|   0|   13|          0|
    |max_1_i_11_1_reg_7542                       |  13|   0|   13|          0|
    |max_1_i_12_0_1_reg_7403                     |  13|   0|   13|          0|
    |max_1_i_12_1_reg_7608                       |  13|   0|   13|          0|
    |max_1_i_13_0_1_reg_7475                     |  13|   0|   13|          0|
    |max_1_i_13_1_reg_7665                       |  13|   0|   13|          0|
    |max_1_i_1_0_1_reg_6607                      |  13|   0|   13|          0|
    |max_1_i_1_1_1_reg_6989                      |  13|   0|   13|          0|
    |max_1_i_1_1_reg_6772                        |  13|   0|   13|          0|
    |max_1_i_2_0_1_reg_6638                      |  13|   0|   13|          0|
    |max_1_i_2_1_1_reg_7066                      |  13|   0|   13|          0|
    |max_1_i_2_1_reg_6824                        |  13|   0|   13|          0|
    |max_1_i_3_0_1_reg_6689                      |  13|   0|   13|          0|
    |max_1_i_3_1_1_reg_7150                      |  13|   0|   13|          0|
    |max_1_i_3_1_reg_6876                        |  13|   0|   13|          0|
    |max_1_i_4_0_1_reg_6746                      |  13|   0|   13|          0|
    |max_1_i_4_1_1_reg_7262                      |  13|   0|   13|          0|
    |max_1_i_4_1_reg_6958                        |  13|   0|   13|          0|
    |max_1_i_5_0_1_reg_6798                      |  13|   0|   13|          0|
    |max_1_i_5_1_1_reg_7343                      |  13|   0|   13|          0|
    |max_1_i_5_1_reg_7040                        |  13|   0|   13|          0|
    |max_1_i_6_0_1_reg_6860                      |  13|   0|   13|          0|
    |max_1_i_6_1_1_reg_7445                      |  13|   0|   13|          0|
    |max_1_i_6_1_reg_7134                        |  13|   0|   13|          0|
    |max_1_i_7_0_1_reg_6942                      |  13|   0|   13|          0|
    |max_1_i_7_1_1_reg_7522                      |  13|   0|   13|          0|
    |max_1_i_7_1_reg_7236                        |  13|   0|   13|          0|
    |max_1_i_8_0_1_reg_7024                      |  13|   0|   13|          0|
    |max_1_i_8_1_1_reg_7568                      |  13|   0|   13|          0|
    |max_1_i_8_1_reg_7327                        |  13|   0|   13|          0|
    |max_1_i_9_0_1_reg_7113                      |  13|   0|   13|          0|
    |max_1_i_9_1_1_reg_7624                      |  13|   0|   13|          0|
    |max_1_i_9_1_reg_7419                        |  13|   0|   13|          0|
    |reg_1093                                    |  32|   0|   32|          0|
    |reg_1101                                    |  32|   0|   32|          0|
    |reg_1108                                    |  32|   0|   32|          0|
    |reg_1115                                    |  32|   0|   32|          0|
    |reg_1122                                    |  32|   0|   32|          0|
    |tmp_101_reg_6695                            |  13|   0|   13|          0|
    |tmp_108_reg_7129                            |   1|   0|    1|          0|
    |tmp_110_reg_6752                            |  13|   0|   13|          0|
    |tmp_117_reg_6716                            |   1|   0|    1|          0|
    |tmp_119_reg_6762                            |  13|   0|   13|          0|
    |tmp_11_reg_6474                             |  13|   0|   13|          0|
    |tmp_126_reg_6937                            |   1|   0|    1|          0|
    |tmp_128_reg_6835                            |  13|   0|   13|          0|
    |tmp_135_reg_7226                            |   1|   0|    1|          0|
    |tmp_137_reg_6845                            |  13|   0|   13|          0|
    |tmp_144_reg_6778                            |   1|   0|    1|          0|
    |tmp_146_reg_6917                            |  13|   0|   13|          0|
    |tmp_153_reg_7019                            |   1|   0|    1|          0|
    |tmp_155_reg_6927                            |  13|   0|   13|          0|
    |tmp_162_reg_7322                            |   1|   0|    1|          0|
    |tmp_164_reg_6999                            |  13|   0|   13|          0|
    |tmp_171_reg_6830                            |   1|   0|    1|          0|
    |tmp_173_reg_7009                            |  13|   0|   13|          0|
    |tmp_180_reg_7108                            |   1|   0|    1|          0|
    |tmp_182_reg_7076                            |  13|   0|   13|          0|
    |tmp_189_reg_7409                            |   1|   0|    1|          0|
    |tmp_18_reg_6684                             |   1|   0|    1|          0|
    |tmp_191_reg_7119                            |  13|   0|   13|          0|
    |tmp_198_reg_6912                            |   1|   0|    1|          0|
    |tmp_200_reg_7195                            |  13|   0|   13|          0|
    |tmp_207_reg_7215                            |   1|   0|    1|          0|
    |tmp_209_reg_7205                            |  13|   0|   13|          0|
    |tmp_20_reg_6516                             |  13|   0|   13|          0|
    |tmp_216_reg_7486                            |   1|   0|    1|          0|
    |tmp_218_reg_7272                            |  13|   0|   13|          0|
    |tmp_225_reg_6994                            |   1|   0|    1|          0|
    |tmp_227_reg_7312                            |  13|   0|   13|          0|
    |tmp_234_reg_7301                            |   1|   0|    1|          0|
    |tmp_236_reg_7378                            |  13|   0|   13|          0|
    |tmp_243_reg_7532                            |   1|   0|    1|          0|
    |tmp_245_reg_7388                            |  13|   0|   13|          0|
    |tmp_247_reg_6400                            |   4|   0|    4|          0|
    |tmp_252_reg_7071                            |   1|   0|    1|          0|
    |tmp_261_reg_7398                            |   1|   0|    1|          0|
    |tmp_263_reg_7086                            |   8|   0|   12|          4|
    |tmp_270_reg_7598                            |   1|   0|    1|          0|
    |tmp_279_reg_7190                            |   1|   0|    1|          0|
    |tmp_27_reg_6866                             |   1|   0|    1|          0|
    |tmp_288_reg_7465                            |   1|   0|    1|          0|
    |tmp_297_reg_7660                            |   1|   0|    1|          0|
    |tmp_29_reg_6526                             |  13|   0|   13|          0|
    |tmp_306_reg_7267                            |   1|   0|    1|          0|
    |tmp_315_reg_7527                            |   1|   0|    1|          0|
    |tmp_324_reg_7681                            |   1|   0|    1|          0|
    |tmp_333_reg_7373                            |   1|   0|    1|          0|
    |tmp_342_reg_7583                            |   1|   0|    1|          0|
    |tmp_351_reg_7716                            |   1|   0|    1|          0|
    |tmp_360_reg_7450                            |   1|   0|    1|          0|
    |tmp_369_reg_7634                            |   1|   0|    1|          0|
    |tmp_36_reg_6587                             |   1|   0|    1|          0|
    |tmp_378_reg_7726                            |   1|   0|    1|          0|
    |tmp_38_reg_6536                             |  13|   0|   13|          0|
    |tmp_3_reg_6464                              |  13|   0|   13|          0|
    |tmp_403_reg_7736                            |   4|   0|    4|          0|
    |tmp_404_reg_7741                            |   9|   0|    9|          0|
    |tmp_408_reg_7746                            |  12|   0|   12|          0|
    |tmp_411_reg_6484                            |  12|   0|   13|          1|
    |tmp_412_reg_6577                            |  13|   0|   13|          0|
    |tmp_414_reg_6721                            |  13|   0|   13|          0|
    |tmp_416_reg_6628                            |  13|   0|   13|          0|
    |tmp_418_reg_6804                            |  13|   0|   13|          0|
    |tmp_420_reg_6674                            |  13|   0|   13|          0|
    |tmp_422_reg_6887                            |  13|   0|   13|          0|
    |tmp_424_reg_6731                            |  13|   0|   13|          0|
    |tmp_426_reg_6969                            |  13|   0|   13|          0|
    |tmp_428_reg_6814                            |  13|   0|   13|          0|
    |tmp_430_reg_7051                            |  13|   0|   13|          0|
    |tmp_432_reg_6897                            |  13|   0|   13|          0|
    |tmp_434_reg_7170                            |  13|   0|   13|          0|
    |tmp_436_reg_6979                            |  13|   0|   13|          0|
    |tmp_438_reg_7247                            |  13|   0|   13|          0|
    |tmp_439_cast_reg_7282                       |   9|   0|   13|          4|
    |tmp_440_reg_7098                            |  13|   0|   13|          0|
    |tmp_442_reg_7353                            |  13|   0|   13|          0|
    |tmp_444_reg_7180                            |  13|   0|   13|          0|
    |tmp_446_reg_7430                            |  13|   0|   13|          0|
    |tmp_448_reg_7291                            |  13|   0|   13|          0|
    |tmp_450_reg_7502                            |  13|   0|   13|          0|
    |tmp_452_reg_7363                            |  13|   0|   13|          0|
    |tmp_454_reg_7553                            |  13|   0|   13|          0|
    |tmp_456_reg_7455                            |  13|   0|   13|          0|
    |tmp_458_reg_7614                            |  13|   0|   13|          0|
    |tmp_45_reg_6741                             |   1|   0|    1|          0|
    |tmp_460_reg_7512                            |  13|   0|   13|          0|
    |tmp_462_reg_7639                            |  13|   0|   13|          0|
    |tmp_464_reg_7573                            |  13|   0|   13|          0|
    |tmp_466_reg_7649                            |  13|   0|   13|          0|
    |tmp_47_reg_6546                             |  13|   0|   13|          0|
    |tmp_54_reg_6948                             |   1|   0|    1|          0|
    |tmp_56_reg_6561                             |  13|   0|   13|          0|
    |tmp_63_reg_6613                             |   1|   0|    1|          0|
    |tmp_65_reg_6592                             |  13|   0|   13|          0|
    |tmp_72_reg_6788                             |   1|   0|    1|          0|
    |tmp_74_reg_6618                             |  13|   0|   13|          0|
    |tmp_81_reg_7030                             |   1|   0|    1|          0|
    |tmp_83_reg_6644                             |  13|   0|   13|          0|
    |tmp_90_reg_6659                             |   1|   0|    1|          0|
    |tmp_92_reg_6664                             |  13|   0|   13|          0|
    |tmp_99_reg_6855                             |   1|   0|    1|          0|
    |tmp_i_mid2_cast1_reg_7160                   |   4|   0|   12|          8|
    |tmp_i_mid2_cast_reg_6406                    |   4|   0|   13|          9|
    |tmp_i_mid2_v_reg_6354                       |   4|   0|    4|          0|
    |tmp_reg_6368                                |  13|   0|   13|          0|
    |tmp_s_reg_6556                              |   1|   0|    1|          0|
    +--------------------------------------------+----+----+-----+-----------+
    |Total                                       |1623|   0| 1649|         26|
    +--------------------------------------------+----+----+-----+-----------+



================================================================
== Interface
================================================================
* Summary: 
+-------------------+-----+-----+------------+----------------------+--------------+
|     RTL Ports     | Dir | Bits|  Protocol  |     Source Object    |    C Type    |
+-------------------+-----+-----+------------+----------------------+--------------+
|ap_clk             |  in |    1| ap_ctrl_hs | Loop_pool_label2_pro | return value |
|ap_rst             |  in |    1| ap_ctrl_hs | Loop_pool_label2_pro | return value |
|ap_start           |  in |    1| ap_ctrl_hs | Loop_pool_label2_pro | return value |
|ap_done            | out |    1| ap_ctrl_hs | Loop_pool_label2_pro | return value |
|ap_continue        |  in |    1| ap_ctrl_hs | Loop_pool_label2_pro | return value |
|ap_idle            | out |    1| ap_ctrl_hs | Loop_pool_label2_pro | return value |
|ap_ready           | out |    1| ap_ctrl_hs | Loop_pool_label2_pro | return value |
|output_r_address0  | out |   11|  ap_memory |       output_r       |     array    |
|output_r_ce0       | out |    1|  ap_memory |       output_r       |     array    |
|output_r_we0       | out |    1|  ap_memory |       output_r       |     array    |
|output_r_d0        | out |   32|  ap_memory |       output_r       |     array    |
|image_r_address0   | out |   13|  ap_memory |        image_r       |     array    |
|image_r_ce0        | out |    1|  ap_memory |        image_r       |     array    |
|image_r_q0         |  in |   32|  ap_memory |        image_r       |     array    |
|image_r_address1   | out |   13|  ap_memory |        image_r       |     array    |
|image_r_ce1        | out |    1|  ap_memory |        image_r       |     array    |
|image_r_q1         |  in |   32|  ap_memory |        image_r       |     array    |
+-------------------+-----+-----+------------+----------------------+--------------+

