

================================================================
== Vivado HLS Report for 'conv_layer1_label8_p'
================================================================
* Date:           Fri May  4 18:44:38 2018

* Version:        2017.4.1 (Build 2117188 on Tue Jan 30 15:53:01 MST 2018)
* Project:        nnet
* Solution:       solution1
* Product family: zynq
* Target device:  xc7z020clg400-1


================================================================
== Performance Estimates
================================================================
+ Timing (ns): 
    * Summary: 
    +--------+-------+----------+------------+
    |  Clock | Target| Estimated| Uncertainty|
    +--------+-------+----------+------------+
    |ap_clk  |  10.00|      9.63|        1.25|
    +--------+-------+----------+------------+

+ Latency (clock cycles): 
    * Summary: 
    +-----+-----+-----+-----+---------+
    |  Latency  |  Interval | Pipeline|
    | min | max | min | max |   Type  |
    +-----+-----+-----+-----+---------+
    |  854|  854|  854|  854|   none  |
    +-----+-----+-----+-----+---------+

    + Detail: 
        * Instance: 
        N/A

        * Loop: 
        +-----------------------------------------+-----+-----+----------+-----------+-----------+------+----------+
        |                                         |  Latency  | Iteration|  Initiation Interval  | Trip |          |
        |                Loop Name                | min | max |  Latency |  achieved |   target  | Count| Pipelined|
        +-----------------------------------------+-----+-----+----------+-----------+-----------+------+----------+
        |- conv_layer1_label8_conv_layer1_label7  |  851|  851|        12|          1|          1|   841|    yes   |
        +-----------------------------------------+-----+-----+----------+-----------+-----------+------+----------+

============================================================
+ Verbose Summary: Synthesis Manager
============================================================
InlineROM: 1
ExposeGlobal: 0
============================================================
+ Verbose Summary: CDFG Model
============================================================
IsTopModel: 0
ResetActiveHigh: 1
IsCombinational: 2
IsDatapathOnly: 0
HasWiredReturn: 1
HasMFsm: 0
HasVarLatency: 1
IsPipeline: 0
IsRtlPipelined: 0
IsInstanceOverlapped: 0
IsDontTouch: 0
HasImplIP: 0
IsGatedGlobalClock: 0

+ Individual pipeline summary: 
  * Pipeline-0: initiation interval (II) = 1, depth = 12


============================================================
+ Verbose Summary: Schedule
============================================================
* Number of FSM states : 15
* Pipeline : 1
  Pipeline-0 : II = 1, D = 12, States = { 3 4 5 6 7 8 9 10 11 12 13 14 }
* Dataflow Pipeline: 0

* FSM state transitions: 
1 --> 
	2  / true
2 --> 
	3  / true
3 --> 
	15  / (exitcond_flatten_i)
	4  / (!exitcond_flatten_i)
4 --> 
	5  / true
5 --> 
	6  / true
6 --> 
	7  / true
7 --> 
	8  / true
8 --> 
	9  / true
9 --> 
	10  / true
10 --> 
	11  / true
11 --> 
	12  / true
12 --> 
	13  / true
13 --> 
	14  / true
14 --> 
	3  / true
15 --> 

* FSM state operations: 

 <State 1> : 3.25ns
ST_1 : Operation 16 [1/1] (0.00ns)   --->   "%filter_0_i_i_read = call i4 @_ssdm_op_Read.ap_auto.i4(i4 %filter_0_i_i)"
ST_1 : Operation 17 [1/1] (0.00ns)   --->   "%tmp = trunc i4 %filter_0_i_i_read to i3"
ST_1 : Operation 18 [1/1] (0.00ns)   --->   "%tmp_i_i = zext i3 %tmp to i64" [nnet/solution1/nnet.cpp:33]
ST_1 : Operation 19 [1/1] (0.00ns)   --->   "%conv_layer1_weights_s = getelementptr [8 x i19]* @conv_layer1_weights_31, i64 0, i64 %tmp_i_i" [nnet/solution1/nnet.cpp:33]
ST_1 : Operation 20 [2/2] (3.25ns)   --->   "%conv_layer1_weights_1 = load i19* %conv_layer1_weights_s, align 4" [nnet/solution1/nnet.cpp:33]   --->   Core 48 'ROM_nP' <Latency = 1> <II = 1> <Delay = 3.25> <Storage> <Opcode : 'load'> <Ports = 0> <Width = 21> <Depth = 8> <ROM>
ST_1 : Operation 21 [1/1] (0.00ns)   --->   "%conv_layer1_weights_2 = getelementptr [8 x i19]* @conv_layer1_weights_29, i64 0, i64 %tmp_i_i" [nnet/solution1/nnet.cpp:33]
ST_1 : Operation 22 [2/2] (3.25ns)   --->   "%conv_layer1_weights_3 = load i19* %conv_layer1_weights_2, align 4" [nnet/solution1/nnet.cpp:33]   --->   Core 48 'ROM_nP' <Latency = 1> <II = 1> <Delay = 3.25> <Storage> <Opcode : 'load'> <Ports = 0> <Width = 21> <Depth = 8> <ROM>
ST_1 : Operation 23 [1/1] (0.00ns)   --->   "%conv_layer1_weights_4 = getelementptr [8 x i19]* @conv_layer1_weights_27, i64 0, i64 %tmp_i_i" [nnet/solution1/nnet.cpp:33]
ST_1 : Operation 24 [2/2] (3.25ns)   --->   "%conv_layer1_weights_5 = load i19* %conv_layer1_weights_4, align 4" [nnet/solution1/nnet.cpp:33]   --->   Core 48 'ROM_nP' <Latency = 1> <II = 1> <Delay = 3.25> <Storage> <Opcode : 'load'> <Ports = 0> <Width = 21> <Depth = 8> <ROM>
ST_1 : Operation 25 [1/1] (0.00ns)   --->   "%conv_layer1_weights_6 = getelementptr [8 x i19]* @conv_layer1_weights_25, i64 0, i64 %tmp_i_i" [nnet/solution1/nnet.cpp:33]
ST_1 : Operation 26 [2/2] (3.25ns)   --->   "%conv_layer1_weights_7 = load i19* %conv_layer1_weights_6, align 4" [nnet/solution1/nnet.cpp:33]   --->   Core 48 'ROM_nP' <Latency = 1> <II = 1> <Delay = 3.25> <Storage> <Opcode : 'load'> <Ports = 0> <Width = 21> <Depth = 8> <ROM>
ST_1 : Operation 27 [1/1] (0.00ns)   --->   "%conv_layer1_weights_8 = getelementptr [8 x i19]* @conv_layer1_weights_23, i64 0, i64 %tmp_i_i" [nnet/solution1/nnet.cpp:33]
ST_1 : Operation 28 [2/2] (3.25ns)   --->   "%conv_layer1_weights_9 = load i19* %conv_layer1_weights_8, align 4" [nnet/solution1/nnet.cpp:33]   --->   Core 48 'ROM_nP' <Latency = 1> <II = 1> <Delay = 3.25> <Storage> <Opcode : 'load'> <Ports = 0> <Width = 21> <Depth = 8> <ROM>
ST_1 : Operation 29 [1/1] (0.00ns)   --->   "%conv_layer1_weights_10 = getelementptr [8 x i19]* @conv_layer1_weights_21, i64 0, i64 %tmp_i_i" [nnet/solution1/nnet.cpp:33]
ST_1 : Operation 30 [2/2] (3.25ns)   --->   "%conv_layer1_weights_11 = load i19* %conv_layer1_weights_10, align 4" [nnet/solution1/nnet.cpp:33]   --->   Core 48 'ROM_nP' <Latency = 1> <II = 1> <Delay = 3.25> <Storage> <Opcode : 'load'> <Ports = 0> <Width = 21> <Depth = 8> <ROM>
ST_1 : Operation 31 [1/1] (0.00ns)   --->   "%conv_layer1_weights_12 = getelementptr [8 x i19]* @conv_layer1_weights_19, i64 0, i64 %tmp_i_i" [nnet/solution1/nnet.cpp:33]
ST_1 : Operation 32 [2/2] (3.25ns)   --->   "%conv_layer1_weights_13 = load i19* %conv_layer1_weights_12, align 4" [nnet/solution1/nnet.cpp:33]   --->   Core 48 'ROM_nP' <Latency = 1> <II = 1> <Delay = 3.25> <Storage> <Opcode : 'load'> <Ports = 0> <Width = 21> <Depth = 8> <ROM>
ST_1 : Operation 33 [1/1] (0.00ns)   --->   "%conv_layer1_weights_14 = getelementptr [8 x i19]* @conv_layer1_weights_17, i64 0, i64 %tmp_i_i" [nnet/solution1/nnet.cpp:33]
ST_1 : Operation 34 [2/2] (3.25ns)   --->   "%conv_layer1_weights_15 = load i19* %conv_layer1_weights_14, align 4" [nnet/solution1/nnet.cpp:33]   --->   Core 48 'ROM_nP' <Latency = 1> <II = 1> <Delay = 3.25> <Storage> <Opcode : 'load'> <Ports = 0> <Width = 21> <Depth = 8> <ROM>
ST_1 : Operation 35 [1/1] (0.00ns)   --->   "%conv_layer1_weights_16 = getelementptr [8 x i19]* @conv_layer1_weights_15, i64 0, i64 %tmp_i_i" [nnet/solution1/nnet.cpp:33]
ST_1 : Operation 36 [2/2] (3.25ns)   --->   "%conv_layer1_weights_17 = load i19* %conv_layer1_weights_16, align 4" [nnet/solution1/nnet.cpp:33]   --->   Core 48 'ROM_nP' <Latency = 1> <II = 1> <Delay = 3.25> <Storage> <Opcode : 'load'> <Ports = 0> <Width = 21> <Depth = 8> <ROM>
ST_1 : Operation 37 [1/1] (0.00ns)   --->   "%conv_layer1_weights_18 = getelementptr [8 x i19]* @conv_layer1_weights_13, i64 0, i64 %tmp_i_i" [nnet/solution1/nnet.cpp:33]
ST_1 : Operation 38 [2/2] (3.25ns)   --->   "%conv_layer1_weights_19 = load i19* %conv_layer1_weights_18, align 4" [nnet/solution1/nnet.cpp:33]   --->   Core 48 'ROM_nP' <Latency = 1> <II = 1> <Delay = 3.25> <Storage> <Opcode : 'load'> <Ports = 0> <Width = 21> <Depth = 8> <ROM>
ST_1 : Operation 39 [1/1] (0.00ns)   --->   "%conv_layer1_weights_20 = getelementptr [8 x i19]* @conv_layer1_weights_11, i64 0, i64 %tmp_i_i" [nnet/solution1/nnet.cpp:33]
ST_1 : Operation 40 [2/2] (3.25ns)   --->   "%conv_layer1_weights_21 = load i19* %conv_layer1_weights_20, align 4" [nnet/solution1/nnet.cpp:33]   --->   Core 48 'ROM_nP' <Latency = 1> <II = 1> <Delay = 3.25> <Storage> <Opcode : 'load'> <Ports = 0> <Width = 21> <Depth = 8> <ROM>
ST_1 : Operation 41 [1/1] (0.00ns)   --->   "%conv_layer1_weights_22 = getelementptr [8 x i19]* @conv_layer1_weights_9, i64 0, i64 %tmp_i_i" [nnet/solution1/nnet.cpp:33]
ST_1 : Operation 42 [2/2] (3.25ns)   --->   "%conv_layer1_weights_23 = load i19* %conv_layer1_weights_22, align 4" [nnet/solution1/nnet.cpp:33]   --->   Core 48 'ROM_nP' <Latency = 1> <II = 1> <Delay = 3.25> <Storage> <Opcode : 'load'> <Ports = 0> <Width = 21> <Depth = 8> <ROM>
ST_1 : Operation 43 [1/1] (0.00ns)   --->   "%conv_layer1_weights_24 = getelementptr [8 x i19]* @conv_layer1_weights_7, i64 0, i64 %tmp_i_i" [nnet/solution1/nnet.cpp:33]
ST_1 : Operation 44 [2/2] (3.25ns)   --->   "%conv_layer1_weights_25 = load i19* %conv_layer1_weights_24, align 4" [nnet/solution1/nnet.cpp:33]   --->   Core 48 'ROM_nP' <Latency = 1> <II = 1> <Delay = 3.25> <Storage> <Opcode : 'load'> <Ports = 0> <Width = 21> <Depth = 8> <ROM>
ST_1 : Operation 45 [1/1] (0.00ns)   --->   "%conv_layer1_weights_26 = getelementptr [8 x i19]* @conv_layer1_weights_5, i64 0, i64 %tmp_i_i" [nnet/solution1/nnet.cpp:33]
ST_1 : Operation 46 [2/2] (3.25ns)   --->   "%conv_layer1_weights_27 = load i19* %conv_layer1_weights_26, align 4" [nnet/solution1/nnet.cpp:33]   --->   Core 48 'ROM_nP' <Latency = 1> <II = 1> <Delay = 3.25> <Storage> <Opcode : 'load'> <Ports = 0> <Width = 21> <Depth = 8> <ROM>
ST_1 : Operation 47 [1/1] (0.00ns)   --->   "%conv_layer1_weights_28 = getelementptr [8 x i19]* @conv_layer1_weights_3, i64 0, i64 %tmp_i_i" [nnet/solution1/nnet.cpp:33]
ST_1 : Operation 48 [2/2] (3.25ns)   --->   "%conv_layer1_weights_29 = load i19* %conv_layer1_weights_28, align 4" [nnet/solution1/nnet.cpp:33]   --->   Core 48 'ROM_nP' <Latency = 1> <II = 1> <Delay = 3.25> <Storage> <Opcode : 'load'> <Ports = 0> <Width = 21> <Depth = 8> <ROM>
ST_1 : Operation 49 [1/1] (0.00ns)   --->   "%conv_layer1_weights_30 = getelementptr [8 x i19]* @conv_layer1_weights_1, i64 0, i64 %tmp_i_i" [nnet/solution1/nnet.cpp:33]
ST_1 : Operation 50 [2/2] (3.25ns)   --->   "%conv_layer1_weights_31 = load i19* %conv_layer1_weights_30, align 4" [nnet/solution1/nnet.cpp:33]   --->   Core 48 'ROM_nP' <Latency = 1> <II = 1> <Delay = 3.25> <Storage> <Opcode : 'load'> <Ports = 0> <Width = 21> <Depth = 8> <ROM>
ST_1 : Operation 51 [1/1] (0.00ns)   --->   "%conv_layer1_bias_V_a = getelementptr [8 x i21]* @conv_layer1_bias_V, i64 0, i64 %tmp_i_i" [nnet/solution1/nnet.cpp:34]
ST_1 : Operation 52 [2/2] (3.25ns)   --->   "%p_Val2_s = load i21* %conv_layer1_bias_V_a, align 4" [nnet/solution1/nnet.cpp:34]   --->   Core 48 'ROM_nP' <Latency = 1> <II = 1> <Delay = 3.25> <Storage> <Opcode : 'load'> <Ports = 0> <Width = 21> <Depth = 8> <ROM>

 <State 2> : 3.25ns
ST_2 : Operation 53 [1/2] (3.25ns)   --->   "%conv_layer1_weights_1 = load i19* %conv_layer1_weights_s, align 4" [nnet/solution1/nnet.cpp:33]   --->   Core 48 'ROM_nP' <Latency = 1> <II = 1> <Delay = 3.25> <Storage> <Opcode : 'load'> <Ports = 0> <Width = 21> <Depth = 8> <ROM>
ST_2 : Operation 54 [1/1] (0.00ns)   --->   "%tmp_84_i_0_cast_i_ca = sext i19 %conv_layer1_weights_1 to i39" [nnet/solution1/nnet.cpp:33]
ST_2 : Operation 55 [1/2] (3.25ns)   --->   "%conv_layer1_weights_3 = load i19* %conv_layer1_weights_2, align 4" [nnet/solution1/nnet.cpp:33]   --->   Core 48 'ROM_nP' <Latency = 1> <II = 1> <Delay = 3.25> <Storage> <Opcode : 'load'> <Ports = 0> <Width = 21> <Depth = 8> <ROM>
ST_2 : Operation 56 [1/1] (0.00ns)   --->   "%tmp_84_i_0_1_cast_i_s = sext i19 %conv_layer1_weights_3 to i39" [nnet/solution1/nnet.cpp:33]
ST_2 : Operation 57 [1/2] (3.25ns)   --->   "%conv_layer1_weights_5 = load i19* %conv_layer1_weights_4, align 4" [nnet/solution1/nnet.cpp:33]   --->   Core 48 'ROM_nP' <Latency = 1> <II = 1> <Delay = 3.25> <Storage> <Opcode : 'load'> <Ports = 0> <Width = 21> <Depth = 8> <ROM>
ST_2 : Operation 58 [1/1] (0.00ns)   --->   "%tmp_84_i_0_2_cast_i_s = sext i19 %conv_layer1_weights_5 to i39" [nnet/solution1/nnet.cpp:33]
ST_2 : Operation 59 [1/2] (3.25ns)   --->   "%conv_layer1_weights_7 = load i19* %conv_layer1_weights_6, align 4" [nnet/solution1/nnet.cpp:33]   --->   Core 48 'ROM_nP' <Latency = 1> <II = 1> <Delay = 3.25> <Storage> <Opcode : 'load'> <Ports = 0> <Width = 21> <Depth = 8> <ROM>
ST_2 : Operation 60 [1/1] (0.00ns)   --->   "%tmp_84_i_0_3_cast_i_s = sext i19 %conv_layer1_weights_7 to i39" [nnet/solution1/nnet.cpp:33]
ST_2 : Operation 61 [1/2] (3.25ns)   --->   "%conv_layer1_weights_9 = load i19* %conv_layer1_weights_8, align 4" [nnet/solution1/nnet.cpp:33]   --->   Core 48 'ROM_nP' <Latency = 1> <II = 1> <Delay = 3.25> <Storage> <Opcode : 'load'> <Ports = 0> <Width = 21> <Depth = 8> <ROM>
ST_2 : Operation 62 [1/1] (0.00ns)   --->   "%tmp_84_i_1_cast_i_ca = sext i19 %conv_layer1_weights_9 to i39" [nnet/solution1/nnet.cpp:33]
ST_2 : Operation 63 [1/2] (3.25ns)   --->   "%conv_layer1_weights_11 = load i19* %conv_layer1_weights_10, align 4" [nnet/solution1/nnet.cpp:33]   --->   Core 48 'ROM_nP' <Latency = 1> <II = 1> <Delay = 3.25> <Storage> <Opcode : 'load'> <Ports = 0> <Width = 21> <Depth = 8> <ROM>
ST_2 : Operation 64 [1/1] (0.00ns)   --->   "%tmp_84_i_1_1_cast_i_s = sext i19 %conv_layer1_weights_11 to i39" [nnet/solution1/nnet.cpp:33]
ST_2 : Operation 65 [1/2] (3.25ns)   --->   "%conv_layer1_weights_13 = load i19* %conv_layer1_weights_12, align 4" [nnet/solution1/nnet.cpp:33]   --->   Core 48 'ROM_nP' <Latency = 1> <II = 1> <Delay = 3.25> <Storage> <Opcode : 'load'> <Ports = 0> <Width = 21> <Depth = 8> <ROM>
ST_2 : Operation 66 [1/1] (0.00ns)   --->   "%tmp_84_i_1_2_cast_i_s = sext i19 %conv_layer1_weights_13 to i39" [nnet/solution1/nnet.cpp:33]
ST_2 : Operation 67 [1/2] (3.25ns)   --->   "%conv_layer1_weights_15 = load i19* %conv_layer1_weights_14, align 4" [nnet/solution1/nnet.cpp:33]   --->   Core 48 'ROM_nP' <Latency = 1> <II = 1> <Delay = 3.25> <Storage> <Opcode : 'load'> <Ports = 0> <Width = 21> <Depth = 8> <ROM>
ST_2 : Operation 68 [1/1] (0.00ns)   --->   "%tmp_84_i_1_3_cast_i_s = sext i19 %conv_layer1_weights_15 to i39" [nnet/solution1/nnet.cpp:33]
ST_2 : Operation 69 [1/2] (3.25ns)   --->   "%conv_layer1_weights_17 = load i19* %conv_layer1_weights_16, align 4" [nnet/solution1/nnet.cpp:33]   --->   Core 48 'ROM_nP' <Latency = 1> <II = 1> <Delay = 3.25> <Storage> <Opcode : 'load'> <Ports = 0> <Width = 21> <Depth = 8> <ROM>
ST_2 : Operation 70 [1/1] (0.00ns)   --->   "%tmp_84_i_2_cast_i_ca = sext i19 %conv_layer1_weights_17 to i39" [nnet/solution1/nnet.cpp:33]
ST_2 : Operation 71 [1/2] (3.25ns)   --->   "%conv_layer1_weights_19 = load i19* %conv_layer1_weights_18, align 4" [nnet/solution1/nnet.cpp:33]   --->   Core 48 'ROM_nP' <Latency = 1> <II = 1> <Delay = 3.25> <Storage> <Opcode : 'load'> <Ports = 0> <Width = 21> <Depth = 8> <ROM>
ST_2 : Operation 72 [1/1] (0.00ns)   --->   "%tmp_84_i_2_1_cast_i_s = sext i19 %conv_layer1_weights_19 to i39" [nnet/solution1/nnet.cpp:33]
ST_2 : Operation 73 [1/2] (3.25ns)   --->   "%conv_layer1_weights_21 = load i19* %conv_layer1_weights_20, align 4" [nnet/solution1/nnet.cpp:33]   --->   Core 48 'ROM_nP' <Latency = 1> <II = 1> <Delay = 3.25> <Storage> <Opcode : 'load'> <Ports = 0> <Width = 21> <Depth = 8> <ROM>
ST_2 : Operation 74 [1/1] (0.00ns)   --->   "%tmp_84_i_2_2_cast_i_s = sext i19 %conv_layer1_weights_21 to i39" [nnet/solution1/nnet.cpp:33]
ST_2 : Operation 75 [1/2] (3.25ns)   --->   "%conv_layer1_weights_23 = load i19* %conv_layer1_weights_22, align 4" [nnet/solution1/nnet.cpp:33]   --->   Core 48 'ROM_nP' <Latency = 1> <II = 1> <Delay = 3.25> <Storage> <Opcode : 'load'> <Ports = 0> <Width = 21> <Depth = 8> <ROM>
ST_2 : Operation 76 [1/1] (0.00ns)   --->   "%tmp_84_i_2_3_cast_i_s = sext i19 %conv_layer1_weights_23 to i39" [nnet/solution1/nnet.cpp:33]
ST_2 : Operation 77 [1/2] (3.25ns)   --->   "%conv_layer1_weights_25 = load i19* %conv_layer1_weights_24, align 4" [nnet/solution1/nnet.cpp:33]   --->   Core 48 'ROM_nP' <Latency = 1> <II = 1> <Delay = 3.25> <Storage> <Opcode : 'load'> <Ports = 0> <Width = 21> <Depth = 8> <ROM>
ST_2 : Operation 78 [1/1] (0.00ns)   --->   "%tmp_84_i_3_cast_i_ca = sext i19 %conv_layer1_weights_25 to i39" [nnet/solution1/nnet.cpp:33]
ST_2 : Operation 79 [1/2] (3.25ns)   --->   "%conv_layer1_weights_27 = load i19* %conv_layer1_weights_26, align 4" [nnet/solution1/nnet.cpp:33]   --->   Core 48 'ROM_nP' <Latency = 1> <II = 1> <Delay = 3.25> <Storage> <Opcode : 'load'> <Ports = 0> <Width = 21> <Depth = 8> <ROM>
ST_2 : Operation 80 [1/1] (0.00ns)   --->   "%tmp_84_i_3_1_cast_i_s = sext i19 %conv_layer1_weights_27 to i39" [nnet/solution1/nnet.cpp:33]
ST_2 : Operation 81 [1/2] (3.25ns)   --->   "%conv_layer1_weights_29 = load i19* %conv_layer1_weights_28, align 4" [nnet/solution1/nnet.cpp:33]   --->   Core 48 'ROM_nP' <Latency = 1> <II = 1> <Delay = 3.25> <Storage> <Opcode : 'load'> <Ports = 0> <Width = 21> <Depth = 8> <ROM>
ST_2 : Operation 82 [1/1] (0.00ns)   --->   "%tmp_84_i_3_2_cast_i_s = sext i19 %conv_layer1_weights_29 to i39" [nnet/solution1/nnet.cpp:33]
ST_2 : Operation 83 [1/2] (3.25ns)   --->   "%conv_layer1_weights_31 = load i19* %conv_layer1_weights_30, align 4" [nnet/solution1/nnet.cpp:33]   --->   Core 48 'ROM_nP' <Latency = 1> <II = 1> <Delay = 3.25> <Storage> <Opcode : 'load'> <Ports = 0> <Width = 21> <Depth = 8> <ROM>
ST_2 : Operation 84 [1/1] (0.00ns)   --->   "%tmp_84_i_3_3_cast_i_s = sext i19 %conv_layer1_weights_31 to i39" [nnet/solution1/nnet.cpp:34]
ST_2 : Operation 85 [1/2] (3.25ns)   --->   "%p_Val2_s = load i21* %conv_layer1_bias_V_a, align 4" [nnet/solution1/nnet.cpp:34]   --->   Core 48 'ROM_nP' <Latency = 1> <II = 1> <Delay = 3.25> <Storage> <Opcode : 'load'> <Ports = 0> <Width = 21> <Depth = 8> <ROM>
ST_2 : Operation 86 [1/1] (0.00ns)   --->   "%p_Val2_cast_i_i = sext i21 %p_Val2_s to i24" [nnet/solution1/nnet.cpp:34]
ST_2 : Operation 87 [1/1] (0.00ns)   --->   "%tmp_i = sext i21 %p_Val2_s to i23" [nnet/solution1/nnet.cpp:34]
ST_2 : Operation 88 [1/1] (1.76ns)   --->   "br label %0"

 <State 3> : 7.77ns
ST_3 : Operation 89 [1/1] (0.00ns)   --->   "%indvar_flatten_i = phi i10 [ 0, %entry ], [ %indvar_flatten_next_s, %.reset.i ]"
ST_3 : Operation 90 [1/1] (0.00ns)   --->   "%i_0_i_i_i_i = phi i5 [ 0, %entry ], [ %tmp_i_i_mid2_v_i, %.reset.i ]" [nnet/solution1/nnet.cpp:34]
ST_3 : Operation 91 [1/1] (0.00ns)   --->   "%j_0_i_i_i_i = phi i5 [ 0, %entry ], [ %j, %.reset.i ]"
ST_3 : Operation 92 [1/1] (1.77ns)   --->   "%exitcond_flatten_i = icmp eq i10 %indvar_flatten_i, -183"   --->   Core 25 'Cmp' <Latency = 0> <II = 1> <Delay = 2.45> <FuncUnit> <Opcode : 'icmp'> <InPorts = 2> <OutPorts = 1>
ST_3 : Operation 93 [1/1] (1.95ns)   --->   "%indvar_flatten_next_s = add i10 %indvar_flatten_i, 1"   --->   Core 14 'AddSub' <Latency = 0> <II = 1> <Delay = 2.28> <FuncUnit> <Opcode : 'add' 'sub'> <InPorts = 2> <OutPorts = 1>
ST_3 : Operation 94 [1/1] (0.00ns)   --->   "br i1 %exitcond_flatten_i, label %conv_layer1_label8_p.exit, label %.reset.i"
ST_3 : Operation 95 [1/1] (1.36ns)   --->   "%exitcond52_i_i_i9_i = icmp eq i5 %j_0_i_i_i_i, -3" [nnet/solution1/nnet.cpp:24]   --->   Core 25 'Cmp' <Latency = 0> <II = 1> <Delay = 2.45> <FuncUnit> <Opcode : 'icmp'> <InPorts = 2> <OutPorts = 1>
ST_3 : Operation 96 [1/1] (1.37ns)   --->   "%j_0_i_i_i_mid2_i = select i1 %exitcond52_i_i_i9_i, i5 0, i5 %j_0_i_i_i_i" [nnet/solution1/nnet.cpp:24]   --->   Core 26 'Sel' <Latency = 0> <II = 1> <Delay = 1.37> <FuncUnit> <Opcode : 'select'> <InPorts = 3> <OutPorts = 1>
ST_3 : Operation 97 [1/1] (1.78ns)   --->   "%i2_i = add i5 %i_0_i_i_i_i, 1" [nnet/solution1/nnet.cpp:33]   --->   Core 14 'AddSub' <Latency = 0> <II = 1> <Delay = 2.28> <FuncUnit> <Opcode : 'add' 'sub'> <InPorts = 2> <OutPorts = 1>
ST_3 : Operation 98 [1/1] (1.37ns)   --->   "%tmp_i_i_mid2_v_i = select i1 %exitcond52_i_i_i9_i, i5 %i2_i, i5 %i_0_i_i_i_i" [nnet/solution1/nnet.cpp:34]   --->   Core 26 'Sel' <Latency = 0> <II = 1> <Delay = 1.37> <FuncUnit> <Opcode : 'select'> <InPorts = 3> <OutPorts = 1>
ST_3 : Operation 99 [1/1] (0.00ns)   --->   "%tmp_86 = call i10 @_ssdm_op_BitConcatenate.i10.i5.i5(i5 %tmp_i_i_mid2_v_i, i5 %j_0_i_i_i_mid2_i)" [nnet/solution1/nnet.cpp:34]
ST_3 : Operation 100 [1/1] (0.00ns)   --->   "%tmp_345_i = zext i10 %tmp_86 to i64" [nnet/solution1/nnet.cpp:33]
ST_3 : Operation 101 [1/1] (0.00ns)   --->   "%image_V_0_addr = getelementptr [1024 x i20]* @image_V_0, i64 0, i64 %tmp_345_i" [nnet/solution1/nnet.cpp:33]
ST_3 : Operation 102 [2/2] (3.25ns)   --->   "%image_V_0_load = load i20* %image_V_0_addr, align 4" [nnet/solution1/nnet.cpp:33]   --->   Core 48 'ROM_nP' <Latency = 1> <II = 1> <Delay = 3.25> <Storage> <Opcode : 'load'> <Ports = 0> <Width = 21> <Depth = 8> <ROM>
ST_3 : Operation 103 [1/1] (1.78ns)   --->   "%j = add i5 %j_0_i_i_i_mid2_i, 1" [nnet/solution1/nnet.cpp:33]   --->   Core 14 'AddSub' <Latency = 0> <II = 1> <Delay = 2.28> <FuncUnit> <Opcode : 'add' 'sub'> <InPorts = 2> <OutPorts = 1>
ST_3 : Operation 104 [1/1] (0.00ns)   --->   "%tmp_89 = call i10 @_ssdm_op_BitConcatenate.i10.i5.i5(i5 %tmp_i_i_mid2_v_i, i5 %j)" [nnet/solution1/nnet.cpp:34]
ST_3 : Operation 105 [1/1] (0.00ns)   --->   "%tmp_351_i = zext i10 %tmp_89 to i64" [nnet/solution1/nnet.cpp:33]
ST_3 : Operation 106 [1/1] (0.00ns)   --->   "%image_V_0_addr_4 = getelementptr [1024 x i20]* @image_V_0, i64 0, i64 %tmp_351_i" [nnet/solution1/nnet.cpp:33]
ST_3 : Operation 107 [2/2] (3.25ns)   --->   "%image_V_0_load_1 = load i20* %image_V_0_addr_4, align 4" [nnet/solution1/nnet.cpp:33]   --->   Core 48 'ROM_nP' <Latency = 1> <II = 1> <Delay = 3.25> <Storage> <Opcode : 'load'> <Ports = 0> <Width = 21> <Depth = 8> <ROM>
ST_3 : Operation 108 [1/1] (1.78ns)   --->   "%tmp_80_i_0_2_i_i = add i5 %j_0_i_i_i_mid2_i, 2" [nnet/solution1/nnet.cpp:33]   --->   Core 14 'AddSub' <Latency = 0> <II = 1> <Delay = 2.28> <FuncUnit> <Opcode : 'add' 'sub'> <InPorts = 2> <OutPorts = 1>
ST_3 : Operation 109 [1/1] (0.00ns)   --->   "%tmp_92 = call i10 @_ssdm_op_BitConcatenate.i10.i5.i5(i5 %tmp_i_i_mid2_v_i, i5 %tmp_80_i_0_2_i_i)" [nnet/solution1/nnet.cpp:34]
ST_3 : Operation 110 [1/1] (0.00ns)   --->   "%tmp_358_i = zext i10 %tmp_92 to i64" [nnet/solution1/nnet.cpp:33]
ST_3 : Operation 111 [1/1] (0.00ns)   --->   "%image_V_0_addr_8 = getelementptr [1024 x i20]* @image_V_0, i64 0, i64 %tmp_358_i" [nnet/solution1/nnet.cpp:33]
ST_3 : Operation 112 [2/2] (3.25ns)   --->   "%image_V_0_load_2 = load i20* %image_V_0_addr_8, align 4" [nnet/solution1/nnet.cpp:33]   --->   Core 48 'ROM_nP' <Latency = 1> <II = 1> <Delay = 3.25> <Storage> <Opcode : 'load'> <Ports = 0> <Width = 21> <Depth = 8> <ROM>

 <State 4> : 6.40ns
ST_4 : Operation 113 [1/1] (1.78ns)   --->   "%i_mid1_i = add i5 %i_0_i_i_i_i, 2" [nnet/solution1/nnet.cpp:33]   --->   Core 14 'AddSub' <Latency = 0> <II = 1> <Delay = 2.28> <FuncUnit> <Opcode : 'add' 'sub'> <InPorts = 2> <OutPorts = 1>
ST_4 : Operation 114 [1/1] (1.37ns)   --->   "%p_v_i = select i1 %exitcond52_i_i_i9_i, i5 %i_mid1_i, i5 %i2_i" [nnet/solution1/nnet.cpp:33]   --->   Core 26 'Sel' <Latency = 0> <II = 1> <Delay = 1.37> <FuncUnit> <Opcode : 'select'> <InPorts = 3> <OutPorts = 1>
ST_4 : Operation 115 [1/1] (0.00ns)   --->   "%tmp_87 = call i10 @_ssdm_op_BitConcatenate.i10.i5.i5(i5 %p_v_i, i5 %j_0_i_i_i_mid2_i)" [nnet/solution1/nnet.cpp:33]
ST_4 : Operation 116 [1/1] (0.00ns)   --->   "%tmp_346_i = zext i10 %tmp_87 to i64" [nnet/solution1/nnet.cpp:33]
ST_4 : Operation 117 [1/1] (0.00ns)   --->   "%image_V_0_addr_1 = getelementptr [1024 x i20]* @image_V_0, i64 0, i64 %tmp_346_i" [nnet/solution1/nnet.cpp:33]
ST_4 : Operation 118 [1/2] (3.25ns)   --->   "%image_V_0_load = load i20* %image_V_0_addr, align 4" [nnet/solution1/nnet.cpp:33]   --->   Core 48 'ROM_nP' <Latency = 1> <II = 1> <Delay = 3.25> <Storage> <Opcode : 'load'> <Ports = 0> <Width = 21> <Depth = 8> <ROM>
ST_4 : Operation 119 [1/2] (3.25ns)   --->   "%image_V_0_load_1 = load i20* %image_V_0_addr_4, align 4" [nnet/solution1/nnet.cpp:33]   --->   Core 48 'ROM_nP' <Latency = 1> <II = 1> <Delay = 3.25> <Storage> <Opcode : 'load'> <Ports = 0> <Width = 21> <Depth = 8> <ROM>
ST_4 : Operation 120 [1/2] (3.25ns)   --->   "%image_V_0_load_2 = load i20* %image_V_0_addr_8, align 4" [nnet/solution1/nnet.cpp:33]   --->   Core 48 'ROM_nP' <Latency = 1> <II = 1> <Delay = 3.25> <Storage> <Opcode : 'load'> <Ports = 0> <Width = 21> <Depth = 8> <ROM>
ST_4 : Operation 121 [1/1] (1.78ns)   --->   "%tmp_80_i_0_3_i_i = add i5 %j_0_i_i_i_mid2_i, 3" [nnet/solution1/nnet.cpp:33]   --->   Core 14 'AddSub' <Latency = 0> <II = 1> <Delay = 2.28> <FuncUnit> <Opcode : 'add' 'sub'> <InPorts = 2> <OutPorts = 1>
ST_4 : Operation 122 [1/1] (0.00ns)   --->   "%tmp_94 = call i10 @_ssdm_op_BitConcatenate.i10.i5.i5(i5 %tmp_i_i_mid2_v_i, i5 %tmp_80_i_0_3_i_i)" [nnet/solution1/nnet.cpp:34]
ST_4 : Operation 123 [1/1] (0.00ns)   --->   "%tmp_365_i = zext i10 %tmp_94 to i64" [nnet/solution1/nnet.cpp:33]
ST_4 : Operation 124 [1/1] (0.00ns)   --->   "%image_V_0_addr_12 = getelementptr [1024 x i20]* @image_V_0, i64 0, i64 %tmp_365_i" [nnet/solution1/nnet.cpp:33]
ST_4 : Operation 125 [2/2] (3.25ns)   --->   "%image_V_0_load_3 = load i20* %image_V_0_addr_12, align 4" [nnet/solution1/nnet.cpp:33]   --->   Core 48 'ROM_nP' <Latency = 1> <II = 1> <Delay = 3.25> <Storage> <Opcode : 'load'> <Ports = 0> <Width = 21> <Depth = 8> <ROM>
ST_4 : Operation 126 [2/2] (3.25ns)   --->   "%image_V_0_load_4 = load i20* %image_V_0_addr_1, align 4" [nnet/solution1/nnet.cpp:33]   --->   Core 48 'ROM_nP' <Latency = 1> <II = 1> <Delay = 3.25> <Storage> <Opcode : 'load'> <Ports = 0> <Width = 21> <Depth = 8> <ROM>

 <State 5> : 6.38ns
ST_5 : Operation 127 [1/1] (0.00ns)   --->   "%tmp_83_i_0_cast_i_ca = zext i20 %image_V_0_load to i39" [nnet/solution1/nnet.cpp:33]
ST_5 : Operation 128 [1/1] (6.38ns)   --->   "%p_Val2_24_i_0_i_i = mul i39 %tmp_84_i_0_cast_i_ca, %tmp_83_i_0_cast_i_ca" [nnet/solution1/nnet.cpp:33]   --->   Core 61 'DSP48' <Latency = 0> <II = 1> <Delay = 6.38> <IPBlock> <Opcode : 'mul' 'add' 'sub' 'select'> <InPorts = 0> <OutPorts = 1> <Sync> <CReg>
ST_5 : Operation 129 [1/1] (0.00ns)   --->   "%tmp_88 = call i19 @_ssdm_op_PartSelect.i19.i39.i32.i32(i39 %p_Val2_24_i_0_i_i, i32 20, i32 38)" [nnet/solution1/nnet.cpp:33]
ST_5 : Operation 130 [1/1] (0.00ns)   --->   "%tmp_90 = call i10 @_ssdm_op_BitConcatenate.i10.i5.i5(i5 %p_v_i, i5 %j)" [nnet/solution1/nnet.cpp:33]
ST_5 : Operation 131 [1/1] (0.00ns)   --->   "%tmp_352_i = zext i10 %tmp_90 to i64" [nnet/solution1/nnet.cpp:33]
ST_5 : Operation 132 [1/1] (0.00ns)   --->   "%image_V_0_addr_5 = getelementptr [1024 x i20]* @image_V_0, i64 0, i64 %tmp_352_i" [nnet/solution1/nnet.cpp:33]
ST_5 : Operation 133 [1/1] (0.00ns)   --->   "%tmp_83_i_0_1_cast_i_s = zext i20 %image_V_0_load_1 to i39" [nnet/solution1/nnet.cpp:33]
ST_5 : Operation 134 [1/1] (6.38ns)   --->   "%p_Val2_24_i_0_1_i_s = mul i39 %tmp_84_i_0_1_cast_i_s, %tmp_83_i_0_1_cast_i_s" [nnet/solution1/nnet.cpp:33]   --->   Core 61 'DSP48' <Latency = 0> <II = 1> <Delay = 6.38> <IPBlock> <Opcode : 'mul' 'add' 'sub' 'select'> <InPorts = 0> <OutPorts = 1> <Sync> <CReg>
ST_5 : Operation 135 [1/1] (0.00ns)   --->   "%tmp_93 = call i10 @_ssdm_op_BitConcatenate.i10.i5.i5(i5 %p_v_i, i5 %tmp_80_i_0_2_i_i)" [nnet/solution1/nnet.cpp:33]
ST_5 : Operation 136 [1/1] (0.00ns)   --->   "%tmp_359_i = zext i10 %tmp_93 to i64" [nnet/solution1/nnet.cpp:33]
ST_5 : Operation 137 [1/1] (0.00ns)   --->   "%image_V_0_addr_9 = getelementptr [1024 x i20]* @image_V_0, i64 0, i64 %tmp_359_i" [nnet/solution1/nnet.cpp:33]
ST_5 : Operation 138 [1/1] (0.00ns)   --->   "%tmp_83_i_0_2_cast_i_s = zext i20 %image_V_0_load_2 to i39" [nnet/solution1/nnet.cpp:33]
ST_5 : Operation 139 [1/1] (6.38ns)   --->   "%p_Val2_24_i_0_2_i_s = mul i39 %tmp_84_i_0_2_cast_i_s, %tmp_83_i_0_2_cast_i_s" [nnet/solution1/nnet.cpp:33]   --->   Core 61 'DSP48' <Latency = 0> <II = 1> <Delay = 6.38> <IPBlock> <Opcode : 'mul' 'add' 'sub' 'select'> <InPorts = 0> <OutPorts = 1> <Sync> <CReg>
ST_5 : Operation 140 [1/2] (3.25ns)   --->   "%image_V_0_load_3 = load i20* %image_V_0_addr_12, align 4" [nnet/solution1/nnet.cpp:33]   --->   Core 48 'ROM_nP' <Latency = 1> <II = 1> <Delay = 3.25> <Storage> <Opcode : 'load'> <Ports = 0> <Width = 21> <Depth = 8> <ROM>
ST_5 : Operation 141 [1/2] (3.25ns)   --->   "%image_V_0_load_4 = load i20* %image_V_0_addr_1, align 4" [nnet/solution1/nnet.cpp:33]   --->   Core 48 'ROM_nP' <Latency = 1> <II = 1> <Delay = 3.25> <Storage> <Opcode : 'load'> <Ports = 0> <Width = 21> <Depth = 8> <ROM>
ST_5 : Operation 142 [2/2] (3.25ns)   --->   "%image_V_0_load_5 = load i20* %image_V_0_addr_5, align 4" [nnet/solution1/nnet.cpp:33]   --->   Core 48 'ROM_nP' <Latency = 1> <II = 1> <Delay = 3.25> <Storage> <Opcode : 'load'> <Ports = 0> <Width = 21> <Depth = 8> <ROM>
ST_5 : Operation 143 [2/2] (3.25ns)   --->   "%image_V_0_load_6 = load i20* %image_V_0_addr_9, align 4" [nnet/solution1/nnet.cpp:33]   --->   Core 48 'ROM_nP' <Latency = 1> <II = 1> <Delay = 3.25> <Storage> <Opcode : 'load'> <Ports = 0> <Width = 21> <Depth = 8> <ROM>

 <State 6> : 6.38ns
ST_6 : Operation 144 [1/1] (0.00ns) (grouped into LUT with out node tmp_78_i_2_i_mid2_v_1)   --->   "%tmp_78_i_2_i_mid2_v_s = select i1 %exitcond52_i_i_i9_i, i5 3, i5 2" [nnet/solution1/nnet.cpp:33]   --->   Core 26 'Sel' <Latency = 0> <II = 1> <Delay = 1.37> <FuncUnit> <Opcode : 'select'> <InPorts = 3> <OutPorts = 1>
ST_6 : Operation 145 [1/1] (1.78ns) (out node of the LUT)   --->   "%tmp_78_i_2_i_mid2_v_1 = add i5 %i_0_i_i_i_i, %tmp_78_i_2_i_mid2_v_s" [nnet/solution1/nnet.cpp:33]   --->   Core 14 'AddSub' <Latency = 0> <II = 1> <Delay = 2.28> <FuncUnit> <Opcode : 'add' 'sub'> <InPorts = 2> <OutPorts = 1>
ST_6 : Operation 146 [1/1] (0.00ns) (grouped into LUT with out node tmp_78_i_3_i_mid2_v_1)   --->   "%tmp_78_i_3_i_mid2_v_s = select i1 %exitcond52_i_i_i9_i, i5 4, i5 3" [nnet/solution1/nnet.cpp:33]   --->   Core 26 'Sel' <Latency = 0> <II = 1> <Delay = 1.37> <FuncUnit> <Opcode : 'select'> <InPorts = 3> <OutPorts = 1>
ST_6 : Operation 147 [1/1] (1.78ns) (out node of the LUT)   --->   "%tmp_78_i_3_i_mid2_v_1 = add i5 %i_0_i_i_i_i, %tmp_78_i_3_i_mid2_v_s" [nnet/solution1/nnet.cpp:33]   --->   Core 14 'AddSub' <Latency = 0> <II = 1> <Delay = 2.28> <FuncUnit> <Opcode : 'add' 'sub'> <InPorts = 2> <OutPorts = 1>
ST_6 : Operation 148 [1/1] (0.00ns)   --->   "%tmp_347_i = call i10 @_ssdm_op_BitConcatenate.i10.i5.i5(i5 %tmp_78_i_2_i_mid2_v_1, i5 %j_0_i_i_i_mid2_i)" [nnet/solution1/nnet.cpp:33]
ST_6 : Operation 149 [1/1] (0.00ns)   --->   "%tmp_348_i = zext i10 %tmp_347_i to i64" [nnet/solution1/nnet.cpp:33]
ST_6 : Operation 150 [1/1] (0.00ns)   --->   "%image_V_0_addr_2 = getelementptr [1024 x i20]* @image_V_0, i64 0, i64 %tmp_348_i" [nnet/solution1/nnet.cpp:33]
ST_6 : Operation 151 [1/1] (0.00ns)   --->   "%p_Val2_24_i_0_1_i_1 = sext i39 %p_Val2_24_i_0_1_i_s to i44" [nnet/solution1/nnet.cpp:33]
ST_6 : Operation 152 [1/1] (0.00ns)   --->   "%tmp_91 = call i39 @_ssdm_op_BitConcatenate.i39.i19.i20(i19 %tmp_88, i20 0)" [nnet/solution1/nnet.cpp:33]
ST_6 : Operation 153 [1/1] (0.00ns)   --->   "%tmp_86_i_0_1_i_i = sext i39 %tmp_91 to i44" [nnet/solution1/nnet.cpp:33]
ST_6 : Operation 154 [1/1] (2.83ns)   --->   "%p_Val2_25_i_0_1_i_s = add i44 %p_Val2_24_i_0_1_i_1, %tmp_86_i_0_1_i_i" [nnet/solution1/nnet.cpp:33]   --->   Core 14 'AddSub' <Latency = 0> <II = 1> <Delay = 2.28> <FuncUnit> <Opcode : 'add' 'sub'> <InPorts = 2> <OutPorts = 1>
ST_6 : Operation 155 [1/1] (0.00ns)   --->   "%p_Val2_24_i_0_2_i_1 = sext i39 %p_Val2_24_i_0_2_i_s to i44" [nnet/solution1/nnet.cpp:33]
ST_6 : Operation 156 [1/1] (0.00ns)   --->   "%tmp_364_i = call i24 @_ssdm_op_PartSelect.i24.i44.i32.i32(i44 %p_Val2_25_i_0_1_i_s, i32 20, i32 43)" [nnet/solution1/nnet.cpp:33]
ST_6 : Operation 157 [1/1] (0.00ns)   --->   "%tmp_86_i_0_2_i_i = call i44 @_ssdm_op_BitConcatenate.i44.i24.i20(i24 %tmp_364_i, i20 0)" [nnet/solution1/nnet.cpp:33]
ST_6 : Operation 158 [1/1] (2.98ns)   --->   "%p_Val2_25_i_0_2_i_s = add i44 %p_Val2_24_i_0_2_i_1, %tmp_86_i_0_2_i_i" [nnet/solution1/nnet.cpp:33]   --->   Core 14 'AddSub' <Latency = 0> <II = 1> <Delay = 2.28> <FuncUnit> <Opcode : 'add' 'sub'> <InPorts = 2> <OutPorts = 1>
ST_6 : Operation 159 [1/1] (0.00ns)   --->   "%tmp_95 = call i10 @_ssdm_op_BitConcatenate.i10.i5.i5(i5 %p_v_i, i5 %tmp_80_i_0_3_i_i)" [nnet/solution1/nnet.cpp:33]
ST_6 : Operation 160 [1/1] (0.00ns)   --->   "%tmp_366_i = zext i10 %tmp_95 to i64" [nnet/solution1/nnet.cpp:33]
ST_6 : Operation 161 [1/1] (0.00ns)   --->   "%image_V_0_addr_13 = getelementptr [1024 x i20]* @image_V_0, i64 0, i64 %tmp_366_i" [nnet/solution1/nnet.cpp:33]
ST_6 : Operation 162 [1/1] (0.00ns)   --->   "%tmp_83_i_0_3_cast_i_s = zext i20 %image_V_0_load_3 to i39" [nnet/solution1/nnet.cpp:33]
ST_6 : Operation 163 [1/1] (6.38ns)   --->   "%p_Val2_24_i_0_3_i_s = mul i39 %tmp_84_i_0_3_cast_i_s, %tmp_83_i_0_3_cast_i_s" [nnet/solution1/nnet.cpp:33]   --->   Core 61 'DSP48' <Latency = 0> <II = 1> <Delay = 6.38> <IPBlock> <Opcode : 'mul' 'add' 'sub' 'select'> <InPorts = 0> <OutPorts = 1> <Sync> <CReg>
ST_6 : Operation 164 [1/1] (0.00ns)   --->   "%tmp_371_i = call i24 @_ssdm_op_PartSelect.i24.i44.i32.i32(i44 %p_Val2_25_i_0_2_i_s, i32 20, i32 43)" [nnet/solution1/nnet.cpp:33]
ST_6 : Operation 165 [1/1] (0.00ns)   --->   "%tmp_83_i_1_cast_i_ca = zext i20 %image_V_0_load_4 to i39" [nnet/solution1/nnet.cpp:33]
ST_6 : Operation 166 [1/1] (6.38ns)   --->   "%p_Val2_24_i_1_i_i = mul i39 %tmp_84_i_1_cast_i_ca, %tmp_83_i_1_cast_i_ca" [nnet/solution1/nnet.cpp:33]   --->   Core 61 'DSP48' <Latency = 0> <II = 1> <Delay = 6.38> <IPBlock> <Opcode : 'mul' 'add' 'sub' 'select'> <InPorts = 0> <OutPorts = 1> <Sync> <CReg>
ST_6 : Operation 167 [1/2] (3.25ns)   --->   "%image_V_0_load_5 = load i20* %image_V_0_addr_5, align 4" [nnet/solution1/nnet.cpp:33]   --->   Core 48 'ROM_nP' <Latency = 1> <II = 1> <Delay = 3.25> <Storage> <Opcode : 'load'> <Ports = 0> <Width = 21> <Depth = 8> <ROM>
ST_6 : Operation 168 [1/2] (3.25ns)   --->   "%image_V_0_load_6 = load i20* %image_V_0_addr_9, align 4" [nnet/solution1/nnet.cpp:33]   --->   Core 48 'ROM_nP' <Latency = 1> <II = 1> <Delay = 3.25> <Storage> <Opcode : 'load'> <Ports = 0> <Width = 21> <Depth = 8> <ROM>
ST_6 : Operation 169 [2/2] (3.25ns)   --->   "%image_V_0_load_7 = load i20* %image_V_0_addr_13, align 4" [nnet/solution1/nnet.cpp:33]   --->   Core 48 'ROM_nP' <Latency = 1> <II = 1> <Delay = 3.25> <Storage> <Opcode : 'load'> <Ports = 0> <Width = 21> <Depth = 8> <ROM>
ST_6 : Operation 170 [2/2] (3.25ns)   --->   "%image_V_0_load_8 = load i20* %image_V_0_addr_2, align 4" [nnet/solution1/nnet.cpp:33]   --->   Core 48 'ROM_nP' <Latency = 1> <II = 1> <Delay = 3.25> <Storage> <Opcode : 'load'> <Ports = 0> <Width = 21> <Depth = 8> <ROM>

 <State 7> : 6.38ns
ST_7 : Operation 171 [1/1] (0.00ns)   --->   "%tmp_353_i = call i10 @_ssdm_op_BitConcatenate.i10.i5.i5(i5 %tmp_78_i_2_i_mid2_v_1, i5 %j)" [nnet/solution1/nnet.cpp:33]
ST_7 : Operation 172 [1/1] (0.00ns)   --->   "%tmp_354_i = zext i10 %tmp_353_i to i64" [nnet/solution1/nnet.cpp:33]
ST_7 : Operation 173 [1/1] (0.00ns)   --->   "%image_V_0_addr_6 = getelementptr [1024 x i20]* @image_V_0, i64 0, i64 %tmp_354_i" [nnet/solution1/nnet.cpp:33]
ST_7 : Operation 174 [1/1] (0.00ns)   --->   "%tmp_360_i = call i10 @_ssdm_op_BitConcatenate.i10.i5.i5(i5 %tmp_78_i_2_i_mid2_v_1, i5 %tmp_80_i_0_2_i_i)" [nnet/solution1/nnet.cpp:33]
ST_7 : Operation 175 [1/1] (0.00ns)   --->   "%tmp_361_i = zext i10 %tmp_360_i to i64" [nnet/solution1/nnet.cpp:33]
ST_7 : Operation 176 [1/1] (0.00ns)   --->   "%image_V_0_addr_10 = getelementptr [1024 x i20]* @image_V_0, i64 0, i64 %tmp_361_i" [nnet/solution1/nnet.cpp:33]
ST_7 : Operation 177 [1/1] (0.00ns)   --->   "%p_Val2_24_i_0_3_i_1 = sext i39 %p_Val2_24_i_0_3_i_s to i44" [nnet/solution1/nnet.cpp:33]
ST_7 : Operation 178 [1/1] (0.00ns)   --->   "%tmp_86_i_0_3_i_i = call i44 @_ssdm_op_BitConcatenate.i44.i24.i20(i24 %tmp_371_i, i20 0)" [nnet/solution1/nnet.cpp:33]
ST_7 : Operation 179 [1/1] (2.98ns)   --->   "%p_Val2_25_i_0_3_i_s = add i44 %p_Val2_24_i_0_3_i_1, %tmp_86_i_0_3_i_i" [nnet/solution1/nnet.cpp:33]   --->   Core 14 'AddSub' <Latency = 0> <II = 1> <Delay = 2.28> <FuncUnit> <Opcode : 'add' 'sub'> <InPorts = 2> <OutPorts = 1>
ST_7 : Operation 180 [1/1] (0.00ns)   --->   "%p_Val2_24_i_1_i_ca = sext i39 %p_Val2_24_i_1_i_i to i44" [nnet/solution1/nnet.cpp:33]
ST_7 : Operation 181 [1/1] (0.00ns)   --->   "%tmp_372_i = call i24 @_ssdm_op_PartSelect.i24.i44.i32.i32(i44 %p_Val2_25_i_0_3_i_s, i32 20, i32 43)" [nnet/solution1/nnet.cpp:33]
ST_7 : Operation 182 [1/1] (0.00ns)   --->   "%tmp_86_i_1_i_i = call i44 @_ssdm_op_BitConcatenate.i44.i24.i20(i24 %tmp_372_i, i20 0)" [nnet/solution1/nnet.cpp:33]
ST_7 : Operation 183 [1/1] (2.98ns)   --->   "%p_Val2_25_i_1_i_i = add i44 %p_Val2_24_i_1_i_ca, %tmp_86_i_1_i_i" [nnet/solution1/nnet.cpp:33]   --->   Core 14 'AddSub' <Latency = 0> <II = 1> <Delay = 2.28> <FuncUnit> <Opcode : 'add' 'sub'> <InPorts = 2> <OutPorts = 1>
ST_7 : Operation 184 [1/1] (0.00ns)   --->   "%tmp_83_i_1_1_cast_i_s = zext i20 %image_V_0_load_5 to i39" [nnet/solution1/nnet.cpp:33]
ST_7 : Operation 185 [1/1] (6.38ns)   --->   "%p_Val2_24_i_1_1_i_s = mul i39 %tmp_84_i_1_1_cast_i_s, %tmp_83_i_1_1_cast_i_s" [nnet/solution1/nnet.cpp:33]   --->   Core 61 'DSP48' <Latency = 0> <II = 1> <Delay = 6.38> <IPBlock> <Opcode : 'mul' 'add' 'sub' 'select'> <InPorts = 0> <OutPorts = 1> <Sync> <CReg>
ST_7 : Operation 186 [1/1] (0.00ns)   --->   "%tmp_373_i = call i24 @_ssdm_op_PartSelect.i24.i44.i32.i32(i44 %p_Val2_25_i_1_i_i, i32 20, i32 43)" [nnet/solution1/nnet.cpp:33]
ST_7 : Operation 187 [1/1] (0.00ns)   --->   "%tmp_83_i_1_2_cast_i_s = zext i20 %image_V_0_load_6 to i39" [nnet/solution1/nnet.cpp:33]
ST_7 : Operation 188 [1/1] (6.38ns)   --->   "%p_Val2_24_i_1_2_i_s = mul i39 %tmp_84_i_1_2_cast_i_s, %tmp_83_i_1_2_cast_i_s" [nnet/solution1/nnet.cpp:33]   --->   Core 61 'DSP48' <Latency = 0> <II = 1> <Delay = 6.38> <IPBlock> <Opcode : 'mul' 'add' 'sub' 'select'> <InPorts = 0> <OutPorts = 1> <Sync> <CReg>
ST_7 : Operation 189 [1/2] (3.25ns)   --->   "%image_V_0_load_7 = load i20* %image_V_0_addr_13, align 4" [nnet/solution1/nnet.cpp:33]   --->   Core 48 'ROM_nP' <Latency = 1> <II = 1> <Delay = 3.25> <Storage> <Opcode : 'load'> <Ports = 0> <Width = 21> <Depth = 8> <ROM>
ST_7 : Operation 190 [1/2] (3.25ns)   --->   "%image_V_0_load_8 = load i20* %image_V_0_addr_2, align 4" [nnet/solution1/nnet.cpp:33]   --->   Core 48 'ROM_nP' <Latency = 1> <II = 1> <Delay = 3.25> <Storage> <Opcode : 'load'> <Ports = 0> <Width = 21> <Depth = 8> <ROM>
ST_7 : Operation 191 [2/2] (3.25ns)   --->   "%image_V_0_load_9 = load i20* %image_V_0_addr_6, align 4" [nnet/solution1/nnet.cpp:33]   --->   Core 48 'ROM_nP' <Latency = 1> <II = 1> <Delay = 3.25> <Storage> <Opcode : 'load'> <Ports = 0> <Width = 21> <Depth = 8> <ROM>
ST_7 : Operation 192 [2/2] (3.25ns)   --->   "%image_V_0_load_10 = load i20* %image_V_0_addr_10, align 4" [nnet/solution1/nnet.cpp:33]   --->   Core 48 'ROM_nP' <Latency = 1> <II = 1> <Delay = 3.25> <Storage> <Opcode : 'load'> <Ports = 0> <Width = 21> <Depth = 8> <ROM>

 <State 8> : 6.38ns
ST_8 : Operation 193 [1/1] (0.00ns)   --->   "%tmp_349_i = call i10 @_ssdm_op_BitConcatenate.i10.i5.i5(i5 %tmp_78_i_3_i_mid2_v_1, i5 %j_0_i_i_i_mid2_i)" [nnet/solution1/nnet.cpp:33]
ST_8 : Operation 194 [1/1] (0.00ns)   --->   "%tmp_350_i = zext i10 %tmp_349_i to i64" [nnet/solution1/nnet.cpp:33]
ST_8 : Operation 195 [1/1] (0.00ns)   --->   "%image_V_0_addr_3 = getelementptr [1024 x i20]* @image_V_0, i64 0, i64 %tmp_350_i" [nnet/solution1/nnet.cpp:33]
ST_8 : Operation 196 [1/1] (0.00ns)   --->   "%tmp_367_i = call i10 @_ssdm_op_BitConcatenate.i10.i5.i5(i5 %tmp_78_i_2_i_mid2_v_1, i5 %tmp_80_i_0_3_i_i)" [nnet/solution1/nnet.cpp:33]
ST_8 : Operation 197 [1/1] (0.00ns)   --->   "%tmp_368_i = zext i10 %tmp_367_i to i64" [nnet/solution1/nnet.cpp:33]
ST_8 : Operation 198 [1/1] (0.00ns)   --->   "%image_V_0_addr_14 = getelementptr [1024 x i20]* @image_V_0, i64 0, i64 %tmp_368_i" [nnet/solution1/nnet.cpp:33]
ST_8 : Operation 199 [1/1] (0.00ns)   --->   "%p_Val2_24_i_1_1_i_1 = sext i39 %p_Val2_24_i_1_1_i_s to i44" [nnet/solution1/nnet.cpp:33]
ST_8 : Operation 200 [1/1] (0.00ns)   --->   "%tmp_86_i_1_1_i_i = call i44 @_ssdm_op_BitConcatenate.i44.i24.i20(i24 %tmp_373_i, i20 0)" [nnet/solution1/nnet.cpp:33]
ST_8 : Operation 201 [1/1] (2.98ns)   --->   "%p_Val2_25_i_1_1_i_s = add i44 %p_Val2_24_i_1_1_i_1, %tmp_86_i_1_1_i_i" [nnet/solution1/nnet.cpp:33]   --->   Core 14 'AddSub' <Latency = 0> <II = 1> <Delay = 2.28> <FuncUnit> <Opcode : 'add' 'sub'> <InPorts = 2> <OutPorts = 1>
ST_8 : Operation 202 [1/1] (0.00ns)   --->   "%p_Val2_24_i_1_2_i_1 = sext i39 %p_Val2_24_i_1_2_i_s to i44" [nnet/solution1/nnet.cpp:33]
ST_8 : Operation 203 [1/1] (0.00ns)   --->   "%tmp_374_i = call i24 @_ssdm_op_PartSelect.i24.i44.i32.i32(i44 %p_Val2_25_i_1_1_i_s, i32 20, i32 43)" [nnet/solution1/nnet.cpp:33]
ST_8 : Operation 204 [1/1] (0.00ns)   --->   "%tmp_86_i_1_2_i_i = call i44 @_ssdm_op_BitConcatenate.i44.i24.i20(i24 %tmp_374_i, i20 0)" [nnet/solution1/nnet.cpp:33]
ST_8 : Operation 205 [1/1] (2.98ns)   --->   "%p_Val2_25_i_1_2_i_s = add i44 %p_Val2_24_i_1_2_i_1, %tmp_86_i_1_2_i_i" [nnet/solution1/nnet.cpp:33]   --->   Core 14 'AddSub' <Latency = 0> <II = 1> <Delay = 2.28> <FuncUnit> <Opcode : 'add' 'sub'> <InPorts = 2> <OutPorts = 1>
ST_8 : Operation 206 [1/1] (0.00ns)   --->   "%tmp_83_i_1_3_cast_i_s = zext i20 %image_V_0_load_7 to i39" [nnet/solution1/nnet.cpp:33]
ST_8 : Operation 207 [1/1] (6.38ns)   --->   "%p_Val2_24_i_1_3_i_s = mul i39 %tmp_84_i_1_3_cast_i_s, %tmp_83_i_1_3_cast_i_s" [nnet/solution1/nnet.cpp:33]   --->   Core 61 'DSP48' <Latency = 0> <II = 1> <Delay = 6.38> <IPBlock> <Opcode : 'mul' 'add' 'sub' 'select'> <InPorts = 0> <OutPorts = 1> <Sync> <CReg>
ST_8 : Operation 208 [1/1] (0.00ns)   --->   "%tmp_375_i = call i24 @_ssdm_op_PartSelect.i24.i44.i32.i32(i44 %p_Val2_25_i_1_2_i_s, i32 20, i32 43)" [nnet/solution1/nnet.cpp:33]
ST_8 : Operation 209 [1/1] (0.00ns)   --->   "%tmp_83_i_2_cast_i_ca = zext i20 %image_V_0_load_8 to i39" [nnet/solution1/nnet.cpp:33]
ST_8 : Operation 210 [1/1] (6.38ns)   --->   "%p_Val2_24_i_2_i_i = mul i39 %tmp_84_i_2_cast_i_ca, %tmp_83_i_2_cast_i_ca" [nnet/solution1/nnet.cpp:33]   --->   Core 61 'DSP48' <Latency = 0> <II = 1> <Delay = 6.38> <IPBlock> <Opcode : 'mul' 'add' 'sub' 'select'> <InPorts = 0> <OutPorts = 1> <Sync> <CReg>
ST_8 : Operation 211 [1/2] (3.25ns)   --->   "%image_V_0_load_9 = load i20* %image_V_0_addr_6, align 4" [nnet/solution1/nnet.cpp:33]   --->   Core 48 'ROM_nP' <Latency = 1> <II = 1> <Delay = 3.25> <Storage> <Opcode : 'load'> <Ports = 0> <Width = 21> <Depth = 8> <ROM>
ST_8 : Operation 212 [1/2] (3.25ns)   --->   "%image_V_0_load_10 = load i20* %image_V_0_addr_10, align 4" [nnet/solution1/nnet.cpp:33]   --->   Core 48 'ROM_nP' <Latency = 1> <II = 1> <Delay = 3.25> <Storage> <Opcode : 'load'> <Ports = 0> <Width = 21> <Depth = 8> <ROM>
ST_8 : Operation 213 [2/2] (3.25ns)   --->   "%image_V_0_load_11 = load i20* %image_V_0_addr_14, align 4" [nnet/solution1/nnet.cpp:33]   --->   Core 48 'ROM_nP' <Latency = 1> <II = 1> <Delay = 3.25> <Storage> <Opcode : 'load'> <Ports = 0> <Width = 21> <Depth = 8> <ROM>
ST_8 : Operation 214 [2/2] (3.25ns)   --->   "%image_V_0_load_12 = load i20* %image_V_0_addr_3, align 4" [nnet/solution1/nnet.cpp:33]   --->   Core 48 'ROM_nP' <Latency = 1> <II = 1> <Delay = 3.25> <Storage> <Opcode : 'load'> <Ports = 0> <Width = 21> <Depth = 8> <ROM>

 <State 9> : 6.38ns
ST_9 : Operation 215 [1/1] (0.00ns)   --->   "%tmp_355_i = call i10 @_ssdm_op_BitConcatenate.i10.i5.i5(i5 %tmp_78_i_3_i_mid2_v_1, i5 %j)" [nnet/solution1/nnet.cpp:33]
ST_9 : Operation 216 [1/1] (0.00ns)   --->   "%tmp_356_i = zext i10 %tmp_355_i to i64" [nnet/solution1/nnet.cpp:33]
ST_9 : Operation 217 [1/1] (0.00ns)   --->   "%image_V_0_addr_7 = getelementptr [1024 x i20]* @image_V_0, i64 0, i64 %tmp_356_i" [nnet/solution1/nnet.cpp:33]
ST_9 : Operation 218 [1/1] (0.00ns)   --->   "%tmp_362_i = call i10 @_ssdm_op_BitConcatenate.i10.i5.i5(i5 %tmp_78_i_3_i_mid2_v_1, i5 %tmp_80_i_0_2_i_i)" [nnet/solution1/nnet.cpp:33]
ST_9 : Operation 219 [1/1] (0.00ns)   --->   "%tmp_363_i = zext i10 %tmp_362_i to i64" [nnet/solution1/nnet.cpp:33]
ST_9 : Operation 220 [1/1] (0.00ns)   --->   "%image_V_0_addr_11 = getelementptr [1024 x i20]* @image_V_0, i64 0, i64 %tmp_363_i" [nnet/solution1/nnet.cpp:33]
ST_9 : Operation 221 [1/1] (0.00ns)   --->   "%p_Val2_24_i_1_3_i_1 = sext i39 %p_Val2_24_i_1_3_i_s to i44" [nnet/solution1/nnet.cpp:33]
ST_9 : Operation 222 [1/1] (0.00ns)   --->   "%tmp_86_i_1_3_i_i = call i44 @_ssdm_op_BitConcatenate.i44.i24.i20(i24 %tmp_375_i, i20 0)" [nnet/solution1/nnet.cpp:33]
ST_9 : Operation 223 [1/1] (2.98ns)   --->   "%p_Val2_25_i_1_3_i_s = add i44 %p_Val2_24_i_1_3_i_1, %tmp_86_i_1_3_i_i" [nnet/solution1/nnet.cpp:33]   --->   Core 14 'AddSub' <Latency = 0> <II = 1> <Delay = 2.28> <FuncUnit> <Opcode : 'add' 'sub'> <InPorts = 2> <OutPorts = 1>
ST_9 : Operation 224 [1/1] (0.00ns)   --->   "%p_Val2_24_i_2_i_ca = sext i39 %p_Val2_24_i_2_i_i to i44" [nnet/solution1/nnet.cpp:33]
ST_9 : Operation 225 [1/1] (0.00ns)   --->   "%tmp_376_i = call i24 @_ssdm_op_PartSelect.i24.i44.i32.i32(i44 %p_Val2_25_i_1_3_i_s, i32 20, i32 43)" [nnet/solution1/nnet.cpp:33]
ST_9 : Operation 226 [1/1] (0.00ns)   --->   "%tmp_86_i_2_i_i = call i44 @_ssdm_op_BitConcatenate.i44.i24.i20(i24 %tmp_376_i, i20 0)" [nnet/solution1/nnet.cpp:33]
ST_9 : Operation 227 [1/1] (2.98ns)   --->   "%p_Val2_25_i_2_i_i = add i44 %p_Val2_24_i_2_i_ca, %tmp_86_i_2_i_i" [nnet/solution1/nnet.cpp:33]   --->   Core 14 'AddSub' <Latency = 0> <II = 1> <Delay = 2.28> <FuncUnit> <Opcode : 'add' 'sub'> <InPorts = 2> <OutPorts = 1>
ST_9 : Operation 228 [1/1] (0.00ns)   --->   "%tmp_83_i_2_1_cast_i_s = zext i20 %image_V_0_load_9 to i39" [nnet/solution1/nnet.cpp:33]
ST_9 : Operation 229 [1/1] (6.38ns)   --->   "%p_Val2_24_i_2_1_i_s = mul i39 %tmp_84_i_2_1_cast_i_s, %tmp_83_i_2_1_cast_i_s" [nnet/solution1/nnet.cpp:33]   --->   Core 61 'DSP48' <Latency = 0> <II = 1> <Delay = 6.38> <IPBlock> <Opcode : 'mul' 'add' 'sub' 'select'> <InPorts = 0> <OutPorts = 1> <Sync> <CReg>
ST_9 : Operation 230 [1/1] (0.00ns)   --->   "%tmp_377_i = call i24 @_ssdm_op_PartSelect.i24.i44.i32.i32(i44 %p_Val2_25_i_2_i_i, i32 20, i32 43)" [nnet/solution1/nnet.cpp:33]
ST_9 : Operation 231 [1/1] (0.00ns)   --->   "%tmp_83_i_2_2_cast_i_s = zext i20 %image_V_0_load_10 to i39" [nnet/solution1/nnet.cpp:33]
ST_9 : Operation 232 [1/1] (6.38ns)   --->   "%p_Val2_24_i_2_2_i_s = mul i39 %tmp_84_i_2_2_cast_i_s, %tmp_83_i_2_2_cast_i_s" [nnet/solution1/nnet.cpp:33]   --->   Core 61 'DSP48' <Latency = 0> <II = 1> <Delay = 6.38> <IPBlock> <Opcode : 'mul' 'add' 'sub' 'select'> <InPorts = 0> <OutPorts = 1> <Sync> <CReg>
ST_9 : Operation 233 [1/2] (3.25ns)   --->   "%image_V_0_load_11 = load i20* %image_V_0_addr_14, align 4" [nnet/solution1/nnet.cpp:33]   --->   Core 48 'ROM_nP' <Latency = 1> <II = 1> <Delay = 3.25> <Storage> <Opcode : 'load'> <Ports = 0> <Width = 21> <Depth = 8> <ROM>
ST_9 : Operation 234 [1/2] (3.25ns)   --->   "%image_V_0_load_12 = load i20* %image_V_0_addr_3, align 4" [nnet/solution1/nnet.cpp:33]   --->   Core 48 'ROM_nP' <Latency = 1> <II = 1> <Delay = 3.25> <Storage> <Opcode : 'load'> <Ports = 0> <Width = 21> <Depth = 8> <ROM>
ST_9 : Operation 235 [2/2] (3.25ns)   --->   "%image_V_0_load_13 = load i20* %image_V_0_addr_7, align 4" [nnet/solution1/nnet.cpp:33]   --->   Core 48 'ROM_nP' <Latency = 1> <II = 1> <Delay = 3.25> <Storage> <Opcode : 'load'> <Ports = 0> <Width = 21> <Depth = 8> <ROM>
ST_9 : Operation 236 [2/2] (3.25ns)   --->   "%image_V_0_load_14 = load i20* %image_V_0_addr_11, align 4" [nnet/solution1/nnet.cpp:33]   --->   Core 48 'ROM_nP' <Latency = 1> <II = 1> <Delay = 3.25> <Storage> <Opcode : 'load'> <Ports = 0> <Width = 21> <Depth = 8> <ROM>

 <State 10> : 6.38ns
ST_10 : Operation 237 [1/1] (0.00ns)   --->   "%tmp_369_i = call i10 @_ssdm_op_BitConcatenate.i10.i5.i5(i5 %tmp_78_i_3_i_mid2_v_1, i5 %tmp_80_i_0_3_i_i)" [nnet/solution1/nnet.cpp:33]
ST_10 : Operation 238 [1/1] (0.00ns)   --->   "%tmp_370_i = zext i10 %tmp_369_i to i64" [nnet/solution1/nnet.cpp:33]
ST_10 : Operation 239 [1/1] (0.00ns)   --->   "%image_V_0_addr_15 = getelementptr [1024 x i20]* @image_V_0, i64 0, i64 %tmp_370_i" [nnet/solution1/nnet.cpp:33]
ST_10 : Operation 240 [1/1] (0.00ns)   --->   "%p_Val2_24_i_2_1_i_1 = sext i39 %p_Val2_24_i_2_1_i_s to i44" [nnet/solution1/nnet.cpp:33]
ST_10 : Operation 241 [1/1] (0.00ns)   --->   "%tmp_86_i_2_1_i_i = call i44 @_ssdm_op_BitConcatenate.i44.i24.i20(i24 %tmp_377_i, i20 0)" [nnet/solution1/nnet.cpp:33]
ST_10 : Operation 242 [1/1] (2.98ns)   --->   "%p_Val2_25_i_2_1_i_s = add i44 %p_Val2_24_i_2_1_i_1, %tmp_86_i_2_1_i_i" [nnet/solution1/nnet.cpp:33]   --->   Core 14 'AddSub' <Latency = 0> <II = 1> <Delay = 2.28> <FuncUnit> <Opcode : 'add' 'sub'> <InPorts = 2> <OutPorts = 1>
ST_10 : Operation 243 [1/1] (0.00ns)   --->   "%p_Val2_24_i_2_2_i_1 = sext i39 %p_Val2_24_i_2_2_i_s to i44" [nnet/solution1/nnet.cpp:33]
ST_10 : Operation 244 [1/1] (0.00ns)   --->   "%tmp_378_i = call i24 @_ssdm_op_PartSelect.i24.i44.i32.i32(i44 %p_Val2_25_i_2_1_i_s, i32 20, i32 43)" [nnet/solution1/nnet.cpp:33]
ST_10 : Operation 245 [1/1] (0.00ns)   --->   "%tmp_86_i_2_2_i_i = call i44 @_ssdm_op_BitConcatenate.i44.i24.i20(i24 %tmp_378_i, i20 0)" [nnet/solution1/nnet.cpp:33]
ST_10 : Operation 246 [1/1] (2.98ns)   --->   "%p_Val2_25_i_2_2_i_s = add i44 %p_Val2_24_i_2_2_i_1, %tmp_86_i_2_2_i_i" [nnet/solution1/nnet.cpp:33]   --->   Core 14 'AddSub' <Latency = 0> <II = 1> <Delay = 2.28> <FuncUnit> <Opcode : 'add' 'sub'> <InPorts = 2> <OutPorts = 1>
ST_10 : Operation 247 [1/1] (0.00ns)   --->   "%tmp_83_i_2_3_cast_i_s = zext i20 %image_V_0_load_11 to i39" [nnet/solution1/nnet.cpp:33]
ST_10 : Operation 248 [1/1] (6.38ns)   --->   "%p_Val2_24_i_2_3_i_s = mul i39 %tmp_84_i_2_3_cast_i_s, %tmp_83_i_2_3_cast_i_s" [nnet/solution1/nnet.cpp:33]   --->   Core 61 'DSP48' <Latency = 0> <II = 1> <Delay = 6.38> <IPBlock> <Opcode : 'mul' 'add' 'sub' 'select'> <InPorts = 0> <OutPorts = 1> <Sync> <CReg>
ST_10 : Operation 249 [1/1] (0.00ns)   --->   "%tmp_379_i = call i24 @_ssdm_op_PartSelect.i24.i44.i32.i32(i44 %p_Val2_25_i_2_2_i_s, i32 20, i32 43)" [nnet/solution1/nnet.cpp:33]
ST_10 : Operation 250 [1/1] (0.00ns)   --->   "%tmp_83_i_3_cast_i_ca = zext i20 %image_V_0_load_12 to i39" [nnet/solution1/nnet.cpp:33]
ST_10 : Operation 251 [1/1] (6.38ns)   --->   "%p_Val2_24_i_3_i_i = mul i39 %tmp_84_i_3_cast_i_ca, %tmp_83_i_3_cast_i_ca" [nnet/solution1/nnet.cpp:33]   --->   Core 61 'DSP48' <Latency = 0> <II = 1> <Delay = 6.38> <IPBlock> <Opcode : 'mul' 'add' 'sub' 'select'> <InPorts = 0> <OutPorts = 1> <Sync> <CReg>
ST_10 : Operation 252 [1/2] (3.25ns)   --->   "%image_V_0_load_13 = load i20* %image_V_0_addr_7, align 4" [nnet/solution1/nnet.cpp:33]   --->   Core 48 'ROM_nP' <Latency = 1> <II = 1> <Delay = 3.25> <Storage> <Opcode : 'load'> <Ports = 0> <Width = 21> <Depth = 8> <ROM>
ST_10 : Operation 253 [1/2] (3.25ns)   --->   "%image_V_0_load_14 = load i20* %image_V_0_addr_11, align 4" [nnet/solution1/nnet.cpp:33]   --->   Core 48 'ROM_nP' <Latency = 1> <II = 1> <Delay = 3.25> <Storage> <Opcode : 'load'> <Ports = 0> <Width = 21> <Depth = 8> <ROM>
ST_10 : Operation 254 [2/2] (3.25ns)   --->   "%image_V_0_load_15 = load i20* %image_V_0_addr_15, align 4" [nnet/solution1/nnet.cpp:33]   --->   Core 48 'ROM_nP' <Latency = 1> <II = 1> <Delay = 3.25> <Storage> <Opcode : 'load'> <Ports = 0> <Width = 21> <Depth = 8> <ROM>

 <State 11> : 6.38ns
ST_11 : Operation 255 [1/1] (0.00ns)   --->   "%p_Val2_24_i_2_3_i_1 = sext i39 %p_Val2_24_i_2_3_i_s to i44" [nnet/solution1/nnet.cpp:33]
ST_11 : Operation 256 [1/1] (0.00ns)   --->   "%tmp_86_i_2_3_i_i = call i44 @_ssdm_op_BitConcatenate.i44.i24.i20(i24 %tmp_379_i, i20 0)" [nnet/solution1/nnet.cpp:33]
ST_11 : Operation 257 [1/1] (2.98ns)   --->   "%p_Val2_25_i_2_3_i_s = add i44 %p_Val2_24_i_2_3_i_1, %tmp_86_i_2_3_i_i" [nnet/solution1/nnet.cpp:33]   --->   Core 14 'AddSub' <Latency = 0> <II = 1> <Delay = 2.28> <FuncUnit> <Opcode : 'add' 'sub'> <InPorts = 2> <OutPorts = 1>
ST_11 : Operation 258 [1/1] (0.00ns)   --->   "%p_Val2_24_i_3_i_ca = sext i39 %p_Val2_24_i_3_i_i to i44" [nnet/solution1/nnet.cpp:33]
ST_11 : Operation 259 [1/1] (0.00ns)   --->   "%tmp_380_i = call i24 @_ssdm_op_PartSelect.i24.i44.i32.i32(i44 %p_Val2_25_i_2_3_i_s, i32 20, i32 43)" [nnet/solution1/nnet.cpp:33]
ST_11 : Operation 260 [1/1] (0.00ns)   --->   "%tmp_86_i_3_i_i = call i44 @_ssdm_op_BitConcatenate.i44.i24.i20(i24 %tmp_380_i, i20 0)" [nnet/solution1/nnet.cpp:33]
ST_11 : Operation 261 [1/1] (2.98ns)   --->   "%p_Val2_25_i_3_i_i = add i44 %p_Val2_24_i_3_i_ca, %tmp_86_i_3_i_i" [nnet/solution1/nnet.cpp:33]   --->   Core 14 'AddSub' <Latency = 0> <II = 1> <Delay = 2.28> <FuncUnit> <Opcode : 'add' 'sub'> <InPorts = 2> <OutPorts = 1>
ST_11 : Operation 262 [1/1] (0.00ns)   --->   "%tmp_83_i_3_1_cast_i_s = zext i20 %image_V_0_load_13 to i39" [nnet/solution1/nnet.cpp:33]
ST_11 : Operation 263 [1/1] (6.38ns)   --->   "%p_Val2_24_i_3_1_i_s = mul i39 %tmp_84_i_3_1_cast_i_s, %tmp_83_i_3_1_cast_i_s" [nnet/solution1/nnet.cpp:33]   --->   Core 61 'DSP48' <Latency = 0> <II = 1> <Delay = 6.38> <IPBlock> <Opcode : 'mul' 'add' 'sub' 'select'> <InPorts = 0> <OutPorts = 1> <Sync> <CReg>
ST_11 : Operation 264 [1/1] (0.00ns)   --->   "%tmp_381_i = call i24 @_ssdm_op_PartSelect.i24.i44.i32.i32(i44 %p_Val2_25_i_3_i_i, i32 20, i32 43)" [nnet/solution1/nnet.cpp:33]
ST_11 : Operation 265 [1/1] (0.00ns)   --->   "%tmp_83_i_3_2_cast_i_s = zext i20 %image_V_0_load_14 to i39" [nnet/solution1/nnet.cpp:33]
ST_11 : Operation 266 [1/1] (6.38ns)   --->   "%p_Val2_24_i_3_2_i_s = mul i39 %tmp_84_i_3_2_cast_i_s, %tmp_83_i_3_2_cast_i_s" [nnet/solution1/nnet.cpp:33]   --->   Core 61 'DSP48' <Latency = 0> <II = 1> <Delay = 6.38> <IPBlock> <Opcode : 'mul' 'add' 'sub' 'select'> <InPorts = 0> <OutPorts = 1> <Sync> <CReg>
ST_11 : Operation 267 [1/2] (3.25ns)   --->   "%image_V_0_load_15 = load i20* %image_V_0_addr_15, align 4" [nnet/solution1/nnet.cpp:33]   --->   Core 48 'ROM_nP' <Latency = 1> <II = 1> <Delay = 3.25> <Storage> <Opcode : 'load'> <Ports = 0> <Width = 21> <Depth = 8> <ROM>

 <State 12> : 6.38ns
ST_12 : Operation 268 [1/1] (0.00ns)   --->   "%p_Val2_24_i_3_1_i_1 = sext i39 %p_Val2_24_i_3_1_i_s to i44" [nnet/solution1/nnet.cpp:33]
ST_12 : Operation 269 [1/1] (0.00ns)   --->   "%tmp_86_i_3_1_i_i = call i44 @_ssdm_op_BitConcatenate.i44.i24.i20(i24 %tmp_381_i, i20 0)" [nnet/solution1/nnet.cpp:33]
ST_12 : Operation 270 [1/1] (2.98ns)   --->   "%p_Val2_25_i_3_1_i_s = add i44 %p_Val2_24_i_3_1_i_1, %tmp_86_i_3_1_i_i" [nnet/solution1/nnet.cpp:33]   --->   Core 14 'AddSub' <Latency = 0> <II = 1> <Delay = 2.28> <FuncUnit> <Opcode : 'add' 'sub'> <InPorts = 2> <OutPorts = 1>
ST_12 : Operation 271 [1/1] (0.00ns)   --->   "%p_Val2_24_i_3_2_i_1 = sext i39 %p_Val2_24_i_3_2_i_s to i44" [nnet/solution1/nnet.cpp:33]
ST_12 : Operation 272 [1/1] (0.00ns)   --->   "%tmp_382_i = call i24 @_ssdm_op_PartSelect.i24.i44.i32.i32(i44 %p_Val2_25_i_3_1_i_s, i32 20, i32 43)" [nnet/solution1/nnet.cpp:33]
ST_12 : Operation 273 [1/1] (0.00ns)   --->   "%tmp_86_i_3_2_i_i = call i44 @_ssdm_op_BitConcatenate.i44.i24.i20(i24 %tmp_382_i, i20 0)" [nnet/solution1/nnet.cpp:33]
ST_12 : Operation 274 [1/1] (2.98ns)   --->   "%p_Val2_25_i_3_2_i_s = add i44 %p_Val2_24_i_3_2_i_1, %tmp_86_i_3_2_i_i" [nnet/solution1/nnet.cpp:33]   --->   Core 14 'AddSub' <Latency = 0> <II = 1> <Delay = 2.28> <FuncUnit> <Opcode : 'add' 'sub'> <InPorts = 2> <OutPorts = 1>
ST_12 : Operation 275 [1/1] (0.00ns)   --->   "%tmp_83_i_3_3_cast_i_s = zext i20 %image_V_0_load_15 to i39" [nnet/solution1/nnet.cpp:33]
ST_12 : Operation 276 [1/1] (6.38ns)   --->   "%p_Val2_24_i_3_3_i_s = mul i39 %tmp_84_i_3_3_cast_i_s, %tmp_83_i_3_3_cast_i_s" [nnet/solution1/nnet.cpp:33]   --->   Core 61 'DSP48' <Latency = 0> <II = 1> <Delay = 6.38> <IPBlock> <Opcode : 'mul' 'add' 'sub' 'select'> <InPorts = 0> <OutPorts = 1> <Sync> <CReg>
ST_12 : Operation 277 [1/1] (0.00ns)   --->   "%tmp_383_i = call i24 @_ssdm_op_PartSelect.i24.i44.i32.i32(i44 %p_Val2_25_i_3_2_i_s, i32 20, i32 43)" [nnet/solution1/nnet.cpp:33]

 <State 13> : 7.76ns
ST_13 : Operation 278 [1/1] (0.00ns)   --->   "%p_Val2_24_i_3_3_i_1 = sext i39 %p_Val2_24_i_3_3_i_s to i44" [nnet/solution1/nnet.cpp:33]
ST_13 : Operation 279 [1/1] (0.00ns)   --->   "%tmp_86_i_3_3_i_i = call i44 @_ssdm_op_BitConcatenate.i44.i24.i20(i24 %tmp_383_i, i20 0)" [nnet/solution1/nnet.cpp:33]
ST_13 : Operation 280 [1/1] (2.98ns)   --->   "%p_Val2_25_i_3_3_i_s = add i44 %p_Val2_24_i_3_3_i_1, %tmp_86_i_3_3_i_i" [nnet/solution1/nnet.cpp:33]   --->   Core 14 'AddSub' <Latency = 0> <II = 1> <Delay = 2.28> <FuncUnit> <Opcode : 'add' 'sub'> <InPorts = 2> <OutPorts = 1>
ST_13 : Operation 281 [1/1] (0.00ns)   --->   "%sum_V_i_3_3_i_i = call i24 @_ssdm_op_PartSelect.i24.i44.i32.i32(i44 %p_Val2_25_i_3_3_i_s, i32 20, i32 43)" [nnet/solution1/nnet.cpp:33]
ST_13 : Operation 282 [1/1] (0.00ns)   --->   "%tmp_1_i = call i23 @_ssdm_op_PartSelect.i23.i44.i32.i32(i44 %p_Val2_25_i_3_3_i_s, i32 20, i32 42)" [nnet/solution1/nnet.cpp:33]
ST_13 : Operation 283 [1/1] (2.31ns)   --->   "%p_Val2_22_i_i_i = add i24 %p_Val2_cast_i_i, %sum_V_i_3_3_i_i" [nnet/solution1/nnet.cpp:34]   --->   Core 14 'AddSub' <Latency = 0> <II = 1> <Delay = 2.28> <FuncUnit> <Opcode : 'add' 'sub'> <InPorts = 2> <OutPorts = 1>
ST_13 : Operation 284 [1/1] (2.45ns)   --->   "%tmp_i1_i = icmp sgt i24 %p_Val2_22_i_i_i, 0" [/home/sergiu/git/lic/hls/workspace/nnet/headers/activations.h:13->nnet/solution1/nnet.cpp:34]   --->   Core 25 'Cmp' <Latency = 0> <II = 1> <Delay = 2.45> <FuncUnit> <Opcode : 'icmp'> <InPorts = 2> <OutPorts = 1>
ST_13 : Operation 285 [1/1] (2.28ns)   --->   "%a_V_cast_i_i = add i23 %tmp_1_i, %tmp_i" [/home/sergiu/git/lic/hls/workspace/nnet/headers/activations.h:13->nnet/solution1/nnet.cpp:34]   --->   Core 14 'AddSub' <Latency = 0> <II = 1> <Delay = 2.28> <FuncUnit> <Opcode : 'add' 'sub'> <InPorts = 2> <OutPorts = 1>

 <State 14> : 9.63ns
ST_14 : Operation 286 [1/1] (0.00ns)   --->   "call void (...)* @_ssdm_op_SpecLoopName([38 x i8]* @conv_layer1_label8_c)"
ST_14 : Operation 287 [1/1] (0.00ns)   --->   "%empty = call i32 (...)* @_ssdm_op_SpecLoopTripCount(i64 841, i64 841, i64 841)"
ST_14 : Operation 288 [1/1] (0.00ns)   --->   "%tmp_i_i_mid2_cast_i = zext i5 %tmp_i_i_mid2_v_i to i10" [nnet/solution1/nnet.cpp:34]
ST_14 : Operation 289 [1/1] (3.36ns)   --->   "%tmp_i_32 = mul i10 %tmp_i_i_mid2_cast_i, 29" [nnet/solution1/nnet.cpp:34]   --->   Core 61 'DSP48' <Latency = 0> <II = 1> <Delay = 6.38> <IPBlock> <Opcode : 'mul' 'add' 'sub' 'select'> <InPorts = 0> <OutPorts = 1> <Sync> <CReg>
ST_14 : Operation 290 [1/1] (0.00ns)   --->   "call void (...)* @_ssdm_op_SpecLoopName([19 x i8]* @p_str14) nounwind" [nnet/solution1/nnet.cpp:25]
ST_14 : Operation 291 [1/1] (0.00ns)   --->   "%tmp_9_i_i = call i32 (...)* @_ssdm_op_SpecRegionBegin([19 x i8]* @p_str14)" [nnet/solution1/nnet.cpp:25]
ST_14 : Operation 292 [1/1] (0.00ns)   --->   "call void (...)* @_ssdm_op_SpecPipeline(i32 -1, i32 1, i32 1, i32 0, [1 x i8]* @p_str12) nounwind" [nnet/solution1/nnet.cpp:26]
ST_14 : Operation 293 [1/1] (0.00ns)   --->   "%tmp_81_i_0_i_cast_i = zext i5 %j_0_i_i_i_mid2_i to i10" [nnet/solution1/nnet.cpp:34]
ST_14 : Operation 294 [1/1] (3.02ns)   --->   "%tmp_342_i = add i10 %tmp_i_32, %tmp_81_i_0_i_cast_i" [nnet/solution1/nnet.cpp:34]   --->   Core 61 'DSP48' <Latency = 0> <II = 1> <Delay = 6.38> <IPBlock> <Opcode : 'mul' 'add' 'sub' 'select'> <InPorts = 0> <OutPorts = 1> <Sync> <CReg>
ST_14 : Operation 295 [1/1] (0.00ns)   --->   "%tmp_85 = call i13 @_ssdm_op_BitConcatenate.i13.i10.i3(i10 %tmp_342_i, i3 %tmp)" [nnet/solution1/nnet.cpp:34]
ST_14 : Operation 296 [1/1] (0.00ns)   --->   "%tmp_344_i = zext i13 %tmp_85 to i64" [nnet/solution1/nnet.cpp:34]
ST_14 : Operation 297 [1/1] (0.00ns)   --->   "%output_V_addr = getelementptr [6728 x i24]* %output_V, i64 0, i64 %tmp_344_i" [nnet/solution1/nnet.cpp:34]
ST_14 : Operation 298 [1/1] (1.37ns)   --->   "%agg_result_V_i_i = select i1 %tmp_i1_i, i23 %a_V_cast_i_i, i23 0" [/home/sergiu/git/lic/hls/workspace/nnet/headers/activations.h:13->nnet/solution1/nnet.cpp:34]   --->   Core 26 'Sel' <Latency = 0> <II = 1> <Delay = 1.37> <FuncUnit> <Opcode : 'select'> <InPorts = 3> <OutPorts = 1>
ST_14 : Operation 299 [1/1] (0.00ns)   --->   "%p_trunc_ext_i_i = zext i23 %agg_result_V_i_i to i24" [nnet/solution1/nnet.cpp:34]
ST_14 : Operation 300 [1/1] (3.25ns)   --->   "store i24 %p_trunc_ext_i_i, i24* %output_V_addr, align 4" [nnet/solution1/nnet.cpp:34]   --->   Core 37 'RAM' <Latency = 1> <II = 1> <Delay = 3.25> <Storage> <Opcode : 'load' 'store'> <Ports = 2> <Width = 24> <Depth = 6728> <RAM>
ST_14 : Operation 301 [1/1] (0.00ns)   --->   "%empty_33 = call i32 (...)* @_ssdm_op_SpecRegionEnd([19 x i8]* @p_str14, i32 %tmp_9_i_i)" [nnet/solution1/nnet.cpp:35]
ST_14 : Operation 302 [1/1] (0.00ns)   --->   "br label %0"

 <State 15> : 0.00ns
ST_15 : Operation 303 [1/1] (0.00ns)   --->   "ret void"


============================================================
+ Verbose Summary: Timing violations
============================================================
Target clock period: 10ns, clock uncertainty: 1.25ns.

 <State 1>: 3.25ns
The critical path consists of the following:
	wire read on port 'filter_0_i_i' [21]  (0 ns)
	'getelementptr' operation ('conv_layer1_weights_s', nnet/solution1/nnet.cpp:33) [24]  (0 ns)
	'load' operation ('conv_layer1_weights_1', nnet/solution1/nnet.cpp:33) on array 'conv_layer1_weights_31' [25]  (3.25 ns)

 <State 2>: 3.25ns
The critical path consists of the following:
	'load' operation ('conv_layer1_weights_1', nnet/solution1/nnet.cpp:33) on array 'conv_layer1_weights_31' [25]  (3.25 ns)

 <State 3>: 7.77ns
The critical path consists of the following:
	'phi' operation ('j') with incoming values : ('j', nnet/solution1/nnet.cpp:33) [80]  (0 ns)
	'icmp' operation ('exitcond52_i_i_i9_i', nnet/solution1/nnet.cpp:24) [87]  (1.36 ns)
	'select' operation ('j_0_i_i_i_mid2_i', nnet/solution1/nnet.cpp:24) [88]  (1.37 ns)
	'add' operation ('j', nnet/solution1/nnet.cpp:33) [123]  (1.78 ns)
	'getelementptr' operation ('image_V_0_addr_4', nnet/solution1/nnet.cpp:33) [126]  (0 ns)
	'load' operation ('image_V_0_load_1', nnet/solution1/nnet.cpp:33) on array 'image_V_0' [136]  (3.25 ns)

 <State 4>: 6.4ns
The critical path consists of the following:
	'add' operation ('i_mid1_i', nnet/solution1/nnet.cpp:33) [93]  (1.78 ns)
	'select' operation ('p_v_i', nnet/solution1/nnet.cpp:33) [94]  (1.37 ns)
	'getelementptr' operation ('image_V_0_addr_1', nnet/solution1/nnet.cpp:33) [112]  (0 ns)
	'load' operation ('image_V_0_load_4', nnet/solution1/nnet.cpp:33) on array 'image_V_0' [183]  (3.25 ns)

 <State 5>: 6.38ns
The critical path consists of the following:
	'mul' operation ('p_Val2_24_i_0_i_i', nnet/solution1/nnet.cpp:33) [121]  (6.38 ns)

 <State 6>: 6.38ns
The critical path consists of the following:
	'mul' operation ('p_Val2_24_i_0_3_i_s', nnet/solution1/nnet.cpp:33) [178]  (6.38 ns)

 <State 7>: 6.38ns
The critical path consists of the following:
	'mul' operation ('p_Val2_24_i_1_1_i_s', nnet/solution1/nnet.cpp:33) [192]  (6.38 ns)

 <State 8>: 6.38ns
The critical path consists of the following:
	'mul' operation ('p_Val2_24_i_1_3_i_s', nnet/solution1/nnet.cpp:33) [206]  (6.38 ns)

 <State 9>: 6.38ns
The critical path consists of the following:
	'mul' operation ('p_Val2_24_i_2_1_i_s', nnet/solution1/nnet.cpp:33) [220]  (6.38 ns)

 <State 10>: 6.38ns
The critical path consists of the following:
	'mul' operation ('p_Val2_24_i_2_3_i_s', nnet/solution1/nnet.cpp:33) [234]  (6.38 ns)

 <State 11>: 6.38ns
The critical path consists of the following:
	'mul' operation ('p_Val2_24_i_3_1_i_s', nnet/solution1/nnet.cpp:33) [248]  (6.38 ns)

 <State 12>: 6.38ns
The critical path consists of the following:
	'mul' operation ('p_Val2_24_i_3_3_i_s', nnet/solution1/nnet.cpp:33) [262]  (6.38 ns)

 <State 13>: 7.76ns
The critical path consists of the following:
	'add' operation ('p_Val2_25_i_3_3_i_s', nnet/solution1/nnet.cpp:33) [266]  (2.99 ns)
	'add' operation ('p_Val2_22_i_i_i', nnet/solution1/nnet.cpp:34) [269]  (2.31 ns)
	'icmp' operation ('tmp_i1_i', /home/sergiu/git/lic/hls/workspace/nnet/headers/activations.h:13->nnet/solution1/nnet.cpp:34) [270]  (2.45 ns)

 <State 14>: 9.63ns
The critical path consists of the following:
	'mul' operation ('tmp_i_32', nnet/solution1/nnet.cpp:34) [92]  (3.36 ns)
	'add' operation ('tmp_342_i', nnet/solution1/nnet.cpp:34) [103]  (3.02 ns)
	'getelementptr' operation ('output_V_addr', nnet/solution1/nnet.cpp:34) [106]  (0 ns)
	'store' operation (nnet/solution1/nnet.cpp:34) of variable 'p_trunc_ext_i_i', nnet/solution1/nnet.cpp:34 on array 'output_V' [274]  (3.25 ns)

 <State 15>: 0ns
The critical path consists of the following:


============================================================
+ Verbose Summary: Binding
============================================================
N/A
* FSMD analyzer results:
  - Output states:
 - Input state : 
  - Chain level:
	State 1
	State 2
	State 3
	State 4
	State 5
	State 6
	State 7
	State 8
	State 9
	State 10
	State 11
	State 12
	State 13
	State 14
	State 15


============================================================
+ Verbose Summary: Datapath Resource usage 
============================================================
N/A
