

================================================================
== Vivado HLS Report for 'conv_layer1'
================================================================
* Date:           Mon May 14 15:17:51 2018

* Version:        2017.4.1 (Build 2117188 on Tue Jan 30 15:53:01 MST 2018)
* Project:        nnet
* Solution:       solution1
* Product family: zynq
* Target device:  xc7z020clg400-1


================================================================
== Performance Estimates
================================================================
+ Timing (ns): 
    * Summary: 
    +--------+-------+----------+------------+
    |  Clock | Target| Estimated| Uncertainty|
    +--------+-------+----------+------------+
    |ap_clk  |  10.00|      8.70|        1.25|
    +--------+-------+----------+------------+

+ Latency (clock cycles): 
    * Summary: 
    +------+------+------+------+---------+
    |   Latency   |   Interval  | Pipeline|
    |  min |  max |  min |  max |   Type  |
    +------+------+------+------+---------+
    |  6741|  6741|  6741|  6741|   none  |
    +------+------+------+------+---------+

    + Detail: 
        * Instance: 
        N/A

        * Loop: 
        +-------------------------------------------------------------+------+------+----------+-----------+-----------+------+----------+
        |                                                             |   Latency   | Iteration|  Initiation Interval  | Trip |          |
        |                          Loop Name                          |  min |  max |  Latency |  achieved |   target  | Count| Pipelined|
        +-------------------------------------------------------------+------+------+----------+-----------+-----------+------+----------+
        |- conv_layer1_label19_conv_layer1_label8_conv_layer1_label7  |  6739|  6739|        13|          1|          1|  6728|    yes   |
        +-------------------------------------------------------------+------+------+----------+-----------+-----------+------+----------+

============================================================
+ Verbose Summary: Synthesis Manager
============================================================
InlineROM: 1
ExposeGlobal: 0
============================================================
+ Verbose Summary: CDFG Model
============================================================
IsTopModel: 0
ResetActiveHigh: 1
IsCombinational: 0
IsDatapathOnly: 0
HasWiredReturn: 1
HasMFsm: 0
HasVarLatency: 1
IsPipeline: 0
IsRtlPipelined: 0
IsInstanceOverlapped: 0
IsDontTouch: 0
HasImplIP: 0
IsGatedGlobalClock: 0

+ Individual pipeline summary: 
  * Pipeline-0: initiation interval (II) = 1, depth = 13


============================================================
+ Verbose Summary: Schedule
============================================================
* Number of FSM states : 15
* Pipeline : 1
  Pipeline-0 : II = 1, D = 13, States = { 2 3 4 5 6 7 8 9 10 11 12 13 14 }
* Dataflow Pipeline: 0

* FSM state transitions: 
1 --> 
	2  / true
2 --> 
	15  / (exitcond_flatten2)
	3  / (!exitcond_flatten2)
3 --> 
	4  / true
4 --> 
	5  / true
5 --> 
	6  / true
6 --> 
	7  / true
7 --> 
	8  / true
8 --> 
	9  / true
9 --> 
	10  / true
10 --> 
	11  / true
11 --> 
	12  / true
12 --> 
	13  / true
13 --> 
	14  / true
14 --> 
	2  / true
15 --> 

* FSM state operations: 

 <State 1> : 1.77ns
ST_1 : Operation 16 [1/1] (1.76ns)   --->   "br label %1" [nnet/solution1/nnet.cpp:21]

 <State 2> : 3.33ns
ST_2 : Operation 17 [1/1] (0.00ns)   --->   "%indvar_flatten2 = phi i13 [ 0, %0 ], [ %indvar_flatten_next2, %.reset23 ]"
ST_2 : Operation 18 [1/1] (0.00ns)   --->   "%filter = phi i4 [ 0, %0 ], [ %tmp_mid2_v, %.reset23 ]" [nnet/solution1/nnet.cpp:34]
ST_2 : Operation 19 [1/1] (0.00ns)   --->   "%indvar_flatten = phi i10 [ 0, %0 ], [ %indvar_flatten_next, %.reset23 ]"
ST_2 : Operation 20 [1/1] (0.00ns)   --->   "%i = phi i5 [ 0, %0 ], [ %tmp_mid2_37, %.reset23 ]" [nnet/solution1/nnet.cpp:35]
ST_2 : Operation 21 [1/1] (0.00ns)   --->   "%j = phi i5 [ 0, %0 ], [ %j_3, %.reset23 ]"
ST_2 : Operation 22 [1/1] (2.09ns)   --->   "%exitcond_flatten2 = icmp eq i13 %indvar_flatten2, -1464"   --->   Core 25 'Cmp' <Latency = 0> <II = 1> <Delay = 2.45> <FuncUnit> <Opcode : 'icmp'> <InPorts = 2> <OutPorts = 1>
ST_2 : Operation 23 [1/1] (2.01ns)   --->   "%indvar_flatten_next2 = add i13 %indvar_flatten2, 1"   --->   Core 14 'AddSub' <Latency = 0> <II = 1> <Delay = 1.95> <FuncUnit> <Opcode : 'add' 'sub'> <InPorts = 2> <OutPorts = 1>
ST_2 : Operation 24 [1/1] (0.00ns)   --->   "br i1 %exitcond_flatten2, label %2, label %.reset23"
ST_2 : Operation 25 [1/1] (1.77ns)   --->   "%exitcond_flatten = icmp eq i10 %indvar_flatten, -183"   --->   Core 25 'Cmp' <Latency = 0> <II = 1> <Delay = 2.45> <FuncUnit> <Opcode : 'icmp'> <InPorts = 2> <OutPorts = 1>
ST_2 : Operation 26 [1/1] (1.95ns)   --->   "%indvar_flatten_op = add i10 %indvar_flatten, 1"   --->   Core 14 'AddSub' <Latency = 0> <II = 1> <Delay = 1.95> <FuncUnit> <Opcode : 'add' 'sub'> <InPorts = 2> <OutPorts = 1>
ST_2 : Operation 27 [1/1] (1.37ns)   --->   "%indvar_flatten_next = select i1 %exitcond_flatten, i10 1, i10 %indvar_flatten_op"   --->   Core 26 'Sel' <Latency = 0> <II = 1> <Delay = 1.37> <FuncUnit> <Opcode : 'select'> <InPorts = 3> <OutPorts = 1>

 <State 3> : 8.70ns
ST_3 : Operation 28 [1/1] (1.73ns)   --->   "%filter_2 = add i4 %filter, 1" [nnet/solution1/nnet.cpp:21]   --->   Core 14 'AddSub' <Latency = 0> <II = 1> <Delay = 1.95> <FuncUnit> <Opcode : 'add' 'sub'> <InPorts = 2> <OutPorts = 1>
ST_3 : Operation 29 [1/1] (1.37ns)   --->   "%i_mid = select i1 %exitcond_flatten, i5 0, i5 %i" [nnet/solution1/nnet.cpp:35]   --->   Core 26 'Sel' <Latency = 0> <II = 1> <Delay = 1.37> <FuncUnit> <Opcode : 'select'> <InPorts = 3> <OutPorts = 1>
ST_3 : Operation 30 [1/1] (1.37ns)   --->   "%tmp_mid2_v = select i1 %exitcond_flatten, i4 %filter_2, i4 %filter" [nnet/solution1/nnet.cpp:34]   --->   Core 26 'Sel' <Latency = 0> <II = 1> <Delay = 1.37> <FuncUnit> <Opcode : 'select'> <InPorts = 3> <OutPorts = 1>
ST_3 : Operation 31 [1/1] (0.00ns)   --->   "%tmp_mid2 = zext i4 %tmp_mid2_v to i64" [nnet/solution1/nnet.cpp:34]
ST_3 : Operation 32 [1/1] (0.00ns)   --->   "%conv_layer1_weights_s = getelementptr [8 x i19]* @conv_layer1_weights_31, i64 0, i64 %tmp_mid2" [nnet/solution1/nnet.cpp:34]
ST_3 : Operation 33 [2/2] (3.25ns)   --->   "%conv_layer1_weights_1 = load i19* %conv_layer1_weights_s, align 4" [nnet/solution1/nnet.cpp:34]   --->   Core 48 'ROM_nP' <Latency = 1> <II = 1> <Delay = 3.25> <Storage> <Opcode : 'load'> <Ports = 0> <Width = 20> <Depth = 1024> <ROM>
ST_3 : Operation 34 [1/1] (0.00ns)   --->   "%conv_layer1_weights_2 = getelementptr [8 x i19]* @conv_layer1_weights_29, i64 0, i64 %tmp_mid2" [nnet/solution1/nnet.cpp:34]
ST_3 : Operation 35 [2/2] (3.25ns)   --->   "%conv_layer1_weights_3 = load i19* %conv_layer1_weights_2, align 4" [nnet/solution1/nnet.cpp:34]   --->   Core 48 'ROM_nP' <Latency = 1> <II = 1> <Delay = 3.25> <Storage> <Opcode : 'load'> <Ports = 0> <Width = 20> <Depth = 1024> <ROM>
ST_3 : Operation 36 [1/1] (0.00ns)   --->   "%conv_layer1_weights_4 = getelementptr [8 x i19]* @conv_layer1_weights_27, i64 0, i64 %tmp_mid2" [nnet/solution1/nnet.cpp:34]
ST_3 : Operation 37 [2/2] (3.25ns)   --->   "%conv_layer1_weights_5 = load i19* %conv_layer1_weights_4, align 4" [nnet/solution1/nnet.cpp:34]   --->   Core 48 'ROM_nP' <Latency = 1> <II = 1> <Delay = 3.25> <Storage> <Opcode : 'load'> <Ports = 0> <Width = 20> <Depth = 1024> <ROM>
ST_3 : Operation 38 [1/1] (0.00ns) (grouped into LUT with out node exitcond5_mid)   --->   "%not_exitcond_flatten = xor i1 %exitcond_flatten, true" [nnet/solution1/nnet.cpp:25]   --->   Core 27 'LogicGate' <Latency = 0> <II = 1> <Delay = 0.93> <FuncUnit> <Opcode : 'and' 'or' 'xor'> <InPorts = 2> <OutPorts = 1>
ST_3 : Operation 39 [1/1] (1.36ns)   --->   "%exitcond = icmp eq i5 %j, -3" [nnet/solution1/nnet.cpp:25]   --->   Core 25 'Cmp' <Latency = 0> <II = 1> <Delay = 2.45> <FuncUnit> <Opcode : 'icmp'> <InPorts = 2> <OutPorts = 1>
ST_3 : Operation 40 [1/1] (0.93ns) (out node of the LUT)   --->   "%exitcond5_mid = and i1 %exitcond, %not_exitcond_flatten" [nnet/solution1/nnet.cpp:25]   --->   Core 27 'LogicGate' <Latency = 0> <II = 1> <Delay = 0.93> <FuncUnit> <Opcode : 'and' 'or' 'xor'> <InPorts = 2> <OutPorts = 1>
ST_3 : Operation 41 [1/1] (1.78ns)   --->   "%i_8_dup = add i5 %i_mid, 1" [nnet/solution1/nnet.cpp:34]   --->   Core 14 'AddSub' <Latency = 0> <II = 1> <Delay = 1.95> <FuncUnit> <Opcode : 'add' 'sub'> <InPorts = 2> <OutPorts = 1>
ST_3 : Operation 42 [1/1] (0.00ns) (grouped into LUT with out node j_mid2)   --->   "%tmp_s = or i1 %exitcond5_mid, %exitcond_flatten" [nnet/solution1/nnet.cpp:25]   --->   Core 27 'LogicGate' <Latency = 0> <II = 1> <Delay = 0.93> <FuncUnit> <Opcode : 'and' 'or' 'xor'> <InPorts = 2> <OutPorts = 1>
ST_3 : Operation 43 [1/1] (1.37ns) (out node of the LUT)   --->   "%j_mid2 = select i1 %tmp_s, i5 0, i5 %j" [nnet/solution1/nnet.cpp:25]   --->   Core 26 'Sel' <Latency = 0> <II = 1> <Delay = 1.37> <FuncUnit> <Opcode : 'select'> <InPorts = 3> <OutPorts = 1>
ST_3 : Operation 44 [1/1] (1.37ns)   --->   "%tmp_mid2_37 = select i1 %exitcond5_mid, i5 %i_8_dup, i5 %i_mid" [nnet/solution1/nnet.cpp:35]   --->   Core 26 'Sel' <Latency = 0> <II = 1> <Delay = 1.37> <FuncUnit> <Opcode : 'select'> <InPorts = 3> <OutPorts = 1>
ST_3 : Operation 45 [1/1] (0.00ns)   --->   "%tmp_88 = call i10 @_ssdm_op_BitConcatenate.i10.i5.i5(i5 %tmp_mid2_37, i5 %j_mid2)" [nnet/solution1/nnet.cpp:35]
ST_3 : Operation 46 [1/1] (0.00ns)   --->   "%tmp_1828 = zext i10 %tmp_88 to i64" [nnet/solution1/nnet.cpp:34]
ST_3 : Operation 47 [1/1] (0.00ns)   --->   "%image_V_0_addr = getelementptr [1024 x i20]* @image_V_0, i64 0, i64 %tmp_1828" [nnet/solution1/nnet.cpp:34]
ST_3 : Operation 48 [2/2] (3.25ns)   --->   "%image_V_0_load = load i20* %image_V_0_addr, align 4" [nnet/solution1/nnet.cpp:34]   --->   Core 48 'ROM_nP' <Latency = 1> <II = 1> <Delay = 3.25> <Storage> <Opcode : 'load'> <Ports = 0> <Width = 20> <Depth = 1024> <ROM>
ST_3 : Operation 49 [1/1] (1.78ns)   --->   "%j_3 = add i5 %j_mid2, 1" [nnet/solution1/nnet.cpp:34]   --->   Core 14 'AddSub' <Latency = 0> <II = 1> <Delay = 1.95> <FuncUnit> <Opcode : 'add' 'sub'> <InPorts = 2> <OutPorts = 1>
ST_3 : Operation 50 [1/1] (0.00ns)   --->   "%tmp_92 = call i10 @_ssdm_op_BitConcatenate.i10.i5.i5(i5 %tmp_mid2_37, i5 %j_3)" [nnet/solution1/nnet.cpp:35]
ST_3 : Operation 51 [1/1] (0.00ns)   --->   "%tmp_1832 = zext i10 %tmp_92 to i64" [nnet/solution1/nnet.cpp:34]
ST_3 : Operation 52 [1/1] (0.00ns)   --->   "%image_V_0_addr_1 = getelementptr [1024 x i20]* @image_V_0, i64 0, i64 %tmp_1832" [nnet/solution1/nnet.cpp:34]
ST_3 : Operation 53 [2/2] (3.25ns)   --->   "%image_V_0_load_1 = load i20* %image_V_0_addr_1, align 4" [nnet/solution1/nnet.cpp:34]   --->   Core 48 'ROM_nP' <Latency = 1> <II = 1> <Delay = 3.25> <Storage> <Opcode : 'load'> <Ports = 0> <Width = 20> <Depth = 1024> <ROM>
ST_3 : Operation 54 [1/1] (1.78ns)   --->   "%tmp_80_0_2 = add i5 %j_mid2, 2" [nnet/solution1/nnet.cpp:34]   --->   Core 14 'AddSub' <Latency = 0> <II = 1> <Delay = 1.95> <FuncUnit> <Opcode : 'add' 'sub'> <InPorts = 2> <OutPorts = 1>
ST_3 : Operation 55 [1/1] (0.00ns)   --->   "%tmp_98 = call i10 @_ssdm_op_BitConcatenate.i10.i5.i5(i5 %tmp_mid2_37, i5 %tmp_80_0_2)" [nnet/solution1/nnet.cpp:35]
ST_3 : Operation 56 [1/1] (0.00ns)   --->   "%tmp_1836 = zext i10 %tmp_98 to i64" [nnet/solution1/nnet.cpp:34]
ST_3 : Operation 57 [1/1] (0.00ns)   --->   "%image_V_0_addr_2 = getelementptr [1024 x i20]* @image_V_0, i64 0, i64 %tmp_1836" [nnet/solution1/nnet.cpp:34]
ST_3 : Operation 58 [2/2] (3.25ns)   --->   "%image_V_0_load_2 = load i20* %image_V_0_addr_2, align 4" [nnet/solution1/nnet.cpp:34]   --->   Core 48 'ROM_nP' <Latency = 1> <II = 1> <Delay = 3.25> <Storage> <Opcode : 'load'> <Ports = 0> <Width = 20> <Depth = 1024> <ROM>

 <State 4> : 6.40ns
ST_4 : Operation 59 [1/2] (3.25ns)   --->   "%conv_layer1_weights_1 = load i19* %conv_layer1_weights_s, align 4" [nnet/solution1/nnet.cpp:34]   --->   Core 48 'ROM_nP' <Latency = 1> <II = 1> <Delay = 3.25> <Storage> <Opcode : 'load'> <Ports = 0> <Width = 20> <Depth = 1024> <ROM>
ST_4 : Operation 60 [1/2] (3.25ns)   --->   "%conv_layer1_weights_3 = load i19* %conv_layer1_weights_2, align 4" [nnet/solution1/nnet.cpp:34]   --->   Core 48 'ROM_nP' <Latency = 1> <II = 1> <Delay = 3.25> <Storage> <Opcode : 'load'> <Ports = 0> <Width = 20> <Depth = 1024> <ROM>
ST_4 : Operation 61 [1/2] (3.25ns)   --->   "%conv_layer1_weights_5 = load i19* %conv_layer1_weights_4, align 4" [nnet/solution1/nnet.cpp:34]   --->   Core 48 'ROM_nP' <Latency = 1> <II = 1> <Delay = 3.25> <Storage> <Opcode : 'load'> <Ports = 0> <Width = 20> <Depth = 1024> <ROM>
ST_4 : Operation 62 [1/1] (0.00ns)   --->   "%conv_layer1_weights_6 = getelementptr [8 x i19]* @conv_layer1_weights_25, i64 0, i64 %tmp_mid2" [nnet/solution1/nnet.cpp:34]
ST_4 : Operation 63 [2/2] (3.25ns)   --->   "%conv_layer1_weights_7 = load i19* %conv_layer1_weights_6, align 4" [nnet/solution1/nnet.cpp:34]   --->   Core 48 'ROM_nP' <Latency = 1> <II = 1> <Delay = 3.25> <Storage> <Opcode : 'load'> <Ports = 0> <Width = 20> <Depth = 1024> <ROM>
ST_4 : Operation 64 [1/1] (0.00ns)   --->   "%conv_layer1_weights_8 = getelementptr [8 x i19]* @conv_layer1_weights_23, i64 0, i64 %tmp_mid2" [nnet/solution1/nnet.cpp:34]
ST_4 : Operation 65 [2/2] (3.25ns)   --->   "%conv_layer1_weights_9 = load i19* %conv_layer1_weights_8, align 4" [nnet/solution1/nnet.cpp:34]   --->   Core 48 'ROM_nP' <Latency = 1> <II = 1> <Delay = 3.25> <Storage> <Opcode : 'load'> <Ports = 0> <Width = 20> <Depth = 1024> <ROM>
ST_4 : Operation 66 [1/1] (1.78ns)   --->   "%i_8_mid1 = add i5 %i_mid, 2" [nnet/solution1/nnet.cpp:34]   --->   Core 14 'AddSub' <Latency = 0> <II = 1> <Delay = 1.95> <FuncUnit> <Opcode : 'add' 'sub'> <InPorts = 2> <OutPorts = 1>
ST_4 : Operation 67 [1/1] (1.78ns)   --->   "%i_s = add i5 %i, 1" [nnet/solution1/nnet.cpp:34]   --->   Core 14 'AddSub' <Latency = 0> <II = 1> <Delay = 1.95> <FuncUnit> <Opcode : 'add' 'sub'> <InPorts = 2> <OutPorts = 1>
ST_4 : Operation 68 [1/1] (0.00ns) (grouped into LUT with out node tmp_1821)   --->   "%tmp_1820 = select i1 %exitcond_flatten, i5 1, i5 %i_s" [nnet/solution1/nnet.cpp:34]   --->   Core 26 'Sel' <Latency = 0> <II = 1> <Delay = 1.37> <FuncUnit> <Opcode : 'select'> <InPorts = 3> <OutPorts = 1>
ST_4 : Operation 69 [1/1] (1.37ns) (out node of the LUT)   --->   "%tmp_1821 = select i1 %exitcond5_mid, i5 %i_8_mid1, i5 %tmp_1820" [nnet/solution1/nnet.cpp:34]   --->   Core 26 'Sel' <Latency = 0> <II = 1> <Delay = 1.37> <FuncUnit> <Opcode : 'select'> <InPorts = 3> <OutPorts = 1>
ST_4 : Operation 70 [1/1] (1.78ns)   --->   "%tmp_77_2_mid1 = add i5 %i_mid, 3" [nnet/solution1/nnet.cpp:34]   --->   Core 14 'AddSub' <Latency = 0> <II = 1> <Delay = 1.95> <FuncUnit> <Opcode : 'add' 'sub'> <InPorts = 2> <OutPorts = 1>
ST_4 : Operation 71 [1/1] (1.78ns)   --->   "%tmp_77_s = add i5 %i, 2" [nnet/solution1/nnet.cpp:34]   --->   Core 14 'AddSub' <Latency = 0> <II = 1> <Delay = 1.95> <FuncUnit> <Opcode : 'add' 'sub'> <InPorts = 2> <OutPorts = 1>
ST_4 : Operation 72 [1/1] (0.00ns) (grouped into LUT with out node tmp_1823)   --->   "%tmp_1822 = select i1 %exitcond_flatten, i5 2, i5 %tmp_77_s" [nnet/solution1/nnet.cpp:34]   --->   Core 26 'Sel' <Latency = 0> <II = 1> <Delay = 1.37> <FuncUnit> <Opcode : 'select'> <InPorts = 3> <OutPorts = 1>
ST_4 : Operation 73 [1/1] (1.37ns) (out node of the LUT)   --->   "%tmp_1823 = select i1 %exitcond5_mid, i5 %tmp_77_2_mid1, i5 %tmp_1822" [nnet/solution1/nnet.cpp:34]   --->   Core 26 'Sel' <Latency = 0> <II = 1> <Delay = 1.37> <FuncUnit> <Opcode : 'select'> <InPorts = 3> <OutPorts = 1>
ST_4 : Operation 74 [1/1] (1.78ns)   --->   "%tmp_77_3_mid1 = add i5 %i_mid, 4" [nnet/solution1/nnet.cpp:34]   --->   Core 14 'AddSub' <Latency = 0> <II = 1> <Delay = 1.95> <FuncUnit> <Opcode : 'add' 'sub'> <InPorts = 2> <OutPorts = 1>
ST_4 : Operation 75 [1/1] (1.78ns)   --->   "%tmp_77_1 = add i5 %i, 3" [nnet/solution1/nnet.cpp:34]   --->   Core 14 'AddSub' <Latency = 0> <II = 1> <Delay = 1.95> <FuncUnit> <Opcode : 'add' 'sub'> <InPorts = 2> <OutPorts = 1>
ST_4 : Operation 76 [1/1] (0.00ns) (grouped into LUT with out node tmp_1825)   --->   "%tmp_1824 = select i1 %exitcond_flatten, i5 3, i5 %tmp_77_1" [nnet/solution1/nnet.cpp:34]   --->   Core 26 'Sel' <Latency = 0> <II = 1> <Delay = 1.37> <FuncUnit> <Opcode : 'select'> <InPorts = 3> <OutPorts = 1>
ST_4 : Operation 77 [1/1] (1.37ns) (out node of the LUT)   --->   "%tmp_1825 = select i1 %exitcond5_mid, i5 %tmp_77_3_mid1, i5 %tmp_1824" [nnet/solution1/nnet.cpp:34]   --->   Core 26 'Sel' <Latency = 0> <II = 1> <Delay = 1.37> <FuncUnit> <Opcode : 'select'> <InPorts = 3> <OutPorts = 1>
ST_4 : Operation 78 [1/1] (0.00ns)   --->   "%tmp_89 = call i10 @_ssdm_op_BitConcatenate.i10.i5.i5(i5 %tmp_1821, i5 %j_mid2)" [nnet/solution1/nnet.cpp:34]
ST_4 : Operation 79 [1/1] (0.00ns)   --->   "%tmp_1829 = zext i10 %tmp_89 to i64" [nnet/solution1/nnet.cpp:34]
ST_4 : Operation 80 [1/1] (0.00ns)   --->   "%image_V_0_addr_4 = getelementptr [1024 x i20]* @image_V_0, i64 0, i64 %tmp_1829" [nnet/solution1/nnet.cpp:34]
ST_4 : Operation 81 [1/2] (3.25ns)   --->   "%image_V_0_load = load i20* %image_V_0_addr, align 4" [nnet/solution1/nnet.cpp:34]   --->   Core 48 'ROM_nP' <Latency = 1> <II = 1> <Delay = 3.25> <Storage> <Opcode : 'load'> <Ports = 0> <Width = 20> <Depth = 1024> <ROM>
ST_4 : Operation 82 [1/2] (3.25ns)   --->   "%image_V_0_load_1 = load i20* %image_V_0_addr_1, align 4" [nnet/solution1/nnet.cpp:34]   --->   Core 48 'ROM_nP' <Latency = 1> <II = 1> <Delay = 3.25> <Storage> <Opcode : 'load'> <Ports = 0> <Width = 20> <Depth = 1024> <ROM>
ST_4 : Operation 83 [1/2] (3.25ns)   --->   "%image_V_0_load_2 = load i20* %image_V_0_addr_2, align 4" [nnet/solution1/nnet.cpp:34]   --->   Core 48 'ROM_nP' <Latency = 1> <II = 1> <Delay = 3.25> <Storage> <Opcode : 'load'> <Ports = 0> <Width = 20> <Depth = 1024> <ROM>
ST_4 : Operation 84 [1/1] (1.78ns)   --->   "%tmp_80_0_3 = add i5 %j_mid2, 3" [nnet/solution1/nnet.cpp:34]   --->   Core 14 'AddSub' <Latency = 0> <II = 1> <Delay = 1.95> <FuncUnit> <Opcode : 'add' 'sub'> <InPorts = 2> <OutPorts = 1>
ST_4 : Operation 85 [1/1] (0.00ns)   --->   "%tmp_102 = call i10 @_ssdm_op_BitConcatenate.i10.i5.i5(i5 %tmp_mid2_37, i5 %tmp_80_0_3)" [nnet/solution1/nnet.cpp:35]
ST_4 : Operation 86 [1/1] (0.00ns)   --->   "%tmp_1841 = zext i10 %tmp_102 to i64" [nnet/solution1/nnet.cpp:34]
ST_4 : Operation 87 [1/1] (0.00ns)   --->   "%image_V_0_addr_3 = getelementptr [1024 x i20]* @image_V_0, i64 0, i64 %tmp_1841" [nnet/solution1/nnet.cpp:34]
ST_4 : Operation 88 [2/2] (3.25ns)   --->   "%image_V_0_load_3 = load i20* %image_V_0_addr_3, align 4" [nnet/solution1/nnet.cpp:34]   --->   Core 48 'ROM_nP' <Latency = 1> <II = 1> <Delay = 3.25> <Storage> <Opcode : 'load'> <Ports = 0> <Width = 20> <Depth = 1024> <ROM>
ST_4 : Operation 89 [2/2] (3.25ns)   --->   "%image_V_0_load_4 = load i20* %image_V_0_addr_4, align 4" [nnet/solution1/nnet.cpp:34]   --->   Core 48 'ROM_nP' <Latency = 1> <II = 1> <Delay = 3.25> <Storage> <Opcode : 'load'> <Ports = 0> <Width = 20> <Depth = 1024> <ROM>

 <State 5> : 6.38ns
ST_5 : Operation 90 [1/1] (0.00ns)   --->   "%tmp_84_cast_mid2_cas = sext i19 %conv_layer1_weights_1 to i43" [nnet/solution1/nnet.cpp:34]
ST_5 : Operation 91 [1/1] (0.00ns)   --->   "%tmp_84_0_1_cast_mid2 = sext i19 %conv_layer1_weights_3 to i43" [nnet/solution1/nnet.cpp:34]
ST_5 : Operation 92 [1/1] (0.00ns)   --->   "%tmp_84_0_2_cast_mid2 = sext i19 %conv_layer1_weights_5 to i43" [nnet/solution1/nnet.cpp:34]
ST_5 : Operation 93 [1/2] (3.25ns)   --->   "%conv_layer1_weights_7 = load i19* %conv_layer1_weights_6, align 4" [nnet/solution1/nnet.cpp:34]   --->   Core 48 'ROM_nP' <Latency = 1> <II = 1> <Delay = 3.25> <Storage> <Opcode : 'load'> <Ports = 0> <Width = 20> <Depth = 1024> <ROM>
ST_5 : Operation 94 [1/2] (3.25ns)   --->   "%conv_layer1_weights_9 = load i19* %conv_layer1_weights_8, align 4" [nnet/solution1/nnet.cpp:34]   --->   Core 48 'ROM_nP' <Latency = 1> <II = 1> <Delay = 3.25> <Storage> <Opcode : 'load'> <Ports = 0> <Width = 20> <Depth = 1024> <ROM>
ST_5 : Operation 95 [1/1] (0.00ns)   --->   "%conv_layer1_weights_10 = getelementptr [8 x i19]* @conv_layer1_weights_21, i64 0, i64 %tmp_mid2" [nnet/solution1/nnet.cpp:34]
ST_5 : Operation 96 [2/2] (3.25ns)   --->   "%conv_layer1_weights_11 = load i19* %conv_layer1_weights_10, align 4" [nnet/solution1/nnet.cpp:34]   --->   Core 48 'ROM_nP' <Latency = 1> <II = 1> <Delay = 3.25> <Storage> <Opcode : 'load'> <Ports = 0> <Width = 20> <Depth = 1024> <ROM>
ST_5 : Operation 97 [1/1] (0.00ns)   --->   "%conv_layer1_weights_12 = getelementptr [8 x i19]* @conv_layer1_weights_19, i64 0, i64 %tmp_mid2" [nnet/solution1/nnet.cpp:34]
ST_5 : Operation 98 [2/2] (3.25ns)   --->   "%conv_layer1_weights_13 = load i19* %conv_layer1_weights_12, align 4" [nnet/solution1/nnet.cpp:34]   --->   Core 48 'ROM_nP' <Latency = 1> <II = 1> <Delay = 3.25> <Storage> <Opcode : 'load'> <Ports = 0> <Width = 20> <Depth = 1024> <ROM>
ST_5 : Operation 99 [1/1] (0.00ns)   --->   "%tmp_83_cast_cast = zext i20 %image_V_0_load to i43" [nnet/solution1/nnet.cpp:34]
ST_5 : Operation 100 [1/1] (6.38ns)   --->   "%p_Val2_1 = mul i43 %tmp_84_cast_mid2_cas, %tmp_83_cast_cast" [nnet/solution1/nnet.cpp:34]   --->   Core 61 'DSP48' <Latency = 0> <II = 1> <Delay = 6.38> <IPBlock> <Opcode : 'mul' 'add' 'sub' 'select'> <InPorts = 0> <OutPorts = 1> <Sync> <CReg>
ST_5 : Operation 101 [1/1] (0.00ns)   --->   "%tmp_93 = call i10 @_ssdm_op_BitConcatenate.i10.i5.i5(i5 %tmp_1821, i5 %j_3)" [nnet/solution1/nnet.cpp:34]
ST_5 : Operation 102 [1/1] (0.00ns)   --->   "%tmp_1833 = zext i10 %tmp_93 to i64" [nnet/solution1/nnet.cpp:34]
ST_5 : Operation 103 [1/1] (0.00ns)   --->   "%image_V_0_addr_5 = getelementptr [1024 x i20]* @image_V_0, i64 0, i64 %tmp_1833" [nnet/solution1/nnet.cpp:34]
ST_5 : Operation 104 [1/1] (0.00ns)   --->   "%tmp_83_0_1_cast_cast = zext i20 %image_V_0_load_1 to i43" [nnet/solution1/nnet.cpp:34]
ST_5 : Operation 105 [1/1] (6.38ns)   --->   "%p_Val2_24_0_1 = mul i43 %tmp_84_0_1_cast_mid2, %tmp_83_0_1_cast_cast" [nnet/solution1/nnet.cpp:34]   --->   Core 61 'DSP48' <Latency = 0> <II = 1> <Delay = 6.38> <IPBlock> <Opcode : 'mul' 'add' 'sub' 'select'> <InPorts = 0> <OutPorts = 1> <Sync> <CReg>
ST_5 : Operation 106 [1/1] (0.00ns)   --->   "%tmp_96 = call i23 @_ssdm_op_PartSelect.i23.i43.i32.i32(i43 %p_Val2_1, i32 20, i32 42)" [nnet/solution1/nnet.cpp:34]
ST_5 : Operation 107 [1/1] (0.00ns)   --->   "%tmp_99 = call i10 @_ssdm_op_BitConcatenate.i10.i5.i5(i5 %tmp_1821, i5 %tmp_80_0_2)" [nnet/solution1/nnet.cpp:34]
ST_5 : Operation 108 [1/1] (0.00ns)   --->   "%tmp_1837 = zext i10 %tmp_99 to i64" [nnet/solution1/nnet.cpp:34]
ST_5 : Operation 109 [1/1] (0.00ns)   --->   "%image_V_0_addr_6 = getelementptr [1024 x i20]* @image_V_0, i64 0, i64 %tmp_1837" [nnet/solution1/nnet.cpp:34]
ST_5 : Operation 110 [1/1] (0.00ns)   --->   "%tmp_83_0_2_cast_cast = zext i20 %image_V_0_load_2 to i43" [nnet/solution1/nnet.cpp:34]
ST_5 : Operation 111 [1/1] (6.38ns)   --->   "%p_Val2_24_0_2 = mul i43 %tmp_84_0_2_cast_mid2, %tmp_83_0_2_cast_cast" [nnet/solution1/nnet.cpp:34]   --->   Core 61 'DSP48' <Latency = 0> <II = 1> <Delay = 6.38> <IPBlock> <Opcode : 'mul' 'add' 'sub' 'select'> <InPorts = 0> <OutPorts = 1> <Sync> <CReg>
ST_5 : Operation 112 [1/2] (3.25ns)   --->   "%image_V_0_load_3 = load i20* %image_V_0_addr_3, align 4" [nnet/solution1/nnet.cpp:34]   --->   Core 48 'ROM_nP' <Latency = 1> <II = 1> <Delay = 3.25> <Storage> <Opcode : 'load'> <Ports = 0> <Width = 20> <Depth = 1024> <ROM>
ST_5 : Operation 113 [1/2] (3.25ns)   --->   "%image_V_0_load_4 = load i20* %image_V_0_addr_4, align 4" [nnet/solution1/nnet.cpp:34]   --->   Core 48 'ROM_nP' <Latency = 1> <II = 1> <Delay = 3.25> <Storage> <Opcode : 'load'> <Ports = 0> <Width = 20> <Depth = 1024> <ROM>
ST_5 : Operation 114 [2/2] (3.25ns)   --->   "%image_V_0_load_5 = load i20* %image_V_0_addr_5, align 4" [nnet/solution1/nnet.cpp:34]   --->   Core 48 'ROM_nP' <Latency = 1> <II = 1> <Delay = 3.25> <Storage> <Opcode : 'load'> <Ports = 0> <Width = 20> <Depth = 1024> <ROM>
ST_5 : Operation 115 [2/2] (3.25ns)   --->   "%image_V_0_load_6 = load i20* %image_V_0_addr_6, align 4" [nnet/solution1/nnet.cpp:34]   --->   Core 48 'ROM_nP' <Latency = 1> <II = 1> <Delay = 3.25> <Storage> <Opcode : 'load'> <Ports = 0> <Width = 20> <Depth = 1024> <ROM>

 <State 6> : 6.38ns
ST_6 : Operation 116 [1/1] (0.00ns)   --->   "%tmp_84_0_3_cast_mid2 = sext i19 %conv_layer1_weights_7 to i43" [nnet/solution1/nnet.cpp:34]
ST_6 : Operation 117 [1/1] (0.00ns)   --->   "%tmp_84_1_cast_mid2_c = sext i19 %conv_layer1_weights_9 to i43" [nnet/solution1/nnet.cpp:34]
ST_6 : Operation 118 [1/2] (3.25ns)   --->   "%conv_layer1_weights_11 = load i19* %conv_layer1_weights_10, align 4" [nnet/solution1/nnet.cpp:34]   --->   Core 48 'ROM_nP' <Latency = 1> <II = 1> <Delay = 3.25> <Storage> <Opcode : 'load'> <Ports = 0> <Width = 20> <Depth = 1024> <ROM>
ST_6 : Operation 119 [1/2] (3.25ns)   --->   "%conv_layer1_weights_13 = load i19* %conv_layer1_weights_12, align 4" [nnet/solution1/nnet.cpp:34]   --->   Core 48 'ROM_nP' <Latency = 1> <II = 1> <Delay = 3.25> <Storage> <Opcode : 'load'> <Ports = 0> <Width = 20> <Depth = 1024> <ROM>
ST_6 : Operation 120 [1/1] (0.00ns)   --->   "%conv_layer1_weights_14 = getelementptr [8 x i19]* @conv_layer1_weights_17, i64 0, i64 %tmp_mid2" [nnet/solution1/nnet.cpp:34]
ST_6 : Operation 121 [2/2] (3.25ns)   --->   "%conv_layer1_weights_15 = load i19* %conv_layer1_weights_14, align 4" [nnet/solution1/nnet.cpp:34]   --->   Core 48 'ROM_nP' <Latency = 1> <II = 1> <Delay = 3.25> <Storage> <Opcode : 'load'> <Ports = 0> <Width = 20> <Depth = 1024> <ROM>
ST_6 : Operation 122 [1/1] (0.00ns)   --->   "%conv_layer1_weights_16 = getelementptr [8 x i19]* @conv_layer1_weights_15, i64 0, i64 %tmp_mid2" [nnet/solution1/nnet.cpp:34]
ST_6 : Operation 123 [2/2] (3.25ns)   --->   "%conv_layer1_weights_17 = load i19* %conv_layer1_weights_16, align 4" [nnet/solution1/nnet.cpp:34]   --->   Core 48 'ROM_nP' <Latency = 1> <II = 1> <Delay = 3.25> <Storage> <Opcode : 'load'> <Ports = 0> <Width = 20> <Depth = 1024> <ROM>
ST_6 : Operation 124 [1/1] (0.00ns)   --->   "%tmp_90 = call i10 @_ssdm_op_BitConcatenate.i10.i5.i5(i5 %tmp_1823, i5 %j_mid2)" [nnet/solution1/nnet.cpp:34]
ST_6 : Operation 125 [1/1] (0.00ns)   --->   "%tmp_1830 = zext i10 %tmp_90 to i64" [nnet/solution1/nnet.cpp:34]
ST_6 : Operation 126 [1/1] (0.00ns)   --->   "%image_V_0_addr_8 = getelementptr [1024 x i20]* @image_V_0, i64 0, i64 %tmp_1830" [nnet/solution1/nnet.cpp:34]
ST_6 : Operation 127 [1/1] (0.00ns)   --->   "%p_Val2_24_0_1_cast = sext i43 %p_Val2_24_0_1 to i44" [nnet/solution1/nnet.cpp:34]
ST_6 : Operation 128 [1/1] (0.00ns)   --->   "%tmp_97 = call i43 @_ssdm_op_BitConcatenate.i43.i23.i20(i23 %tmp_96, i20 0)" [nnet/solution1/nnet.cpp:34]
ST_6 : Operation 129 [1/1] (0.00ns)   --->   "%tmp_86_0_1 = sext i43 %tmp_97 to i44" [nnet/solution1/nnet.cpp:34]
ST_6 : Operation 130 [1/1] (2.96ns)   --->   "%p_Val2_25_0_1 = add i44 %tmp_86_0_1, %p_Val2_24_0_1_cast" [nnet/solution1/nnet.cpp:34]   --->   Core 14 'AddSub' <Latency = 0> <II = 1> <Delay = 1.95> <FuncUnit> <Opcode : 'add' 'sub'> <InPorts = 2> <OutPorts = 1>
ST_6 : Operation 131 [1/1] (0.00ns)   --->   "%p_Val2_24_0_2_cast = sext i43 %p_Val2_24_0_2 to i44" [nnet/solution1/nnet.cpp:34]
ST_6 : Operation 132 [1/1] (0.00ns)   --->   "%tmp_1840 = call i24 @_ssdm_op_PartSelect.i24.i44.i32.i32(i44 %p_Val2_25_0_1, i32 20, i32 43)" [nnet/solution1/nnet.cpp:34]
ST_6 : Operation 133 [1/1] (0.00ns)   --->   "%tmp_86_0_2 = call i44 @_ssdm_op_BitConcatenate.i44.i24.i20(i24 %tmp_1840, i20 0)" [nnet/solution1/nnet.cpp:34]
ST_6 : Operation 134 [1/1] (2.98ns)   --->   "%p_Val2_25_0_2 = add i44 %tmp_86_0_2, %p_Val2_24_0_2_cast" [nnet/solution1/nnet.cpp:34]   --->   Core 14 'AddSub' <Latency = 0> <II = 1> <Delay = 1.95> <FuncUnit> <Opcode : 'add' 'sub'> <InPorts = 2> <OutPorts = 1>
ST_6 : Operation 135 [1/1] (0.00ns)   --->   "%tmp_103 = call i10 @_ssdm_op_BitConcatenate.i10.i5.i5(i5 %tmp_1821, i5 %tmp_80_0_3)" [nnet/solution1/nnet.cpp:34]
ST_6 : Operation 136 [1/1] (0.00ns)   --->   "%tmp_1842 = zext i10 %tmp_103 to i64" [nnet/solution1/nnet.cpp:34]
ST_6 : Operation 137 [1/1] (0.00ns)   --->   "%image_V_0_addr_7 = getelementptr [1024 x i20]* @image_V_0, i64 0, i64 %tmp_1842" [nnet/solution1/nnet.cpp:34]
ST_6 : Operation 138 [1/1] (0.00ns)   --->   "%tmp_83_0_3_cast_cast = zext i20 %image_V_0_load_3 to i43" [nnet/solution1/nnet.cpp:34]
ST_6 : Operation 139 [1/1] (6.38ns)   --->   "%p_Val2_24_0_3 = mul i43 %tmp_84_0_3_cast_mid2, %tmp_83_0_3_cast_cast" [nnet/solution1/nnet.cpp:34]   --->   Core 61 'DSP48' <Latency = 0> <II = 1> <Delay = 6.38> <IPBlock> <Opcode : 'mul' 'add' 'sub' 'select'> <InPorts = 0> <OutPorts = 1> <Sync> <CReg>
ST_6 : Operation 140 [1/1] (0.00ns)   --->   "%tmp_1845 = call i24 @_ssdm_op_PartSelect.i24.i44.i32.i32(i44 %p_Val2_25_0_2, i32 20, i32 43)" [nnet/solution1/nnet.cpp:34]
ST_6 : Operation 141 [1/1] (0.00ns)   --->   "%tmp_83_1_cast_cast = zext i20 %image_V_0_load_4 to i43" [nnet/solution1/nnet.cpp:34]
ST_6 : Operation 142 [1/1] (6.38ns)   --->   "%p_Val2_24_1 = mul i43 %tmp_84_1_cast_mid2_c, %tmp_83_1_cast_cast" [nnet/solution1/nnet.cpp:34]   --->   Core 61 'DSP48' <Latency = 0> <II = 1> <Delay = 6.38> <IPBlock> <Opcode : 'mul' 'add' 'sub' 'select'> <InPorts = 0> <OutPorts = 1> <Sync> <CReg>
ST_6 : Operation 143 [1/2] (3.25ns)   --->   "%image_V_0_load_5 = load i20* %image_V_0_addr_5, align 4" [nnet/solution1/nnet.cpp:34]   --->   Core 48 'ROM_nP' <Latency = 1> <II = 1> <Delay = 3.25> <Storage> <Opcode : 'load'> <Ports = 0> <Width = 20> <Depth = 1024> <ROM>
ST_6 : Operation 144 [1/2] (3.25ns)   --->   "%image_V_0_load_6 = load i20* %image_V_0_addr_6, align 4" [nnet/solution1/nnet.cpp:34]   --->   Core 48 'ROM_nP' <Latency = 1> <II = 1> <Delay = 3.25> <Storage> <Opcode : 'load'> <Ports = 0> <Width = 20> <Depth = 1024> <ROM>
ST_6 : Operation 145 [2/2] (3.25ns)   --->   "%image_V_0_load_7 = load i20* %image_V_0_addr_7, align 4" [nnet/solution1/nnet.cpp:34]   --->   Core 48 'ROM_nP' <Latency = 1> <II = 1> <Delay = 3.25> <Storage> <Opcode : 'load'> <Ports = 0> <Width = 20> <Depth = 1024> <ROM>
ST_6 : Operation 146 [2/2] (3.25ns)   --->   "%image_V_0_load_8 = load i20* %image_V_0_addr_8, align 4" [nnet/solution1/nnet.cpp:34]   --->   Core 48 'ROM_nP' <Latency = 1> <II = 1> <Delay = 3.25> <Storage> <Opcode : 'load'> <Ports = 0> <Width = 20> <Depth = 1024> <ROM>

 <State 7> : 6.38ns
ST_7 : Operation 147 [1/1] (0.00ns)   --->   "%tmp_84_1_1_cast_mid2 = sext i19 %conv_layer1_weights_11 to i43" [nnet/solution1/nnet.cpp:34]
ST_7 : Operation 148 [1/1] (0.00ns)   --->   "%tmp_84_1_2_cast_mid2 = sext i19 %conv_layer1_weights_13 to i43" [nnet/solution1/nnet.cpp:34]
ST_7 : Operation 149 [1/2] (3.25ns)   --->   "%conv_layer1_weights_15 = load i19* %conv_layer1_weights_14, align 4" [nnet/solution1/nnet.cpp:34]   --->   Core 48 'ROM_nP' <Latency = 1> <II = 1> <Delay = 3.25> <Storage> <Opcode : 'load'> <Ports = 0> <Width = 20> <Depth = 1024> <ROM>
ST_7 : Operation 150 [1/2] (3.25ns)   --->   "%conv_layer1_weights_17 = load i19* %conv_layer1_weights_16, align 4" [nnet/solution1/nnet.cpp:34]   --->   Core 48 'ROM_nP' <Latency = 1> <II = 1> <Delay = 3.25> <Storage> <Opcode : 'load'> <Ports = 0> <Width = 20> <Depth = 1024> <ROM>
ST_7 : Operation 151 [1/1] (0.00ns)   --->   "%conv_layer1_weights_18 = getelementptr [8 x i19]* @conv_layer1_weights_13, i64 0, i64 %tmp_mid2" [nnet/solution1/nnet.cpp:34]
ST_7 : Operation 152 [2/2] (3.25ns)   --->   "%conv_layer1_weights_19 = load i19* %conv_layer1_weights_18, align 4" [nnet/solution1/nnet.cpp:34]   --->   Core 48 'ROM_nP' <Latency = 1> <II = 1> <Delay = 3.25> <Storage> <Opcode : 'load'> <Ports = 0> <Width = 20> <Depth = 1024> <ROM>
ST_7 : Operation 153 [1/1] (0.00ns)   --->   "%conv_layer1_weights_20 = getelementptr [8 x i19]* @conv_layer1_weights_11, i64 0, i64 %tmp_mid2" [nnet/solution1/nnet.cpp:34]
ST_7 : Operation 154 [2/2] (3.25ns)   --->   "%conv_layer1_weights_21 = load i19* %conv_layer1_weights_20, align 4" [nnet/solution1/nnet.cpp:34]   --->   Core 48 'ROM_nP' <Latency = 1> <II = 1> <Delay = 3.25> <Storage> <Opcode : 'load'> <Ports = 0> <Width = 20> <Depth = 1024> <ROM>
ST_7 : Operation 155 [1/1] (0.00ns)   --->   "%tmp_94 = call i10 @_ssdm_op_BitConcatenate.i10.i5.i5(i5 %tmp_1823, i5 %j_3)" [nnet/solution1/nnet.cpp:34]
ST_7 : Operation 156 [1/1] (0.00ns)   --->   "%tmp_1834 = zext i10 %tmp_94 to i64" [nnet/solution1/nnet.cpp:34]
ST_7 : Operation 157 [1/1] (0.00ns)   --->   "%image_V_0_addr_9 = getelementptr [1024 x i20]* @image_V_0, i64 0, i64 %tmp_1834" [nnet/solution1/nnet.cpp:34]
ST_7 : Operation 158 [1/1] (0.00ns)   --->   "%tmp_100 = call i10 @_ssdm_op_BitConcatenate.i10.i5.i5(i5 %tmp_1823, i5 %tmp_80_0_2)" [nnet/solution1/nnet.cpp:34]
ST_7 : Operation 159 [1/1] (0.00ns)   --->   "%tmp_1838 = zext i10 %tmp_100 to i64" [nnet/solution1/nnet.cpp:34]
ST_7 : Operation 160 [1/1] (0.00ns)   --->   "%image_V_0_addr_10 = getelementptr [1024 x i20]* @image_V_0, i64 0, i64 %tmp_1838" [nnet/solution1/nnet.cpp:34]
ST_7 : Operation 161 [1/1] (0.00ns)   --->   "%p_Val2_24_0_3_cast = sext i43 %p_Val2_24_0_3 to i44" [nnet/solution1/nnet.cpp:34]
ST_7 : Operation 162 [1/1] (0.00ns)   --->   "%tmp_86_0_3 = call i44 @_ssdm_op_BitConcatenate.i44.i24.i20(i24 %tmp_1845, i20 0)" [nnet/solution1/nnet.cpp:34]
ST_7 : Operation 163 [1/1] (2.98ns)   --->   "%p_Val2_25_0_3 = add i44 %tmp_86_0_3, %p_Val2_24_0_3_cast" [nnet/solution1/nnet.cpp:34]   --->   Core 14 'AddSub' <Latency = 0> <II = 1> <Delay = 1.95> <FuncUnit> <Opcode : 'add' 'sub'> <InPorts = 2> <OutPorts = 1>
ST_7 : Operation 164 [1/1] (0.00ns)   --->   "%p_Val2_24_1_cast = sext i43 %p_Val2_24_1 to i44" [nnet/solution1/nnet.cpp:34]
ST_7 : Operation 165 [1/1] (0.00ns)   --->   "%tmp_1846 = call i24 @_ssdm_op_PartSelect.i24.i44.i32.i32(i44 %p_Val2_25_0_3, i32 20, i32 43)" [nnet/solution1/nnet.cpp:34]
ST_7 : Operation 166 [1/1] (0.00ns)   --->   "%tmp_86_1 = call i44 @_ssdm_op_BitConcatenate.i44.i24.i20(i24 %tmp_1846, i20 0)" [nnet/solution1/nnet.cpp:34]
ST_7 : Operation 167 [1/1] (2.98ns)   --->   "%p_Val2_25_1 = add i44 %tmp_86_1, %p_Val2_24_1_cast" [nnet/solution1/nnet.cpp:34]   --->   Core 14 'AddSub' <Latency = 0> <II = 1> <Delay = 1.95> <FuncUnit> <Opcode : 'add' 'sub'> <InPorts = 2> <OutPorts = 1>
ST_7 : Operation 168 [1/1] (0.00ns)   --->   "%tmp_83_1_1_cast_cast = zext i20 %image_V_0_load_5 to i43" [nnet/solution1/nnet.cpp:34]
ST_7 : Operation 169 [1/1] (6.38ns)   --->   "%p_Val2_24_1_1 = mul i43 %tmp_84_1_1_cast_mid2, %tmp_83_1_1_cast_cast" [nnet/solution1/nnet.cpp:34]   --->   Core 61 'DSP48' <Latency = 0> <II = 1> <Delay = 6.38> <IPBlock> <Opcode : 'mul' 'add' 'sub' 'select'> <InPorts = 0> <OutPorts = 1> <Sync> <CReg>
ST_7 : Operation 170 [1/1] (0.00ns)   --->   "%tmp_1847 = call i24 @_ssdm_op_PartSelect.i24.i44.i32.i32(i44 %p_Val2_25_1, i32 20, i32 43)" [nnet/solution1/nnet.cpp:34]
ST_7 : Operation 171 [1/1] (0.00ns)   --->   "%tmp_83_1_2_cast_cast = zext i20 %image_V_0_load_6 to i43" [nnet/solution1/nnet.cpp:34]
ST_7 : Operation 172 [1/1] (6.38ns)   --->   "%p_Val2_24_1_2 = mul i43 %tmp_84_1_2_cast_mid2, %tmp_83_1_2_cast_cast" [nnet/solution1/nnet.cpp:34]   --->   Core 61 'DSP48' <Latency = 0> <II = 1> <Delay = 6.38> <IPBlock> <Opcode : 'mul' 'add' 'sub' 'select'> <InPorts = 0> <OutPorts = 1> <Sync> <CReg>
ST_7 : Operation 173 [1/2] (3.25ns)   --->   "%image_V_0_load_7 = load i20* %image_V_0_addr_7, align 4" [nnet/solution1/nnet.cpp:34]   --->   Core 48 'ROM_nP' <Latency = 1> <II = 1> <Delay = 3.25> <Storage> <Opcode : 'load'> <Ports = 0> <Width = 20> <Depth = 1024> <ROM>
ST_7 : Operation 174 [1/2] (3.25ns)   --->   "%image_V_0_load_8 = load i20* %image_V_0_addr_8, align 4" [nnet/solution1/nnet.cpp:34]   --->   Core 48 'ROM_nP' <Latency = 1> <II = 1> <Delay = 3.25> <Storage> <Opcode : 'load'> <Ports = 0> <Width = 20> <Depth = 1024> <ROM>
ST_7 : Operation 175 [2/2] (3.25ns)   --->   "%image_V_0_load_9 = load i20* %image_V_0_addr_9, align 4" [nnet/solution1/nnet.cpp:34]   --->   Core 48 'ROM_nP' <Latency = 1> <II = 1> <Delay = 3.25> <Storage> <Opcode : 'load'> <Ports = 0> <Width = 20> <Depth = 1024> <ROM>
ST_7 : Operation 176 [2/2] (3.25ns)   --->   "%image_V_0_load_10 = load i20* %image_V_0_addr_10, align 4" [nnet/solution1/nnet.cpp:34]   --->   Core 48 'ROM_nP' <Latency = 1> <II = 1> <Delay = 3.25> <Storage> <Opcode : 'load'> <Ports = 0> <Width = 20> <Depth = 1024> <ROM>

 <State 8> : 6.38ns
ST_8 : Operation 177 [1/1] (0.00ns)   --->   "%tmp_84_1_3_cast_mid2 = sext i19 %conv_layer1_weights_15 to i43" [nnet/solution1/nnet.cpp:34]
ST_8 : Operation 178 [1/1] (0.00ns)   --->   "%tmp_84_2_cast_mid2_c = sext i19 %conv_layer1_weights_17 to i43" [nnet/solution1/nnet.cpp:34]
ST_8 : Operation 179 [1/2] (3.25ns)   --->   "%conv_layer1_weights_19 = load i19* %conv_layer1_weights_18, align 4" [nnet/solution1/nnet.cpp:34]   --->   Core 48 'ROM_nP' <Latency = 1> <II = 1> <Delay = 3.25> <Storage> <Opcode : 'load'> <Ports = 0> <Width = 20> <Depth = 1024> <ROM>
ST_8 : Operation 180 [1/2] (3.25ns)   --->   "%conv_layer1_weights_21 = load i19* %conv_layer1_weights_20, align 4" [nnet/solution1/nnet.cpp:34]   --->   Core 48 'ROM_nP' <Latency = 1> <II = 1> <Delay = 3.25> <Storage> <Opcode : 'load'> <Ports = 0> <Width = 20> <Depth = 1024> <ROM>
ST_8 : Operation 181 [1/1] (0.00ns)   --->   "%conv_layer1_weights_22 = getelementptr [8 x i19]* @conv_layer1_weights_9, i64 0, i64 %tmp_mid2" [nnet/solution1/nnet.cpp:34]
ST_8 : Operation 182 [2/2] (3.25ns)   --->   "%conv_layer1_weights_23 = load i19* %conv_layer1_weights_22, align 4" [nnet/solution1/nnet.cpp:34]   --->   Core 48 'ROM_nP' <Latency = 1> <II = 1> <Delay = 3.25> <Storage> <Opcode : 'load'> <Ports = 0> <Width = 20> <Depth = 1024> <ROM>
ST_8 : Operation 183 [1/1] (0.00ns)   --->   "%conv_layer1_weights_24 = getelementptr [8 x i19]* @conv_layer1_weights_7, i64 0, i64 %tmp_mid2" [nnet/solution1/nnet.cpp:34]
ST_8 : Operation 184 [2/2] (3.25ns)   --->   "%conv_layer1_weights_25 = load i19* %conv_layer1_weights_24, align 4" [nnet/solution1/nnet.cpp:34]   --->   Core 48 'ROM_nP' <Latency = 1> <II = 1> <Delay = 3.25> <Storage> <Opcode : 'load'> <Ports = 0> <Width = 20> <Depth = 1024> <ROM>
ST_8 : Operation 185 [1/1] (0.00ns)   --->   "%tmp_91 = call i10 @_ssdm_op_BitConcatenate.i10.i5.i5(i5 %tmp_1825, i5 %j_mid2)" [nnet/solution1/nnet.cpp:34]
ST_8 : Operation 186 [1/1] (0.00ns)   --->   "%tmp_1831 = zext i10 %tmp_91 to i64" [nnet/solution1/nnet.cpp:34]
ST_8 : Operation 187 [1/1] (0.00ns)   --->   "%image_V_0_addr_12 = getelementptr [1024 x i20]* @image_V_0, i64 0, i64 %tmp_1831" [nnet/solution1/nnet.cpp:34]
ST_8 : Operation 188 [1/1] (0.00ns)   --->   "%tmp_104 = call i10 @_ssdm_op_BitConcatenate.i10.i5.i5(i5 %tmp_1823, i5 %tmp_80_0_3)" [nnet/solution1/nnet.cpp:34]
ST_8 : Operation 189 [1/1] (0.00ns)   --->   "%tmp_1843 = zext i10 %tmp_104 to i64" [nnet/solution1/nnet.cpp:34]
ST_8 : Operation 190 [1/1] (0.00ns)   --->   "%image_V_0_addr_11 = getelementptr [1024 x i20]* @image_V_0, i64 0, i64 %tmp_1843" [nnet/solution1/nnet.cpp:34]
ST_8 : Operation 191 [1/1] (0.00ns)   --->   "%p_Val2_24_1_1_cast = sext i43 %p_Val2_24_1_1 to i44" [nnet/solution1/nnet.cpp:34]
ST_8 : Operation 192 [1/1] (0.00ns)   --->   "%tmp_86_1_1 = call i44 @_ssdm_op_BitConcatenate.i44.i24.i20(i24 %tmp_1847, i20 0)" [nnet/solution1/nnet.cpp:34]
ST_8 : Operation 193 [1/1] (2.98ns)   --->   "%p_Val2_25_1_1 = add i44 %tmp_86_1_1, %p_Val2_24_1_1_cast" [nnet/solution1/nnet.cpp:34]   --->   Core 14 'AddSub' <Latency = 0> <II = 1> <Delay = 1.95> <FuncUnit> <Opcode : 'add' 'sub'> <InPorts = 2> <OutPorts = 1>
ST_8 : Operation 194 [1/1] (0.00ns)   --->   "%p_Val2_24_1_2_cast = sext i43 %p_Val2_24_1_2 to i44" [nnet/solution1/nnet.cpp:34]
ST_8 : Operation 195 [1/1] (0.00ns)   --->   "%tmp_1848 = call i24 @_ssdm_op_PartSelect.i24.i44.i32.i32(i44 %p_Val2_25_1_1, i32 20, i32 43)" [nnet/solution1/nnet.cpp:34]
ST_8 : Operation 196 [1/1] (0.00ns)   --->   "%tmp_86_1_2 = call i44 @_ssdm_op_BitConcatenate.i44.i24.i20(i24 %tmp_1848, i20 0)" [nnet/solution1/nnet.cpp:34]
ST_8 : Operation 197 [1/1] (2.98ns)   --->   "%p_Val2_25_1_2 = add i44 %tmp_86_1_2, %p_Val2_24_1_2_cast" [nnet/solution1/nnet.cpp:34]   --->   Core 14 'AddSub' <Latency = 0> <II = 1> <Delay = 1.95> <FuncUnit> <Opcode : 'add' 'sub'> <InPorts = 2> <OutPorts = 1>
ST_8 : Operation 198 [1/1] (0.00ns)   --->   "%tmp_83_1_3_cast_cast = zext i20 %image_V_0_load_7 to i43" [nnet/solution1/nnet.cpp:34]
ST_8 : Operation 199 [1/1] (6.38ns)   --->   "%p_Val2_24_1_3 = mul i43 %tmp_84_1_3_cast_mid2, %tmp_83_1_3_cast_cast" [nnet/solution1/nnet.cpp:34]   --->   Core 61 'DSP48' <Latency = 0> <II = 1> <Delay = 6.38> <IPBlock> <Opcode : 'mul' 'add' 'sub' 'select'> <InPorts = 0> <OutPorts = 1> <Sync> <CReg>
ST_8 : Operation 200 [1/1] (0.00ns)   --->   "%tmp_1849 = call i24 @_ssdm_op_PartSelect.i24.i44.i32.i32(i44 %p_Val2_25_1_2, i32 20, i32 43)" [nnet/solution1/nnet.cpp:34]
ST_8 : Operation 201 [1/1] (0.00ns)   --->   "%tmp_83_2_cast_cast = zext i20 %image_V_0_load_8 to i43" [nnet/solution1/nnet.cpp:34]
ST_8 : Operation 202 [1/1] (6.38ns)   --->   "%p_Val2_24_2 = mul i43 %tmp_84_2_cast_mid2_c, %tmp_83_2_cast_cast" [nnet/solution1/nnet.cpp:34]   --->   Core 61 'DSP48' <Latency = 0> <II = 1> <Delay = 6.38> <IPBlock> <Opcode : 'mul' 'add' 'sub' 'select'> <InPorts = 0> <OutPorts = 1> <Sync> <CReg>
ST_8 : Operation 203 [1/2] (3.25ns)   --->   "%image_V_0_load_9 = load i20* %image_V_0_addr_9, align 4" [nnet/solution1/nnet.cpp:34]   --->   Core 48 'ROM_nP' <Latency = 1> <II = 1> <Delay = 3.25> <Storage> <Opcode : 'load'> <Ports = 0> <Width = 20> <Depth = 1024> <ROM>
ST_8 : Operation 204 [1/2] (3.25ns)   --->   "%image_V_0_load_10 = load i20* %image_V_0_addr_10, align 4" [nnet/solution1/nnet.cpp:34]   --->   Core 48 'ROM_nP' <Latency = 1> <II = 1> <Delay = 3.25> <Storage> <Opcode : 'load'> <Ports = 0> <Width = 20> <Depth = 1024> <ROM>
ST_8 : Operation 205 [2/2] (3.25ns)   --->   "%image_V_0_load_11 = load i20* %image_V_0_addr_11, align 4" [nnet/solution1/nnet.cpp:34]   --->   Core 48 'ROM_nP' <Latency = 1> <II = 1> <Delay = 3.25> <Storage> <Opcode : 'load'> <Ports = 0> <Width = 20> <Depth = 1024> <ROM>
ST_8 : Operation 206 [2/2] (3.25ns)   --->   "%image_V_0_load_12 = load i20* %image_V_0_addr_12, align 4" [nnet/solution1/nnet.cpp:34]   --->   Core 48 'ROM_nP' <Latency = 1> <II = 1> <Delay = 3.25> <Storage> <Opcode : 'load'> <Ports = 0> <Width = 20> <Depth = 1024> <ROM>

 <State 9> : 6.38ns
ST_9 : Operation 207 [1/1] (0.00ns)   --->   "%tmp_84_2_1_cast_mid2 = sext i19 %conv_layer1_weights_19 to i43" [nnet/solution1/nnet.cpp:34]
ST_9 : Operation 208 [1/1] (0.00ns)   --->   "%tmp_84_2_2_cast_mid2 = sext i19 %conv_layer1_weights_21 to i43" [nnet/solution1/nnet.cpp:34]
ST_9 : Operation 209 [1/2] (3.25ns)   --->   "%conv_layer1_weights_23 = load i19* %conv_layer1_weights_22, align 4" [nnet/solution1/nnet.cpp:34]   --->   Core 48 'ROM_nP' <Latency = 1> <II = 1> <Delay = 3.25> <Storage> <Opcode : 'load'> <Ports = 0> <Width = 20> <Depth = 1024> <ROM>
ST_9 : Operation 210 [1/2] (3.25ns)   --->   "%conv_layer1_weights_25 = load i19* %conv_layer1_weights_24, align 4" [nnet/solution1/nnet.cpp:34]   --->   Core 48 'ROM_nP' <Latency = 1> <II = 1> <Delay = 3.25> <Storage> <Opcode : 'load'> <Ports = 0> <Width = 20> <Depth = 1024> <ROM>
ST_9 : Operation 211 [1/1] (0.00ns)   --->   "%conv_layer1_weights_26 = getelementptr [8 x i19]* @conv_layer1_weights_5, i64 0, i64 %tmp_mid2" [nnet/solution1/nnet.cpp:34]
ST_9 : Operation 212 [2/2] (3.25ns)   --->   "%conv_layer1_weights_27 = load i19* %conv_layer1_weights_26, align 4" [nnet/solution1/nnet.cpp:34]   --->   Core 48 'ROM_nP' <Latency = 1> <II = 1> <Delay = 3.25> <Storage> <Opcode : 'load'> <Ports = 0> <Width = 20> <Depth = 1024> <ROM>
ST_9 : Operation 213 [1/1] (0.00ns)   --->   "%conv_layer1_weights_28 = getelementptr [8 x i19]* @conv_layer1_weights_3, i64 0, i64 %tmp_mid2" [nnet/solution1/nnet.cpp:34]
ST_9 : Operation 214 [2/2] (3.25ns)   --->   "%conv_layer1_weights_29 = load i19* %conv_layer1_weights_28, align 4" [nnet/solution1/nnet.cpp:34]   --->   Core 48 'ROM_nP' <Latency = 1> <II = 1> <Delay = 3.25> <Storage> <Opcode : 'load'> <Ports = 0> <Width = 20> <Depth = 1024> <ROM>
ST_9 : Operation 215 [1/1] (0.00ns)   --->   "%conv_layer1_weights_30 = getelementptr [8 x i19]* @conv_layer1_weights_1, i64 0, i64 %tmp_mid2" [nnet/solution1/nnet.cpp:34]
ST_9 : Operation 216 [2/2] (3.25ns)   --->   "%conv_layer1_weights_31 = load i19* %conv_layer1_weights_30, align 4" [nnet/solution1/nnet.cpp:35]   --->   Core 48 'ROM_nP' <Latency = 1> <II = 1> <Delay = 3.25> <Storage> <Opcode : 'load'> <Ports = 0> <Width = 20> <Depth = 1024> <ROM>
ST_9 : Operation 217 [1/1] (0.00ns)   --->   "%conv_layer1_bias_V_a = getelementptr [8 x i21]* @conv_layer1_bias_V, i64 0, i64 %tmp_mid2" [nnet/solution1/nnet.cpp:35]
ST_9 : Operation 218 [2/2] (3.25ns)   --->   "%conv_layer1_bias_V_l = load i21* %conv_layer1_bias_V_a, align 4" [nnet/solution1/nnet.cpp:35]   --->   Core 48 'ROM_nP' <Latency = 1> <II = 1> <Delay = 3.25> <Storage> <Opcode : 'load'> <Ports = 0> <Width = 20> <Depth = 1024> <ROM>
ST_9 : Operation 219 [1/1] (0.00ns)   --->   "%tmp_95 = call i10 @_ssdm_op_BitConcatenate.i10.i5.i5(i5 %tmp_1825, i5 %j_3)" [nnet/solution1/nnet.cpp:34]
ST_9 : Operation 220 [1/1] (0.00ns)   --->   "%tmp_1835 = zext i10 %tmp_95 to i64" [nnet/solution1/nnet.cpp:34]
ST_9 : Operation 221 [1/1] (0.00ns)   --->   "%image_V_0_addr_13 = getelementptr [1024 x i20]* @image_V_0, i64 0, i64 %tmp_1835" [nnet/solution1/nnet.cpp:34]
ST_9 : Operation 222 [1/1] (0.00ns)   --->   "%tmp_101 = call i10 @_ssdm_op_BitConcatenate.i10.i5.i5(i5 %tmp_1825, i5 %tmp_80_0_2)" [nnet/solution1/nnet.cpp:34]
ST_9 : Operation 223 [1/1] (0.00ns)   --->   "%tmp_1839 = zext i10 %tmp_101 to i64" [nnet/solution1/nnet.cpp:34]
ST_9 : Operation 224 [1/1] (0.00ns)   --->   "%image_V_0_addr_14 = getelementptr [1024 x i20]* @image_V_0, i64 0, i64 %tmp_1839" [nnet/solution1/nnet.cpp:34]
ST_9 : Operation 225 [1/1] (0.00ns)   --->   "%p_Val2_24_1_3_cast = sext i43 %p_Val2_24_1_3 to i44" [nnet/solution1/nnet.cpp:34]
ST_9 : Operation 226 [1/1] (0.00ns)   --->   "%tmp_86_1_3 = call i44 @_ssdm_op_BitConcatenate.i44.i24.i20(i24 %tmp_1849, i20 0)" [nnet/solution1/nnet.cpp:34]
ST_9 : Operation 227 [1/1] (2.98ns)   --->   "%p_Val2_25_1_3 = add i44 %tmp_86_1_3, %p_Val2_24_1_3_cast" [nnet/solution1/nnet.cpp:34]   --->   Core 14 'AddSub' <Latency = 0> <II = 1> <Delay = 1.95> <FuncUnit> <Opcode : 'add' 'sub'> <InPorts = 2> <OutPorts = 1>
ST_9 : Operation 228 [1/1] (0.00ns)   --->   "%p_Val2_24_2_cast = sext i43 %p_Val2_24_2 to i44" [nnet/solution1/nnet.cpp:34]
ST_9 : Operation 229 [1/1] (0.00ns)   --->   "%tmp_1850 = call i24 @_ssdm_op_PartSelect.i24.i44.i32.i32(i44 %p_Val2_25_1_3, i32 20, i32 43)" [nnet/solution1/nnet.cpp:34]
ST_9 : Operation 230 [1/1] (0.00ns)   --->   "%tmp_86_2 = call i44 @_ssdm_op_BitConcatenate.i44.i24.i20(i24 %tmp_1850, i20 0)" [nnet/solution1/nnet.cpp:34]
ST_9 : Operation 231 [1/1] (2.98ns)   --->   "%p_Val2_25_2 = add i44 %tmp_86_2, %p_Val2_24_2_cast" [nnet/solution1/nnet.cpp:34]   --->   Core 14 'AddSub' <Latency = 0> <II = 1> <Delay = 1.95> <FuncUnit> <Opcode : 'add' 'sub'> <InPorts = 2> <OutPorts = 1>
ST_9 : Operation 232 [1/1] (0.00ns)   --->   "%tmp_83_2_1_cast_cast = zext i20 %image_V_0_load_9 to i43" [nnet/solution1/nnet.cpp:34]
ST_9 : Operation 233 [1/1] (6.38ns)   --->   "%p_Val2_24_2_1 = mul i43 %tmp_84_2_1_cast_mid2, %tmp_83_2_1_cast_cast" [nnet/solution1/nnet.cpp:34]   --->   Core 61 'DSP48' <Latency = 0> <II = 1> <Delay = 6.38> <IPBlock> <Opcode : 'mul' 'add' 'sub' 'select'> <InPorts = 0> <OutPorts = 1> <Sync> <CReg>
ST_9 : Operation 234 [1/1] (0.00ns)   --->   "%tmp_1851 = call i24 @_ssdm_op_PartSelect.i24.i44.i32.i32(i44 %p_Val2_25_2, i32 20, i32 43)" [nnet/solution1/nnet.cpp:34]
ST_9 : Operation 235 [1/1] (0.00ns)   --->   "%tmp_83_2_2_cast_cast = zext i20 %image_V_0_load_10 to i43" [nnet/solution1/nnet.cpp:34]
ST_9 : Operation 236 [1/1] (6.38ns)   --->   "%p_Val2_24_2_2 = mul i43 %tmp_84_2_2_cast_mid2, %tmp_83_2_2_cast_cast" [nnet/solution1/nnet.cpp:34]   --->   Core 61 'DSP48' <Latency = 0> <II = 1> <Delay = 6.38> <IPBlock> <Opcode : 'mul' 'add' 'sub' 'select'> <InPorts = 0> <OutPorts = 1> <Sync> <CReg>
ST_9 : Operation 237 [1/2] (3.25ns)   --->   "%image_V_0_load_11 = load i20* %image_V_0_addr_11, align 4" [nnet/solution1/nnet.cpp:34]   --->   Core 48 'ROM_nP' <Latency = 1> <II = 1> <Delay = 3.25> <Storage> <Opcode : 'load'> <Ports = 0> <Width = 20> <Depth = 1024> <ROM>
ST_9 : Operation 238 [1/2] (3.25ns)   --->   "%image_V_0_load_12 = load i20* %image_V_0_addr_12, align 4" [nnet/solution1/nnet.cpp:34]   --->   Core 48 'ROM_nP' <Latency = 1> <II = 1> <Delay = 3.25> <Storage> <Opcode : 'load'> <Ports = 0> <Width = 20> <Depth = 1024> <ROM>
ST_9 : Operation 239 [2/2] (3.25ns)   --->   "%image_V_0_load_13 = load i20* %image_V_0_addr_13, align 4" [nnet/solution1/nnet.cpp:34]   --->   Core 48 'ROM_nP' <Latency = 1> <II = 1> <Delay = 3.25> <Storage> <Opcode : 'load'> <Ports = 0> <Width = 20> <Depth = 1024> <ROM>
ST_9 : Operation 240 [2/2] (3.25ns)   --->   "%image_V_0_load_14 = load i20* %image_V_0_addr_14, align 4" [nnet/solution1/nnet.cpp:34]   --->   Core 48 'ROM_nP' <Latency = 1> <II = 1> <Delay = 3.25> <Storage> <Opcode : 'load'> <Ports = 0> <Width = 20> <Depth = 1024> <ROM>

 <State 10> : 6.38ns
ST_10 : Operation 241 [1/1] (0.00ns)   --->   "%tmp_84_2_3_cast_mid2 = sext i19 %conv_layer1_weights_23 to i43" [nnet/solution1/nnet.cpp:34]
ST_10 : Operation 242 [1/1] (0.00ns)   --->   "%tmp_84_3_cast_mid2_c = sext i19 %conv_layer1_weights_25 to i43" [nnet/solution1/nnet.cpp:34]
ST_10 : Operation 243 [1/2] (3.25ns)   --->   "%conv_layer1_weights_27 = load i19* %conv_layer1_weights_26, align 4" [nnet/solution1/nnet.cpp:34]   --->   Core 48 'ROM_nP' <Latency = 1> <II = 1> <Delay = 3.25> <Storage> <Opcode : 'load'> <Ports = 0> <Width = 20> <Depth = 1024> <ROM>
ST_10 : Operation 244 [1/2] (3.25ns)   --->   "%conv_layer1_weights_29 = load i19* %conv_layer1_weights_28, align 4" [nnet/solution1/nnet.cpp:34]   --->   Core 48 'ROM_nP' <Latency = 1> <II = 1> <Delay = 3.25> <Storage> <Opcode : 'load'> <Ports = 0> <Width = 20> <Depth = 1024> <ROM>
ST_10 : Operation 245 [1/2] (3.25ns)   --->   "%conv_layer1_weights_31 = load i19* %conv_layer1_weights_30, align 4" [nnet/solution1/nnet.cpp:35]   --->   Core 48 'ROM_nP' <Latency = 1> <II = 1> <Delay = 3.25> <Storage> <Opcode : 'load'> <Ports = 0> <Width = 20> <Depth = 1024> <ROM>
ST_10 : Operation 246 [1/2] (3.25ns)   --->   "%conv_layer1_bias_V_l = load i21* %conv_layer1_bias_V_a, align 4" [nnet/solution1/nnet.cpp:35]   --->   Core 48 'ROM_nP' <Latency = 1> <II = 1> <Delay = 3.25> <Storage> <Opcode : 'load'> <Ports = 0> <Width = 20> <Depth = 1024> <ROM>
ST_10 : Operation 247 [1/1] (0.00ns)   --->   "%tmp_105 = call i10 @_ssdm_op_BitConcatenate.i10.i5.i5(i5 %tmp_1825, i5 %tmp_80_0_3)" [nnet/solution1/nnet.cpp:34]
ST_10 : Operation 248 [1/1] (0.00ns)   --->   "%tmp_1844 = zext i10 %tmp_105 to i64" [nnet/solution1/nnet.cpp:34]
ST_10 : Operation 249 [1/1] (0.00ns)   --->   "%image_V_0_addr_15 = getelementptr [1024 x i20]* @image_V_0, i64 0, i64 %tmp_1844" [nnet/solution1/nnet.cpp:34]
ST_10 : Operation 250 [1/1] (0.00ns)   --->   "%p_Val2_24_2_1_cast = sext i43 %p_Val2_24_2_1 to i44" [nnet/solution1/nnet.cpp:34]
ST_10 : Operation 251 [1/1] (0.00ns)   --->   "%tmp_86_2_1 = call i44 @_ssdm_op_BitConcatenate.i44.i24.i20(i24 %tmp_1851, i20 0)" [nnet/solution1/nnet.cpp:34]
ST_10 : Operation 252 [1/1] (2.98ns)   --->   "%p_Val2_25_2_1 = add i44 %tmp_86_2_1, %p_Val2_24_2_1_cast" [nnet/solution1/nnet.cpp:34]   --->   Core 14 'AddSub' <Latency = 0> <II = 1> <Delay = 1.95> <FuncUnit> <Opcode : 'add' 'sub'> <InPorts = 2> <OutPorts = 1>
ST_10 : Operation 253 [1/1] (0.00ns)   --->   "%p_Val2_24_2_2_cast = sext i43 %p_Val2_24_2_2 to i44" [nnet/solution1/nnet.cpp:34]
ST_10 : Operation 254 [1/1] (0.00ns)   --->   "%tmp_1852 = call i24 @_ssdm_op_PartSelect.i24.i44.i32.i32(i44 %p_Val2_25_2_1, i32 20, i32 43)" [nnet/solution1/nnet.cpp:34]
ST_10 : Operation 255 [1/1] (0.00ns)   --->   "%tmp_86_2_2 = call i44 @_ssdm_op_BitConcatenate.i44.i24.i20(i24 %tmp_1852, i20 0)" [nnet/solution1/nnet.cpp:34]
ST_10 : Operation 256 [1/1] (2.98ns)   --->   "%p_Val2_25_2_2 = add i44 %tmp_86_2_2, %p_Val2_24_2_2_cast" [nnet/solution1/nnet.cpp:34]   --->   Core 14 'AddSub' <Latency = 0> <II = 1> <Delay = 1.95> <FuncUnit> <Opcode : 'add' 'sub'> <InPorts = 2> <OutPorts = 1>
ST_10 : Operation 257 [1/1] (0.00ns)   --->   "%tmp_83_2_3_cast_cast = zext i20 %image_V_0_load_11 to i43" [nnet/solution1/nnet.cpp:34]
ST_10 : Operation 258 [1/1] (6.38ns)   --->   "%p_Val2_24_2_3 = mul i43 %tmp_84_2_3_cast_mid2, %tmp_83_2_3_cast_cast" [nnet/solution1/nnet.cpp:34]   --->   Core 61 'DSP48' <Latency = 0> <II = 1> <Delay = 6.38> <IPBlock> <Opcode : 'mul' 'add' 'sub' 'select'> <InPorts = 0> <OutPorts = 1> <Sync> <CReg>
ST_10 : Operation 259 [1/1] (0.00ns)   --->   "%tmp_1853 = call i24 @_ssdm_op_PartSelect.i24.i44.i32.i32(i44 %p_Val2_25_2_2, i32 20, i32 43)" [nnet/solution1/nnet.cpp:34]
ST_10 : Operation 260 [1/1] (0.00ns)   --->   "%tmp_83_3_cast_cast = zext i20 %image_V_0_load_12 to i43" [nnet/solution1/nnet.cpp:34]
ST_10 : Operation 261 [1/1] (6.38ns)   --->   "%p_Val2_24_3 = mul i43 %tmp_84_3_cast_mid2_c, %tmp_83_3_cast_cast" [nnet/solution1/nnet.cpp:34]   --->   Core 61 'DSP48' <Latency = 0> <II = 1> <Delay = 6.38> <IPBlock> <Opcode : 'mul' 'add' 'sub' 'select'> <InPorts = 0> <OutPorts = 1> <Sync> <CReg>
ST_10 : Operation 262 [1/2] (3.25ns)   --->   "%image_V_0_load_13 = load i20* %image_V_0_addr_13, align 4" [nnet/solution1/nnet.cpp:34]   --->   Core 48 'ROM_nP' <Latency = 1> <II = 1> <Delay = 3.25> <Storage> <Opcode : 'load'> <Ports = 0> <Width = 20> <Depth = 1024> <ROM>
ST_10 : Operation 263 [1/2] (3.25ns)   --->   "%image_V_0_load_14 = load i20* %image_V_0_addr_14, align 4" [nnet/solution1/nnet.cpp:34]   --->   Core 48 'ROM_nP' <Latency = 1> <II = 1> <Delay = 3.25> <Storage> <Opcode : 'load'> <Ports = 0> <Width = 20> <Depth = 1024> <ROM>
ST_10 : Operation 264 [2/2] (3.25ns)   --->   "%image_V_0_load_15 = load i20* %image_V_0_addr_15, align 4" [nnet/solution1/nnet.cpp:34]   --->   Core 48 'ROM_nP' <Latency = 1> <II = 1> <Delay = 3.25> <Storage> <Opcode : 'load'> <Ports = 0> <Width = 20> <Depth = 1024> <ROM>

 <State 11> : 6.38ns
ST_11 : Operation 265 [1/1] (0.00ns)   --->   "%tmp_84_3_1_cast_mid2 = sext i19 %conv_layer1_weights_27 to i43" [nnet/solution1/nnet.cpp:34]
ST_11 : Operation 266 [1/1] (0.00ns)   --->   "%tmp_84_3_2_cast_mid2 = sext i19 %conv_layer1_weights_29 to i43" [nnet/solution1/nnet.cpp:34]
ST_11 : Operation 267 [1/1] (0.00ns)   --->   "%p_Val2_24_2_3_cast = sext i43 %p_Val2_24_2_3 to i44" [nnet/solution1/nnet.cpp:34]
ST_11 : Operation 268 [1/1] (0.00ns)   --->   "%tmp_86_2_3 = call i44 @_ssdm_op_BitConcatenate.i44.i24.i20(i24 %tmp_1853, i20 0)" [nnet/solution1/nnet.cpp:34]
ST_11 : Operation 269 [1/1] (2.98ns)   --->   "%p_Val2_25_2_3 = add i44 %tmp_86_2_3, %p_Val2_24_2_3_cast" [nnet/solution1/nnet.cpp:34]   --->   Core 14 'AddSub' <Latency = 0> <II = 1> <Delay = 1.95> <FuncUnit> <Opcode : 'add' 'sub'> <InPorts = 2> <OutPorts = 1>
ST_11 : Operation 270 [1/1] (0.00ns)   --->   "%p_Val2_24_3_cast = sext i43 %p_Val2_24_3 to i44" [nnet/solution1/nnet.cpp:34]
ST_11 : Operation 271 [1/1] (0.00ns)   --->   "%tmp_1854 = call i24 @_ssdm_op_PartSelect.i24.i44.i32.i32(i44 %p_Val2_25_2_3, i32 20, i32 43)" [nnet/solution1/nnet.cpp:34]
ST_11 : Operation 272 [1/1] (0.00ns)   --->   "%tmp_86_3 = call i44 @_ssdm_op_BitConcatenate.i44.i24.i20(i24 %tmp_1854, i20 0)" [nnet/solution1/nnet.cpp:34]
ST_11 : Operation 273 [1/1] (2.98ns)   --->   "%p_Val2_25_3 = add i44 %tmp_86_3, %p_Val2_24_3_cast" [nnet/solution1/nnet.cpp:34]   --->   Core 14 'AddSub' <Latency = 0> <II = 1> <Delay = 1.95> <FuncUnit> <Opcode : 'add' 'sub'> <InPorts = 2> <OutPorts = 1>
ST_11 : Operation 274 [1/1] (0.00ns)   --->   "%tmp_83_3_1_cast_cast = zext i20 %image_V_0_load_13 to i43" [nnet/solution1/nnet.cpp:34]
ST_11 : Operation 275 [1/1] (6.38ns)   --->   "%p_Val2_24_3_1 = mul i43 %tmp_84_3_1_cast_mid2, %tmp_83_3_1_cast_cast" [nnet/solution1/nnet.cpp:34]   --->   Core 61 'DSP48' <Latency = 0> <II = 1> <Delay = 6.38> <IPBlock> <Opcode : 'mul' 'add' 'sub' 'select'> <InPorts = 0> <OutPorts = 1> <Sync> <CReg>
ST_11 : Operation 276 [1/1] (0.00ns)   --->   "%tmp_1855 = call i24 @_ssdm_op_PartSelect.i24.i44.i32.i32(i44 %p_Val2_25_3, i32 20, i32 43)" [nnet/solution1/nnet.cpp:34]
ST_11 : Operation 277 [1/1] (0.00ns)   --->   "%tmp_83_3_2_cast_cast = zext i20 %image_V_0_load_14 to i43" [nnet/solution1/nnet.cpp:34]
ST_11 : Operation 278 [1/1] (6.38ns)   --->   "%p_Val2_24_3_2 = mul i43 %tmp_84_3_2_cast_mid2, %tmp_83_3_2_cast_cast" [nnet/solution1/nnet.cpp:34]   --->   Core 61 'DSP48' <Latency = 0> <II = 1> <Delay = 6.38> <IPBlock> <Opcode : 'mul' 'add' 'sub' 'select'> <InPorts = 0> <OutPorts = 1> <Sync> <CReg>
ST_11 : Operation 279 [1/2] (3.25ns)   --->   "%image_V_0_load_15 = load i20* %image_V_0_addr_15, align 4" [nnet/solution1/nnet.cpp:34]   --->   Core 48 'ROM_nP' <Latency = 1> <II = 1> <Delay = 3.25> <Storage> <Opcode : 'load'> <Ports = 0> <Width = 20> <Depth = 1024> <ROM>

 <State 12> : 6.38ns
ST_12 : Operation 280 [1/1] (0.00ns)   --->   "%tmp_84_3_3_cast_mid2 = sext i19 %conv_layer1_weights_31 to i43" [nnet/solution1/nnet.cpp:35]
ST_12 : Operation 281 [1/1] (0.00ns)   --->   "%p_Val2_24_3_1_cast = sext i43 %p_Val2_24_3_1 to i44" [nnet/solution1/nnet.cpp:34]
ST_12 : Operation 282 [1/1] (0.00ns)   --->   "%tmp_86_3_1 = call i44 @_ssdm_op_BitConcatenate.i44.i24.i20(i24 %tmp_1855, i20 0)" [nnet/solution1/nnet.cpp:34]
ST_12 : Operation 283 [1/1] (2.98ns)   --->   "%p_Val2_25_3_1 = add i44 %tmp_86_3_1, %p_Val2_24_3_1_cast" [nnet/solution1/nnet.cpp:34]   --->   Core 14 'AddSub' <Latency = 0> <II = 1> <Delay = 1.95> <FuncUnit> <Opcode : 'add' 'sub'> <InPorts = 2> <OutPorts = 1>
ST_12 : Operation 284 [1/1] (0.00ns)   --->   "%p_Val2_24_3_2_cast = sext i43 %p_Val2_24_3_2 to i44" [nnet/solution1/nnet.cpp:34]
ST_12 : Operation 285 [1/1] (0.00ns)   --->   "%tmp_1856 = call i24 @_ssdm_op_PartSelect.i24.i44.i32.i32(i44 %p_Val2_25_3_1, i32 20, i32 43)" [nnet/solution1/nnet.cpp:34]
ST_12 : Operation 286 [1/1] (0.00ns)   --->   "%tmp_86_3_2 = call i44 @_ssdm_op_BitConcatenate.i44.i24.i20(i24 %tmp_1856, i20 0)" [nnet/solution1/nnet.cpp:34]
ST_12 : Operation 287 [1/1] (2.98ns)   --->   "%p_Val2_25_3_2 = add i44 %tmp_86_3_2, %p_Val2_24_3_2_cast" [nnet/solution1/nnet.cpp:34]   --->   Core 14 'AddSub' <Latency = 0> <II = 1> <Delay = 1.95> <FuncUnit> <Opcode : 'add' 'sub'> <InPorts = 2> <OutPorts = 1>
ST_12 : Operation 288 [1/1] (0.00ns)   --->   "%tmp_83_3_3_cast_cast = zext i20 %image_V_0_load_15 to i43" [nnet/solution1/nnet.cpp:34]
ST_12 : Operation 289 [1/1] (6.38ns)   --->   "%p_Val2_24_3_3 = mul i43 %tmp_84_3_3_cast_mid2, %tmp_83_3_3_cast_cast" [nnet/solution1/nnet.cpp:34]   --->   Core 61 'DSP48' <Latency = 0> <II = 1> <Delay = 6.38> <IPBlock> <Opcode : 'mul' 'add' 'sub' 'select'> <InPorts = 0> <OutPorts = 1> <Sync> <CReg>
ST_12 : Operation 290 [1/1] (0.00ns)   --->   "%tmp_1857 = call i24 @_ssdm_op_PartSelect.i24.i44.i32.i32(i44 %p_Val2_25_3_2, i32 20, i32 43)" [nnet/solution1/nnet.cpp:34]

 <State 13> : 7.76ns
ST_13 : Operation 291 [1/1] (0.00ns)   --->   "%p_Val2_cast_mid2 = sext i21 %conv_layer1_bias_V_l to i24" [nnet/solution1/nnet.cpp:35]
ST_13 : Operation 292 [1/1] (0.00ns)   --->   "%tmp_14_mid2 = sext i21 %conv_layer1_bias_V_l to i23" [nnet/solution1/nnet.cpp:35]
ST_13 : Operation 293 [1/1] (0.00ns)   --->   "%tmp_mid2_cast_38 = zext i5 %tmp_mid2_37 to i10" [nnet/solution1/nnet.cpp:35]
ST_13 : Operation 294 [1/1] (3.36ns)   --->   "%tmp_1819 = mul i10 %tmp_mid2_cast_38, 29" [nnet/solution1/nnet.cpp:35]   --->   Core 61 'DSP48' <Latency = 0> <II = 1> <Delay = 6.38> <IPBlock> <Opcode : 'mul' 'add' 'sub' 'select'> <InPorts = 0> <OutPorts = 1> <Sync> <CReg>
ST_13 : Operation 295 [1/1] (0.00ns)   --->   "%tmp_2_cast = zext i5 %j_mid2 to i10" [nnet/solution1/nnet.cpp:35]
ST_13 : Operation 296 [1/1] (3.02ns)   --->   "%tmp_1826 = add i10 %tmp_2_cast, %tmp_1819" [nnet/solution1/nnet.cpp:35]   --->   Core 61 'DSP48' <Latency = 0> <II = 1> <Delay = 6.38> <IPBlock> <Opcode : 'mul' 'add' 'sub' 'select'> <InPorts = 0> <OutPorts = 1> <Sync> <CReg>
ST_13 : Operation 297 [1/1] (0.00ns)   --->   "%p_Val2_24_3_3_cast = sext i43 %p_Val2_24_3_3 to i44" [nnet/solution1/nnet.cpp:34]
ST_13 : Operation 298 [1/1] (0.00ns)   --->   "%tmp_86_3_3 = call i44 @_ssdm_op_BitConcatenate.i44.i24.i20(i24 %tmp_1857, i20 0)" [nnet/solution1/nnet.cpp:34]
ST_13 : Operation 299 [1/1] (2.98ns)   --->   "%p_Val2_25_3_3 = add i44 %tmp_86_3_3, %p_Val2_24_3_3_cast" [nnet/solution1/nnet.cpp:34]   --->   Core 14 'AddSub' <Latency = 0> <II = 1> <Delay = 1.95> <FuncUnit> <Opcode : 'add' 'sub'> <InPorts = 2> <OutPorts = 1>
ST_13 : Operation 300 [1/1] (0.00ns)   --->   "%sum_V_3_3 = call i24 @_ssdm_op_PartSelect.i24.i44.i32.i32(i44 %p_Val2_25_3_3, i32 20, i32 43)" [nnet/solution1/nnet.cpp:34]
ST_13 : Operation 301 [1/1] (0.00ns)   --->   "%tmp_3 = call i23 @_ssdm_op_PartSelect.i23.i44.i32.i32(i44 %p_Val2_25_3_3, i32 20, i32 42)" [nnet/solution1/nnet.cpp:34]
ST_13 : Operation 302 [1/1] (2.31ns)   --->   "%p_Val2_s = add i24 %p_Val2_cast_mid2, %sum_V_3_3" [nnet/solution1/nnet.cpp:35]   --->   Core 14 'AddSub' <Latency = 0> <II = 1> <Delay = 1.95> <FuncUnit> <Opcode : 'add' 'sub'> <InPorts = 2> <OutPorts = 1>
ST_13 : Operation 303 [1/1] (2.28ns)   --->   "%p_Val2_cast = add i23 %tmp_3, %tmp_14_mid2" [/home/sergiu/git/lic/hls/workspace/nnet/headers/activations.h:13->nnet/solution1/nnet.cpp:35]   --->   Core 14 'AddSub' <Latency = 0> <II = 1> <Delay = 1.95> <FuncUnit> <Opcode : 'add' 'sub'> <InPorts = 2> <OutPorts = 1>
ST_13 : Operation 304 [1/1] (2.45ns)   --->   "%tmp_i = icmp sgt i24 %p_Val2_s, 0" [/home/sergiu/git/lic/hls/workspace/nnet/headers/activations.h:13->nnet/solution1/nnet.cpp:35]   --->   Core 25 'Cmp' <Latency = 0> <II = 1> <Delay = 2.45> <FuncUnit> <Opcode : 'icmp'> <InPorts = 2> <OutPorts = 1>

 <State 14> : 5.27ns
ST_14 : Operation 305 [1/1] (0.00ns)   --->   "call void (...)* @_ssdm_op_SpecLoopName([58 x i8]* @conv_layer1_label19_s)"
ST_14 : Operation 306 [1/1] (0.00ns)   --->   "%empty = call i32 (...)* @_ssdm_op_SpecLoopTripCount(i64 6728, i64 6728, i64 6728)"
ST_14 : Operation 307 [1/1] (0.00ns)   --->   "%tmp_mid2_cast = zext i4 %tmp_mid2_v to i14" [nnet/solution1/nnet.cpp:34]
ST_14 : Operation 308 [1/1] (0.00ns)   --->   "call void (...)* @_ssdm_op_SpecLoopName([38 x i8]* @conv_layer1_label8_c)"
ST_14 : Operation 309 [1/1] (0.00ns)   --->   "call void (...)* @_ssdm_op_SpecLoopName([19 x i8]* @p_str13) nounwind" [nnet/solution1/nnet.cpp:26]
ST_14 : Operation 310 [1/1] (0.00ns)   --->   "%tmp_7 = call i32 (...)* @_ssdm_op_SpecRegionBegin([19 x i8]* @p_str13)" [nnet/solution1/nnet.cpp:26]
ST_14 : Operation 311 [1/1] (0.00ns)   --->   "call void (...)* @_ssdm_op_SpecPipeline(i32 -1, i32 1, i32 1, i32 0, [1 x i8]* @p_str14) nounwind" [nnet/solution1/nnet.cpp:27]
ST_14 : Operation 312 [1/1] (0.00ns)   --->   "%tmp = call i13 @_ssdm_op_BitConcatenate.i13.i10.i3(i10 %tmp_1826, i3 0)" [nnet/solution1/nnet.cpp:35]
ST_14 : Operation 313 [1/1] (0.00ns)   --->   "%tmp_1902_cast = zext i13 %tmp to i14" [nnet/solution1/nnet.cpp:35]
ST_14 : Operation 314 [1/1] (2.01ns)   --->   "%tmp_1827 = add i14 %tmp_mid2_cast, %tmp_1902_cast" [nnet/solution1/nnet.cpp:35]   --->   Core 14 'AddSub' <Latency = 0> <II = 1> <Delay = 1.95> <FuncUnit> <Opcode : 'add' 'sub'> <InPorts = 2> <OutPorts = 1>
ST_14 : Operation 315 [1/1] (0.00ns)   --->   "%tmp_1903_cast = zext i14 %tmp_1827 to i64" [nnet/solution1/nnet.cpp:35]
ST_14 : Operation 316 [1/1] (0.00ns)   --->   "%output_V_addr = getelementptr [6728 x i24]* %output_V, i64 0, i64 %tmp_1903_cast" [nnet/solution1/nnet.cpp:35]
ST_14 : Operation 317 [1/1] (1.37ns)   --->   "%a_V_i = select i1 %tmp_i, i23 %p_Val2_cast, i23 0" [/home/sergiu/git/lic/hls/workspace/nnet/headers/activations.h:13->nnet/solution1/nnet.cpp:35]   --->   Core 26 'Sel' <Latency = 0> <II = 1> <Delay = 1.37> <FuncUnit> <Opcode : 'select'> <InPorts = 3> <OutPorts = 1>
ST_14 : Operation 318 [1/1] (0.00ns)   --->   "%a_V_i_cast = zext i23 %a_V_i to i24" [/home/sergiu/git/lic/hls/workspace/nnet/headers/activations.h:13->nnet/solution1/nnet.cpp:35]
ST_14 : Operation 319 [1/1] (3.25ns)   --->   "store i24 %a_V_i_cast, i24* %output_V_addr, align 4" [nnet/solution1/nnet.cpp:35]   --->   Core 37 'RAM' <Latency = 1> <II = 1> <Delay = 3.25> <Storage> <Opcode : 'load' 'store'> <Ports = 2> <Width = 24> <Depth = 6728> <RAM>
ST_14 : Operation 320 [1/1] (0.00ns)   --->   "%empty_39 = call i32 (...)* @_ssdm_op_SpecRegionEnd([19 x i8]* @p_str13, i32 %tmp_7)" [nnet/solution1/nnet.cpp:36]
ST_14 : Operation 321 [1/1] (0.00ns)   --->   "br label %1"

 <State 15> : 0.00ns
ST_15 : Operation 322 [1/1] (0.00ns)   --->   "ret void" [nnet/solution1/nnet.cpp:38]


============================================================
+ Verbose Summary: Timing violations
============================================================
Target clock period: 10ns, clock uncertainty: 1.25ns.

 <State 1>: 1.77ns
The critical path consists of the following:
	multiplexor before 'phi' operation ('indvar_flatten2') with incoming values : ('indvar_flatten_next2') [22]  (1.77 ns)

 <State 2>: 3.33ns
The critical path consists of the following:
	'phi' operation ('indvar_flatten') with incoming values : ('indvar_flatten_next') [24]  (0 ns)
	'add' operation ('indvar_flatten_op') [292]  (1.96 ns)
	'select' operation ('indvar_flatten_next') [293]  (1.37 ns)

 <State 3>: 8.7ns
The critical path consists of the following:
	'icmp' operation ('exitcond', nnet/solution1/nnet.cpp:25) [92]  (1.36 ns)
	'and' operation ('exitcond5_mid', nnet/solution1/nnet.cpp:25) [93]  (0.931 ns)
	'or' operation ('tmp_s', nnet/solution1/nnet.cpp:25) [96]  (0 ns)
	'select' operation ('j_mid2', nnet/solution1/nnet.cpp:25) [97]  (1.37 ns)
	'add' operation ('j', nnet/solution1/nnet.cpp:34) [138]  (1.78 ns)
	'getelementptr' operation ('image_V_0_addr_1', nnet/solution1/nnet.cpp:34) [141]  (0 ns)
	'load' operation ('image_V_0_load_1', nnet/solution1/nnet.cpp:34) on array 'image_V_0' [151]  (3.25 ns)

 <State 4>: 6.4ns
The critical path consists of the following:
	'add' operation ('i_8_mid1', nnet/solution1/nnet.cpp:34) [101]  (1.78 ns)
	'select' operation ('tmp_1821', nnet/solution1/nnet.cpp:34) [104]  (1.37 ns)
	'getelementptr' operation ('image_V_0_addr_4', nnet/solution1/nnet.cpp:34) [128]  (0 ns)
	'load' operation ('image_V_0_load_4', nnet/solution1/nnet.cpp:34) on array 'image_V_0' [199]  (3.25 ns)

 <State 5>: 6.38ns
The critical path consists of the following:
	'mul' operation ('p_Val2_1', nnet/solution1/nnet.cpp:34) [137]  (6.38 ns)

 <State 6>: 6.38ns
The critical path consists of the following:
	'mul' operation ('p_Val2_24_0_3', nnet/solution1/nnet.cpp:34) [194]  (6.38 ns)

 <State 7>: 6.38ns
The critical path consists of the following:
	'mul' operation ('p_Val2_24_1_1', nnet/solution1/nnet.cpp:34) [208]  (6.38 ns)

 <State 8>: 6.38ns
The critical path consists of the following:
	'mul' operation ('p_Val2_24_1_3', nnet/solution1/nnet.cpp:34) [222]  (6.38 ns)

 <State 9>: 6.38ns
The critical path consists of the following:
	'mul' operation ('p_Val2_24_2_1', nnet/solution1/nnet.cpp:34) [236]  (6.38 ns)

 <State 10>: 6.38ns
The critical path consists of the following:
	'mul' operation ('p_Val2_24_2_3', nnet/solution1/nnet.cpp:34) [250]  (6.38 ns)

 <State 11>: 6.38ns
The critical path consists of the following:
	'mul' operation ('p_Val2_24_3_1', nnet/solution1/nnet.cpp:34) [264]  (6.38 ns)

 <State 12>: 6.38ns
The critical path consists of the following:
	'mul' operation ('p_Val2_24_3_3', nnet/solution1/nnet.cpp:34) [278]  (6.38 ns)

 <State 13>: 7.76ns
The critical path consists of the following:
	'add' operation ('p_Val2_25_3_3', nnet/solution1/nnet.cpp:34) [282]  (2.99 ns)
	'add' operation ('p_Val2_s', nnet/solution1/nnet.cpp:35) [285]  (2.31 ns)
	'icmp' operation ('tmp_i', /home/sergiu/git/lic/hls/workspace/nnet/headers/activations.h:13->nnet/solution1/nnet.cpp:35) [287]  (2.45 ns)

 <State 14>: 5.27ns
The critical path consists of the following:
	'add' operation ('tmp_1827', nnet/solution1/nnet.cpp:35) [120]  (2.02 ns)
	'getelementptr' operation ('output_V_addr', nnet/solution1/nnet.cpp:35) [122]  (0 ns)
	'store' operation (nnet/solution1/nnet.cpp:35) of variable 'a_V_i_cast', /home/sergiu/git/lic/hls/workspace/nnet/headers/activations.h:13->nnet/solution1/nnet.cpp:35 on array 'output_V' [290]  (3.25 ns)

 <State 15>: 0ns
The critical path consists of the following:


============================================================
+ Verbose Summary: Binding
============================================================
N/A
* FSMD analyzer results:
  - Output states:
 - Input state : 
  - Chain level:
	State 1
	State 2
	State 3
	State 4
	State 5
	State 6
	State 7
	State 8
	State 9
	State 10
	State 11
	State 12
	State 13
	State 14
	State 15


============================================================
+ Verbose Summary: Datapath Resource usage 
============================================================
N/A
