

================================================================
== Vivado HLS Report for 'pool_layer2'
================================================================
* Date:           Fri May  4 18:50:01 2018

* Version:        2017.4.1 (Build 2117188 on Tue Jan 30 15:53:01 MST 2018)
* Project:        nnet
* Solution:       solution1
* Product family: zynq
* Target device:  xc7z020clg400-1


================================================================
== Performance Estimates
================================================================
+ Timing (ns): 
    * Summary: 
    +--------+-------+----------+------------+
    |  Clock | Target| Estimated| Uncertainty|
    +--------+-------+----------+------------+
    |ap_clk  |  10.00|      7.08|        1.25|
    +--------+-------+----------+------------+

+ Latency (clock cycles): 
    * Summary: 
    +------+------+------+------+---------+
    |   Latency   |   Interval  | Pipeline|
    |  min |  max |  min |  max |   Type  |
    +------+------+------+------+---------+
    |  2044|  2044|  2044|  2044|   none  |
    +------+------+------+------+---------+

    + Detail: 
        * Instance: 
        N/A

        * Loop: 
        +-------------------------+------+------+----------+-----------+-----------+------+----------+
        |                         |   Latency   | Iteration|  Initiation Interval  | Trip |          |
        |        Loop Name        |  min |  max |  Latency |  achieved |   target  | Count| Pipelined|
        +-------------------------+------+------+----------+-----------+-----------+------+----------+
        |- L_pool_layer2_label18  |  2042|  2042|        48|         21|         21|    96|    yes   |
        +-------------------------+------+------+----------+-----------+-----------+------+----------+

============================================================
+ Verbose Summary: Synthesis Manager
============================================================
InlineROM: 1
ExposeGlobal: 0
============================================================
+ Verbose Summary: CDFG Model
============================================================
IsTopModel: 0
ResetActiveHigh: 1
IsCombinational: 0
IsDatapathOnly: 0
HasWiredReturn: 1
HasMFsm: 0
HasVarLatency: 1
IsPipeline: 0
IsRtlPipelined: 0
IsInstanceOverlapped: 0
IsDontTouch: 0
HasImplIP: 0
IsGatedGlobalClock: 0

+ Individual pipeline summary: 
  * Pipeline-0: initiation interval (II) = 21, depth = 48


============================================================
+ Verbose Summary: Schedule
============================================================
* Number of FSM states : 50
* Pipeline : 1
  Pipeline-0 : II = 21, D = 48, States = { 2 3 4 5 6 7 8 9 10 11 12 13 14 15 16 17 18 19 20 21 22 23 24 25 26 27 28 29 30 31 32 33 34 35 36 37 38 39 40 41 42 43 44 45 46 47 48 49 }
* Dataflow Pipeline: 0

* FSM state transitions: 
1 --> 
	2  / true
2 --> 
	50  / (exitcond_flatten)
	3  / (!exitcond_flatten)
3 --> 
	4  / true
4 --> 
	5  / true
5 --> 
	6  / true
6 --> 
	7  / true
7 --> 
	8  / true
8 --> 
	9  / true
9 --> 
	10  / true
10 --> 
	11  / true
11 --> 
	12  / true
12 --> 
	13  / true
13 --> 
	14  / true
14 --> 
	15  / true
15 --> 
	16  / true
16 --> 
	17  / true
17 --> 
	18  / true
18 --> 
	19  / true
19 --> 
	20  / true
20 --> 
	21  / true
21 --> 
	22  / true
22 --> 
	23  / true
23 --> 
	24  / true
24 --> 
	25  / true
25 --> 
	26  / true
26 --> 
	27  / true
27 --> 
	28  / true
28 --> 
	29  / true
29 --> 
	30  / true
30 --> 
	31  / true
31 --> 
	32  / true
32 --> 
	33  / true
33 --> 
	34  / true
34 --> 
	35  / true
35 --> 
	36  / true
36 --> 
	37  / true
37 --> 
	38  / true
38 --> 
	39  / true
39 --> 
	40  / true
40 --> 
	41  / true
41 --> 
	42  / true
42 --> 
	43  / true
43 --> 
	44  / true
44 --> 
	45  / true
45 --> 
	46  / true
46 --> 
	47  / true
47 --> 
	48  / true
48 --> 
	49  / true
49 --> 
	2  / true
50 --> 

* FSM state operations: 

 <State 1> : 1.77ns
ST_1 : Operation 51 [1/1] (1.76ns)   --->   "br label %.preheader" [nnet/solution1/nnet.cpp:87]

 <State 2> : 7.02ns
ST_2 : Operation 52 [1/1] (0.00ns)   --->   "%indvar_flatten = phi i7 [ 0, %0 ], [ %indvar_flatten_next, %.preheader.preheader ]"
ST_2 : Operation 53 [1/1] (0.00ns)   --->   "%channel = phi i5 [ 0, %0 ], [ %tmp_1_mid2_v, %.preheader.preheader ]" [nnet/solution1/nnet.cpp:91]
ST_2 : Operation 54 [1/1] (0.00ns)   --->   "%i = phi i4 [ 0, %0 ], [ %i_1, %.preheader.preheader ]"
ST_2 : Operation 55 [1/1] (1.48ns)   --->   "%exitcond_flatten = icmp eq i7 %indvar_flatten, -32"   --->   Core 25 'Cmp' <Latency = 0> <II = 1> <Delay = 2.45> <FuncUnit> <Opcode : 'icmp'> <InPorts = 2> <OutPorts = 1>
ST_2 : Operation 56 [1/1] (1.87ns)   --->   "%indvar_flatten_next = add i7 %indvar_flatten, 1"   --->   Core 14 'AddSub' <Latency = 0> <II = 1> <Delay = 1.73> <FuncUnit> <Opcode : 'add' 'sub'> <InPorts = 2> <OutPorts = 1>
ST_2 : Operation 57 [1/1] (0.00ns)   --->   "br i1 %exitcond_flatten, label %1, label %.preheader.preheader"
ST_2 : Operation 58 [1/1] (1.78ns)   --->   "%channel_1 = add i5 1, %channel" [nnet/solution1/nnet.cpp:87]   --->   Core 14 'AddSub' <Latency = 0> <II = 1> <Delay = 1.73> <FuncUnit> <Opcode : 'add' 'sub'> <InPorts = 2> <OutPorts = 1>
ST_2 : Operation 59 [1/1] (1.30ns)   --->   "%tmp_s = icmp ult i4 %i, -4" [nnet/solution1/nnet.cpp:88]   --->   Core 25 'Cmp' <Latency = 0> <II = 1> <Delay = 2.45> <FuncUnit> <Opcode : 'icmp'> <InPorts = 2> <OutPorts = 1>
ST_2 : Operation 60 [1/1] (1.37ns)   --->   "%i_mid2 = select i1 %tmp_s, i4 %i, i4 0" [nnet/solution1/nnet.cpp:88]   --->   Core 26 'Sel' <Latency = 0> <II = 1> <Delay = 1.37> <FuncUnit> <Opcode : 'select'> <InPorts = 3> <OutPorts = 1>
ST_2 : Operation 61 [1/1] (1.37ns)   --->   "%tmp_1_mid2_v = select i1 %tmp_s, i5 %channel, i5 %channel_1" [nnet/solution1/nnet.cpp:91]   --->   Core 26 'Sel' <Latency = 0> <II = 1> <Delay = 1.37> <FuncUnit> <Opcode : 'select'> <InPorts = 3> <OutPorts = 1>
ST_2 : Operation 62 [1/1] (0.00ns)   --->   "%tmp_3_cast = zext i4 %i_mid2 to i12" [nnet/solution1/nnet.cpp:91]
ST_2 : Operation 63 [1/1] (4.35ns)   --->   "%tmp_1 = mul i12 208, %tmp_3_cast" [nnet/solution1/nnet.cpp:91]   --->   Core 16 'Mul' <Latency = 0> <II = 1> <Delay = 4.35> <FuncUnit> <Opcode : 'mul'> <InPorts = 2> <OutPorts = 1>
ST_2 : Operation 64 [1/1] (0.00ns)   --->   "%tmp_25 = call i3 @_ssdm_op_PartSelect.i3.i4.i32.i32(i4 %i_mid2, i32 1, i32 3)" [nnet/solution1/nnet.cpp:88]
ST_2 : Operation 65 [1/1] (0.00ns)   --->   "%tmp_9_0_s = or i4 %i_mid2, 1" [nnet/solution1/nnet.cpp:94]
ST_2 : Operation 66 [1/1] (0.00ns)   --->   "%tmp_10_0_1_cast = zext i4 %tmp_9_0_s to i12" [nnet/solution1/nnet.cpp:94]
ST_2 : Operation 67 [1/1] (4.35ns)   --->   "%tmp_52 = mul i12 208, %tmp_10_0_1_cast" [nnet/solution1/nnet.cpp:94]   --->   Core 16 'Mul' <Latency = 0> <II = 1> <Delay = 4.35> <FuncUnit> <Opcode : 'mul'> <InPorts = 2> <OutPorts = 1>

 <State 3> : 0.00ns

 <State 4> : 0.00ns

 <State 5> : 0.00ns

 <State 6> : 0.00ns

 <State 7> : 0.00ns

 <State 8> : 0.00ns

 <State 9> : 0.00ns

 <State 10> : 0.00ns

 <State 11> : 0.00ns

 <State 12> : 0.00ns

 <State 13> : 0.00ns

 <State 14> : 0.00ns

 <State 15> : 5.25ns
ST_15 : Operation 68 [1/1] (0.00ns)   --->   "%tmp_1_mid2_cast = zext i5 %tmp_1_mid2_v to i12" [nnet/solution1/nnet.cpp:89]
ST_15 : Operation 69 [1/1] (1.99ns)   --->   "%tmp_4 = add i12 %tmp_1_mid2_cast, %tmp_1" [nnet/solution1/nnet.cpp:91]   --->   Core 14 'AddSub' <Latency = 0> <II = 1> <Delay = 1.73> <FuncUnit> <Opcode : 'add' 'sub'> <InPorts = 2> <OutPorts = 1>
ST_15 : Operation 70 [1/1] (0.00ns)   --->   "%tmp_4_cast = zext i12 %tmp_4 to i64" [nnet/solution1/nnet.cpp:91]
ST_15 : Operation 71 [1/1] (0.00ns)   --->   "%image_V_addr = getelementptr [2704 x i24]* %image_V, i64 0, i64 %tmp_4_cast" [nnet/solution1/nnet.cpp:91]
ST_15 : Operation 72 [2/2] (3.25ns)   --->   "%image_V_load = load i24* %image_V_addr, align 4" [nnet/solution1/nnet.cpp:91]   --->   Core 37 'RAM' <Latency = 1> <II = 1> <Delay = 3.25> <Storage> <Opcode : 'load' 'store'> <Ports = 2> <Width = 24> <Depth = 576> <RAM>

 <State 16> : 7.04ns
ST_16 : Operation 73 [1/1] (0.00ns) (grouped into TernaryAdder)   --->   "%tmp_5 = add i12 16, %tmp_1" [nnet/solution1/nnet.cpp:94]   --->   Core 80 'TAddSub' <Latency = 0> <II = 1> <Delay = 1.89> <IPBlock> <Opcode : 'add' 'sub'> <InPorts = 3> <OutPorts = 1> <Sync> <CReg>
ST_16 : Operation 74 [1/1] (3.78ns) (root node of TernaryAdder)   --->   "%tmp_6 = add i12 %tmp_1_mid2_cast, %tmp_5" [nnet/solution1/nnet.cpp:94]   --->   Core 80 'TAddSub' <Latency = 0> <II = 1> <Delay = 1.89> <IPBlock> <Opcode : 'add' 'sub'> <InPorts = 3> <OutPorts = 1> <Sync> <CReg>
ST_16 : Operation 75 [1/1] (0.00ns)   --->   "%tmp_6_cast = zext i12 %tmp_6 to i64" [nnet/solution1/nnet.cpp:94]
ST_16 : Operation 76 [1/1] (0.00ns)   --->   "%image_V_addr_1 = getelementptr [2704 x i24]* %image_V, i64 0, i64 %tmp_6_cast" [nnet/solution1/nnet.cpp:94]
ST_16 : Operation 77 [1/2] (3.25ns)   --->   "%image_V_load = load i24* %image_V_addr, align 4" [nnet/solution1/nnet.cpp:91]   --->   Core 37 'RAM' <Latency = 1> <II = 1> <Delay = 3.25> <Storage> <Opcode : 'load' 'store'> <Ports = 2> <Width = 24> <Depth = 576> <RAM>
ST_16 : Operation 78 [2/2] (3.25ns)   --->   "%image_V_load_1 = load i24* %image_V_addr_1, align 4" [nnet/solution1/nnet.cpp:94]   --->   Core 37 'RAM' <Latency = 1> <II = 1> <Delay = 3.25> <Storage> <Opcode : 'load' 'store'> <Ports = 2> <Width = 24> <Depth = 576> <RAM>

 <State 17> : 7.08ns
ST_17 : Operation 79 [1/1] (0.00ns) (grouped into TernaryAdder)   --->   "%tmp_7 = add i12 32, %tmp_1" [nnet/solution1/nnet.cpp:91]   --->   Core 80 'TAddSub' <Latency = 0> <II = 1> <Delay = 1.89> <IPBlock> <Opcode : 'add' 'sub'> <InPorts = 3> <OutPorts = 1> <Sync> <CReg>
ST_17 : Operation 80 [1/1] (3.78ns) (root node of TernaryAdder)   --->   "%tmp_8 = add i12 %tmp_1_mid2_cast, %tmp_7" [nnet/solution1/nnet.cpp:91]   --->   Core 80 'TAddSub' <Latency = 0> <II = 1> <Delay = 1.89> <IPBlock> <Opcode : 'add' 'sub'> <InPorts = 3> <OutPorts = 1> <Sync> <CReg>
ST_17 : Operation 81 [1/1] (0.00ns)   --->   "%tmp_8_cast = zext i12 %tmp_8 to i64" [nnet/solution1/nnet.cpp:91]
ST_17 : Operation 82 [1/1] (0.00ns)   --->   "%image_V_addr_4 = getelementptr [2704 x i24]* %image_V, i64 0, i64 %tmp_8_cast" [nnet/solution1/nnet.cpp:91]
ST_17 : Operation 83 [1/2] (3.25ns)   --->   "%image_V_load_1 = load i24* %image_V_addr_1, align 4" [nnet/solution1/nnet.cpp:94]   --->   Core 37 'RAM' <Latency = 1> <II = 1> <Delay = 3.25> <Storage> <Opcode : 'load' 'store'> <Ports = 2> <Width = 24> <Depth = 576> <RAM>
ST_17 : Operation 84 [1/1] (2.45ns)   --->   "%tmp_13_0_0_1 = icmp sgt i24 %image_V_load_1, %image_V_load" [nnet/solution1/nnet.cpp:94]   --->   Core 25 'Cmp' <Latency = 0> <II = 1> <Delay = 2.45> <FuncUnit> <Opcode : 'icmp'> <InPorts = 2> <OutPorts = 1>
ST_17 : Operation 85 [1/1] (1.37ns)   --->   "%image_V_load_max_V_1 = select i1 %tmp_13_0_0_1, i12 %tmp_6, i12 %tmp_4" [nnet/solution1/nnet.cpp:94]   --->   Core 26 'Sel' <Latency = 0> <II = 1> <Delay = 1.37> <FuncUnit> <Opcode : 'select'> <InPorts = 3> <OutPorts = 1>
ST_17 : Operation 86 [2/2] (3.25ns)   --->   "%image_V_load_4 = load i24* %image_V_addr_4, align 4" [nnet/solution1/nnet.cpp:91]   --->   Core 37 'RAM' <Latency = 1> <II = 1> <Delay = 3.25> <Storage> <Opcode : 'load' 'store'> <Ports = 2> <Width = 24> <Depth = 576> <RAM>

 <State 18> : 7.04ns
ST_18 : Operation 87 [1/1] (0.00ns) (grouped into TernaryAdder)   --->   "%tmp_9 = add i12 48, %tmp_1" [nnet/solution1/nnet.cpp:94]   --->   Core 80 'TAddSub' <Latency = 0> <II = 1> <Delay = 1.89> <IPBlock> <Opcode : 'add' 'sub'> <InPorts = 3> <OutPorts = 1> <Sync> <CReg>
ST_18 : Operation 88 [1/1] (3.78ns) (root node of TernaryAdder)   --->   "%tmp_2 = add i12 %tmp_1_mid2_cast, %tmp_9" [nnet/solution1/nnet.cpp:94]   --->   Core 80 'TAddSub' <Latency = 0> <II = 1> <Delay = 1.89> <IPBlock> <Opcode : 'add' 'sub'> <InPorts = 3> <OutPorts = 1> <Sync> <CReg>
ST_18 : Operation 89 [1/1] (0.00ns)   --->   "%tmp_10_cast = zext i12 %tmp_2 to i64" [nnet/solution1/nnet.cpp:94]
ST_18 : Operation 90 [1/1] (0.00ns)   --->   "%image_V_addr_5 = getelementptr [2704 x i24]* %image_V, i64 0, i64 %tmp_10_cast" [nnet/solution1/nnet.cpp:94]
ST_18 : Operation 91 [1/1] (1.99ns)   --->   "%tmp_53 = add i12 %tmp_1_mid2_cast, %tmp_52" [nnet/solution1/nnet.cpp:94]   --->   Core 14 'AddSub' <Latency = 0> <II = 1> <Delay = 1.73> <FuncUnit> <Opcode : 'add' 'sub'> <InPorts = 2> <OutPorts = 1>
ST_18 : Operation 92 [1/1] (0.00ns)   --->   "%tmp_53_cast = zext i12 %tmp_53 to i64" [nnet/solution1/nnet.cpp:94]
ST_18 : Operation 93 [1/1] (0.00ns)   --->   "%image_V_addr_2 = getelementptr [2704 x i24]* %image_V, i64 0, i64 %tmp_53_cast" [nnet/solution1/nnet.cpp:94]
ST_18 : Operation 94 [2/2] (3.25ns)   --->   "%image_V_load_2 = load i24* %image_V_addr_2, align 4" [nnet/solution1/nnet.cpp:94]   --->   Core 37 'RAM' <Latency = 1> <II = 1> <Delay = 3.25> <Storage> <Opcode : 'load' 'store'> <Ports = 2> <Width = 24> <Depth = 576> <RAM>
ST_18 : Operation 95 [1/2] (3.25ns)   --->   "%image_V_load_4 = load i24* %image_V_addr_4, align 4" [nnet/solution1/nnet.cpp:91]   --->   Core 37 'RAM' <Latency = 1> <II = 1> <Delay = 3.25> <Storage> <Opcode : 'load' 'store'> <Ports = 2> <Width = 24> <Depth = 576> <RAM>
ST_18 : Operation 96 [2/2] (3.25ns)   --->   "%image_V_load_5 = load i24* %image_V_addr_5, align 4" [nnet/solution1/nnet.cpp:94]   --->   Core 37 'RAM' <Latency = 1> <II = 1> <Delay = 3.25> <Storage> <Opcode : 'load' 'store'> <Ports = 2> <Width = 24> <Depth = 576> <RAM>

 <State 19> : 7.08ns
ST_19 : Operation 97 [1/1] (0.00ns)   --->   "%image_V_load_max_V_1_17 = zext i12 %image_V_load_max_V_1 to i64" [nnet/solution1/nnet.cpp:94]
ST_19 : Operation 98 [1/1] (0.00ns)   --->   "%image_V_addr_24 = getelementptr [2704 x i24]* %image_V, i64 0, i64 %image_V_load_max_V_1_17" [nnet/solution1/nnet.cpp:94]
ST_19 : Operation 99 [2/2] (3.25ns)   --->   "%image_V_load_24 = load i24* %image_V_addr_24, align 4" [nnet/solution1/nnet.cpp:94]   --->   Core 37 'RAM' <Latency = 1> <II = 1> <Delay = 3.25> <Storage> <Opcode : 'load' 'store'> <Ports = 2> <Width = 24> <Depth = 576> <RAM>
ST_19 : Operation 100 [1/2] (3.25ns)   --->   "%image_V_load_2 = load i24* %image_V_addr_2, align 4" [nnet/solution1/nnet.cpp:94]   --->   Core 37 'RAM' <Latency = 1> <II = 1> <Delay = 3.25> <Storage> <Opcode : 'load' 'store'> <Ports = 2> <Width = 24> <Depth = 576> <RAM>
ST_19 : Operation 101 [1/2] (3.25ns)   --->   "%image_V_load_5 = load i24* %image_V_addr_5, align 4" [nnet/solution1/nnet.cpp:94]   --->   Core 37 'RAM' <Latency = 1> <II = 1> <Delay = 3.25> <Storage> <Opcode : 'load' 'store'> <Ports = 2> <Width = 24> <Depth = 576> <RAM>
ST_19 : Operation 102 [1/1] (2.45ns)   --->   "%tmp_13_1_0_1 = icmp sgt i24 %image_V_load_5, %image_V_load_4" [nnet/solution1/nnet.cpp:94]   --->   Core 25 'Cmp' <Latency = 0> <II = 1> <Delay = 2.45> <FuncUnit> <Opcode : 'icmp'> <InPorts = 2> <OutPorts = 1>
ST_19 : Operation 103 [1/1] (1.37ns)   --->   "%image_V_load_max_V_1_3 = select i1 %tmp_13_1_0_1, i12 %tmp_2, i12 %tmp_8" [nnet/solution1/nnet.cpp:94]   --->   Core 26 'Sel' <Latency = 0> <II = 1> <Delay = 1.37> <FuncUnit> <Opcode : 'select'> <InPorts = 3> <OutPorts = 1>

 <State 20> : 7.08ns
ST_20 : Operation 104 [1/2] (3.25ns)   --->   "%image_V_load_24 = load i24* %image_V_addr_24, align 4" [nnet/solution1/nnet.cpp:94]   --->   Core 37 'RAM' <Latency = 1> <II = 1> <Delay = 3.25> <Storage> <Opcode : 'load' 'store'> <Ports = 2> <Width = 24> <Depth = 576> <RAM>
ST_20 : Operation 105 [1/1] (0.00ns) (grouped into TernaryAdder)   --->   "%tmp_56 = add i12 32, %tmp_52" [nnet/solution1/nnet.cpp:94]   --->   Core 80 'TAddSub' <Latency = 0> <II = 1> <Delay = 1.89> <IPBlock> <Opcode : 'add' 'sub'> <InPorts = 3> <OutPorts = 1> <Sync> <CReg>
ST_20 : Operation 106 [1/1] (3.78ns) (root node of TernaryAdder)   --->   "%tmp_57 = add i12 %tmp_1_mid2_cast, %tmp_56" [nnet/solution1/nnet.cpp:94]   --->   Core 80 'TAddSub' <Latency = 0> <II = 1> <Delay = 1.89> <IPBlock> <Opcode : 'add' 'sub'> <InPorts = 3> <OutPorts = 1> <Sync> <CReg>
ST_20 : Operation 107 [1/1] (0.00ns)   --->   "%tmp_57_cast = zext i12 %tmp_57 to i64" [nnet/solution1/nnet.cpp:94]
ST_20 : Operation 108 [1/1] (0.00ns)   --->   "%image_V_addr_6 = getelementptr [2704 x i24]* %image_V, i64 0, i64 %tmp_57_cast" [nnet/solution1/nnet.cpp:94]
ST_20 : Operation 109 [1/1] (2.45ns)   --->   "%tmp_13_0_1 = icmp sgt i24 %image_V_load_2, %image_V_load_24" [nnet/solution1/nnet.cpp:94]   --->   Core 25 'Cmp' <Latency = 0> <II = 1> <Delay = 2.45> <FuncUnit> <Opcode : 'icmp'> <InPorts = 2> <OutPorts = 1>
ST_20 : Operation 110 [1/1] (1.37ns)   --->   "%image_V_load_max_V_1_1 = select i1 %tmp_13_0_1, i12 %tmp_53, i12 %image_V_load_max_V_1" [nnet/solution1/nnet.cpp:94]   --->   Core 26 'Sel' <Latency = 0> <II = 1> <Delay = 1.37> <FuncUnit> <Opcode : 'select'> <InPorts = 3> <OutPorts = 1>
ST_20 : Operation 111 [1/1] (0.00ns)   --->   "%image_V_load_max_V_1_20 = zext i12 %image_V_load_max_V_1_3 to i64" [nnet/solution1/nnet.cpp:94]
ST_20 : Operation 112 [1/1] (0.00ns)   --->   "%image_V_addr_27 = getelementptr [2704 x i24]* %image_V, i64 0, i64 %image_V_load_max_V_1_20" [nnet/solution1/nnet.cpp:94]
ST_20 : Operation 113 [2/2] (3.25ns)   --->   "%image_V_load_27 = load i24* %image_V_addr_27, align 4" [nnet/solution1/nnet.cpp:94]   --->   Core 37 'RAM' <Latency = 1> <II = 1> <Delay = 3.25> <Storage> <Opcode : 'load' 'store'> <Ports = 2> <Width = 24> <Depth = 576> <RAM>
ST_20 : Operation 114 [2/2] (3.25ns)   --->   "%image_V_load_6 = load i24* %image_V_addr_6, align 4" [nnet/solution1/nnet.cpp:94]   --->   Core 37 'RAM' <Latency = 1> <II = 1> <Delay = 3.25> <Storage> <Opcode : 'load' 'store'> <Ports = 2> <Width = 24> <Depth = 576> <RAM>

 <State 21> : 7.08ns
ST_21 : Operation 115 [1/1] (0.00ns) (grouped into TernaryAdder)   --->   "%tmp_54 = add i12 16, %tmp_52" [nnet/solution1/nnet.cpp:94]   --->   Core 80 'TAddSub' <Latency = 0> <II = 1> <Delay = 1.89> <IPBlock> <Opcode : 'add' 'sub'> <InPorts = 3> <OutPorts = 1> <Sync> <CReg>
ST_21 : Operation 116 [1/1] (3.78ns) (root node of TernaryAdder)   --->   "%tmp_55 = add i12 %tmp_1_mid2_cast, %tmp_54" [nnet/solution1/nnet.cpp:94]   --->   Core 80 'TAddSub' <Latency = 0> <II = 1> <Delay = 1.89> <IPBlock> <Opcode : 'add' 'sub'> <InPorts = 3> <OutPorts = 1> <Sync> <CReg>
ST_21 : Operation 117 [1/1] (0.00ns)   --->   "%tmp_55_cast = zext i12 %tmp_55 to i64" [nnet/solution1/nnet.cpp:94]
ST_21 : Operation 118 [1/1] (0.00ns)   --->   "%image_V_addr_3 = getelementptr [2704 x i24]* %image_V, i64 0, i64 %tmp_55_cast" [nnet/solution1/nnet.cpp:94]
ST_21 : Operation 119 [1/1] (0.00ns)   --->   "%image_V_load_max_V_1_18 = zext i12 %image_V_load_max_V_1_1 to i64" [nnet/solution1/nnet.cpp:94]
ST_21 : Operation 120 [1/1] (0.00ns)   --->   "%image_V_addr_25 = getelementptr [2704 x i24]* %image_V, i64 0, i64 %image_V_load_max_V_1_18" [nnet/solution1/nnet.cpp:94]
ST_21 : Operation 121 [2/2] (3.25ns)   --->   "%image_V_load_25 = load i24* %image_V_addr_25, align 4" [nnet/solution1/nnet.cpp:94]   --->   Core 37 'RAM' <Latency = 1> <II = 1> <Delay = 3.25> <Storage> <Opcode : 'load' 'store'> <Ports = 2> <Width = 24> <Depth = 576> <RAM>
ST_21 : Operation 122 [2/2] (3.25ns)   --->   "%image_V_load_3 = load i24* %image_V_addr_3, align 4" [nnet/solution1/nnet.cpp:94]   --->   Core 37 'RAM' <Latency = 1> <II = 1> <Delay = 3.25> <Storage> <Opcode : 'load' 'store'> <Ports = 2> <Width = 24> <Depth = 576> <RAM>
ST_21 : Operation 123 [1/2] (3.25ns)   --->   "%image_V_load_27 = load i24* %image_V_addr_27, align 4" [nnet/solution1/nnet.cpp:94]   --->   Core 37 'RAM' <Latency = 1> <II = 1> <Delay = 3.25> <Storage> <Opcode : 'load' 'store'> <Ports = 2> <Width = 24> <Depth = 576> <RAM>
ST_21 : Operation 124 [1/2] (3.25ns)   --->   "%image_V_load_6 = load i24* %image_V_addr_6, align 4" [nnet/solution1/nnet.cpp:94]   --->   Core 37 'RAM' <Latency = 1> <II = 1> <Delay = 3.25> <Storage> <Opcode : 'load' 'store'> <Ports = 2> <Width = 24> <Depth = 576> <RAM>
ST_21 : Operation 125 [1/1] (2.45ns)   --->   "%tmp_13_1_1 = icmp sgt i24 %image_V_load_6, %image_V_load_27" [nnet/solution1/nnet.cpp:94]   --->   Core 25 'Cmp' <Latency = 0> <II = 1> <Delay = 2.45> <FuncUnit> <Opcode : 'icmp'> <InPorts = 2> <OutPorts = 1>
ST_21 : Operation 126 [1/1] (1.37ns)   --->   "%image_V_load_max_V_1_4 = select i1 %tmp_13_1_1, i12 %tmp_57, i12 %image_V_load_max_V_1_3" [nnet/solution1/nnet.cpp:94]   --->   Core 26 'Sel' <Latency = 0> <II = 1> <Delay = 1.37> <FuncUnit> <Opcode : 'select'> <InPorts = 3> <OutPorts = 1>

 <State 22> : 7.08ns
ST_22 : Operation 127 [1/1] (0.00ns) (grouped into TernaryAdder)   --->   "%tmp_58 = add i12 48, %tmp_52" [nnet/solution1/nnet.cpp:94]   --->   Core 80 'TAddSub' <Latency = 0> <II = 1> <Delay = 1.89> <IPBlock> <Opcode : 'add' 'sub'> <InPorts = 3> <OutPorts = 1> <Sync> <CReg>
ST_22 : Operation 128 [1/1] (3.78ns) (root node of TernaryAdder)   --->   "%tmp_59 = add i12 %tmp_1_mid2_cast, %tmp_58" [nnet/solution1/nnet.cpp:94]   --->   Core 80 'TAddSub' <Latency = 0> <II = 1> <Delay = 1.89> <IPBlock> <Opcode : 'add' 'sub'> <InPorts = 3> <OutPorts = 1> <Sync> <CReg>
ST_22 : Operation 129 [1/1] (0.00ns)   --->   "%tmp_59_cast = zext i12 %tmp_59 to i64" [nnet/solution1/nnet.cpp:94]
ST_22 : Operation 130 [1/1] (0.00ns)   --->   "%image_V_addr_7 = getelementptr [2704 x i24]* %image_V, i64 0, i64 %tmp_59_cast" [nnet/solution1/nnet.cpp:94]
ST_22 : Operation 131 [1/2] (3.25ns)   --->   "%image_V_load_25 = load i24* %image_V_addr_25, align 4" [nnet/solution1/nnet.cpp:94]   --->   Core 37 'RAM' <Latency = 1> <II = 1> <Delay = 3.25> <Storage> <Opcode : 'load' 'store'> <Ports = 2> <Width = 24> <Depth = 576> <RAM>
ST_22 : Operation 132 [1/2] (3.25ns)   --->   "%image_V_load_3 = load i24* %image_V_addr_3, align 4" [nnet/solution1/nnet.cpp:94]   --->   Core 37 'RAM' <Latency = 1> <II = 1> <Delay = 3.25> <Storage> <Opcode : 'load' 'store'> <Ports = 2> <Width = 24> <Depth = 576> <RAM>
ST_22 : Operation 133 [1/1] (2.45ns)   --->   "%tmp_13_0_1_1 = icmp sgt i24 %image_V_load_3, %image_V_load_25" [nnet/solution1/nnet.cpp:94]   --->   Core 25 'Cmp' <Latency = 0> <II = 1> <Delay = 2.45> <FuncUnit> <Opcode : 'icmp'> <InPorts = 2> <OutPorts = 1>
ST_22 : Operation 134 [1/1] (1.37ns)   --->   "%image_V_load_max_V_1_2 = select i1 %tmp_13_0_1_1, i12 %tmp_55, i12 %image_V_load_max_V_1_1" [nnet/solution1/nnet.cpp:94]   --->   Core 26 'Sel' <Latency = 0> <II = 1> <Delay = 1.37> <FuncUnit> <Opcode : 'select'> <InPorts = 3> <OutPorts = 1>
ST_22 : Operation 135 [1/1] (0.00ns)   --->   "%image_V_load_max_V_1_21 = zext i12 %image_V_load_max_V_1_4 to i64" [nnet/solution1/nnet.cpp:94]
ST_22 : Operation 136 [1/1] (0.00ns)   --->   "%image_V_addr_28 = getelementptr [2704 x i24]* %image_V, i64 0, i64 %image_V_load_max_V_1_21" [nnet/solution1/nnet.cpp:94]
ST_22 : Operation 137 [2/2] (3.25ns)   --->   "%image_V_load_28 = load i24* %image_V_addr_28, align 4" [nnet/solution1/nnet.cpp:94]   --->   Core 37 'RAM' <Latency = 1> <II = 1> <Delay = 3.25> <Storage> <Opcode : 'load' 'store'> <Ports = 2> <Width = 24> <Depth = 576> <RAM>
ST_22 : Operation 138 [2/2] (3.25ns)   --->   "%image_V_load_7 = load i24* %image_V_addr_7, align 4" [nnet/solution1/nnet.cpp:94]   --->   Core 37 'RAM' <Latency = 1> <II = 1> <Delay = 3.25> <Storage> <Opcode : 'load' 'store'> <Ports = 2> <Width = 24> <Depth = 576> <RAM>
ST_22 : Operation 139 [1/1] (1.73ns)   --->   "%i_1 = add i4 2, %i_mid2" [nnet/solution1/nnet.cpp:88]   --->   Core 14 'AddSub' <Latency = 0> <II = 1> <Delay = 1.73> <FuncUnit> <Opcode : 'add' 'sub'> <InPorts = 2> <OutPorts = 1>

 <State 23> : 7.08ns
ST_23 : Operation 140 [1/1] (0.00ns)   --->   "%image_V_load_max_V_1_19 = zext i12 %image_V_load_max_V_1_2 to i64" [nnet/solution1/nnet.cpp:94]
ST_23 : Operation 141 [1/1] (0.00ns)   --->   "%image_V_addr_26 = getelementptr [2704 x i24]* %image_V, i64 0, i64 %image_V_load_max_V_1_19" [nnet/solution1/nnet.cpp:94]
ST_23 : Operation 142 [2/2] (3.25ns)   --->   "%image_V_load_26 = load i24* %image_V_addr_26, align 4" [nnet/solution1/nnet.cpp:94]   --->   Core 37 'RAM' <Latency = 1> <II = 1> <Delay = 3.25> <Storage> <Opcode : 'load' 'store'> <Ports = 2> <Width = 24> <Depth = 576> <RAM>
ST_23 : Operation 143 [1/2] (3.25ns)   --->   "%image_V_load_28 = load i24* %image_V_addr_28, align 4" [nnet/solution1/nnet.cpp:94]   --->   Core 37 'RAM' <Latency = 1> <II = 1> <Delay = 3.25> <Storage> <Opcode : 'load' 'store'> <Ports = 2> <Width = 24> <Depth = 576> <RAM>
ST_23 : Operation 144 [1/2] (3.25ns)   --->   "%image_V_load_7 = load i24* %image_V_addr_7, align 4" [nnet/solution1/nnet.cpp:94]   --->   Core 37 'RAM' <Latency = 1> <II = 1> <Delay = 3.25> <Storage> <Opcode : 'load' 'store'> <Ports = 2> <Width = 24> <Depth = 576> <RAM>
ST_23 : Operation 145 [1/1] (2.45ns)   --->   "%tmp_13_1_1_1 = icmp sgt i24 %image_V_load_7, %image_V_load_28" [nnet/solution1/nnet.cpp:94]   --->   Core 25 'Cmp' <Latency = 0> <II = 1> <Delay = 2.45> <FuncUnit> <Opcode : 'icmp'> <InPorts = 2> <OutPorts = 1>
ST_23 : Operation 146 [1/1] (1.37ns)   --->   "%image_V_load_max_V_1_5 = select i1 %tmp_13_1_1_1, i12 %tmp_59, i12 %image_V_load_max_V_1_4" [nnet/solution1/nnet.cpp:94]   --->   Core 26 'Sel' <Latency = 0> <II = 1> <Delay = 1.37> <FuncUnit> <Opcode : 'select'> <InPorts = 3> <OutPorts = 1>

 <State 24> : 7.04ns
ST_24 : Operation 147 [1/1] (0.00ns) (grouped into TernaryAdder)   --->   "%tmp_3 = add i12 64, %tmp_1" [nnet/solution1/nnet.cpp:91]   --->   Core 80 'TAddSub' <Latency = 0> <II = 1> <Delay = 1.89> <IPBlock> <Opcode : 'add' 'sub'> <InPorts = 3> <OutPorts = 1> <Sync> <CReg>
ST_24 : Operation 148 [1/1] (3.78ns) (root node of TernaryAdder)   --->   "%tmp_10 = add i12 %tmp_1_mid2_cast, %tmp_3" [nnet/solution1/nnet.cpp:91]   --->   Core 80 'TAddSub' <Latency = 0> <II = 1> <Delay = 1.89> <IPBlock> <Opcode : 'add' 'sub'> <InPorts = 3> <OutPorts = 1> <Sync> <CReg>
ST_24 : Operation 149 [1/1] (0.00ns)   --->   "%tmp_12_cast = zext i12 %tmp_10 to i64" [nnet/solution1/nnet.cpp:91]
ST_24 : Operation 150 [1/1] (0.00ns)   --->   "%image_V_addr_8 = getelementptr [2704 x i24]* %image_V, i64 0, i64 %tmp_12_cast" [nnet/solution1/nnet.cpp:91]
ST_24 : Operation 151 [1/1] (0.00ns) (grouped into TernaryAdder)   --->   "%tmp_64 = add i12 96, %tmp_52" [nnet/solution1/nnet.cpp:94]   --->   Core 80 'TAddSub' <Latency = 0> <II = 1> <Delay = 1.89> <IPBlock> <Opcode : 'add' 'sub'> <InPorts = 3> <OutPorts = 1> <Sync> <CReg>
ST_24 : Operation 152 [1/1] (3.78ns) (root node of TernaryAdder)   --->   "%tmp_65 = add i12 %tmp_1_mid2_cast, %tmp_64" [nnet/solution1/nnet.cpp:94]   --->   Core 80 'TAddSub' <Latency = 0> <II = 1> <Delay = 1.89> <IPBlock> <Opcode : 'add' 'sub'> <InPorts = 3> <OutPorts = 1> <Sync> <CReg>
ST_24 : Operation 153 [1/1] (0.00ns)   --->   "%tmp_65_cast = zext i12 %tmp_65 to i64" [nnet/solution1/nnet.cpp:94]
ST_24 : Operation 154 [1/1] (0.00ns)   --->   "%image_V_addr_14 = getelementptr [2704 x i24]* %image_V, i64 0, i64 %tmp_65_cast" [nnet/solution1/nnet.cpp:94]
ST_24 : Operation 155 [1/2] (3.25ns)   --->   "%image_V_load_26 = load i24* %image_V_addr_26, align 4" [nnet/solution1/nnet.cpp:94]   --->   Core 37 'RAM' <Latency = 1> <II = 1> <Delay = 3.25> <Storage> <Opcode : 'load' 'store'> <Ports = 2> <Width = 24> <Depth = 576> <RAM>
ST_24 : Operation 156 [2/2] (3.25ns)   --->   "%image_V_load_8 = load i24* %image_V_addr_8, align 4" [nnet/solution1/nnet.cpp:91]   --->   Core 37 'RAM' <Latency = 1> <II = 1> <Delay = 3.25> <Storage> <Opcode : 'load' 'store'> <Ports = 2> <Width = 24> <Depth = 576> <RAM>
ST_24 : Operation 157 [2/2] (3.25ns)   --->   "%image_V_load_14 = load i24* %image_V_addr_14, align 4" [nnet/solution1/nnet.cpp:94]   --->   Core 37 'RAM' <Latency = 1> <II = 1> <Delay = 3.25> <Storage> <Opcode : 'load' 'store'> <Ports = 2> <Width = 24> <Depth = 576> <RAM>

 <State 25> : 7.04ns
ST_25 : Operation 158 [1/1] (0.00ns) (grouped into TernaryAdder)   --->   "%tmp_11 = add i12 80, %tmp_1" [nnet/solution1/nnet.cpp:94]   --->   Core 80 'TAddSub' <Latency = 0> <II = 1> <Delay = 1.89> <IPBlock> <Opcode : 'add' 'sub'> <InPorts = 3> <OutPorts = 1> <Sync> <CReg>
ST_25 : Operation 159 [1/1] (3.78ns) (root node of TernaryAdder)   --->   "%tmp_12 = add i12 %tmp_1_mid2_cast, %tmp_11" [nnet/solution1/nnet.cpp:94]   --->   Core 80 'TAddSub' <Latency = 0> <II = 1> <Delay = 1.89> <IPBlock> <Opcode : 'add' 'sub'> <InPorts = 3> <OutPorts = 1> <Sync> <CReg>
ST_25 : Operation 160 [1/1] (0.00ns)   --->   "%tmp_14_cast = zext i12 %tmp_12 to i64" [nnet/solution1/nnet.cpp:94]
ST_25 : Operation 161 [1/1] (0.00ns)   --->   "%image_V_addr_9 = getelementptr [2704 x i24]* %image_V, i64 0, i64 %tmp_14_cast" [nnet/solution1/nnet.cpp:94]
ST_25 : Operation 162 [1/1] (0.00ns) (grouped into TernaryAdder)   --->   "%tmp_62 = add i12 80, %tmp_52" [nnet/solution1/nnet.cpp:94]   --->   Core 80 'TAddSub' <Latency = 0> <II = 1> <Delay = 1.89> <IPBlock> <Opcode : 'add' 'sub'> <InPorts = 3> <OutPorts = 1> <Sync> <CReg>
ST_25 : Operation 163 [1/1] (3.78ns) (root node of TernaryAdder)   --->   "%tmp_63 = add i12 %tmp_1_mid2_cast, %tmp_62" [nnet/solution1/nnet.cpp:94]   --->   Core 80 'TAddSub' <Latency = 0> <II = 1> <Delay = 1.89> <IPBlock> <Opcode : 'add' 'sub'> <InPorts = 3> <OutPorts = 1> <Sync> <CReg>
ST_25 : Operation 164 [1/1] (0.00ns)   --->   "%tmp_63_cast = zext i12 %tmp_63 to i64" [nnet/solution1/nnet.cpp:94]
ST_25 : Operation 165 [1/1] (0.00ns)   --->   "%image_V_addr_11 = getelementptr [2704 x i24]* %image_V, i64 0, i64 %tmp_63_cast" [nnet/solution1/nnet.cpp:94]
ST_25 : Operation 166 [1/2] (3.25ns)   --->   "%image_V_load_8 = load i24* %image_V_addr_8, align 4" [nnet/solution1/nnet.cpp:91]   --->   Core 37 'RAM' <Latency = 1> <II = 1> <Delay = 3.25> <Storage> <Opcode : 'load' 'store'> <Ports = 2> <Width = 24> <Depth = 576> <RAM>
ST_25 : Operation 167 [2/2] (3.25ns)   --->   "%image_V_load_9 = load i24* %image_V_addr_9, align 4" [nnet/solution1/nnet.cpp:94]   --->   Core 37 'RAM' <Latency = 1> <II = 1> <Delay = 3.25> <Storage> <Opcode : 'load' 'store'> <Ports = 2> <Width = 24> <Depth = 576> <RAM>
ST_25 : Operation 168 [2/2] (3.25ns)   --->   "%image_V_load_11 = load i24* %image_V_addr_11, align 4" [nnet/solution1/nnet.cpp:94]   --->   Core 37 'RAM' <Latency = 1> <II = 1> <Delay = 3.25> <Storage> <Opcode : 'load' 'store'> <Ports = 2> <Width = 24> <Depth = 576> <RAM>
ST_25 : Operation 169 [1/2] (3.25ns)   --->   "%image_V_load_14 = load i24* %image_V_addr_14, align 4" [nnet/solution1/nnet.cpp:94]   --->   Core 37 'RAM' <Latency = 1> <II = 1> <Delay = 3.25> <Storage> <Opcode : 'load' 'store'> <Ports = 2> <Width = 24> <Depth = 576> <RAM>

 <State 26> : 7.08ns
ST_26 : Operation 170 [1/1] (0.00ns) (grouped into TernaryAdder)   --->   "%tmp_60 = add i12 64, %tmp_52" [nnet/solution1/nnet.cpp:94]   --->   Core 80 'TAddSub' <Latency = 0> <II = 1> <Delay = 1.89> <IPBlock> <Opcode : 'add' 'sub'> <InPorts = 3> <OutPorts = 1> <Sync> <CReg>
ST_26 : Operation 171 [1/1] (3.78ns) (root node of TernaryAdder)   --->   "%tmp_61 = add i12 %tmp_1_mid2_cast, %tmp_60" [nnet/solution1/nnet.cpp:94]   --->   Core 80 'TAddSub' <Latency = 0> <II = 1> <Delay = 1.89> <IPBlock> <Opcode : 'add' 'sub'> <InPorts = 3> <OutPorts = 1> <Sync> <CReg>
ST_26 : Operation 172 [1/1] (0.00ns)   --->   "%tmp_61_cast = zext i12 %tmp_61 to i64" [nnet/solution1/nnet.cpp:94]
ST_26 : Operation 173 [1/1] (0.00ns)   --->   "%image_V_addr_10 = getelementptr [2704 x i24]* %image_V, i64 0, i64 %tmp_61_cast" [nnet/solution1/nnet.cpp:94]
ST_26 : Operation 174 [1/1] (0.00ns) (grouped into TernaryAdder)   --->   "%tmp_68 = add i12 128, %tmp_52" [nnet/solution1/nnet.cpp:94]   --->   Core 80 'TAddSub' <Latency = 0> <II = 1> <Delay = 1.89> <IPBlock> <Opcode : 'add' 'sub'> <InPorts = 3> <OutPorts = 1> <Sync> <CReg>
ST_26 : Operation 175 [1/1] (3.78ns) (root node of TernaryAdder)   --->   "%tmp_69 = add i12 %tmp_1_mid2_cast, %tmp_68" [nnet/solution1/nnet.cpp:94]   --->   Core 80 'TAddSub' <Latency = 0> <II = 1> <Delay = 1.89> <IPBlock> <Opcode : 'add' 'sub'> <InPorts = 3> <OutPorts = 1> <Sync> <CReg>
ST_26 : Operation 176 [1/1] (0.00ns)   --->   "%tmp_69_cast = zext i12 %tmp_69 to i64" [nnet/solution1/nnet.cpp:94]
ST_26 : Operation 177 [1/1] (0.00ns)   --->   "%image_V_addr_18 = getelementptr [2704 x i24]* %image_V, i64 0, i64 %tmp_69_cast" [nnet/solution1/nnet.cpp:94]
ST_26 : Operation 178 [1/2] (3.25ns)   --->   "%image_V_load_9 = load i24* %image_V_addr_9, align 4" [nnet/solution1/nnet.cpp:94]   --->   Core 37 'RAM' <Latency = 1> <II = 1> <Delay = 3.25> <Storage> <Opcode : 'load' 'store'> <Ports = 2> <Width = 24> <Depth = 576> <RAM>
ST_26 : Operation 179 [1/1] (2.45ns)   --->   "%tmp_13_2_0_1 = icmp sgt i24 %image_V_load_9, %image_V_load_8" [nnet/solution1/nnet.cpp:94]   --->   Core 25 'Cmp' <Latency = 0> <II = 1> <Delay = 2.45> <FuncUnit> <Opcode : 'icmp'> <InPorts = 2> <OutPorts = 1>
ST_26 : Operation 180 [1/1] (1.37ns)   --->   "%image_V_load_max_V_1_6 = select i1 %tmp_13_2_0_1, i12 %tmp_12, i12 %tmp_10" [nnet/solution1/nnet.cpp:94]   --->   Core 26 'Sel' <Latency = 0> <II = 1> <Delay = 1.37> <FuncUnit> <Opcode : 'select'> <InPorts = 3> <OutPorts = 1>
ST_26 : Operation 181 [2/2] (3.25ns)   --->   "%image_V_load_10 = load i24* %image_V_addr_10, align 4" [nnet/solution1/nnet.cpp:94]   --->   Core 37 'RAM' <Latency = 1> <II = 1> <Delay = 3.25> <Storage> <Opcode : 'load' 'store'> <Ports = 2> <Width = 24> <Depth = 576> <RAM>
ST_26 : Operation 182 [1/2] (3.25ns)   --->   "%image_V_load_11 = load i24* %image_V_addr_11, align 4" [nnet/solution1/nnet.cpp:94]   --->   Core 37 'RAM' <Latency = 1> <II = 1> <Delay = 3.25> <Storage> <Opcode : 'load' 'store'> <Ports = 2> <Width = 24> <Depth = 576> <RAM>
ST_26 : Operation 183 [2/2] (3.25ns)   --->   "%image_V_load_18 = load i24* %image_V_addr_18, align 4" [nnet/solution1/nnet.cpp:94]   --->   Core 37 'RAM' <Latency = 1> <II = 1> <Delay = 3.25> <Storage> <Opcode : 'load' 'store'> <Ports = 2> <Width = 24> <Depth = 576> <RAM>

 <State 27> : 7.04ns
ST_27 : Operation 184 [1/1] (0.00ns) (grouped into TernaryAdder)   --->   "%tmp_13 = add i12 96, %tmp_1" [nnet/solution1/nnet.cpp:91]   --->   Core 80 'TAddSub' <Latency = 0> <II = 1> <Delay = 1.89> <IPBlock> <Opcode : 'add' 'sub'> <InPorts = 3> <OutPorts = 1> <Sync> <CReg>
ST_27 : Operation 185 [1/1] (3.78ns) (root node of TernaryAdder)   --->   "%tmp_14 = add i12 %tmp_1_mid2_cast, %tmp_13" [nnet/solution1/nnet.cpp:91]   --->   Core 80 'TAddSub' <Latency = 0> <II = 1> <Delay = 1.89> <IPBlock> <Opcode : 'add' 'sub'> <InPorts = 3> <OutPorts = 1> <Sync> <CReg>
ST_27 : Operation 186 [1/1] (0.00ns)   --->   "%tmp_16_cast = zext i12 %tmp_14 to i64" [nnet/solution1/nnet.cpp:91]
ST_27 : Operation 187 [1/1] (0.00ns)   --->   "%image_V_addr_12 = getelementptr [2704 x i24]* %image_V, i64 0, i64 %tmp_16_cast" [nnet/solution1/nnet.cpp:91]
ST_27 : Operation 188 [1/1] (0.00ns)   --->   "%image_V_load_max_V_1_23 = zext i12 %image_V_load_max_V_1_6 to i64" [nnet/solution1/nnet.cpp:94]
ST_27 : Operation 189 [1/1] (0.00ns)   --->   "%image_V_addr_30 = getelementptr [2704 x i24]* %image_V, i64 0, i64 %image_V_load_max_V_1_23" [nnet/solution1/nnet.cpp:94]
ST_27 : Operation 190 [2/2] (3.25ns)   --->   "%image_V_load_30 = load i24* %image_V_addr_30, align 4" [nnet/solution1/nnet.cpp:94]   --->   Core 37 'RAM' <Latency = 1> <II = 1> <Delay = 3.25> <Storage> <Opcode : 'load' 'store'> <Ports = 2> <Width = 24> <Depth = 576> <RAM>
ST_27 : Operation 191 [1/2] (3.25ns)   --->   "%image_V_load_10 = load i24* %image_V_addr_10, align 4" [nnet/solution1/nnet.cpp:94]   --->   Core 37 'RAM' <Latency = 1> <II = 1> <Delay = 3.25> <Storage> <Opcode : 'load' 'store'> <Ports = 2> <Width = 24> <Depth = 576> <RAM>
ST_27 : Operation 192 [2/2] (3.25ns)   --->   "%image_V_load_12 = load i24* %image_V_addr_12, align 4" [nnet/solution1/nnet.cpp:91]   --->   Core 37 'RAM' <Latency = 1> <II = 1> <Delay = 3.25> <Storage> <Opcode : 'load' 'store'> <Ports = 2> <Width = 24> <Depth = 576> <RAM>
ST_27 : Operation 193 [1/2] (3.25ns)   --->   "%image_V_load_18 = load i24* %image_V_addr_18, align 4" [nnet/solution1/nnet.cpp:94]   --->   Core 37 'RAM' <Latency = 1> <II = 1> <Delay = 3.25> <Storage> <Opcode : 'load' 'store'> <Ports = 2> <Width = 24> <Depth = 576> <RAM>

 <State 28> : 7.08ns
ST_28 : Operation 194 [1/1] (0.00ns) (grouped into TernaryAdder)   --->   "%tmp_15 = add i12 112, %tmp_1" [nnet/solution1/nnet.cpp:94]   --->   Core 80 'TAddSub' <Latency = 0> <II = 1> <Delay = 1.89> <IPBlock> <Opcode : 'add' 'sub'> <InPorts = 3> <OutPorts = 1> <Sync> <CReg>
ST_28 : Operation 195 [1/1] (3.78ns) (root node of TernaryAdder)   --->   "%tmp_16 = add i12 %tmp_1_mid2_cast, %tmp_15" [nnet/solution1/nnet.cpp:94]   --->   Core 80 'TAddSub' <Latency = 0> <II = 1> <Delay = 1.89> <IPBlock> <Opcode : 'add' 'sub'> <InPorts = 3> <OutPorts = 1> <Sync> <CReg>
ST_28 : Operation 196 [1/1] (0.00ns)   --->   "%tmp_18_cast = zext i12 %tmp_16 to i64" [nnet/solution1/nnet.cpp:94]
ST_28 : Operation 197 [1/1] (0.00ns)   --->   "%image_V_addr_13 = getelementptr [2704 x i24]* %image_V, i64 0, i64 %tmp_18_cast" [nnet/solution1/nnet.cpp:94]
ST_28 : Operation 198 [1/1] (0.00ns) (grouped into TernaryAdder)   --->   "%tmp_72 = add i12 160, %tmp_52" [nnet/solution1/nnet.cpp:94]   --->   Core 80 'TAddSub' <Latency = 0> <II = 1> <Delay = 1.89> <IPBlock> <Opcode : 'add' 'sub'> <InPorts = 3> <OutPorts = 1> <Sync> <CReg>
ST_28 : Operation 199 [1/1] (3.78ns) (root node of TernaryAdder)   --->   "%tmp_73 = add i12 %tmp_1_mid2_cast, %tmp_72" [nnet/solution1/nnet.cpp:94]   --->   Core 80 'TAddSub' <Latency = 0> <II = 1> <Delay = 1.89> <IPBlock> <Opcode : 'add' 'sub'> <InPorts = 3> <OutPorts = 1> <Sync> <CReg>
ST_28 : Operation 200 [1/1] (0.00ns)   --->   "%tmp_73_cast = zext i12 %tmp_73 to i64" [nnet/solution1/nnet.cpp:94]
ST_28 : Operation 201 [1/1] (0.00ns)   --->   "%image_V_addr_22 = getelementptr [2704 x i24]* %image_V, i64 0, i64 %tmp_73_cast" [nnet/solution1/nnet.cpp:94]
ST_28 : Operation 202 [1/2] (3.25ns)   --->   "%image_V_load_30 = load i24* %image_V_addr_30, align 4" [nnet/solution1/nnet.cpp:94]   --->   Core 37 'RAM' <Latency = 1> <II = 1> <Delay = 3.25> <Storage> <Opcode : 'load' 'store'> <Ports = 2> <Width = 24> <Depth = 576> <RAM>
ST_28 : Operation 203 [1/1] (2.45ns)   --->   "%tmp_13_2_1 = icmp sgt i24 %image_V_load_10, %image_V_load_30" [nnet/solution1/nnet.cpp:94]   --->   Core 25 'Cmp' <Latency = 0> <II = 1> <Delay = 2.45> <FuncUnit> <Opcode : 'icmp'> <InPorts = 2> <OutPorts = 1>
ST_28 : Operation 204 [1/1] (1.37ns)   --->   "%image_V_load_max_V_1_7 = select i1 %tmp_13_2_1, i12 %tmp_61, i12 %image_V_load_max_V_1_6" [nnet/solution1/nnet.cpp:94]   --->   Core 26 'Sel' <Latency = 0> <II = 1> <Delay = 1.37> <FuncUnit> <Opcode : 'select'> <InPorts = 3> <OutPorts = 1>
ST_28 : Operation 205 [1/2] (3.25ns)   --->   "%image_V_load_12 = load i24* %image_V_addr_12, align 4" [nnet/solution1/nnet.cpp:91]   --->   Core 37 'RAM' <Latency = 1> <II = 1> <Delay = 3.25> <Storage> <Opcode : 'load' 'store'> <Ports = 2> <Width = 24> <Depth = 576> <RAM>
ST_28 : Operation 206 [2/2] (3.25ns)   --->   "%image_V_load_13 = load i24* %image_V_addr_13, align 4" [nnet/solution1/nnet.cpp:94]   --->   Core 37 'RAM' <Latency = 1> <II = 1> <Delay = 3.25> <Storage> <Opcode : 'load' 'store'> <Ports = 2> <Width = 24> <Depth = 576> <RAM>
ST_28 : Operation 207 [2/2] (3.25ns)   --->   "%image_V_load_22 = load i24* %image_V_addr_22, align 4" [nnet/solution1/nnet.cpp:94]   --->   Core 37 'RAM' <Latency = 1> <II = 1> <Delay = 3.25> <Storage> <Opcode : 'load' 'store'> <Ports = 2> <Width = 24> <Depth = 576> <RAM>

 <State 29> : 7.08ns
ST_29 : Operation 208 [1/1] (0.00ns)   --->   "%tmp_26 = call i10 @_ssdm_op_BitConcatenate.i10.i3.i7(i3 %tmp_25, i7 0)" [nnet/solution1/nnet.cpp:88]
ST_29 : Operation 209 [1/1] (0.00ns)   --->   "%p_shl_cast = zext i10 %tmp_26 to i11" [nnet/solution1/nnet.cpp:88]
ST_29 : Operation 210 [1/1] (0.00ns)   --->   "%tmp_27 = call i8 @_ssdm_op_BitConcatenate.i8.i3.i5(i3 %tmp_25, i5 0)" [nnet/solution1/nnet.cpp:88]
ST_29 : Operation 211 [1/1] (0.00ns)   --->   "%p_shl6_cast = zext i8 %tmp_27 to i11" [nnet/solution1/nnet.cpp:95]
ST_29 : Operation 212 [1/1] (1.95ns)   --->   "%tmp_28 = sub i11 %p_shl_cast, %p_shl6_cast" [nnet/solution1/nnet.cpp:95]   --->   Core 14 'AddSub' <Latency = 0> <II = 1> <Delay = 1.73> <FuncUnit> <Opcode : 'add' 'sub'> <InPorts = 2> <OutPorts = 1>
ST_29 : Operation 213 [1/1] (0.00ns)   --->   "%tmp_29 = trunc i11 %tmp_28 to i5" [nnet/solution1/nnet.cpp:95]
ST_29 : Operation 214 [1/1] (1.09ns)   --->   "%tmp_30 = or i5 %tmp_29, %tmp_1_mid2_v" [nnet/solution1/nnet.cpp:95]   --->   Core 27 'LogicGate' <Latency = 0> <II = 1> <Delay = 1.09> <FuncUnit> <Opcode : 'and' 'or' 'xor'> <InPorts = 2> <OutPorts = 1>
ST_29 : Operation 215 [1/1] (0.00ns)   --->   "%tmp_31 = call i6 @_ssdm_op_PartSelect.i6.i11.i32.i32(i11 %tmp_28, i32 5, i32 10)" [nnet/solution1/nnet.cpp:95]
ST_29 : Operation 216 [1/1] (0.00ns)   --->   "%tmp_32 = call i11 @_ssdm_op_BitConcatenate.i11.i6.i5(i6 %tmp_31, i5 %tmp_30)" [nnet/solution1/nnet.cpp:95]
ST_29 : Operation 217 [1/1] (0.00ns)   --->   "%tmp_33 = sext i11 %tmp_32 to i64" [nnet/solution1/nnet.cpp:95]
ST_29 : Operation 218 [1/1] (0.00ns)   --->   "%output_V_addr = getelementptr [576 x i24]* %output_V, i64 0, i64 %tmp_33" [nnet/solution1/nnet.cpp:95]
ST_29 : Operation 219 [1/1] (0.00ns) (grouped into TernaryAdder)   --->   "%tmp_66 = add i12 112, %tmp_52" [nnet/solution1/nnet.cpp:94]   --->   Core 80 'TAddSub' <Latency = 0> <II = 1> <Delay = 1.89> <IPBlock> <Opcode : 'add' 'sub'> <InPorts = 3> <OutPorts = 1> <Sync> <CReg>
ST_29 : Operation 220 [1/1] (3.78ns) (root node of TernaryAdder)   --->   "%tmp_67 = add i12 %tmp_1_mid2_cast, %tmp_66" [nnet/solution1/nnet.cpp:94]   --->   Core 80 'TAddSub' <Latency = 0> <II = 1> <Delay = 1.89> <IPBlock> <Opcode : 'add' 'sub'> <InPorts = 3> <OutPorts = 1> <Sync> <CReg>
ST_29 : Operation 221 [1/1] (0.00ns)   --->   "%tmp_67_cast = zext i12 %tmp_67 to i64" [nnet/solution1/nnet.cpp:94]
ST_29 : Operation 222 [1/1] (0.00ns)   --->   "%image_V_addr_15 = getelementptr [2704 x i24]* %image_V, i64 0, i64 %tmp_67_cast" [nnet/solution1/nnet.cpp:94]
ST_29 : Operation 223 [1/1] (3.25ns)   --->   "store i24 %image_V_load_26, i24* %output_V_addr, align 4" [nnet/solution1/nnet.cpp:95]   --->   Core 37 'RAM' <Latency = 1> <II = 1> <Delay = 3.25> <Storage> <Opcode : 'load' 'store'> <Ports = 2> <Width = 24> <Depth = 576> <RAM>
ST_29 : Operation 224 [1/1] (0.00ns)   --->   "%image_V_load_max_V_1_24 = zext i12 %image_V_load_max_V_1_7 to i64" [nnet/solution1/nnet.cpp:94]
ST_29 : Operation 225 [1/1] (0.00ns)   --->   "%image_V_addr_31 = getelementptr [2704 x i24]* %image_V, i64 0, i64 %image_V_load_max_V_1_24" [nnet/solution1/nnet.cpp:94]
ST_29 : Operation 226 [2/2] (3.25ns)   --->   "%image_V_load_31 = load i24* %image_V_addr_31, align 4" [nnet/solution1/nnet.cpp:94]   --->   Core 37 'RAM' <Latency = 1> <II = 1> <Delay = 3.25> <Storage> <Opcode : 'load' 'store'> <Ports = 2> <Width = 24> <Depth = 576> <RAM>
ST_29 : Operation 227 [1/2] (3.25ns)   --->   "%image_V_load_13 = load i24* %image_V_addr_13, align 4" [nnet/solution1/nnet.cpp:94]   --->   Core 37 'RAM' <Latency = 1> <II = 1> <Delay = 3.25> <Storage> <Opcode : 'load' 'store'> <Ports = 2> <Width = 24> <Depth = 576> <RAM>
ST_29 : Operation 228 [1/1] (2.45ns)   --->   "%tmp_13_3_0_1 = icmp sgt i24 %image_V_load_13, %image_V_load_12" [nnet/solution1/nnet.cpp:94]   --->   Core 25 'Cmp' <Latency = 0> <II = 1> <Delay = 2.45> <FuncUnit> <Opcode : 'icmp'> <InPorts = 2> <OutPorts = 1>
ST_29 : Operation 229 [1/1] (1.37ns)   --->   "%image_V_load_max_V_1_9 = select i1 %tmp_13_3_0_1, i12 %tmp_16, i12 %tmp_14" [nnet/solution1/nnet.cpp:94]   --->   Core 26 'Sel' <Latency = 0> <II = 1> <Delay = 1.37> <FuncUnit> <Opcode : 'select'> <InPorts = 3> <OutPorts = 1>
ST_29 : Operation 230 [2/2] (3.25ns)   --->   "%image_V_load_15 = load i24* %image_V_addr_15, align 4" [nnet/solution1/nnet.cpp:94]   --->   Core 37 'RAM' <Latency = 1> <II = 1> <Delay = 3.25> <Storage> <Opcode : 'load' 'store'> <Ports = 2> <Width = 24> <Depth = 576> <RAM>
ST_29 : Operation 231 [1/2] (3.25ns)   --->   "%image_V_load_22 = load i24* %image_V_addr_22, align 4" [nnet/solution1/nnet.cpp:94]   --->   Core 37 'RAM' <Latency = 1> <II = 1> <Delay = 3.25> <Storage> <Opcode : 'load' 'store'> <Ports = 2> <Width = 24> <Depth = 576> <RAM>

 <State 30> : 7.08ns
ST_30 : Operation 232 [1/1] (0.00ns) (grouped into TernaryAdder)   --->   "%tmp_19 = add i12 144, %tmp_1" [nnet/solution1/nnet.cpp:94]   --->   Core 80 'TAddSub' <Latency = 0> <II = 1> <Delay = 1.89> <IPBlock> <Opcode : 'add' 'sub'> <InPorts = 3> <OutPorts = 1> <Sync> <CReg>
ST_30 : Operation 233 [1/1] (3.78ns) (root node of TernaryAdder)   --->   "%tmp_20 = add i12 %tmp_1_mid2_cast, %tmp_19" [nnet/solution1/nnet.cpp:94]   --->   Core 80 'TAddSub' <Latency = 0> <II = 1> <Delay = 1.89> <IPBlock> <Opcode : 'add' 'sub'> <InPorts = 3> <OutPorts = 1> <Sync> <CReg>
ST_30 : Operation 234 [1/1] (0.00ns)   --->   "%tmp_22_cast = zext i12 %tmp_20 to i64" [nnet/solution1/nnet.cpp:94]
ST_30 : Operation 235 [1/1] (0.00ns)   --->   "%image_V_addr_17 = getelementptr [2704 x i24]* %image_V, i64 0, i64 %tmp_22_cast" [nnet/solution1/nnet.cpp:94]
ST_30 : Operation 236 [1/2] (3.25ns)   --->   "%image_V_load_31 = load i24* %image_V_addr_31, align 4" [nnet/solution1/nnet.cpp:94]   --->   Core 37 'RAM' <Latency = 1> <II = 1> <Delay = 3.25> <Storage> <Opcode : 'load' 'store'> <Ports = 2> <Width = 24> <Depth = 576> <RAM>
ST_30 : Operation 237 [1/1] (2.45ns)   --->   "%tmp_13_2_1_1 = icmp sgt i24 %image_V_load_11, %image_V_load_31" [nnet/solution1/nnet.cpp:94]   --->   Core 25 'Cmp' <Latency = 0> <II = 1> <Delay = 2.45> <FuncUnit> <Opcode : 'icmp'> <InPorts = 2> <OutPorts = 1>
ST_30 : Operation 238 [1/1] (1.37ns)   --->   "%image_V_load_max_V_1_8 = select i1 %tmp_13_2_1_1, i12 %tmp_63, i12 %image_V_load_max_V_1_7" [nnet/solution1/nnet.cpp:94]   --->   Core 26 'Sel' <Latency = 0> <II = 1> <Delay = 1.37> <FuncUnit> <Opcode : 'select'> <InPorts = 3> <OutPorts = 1>
ST_30 : Operation 239 [1/1] (0.00ns)   --->   "%image_V_load_max_V_1_26 = zext i12 %image_V_load_max_V_1_9 to i64" [nnet/solution1/nnet.cpp:94]
ST_30 : Operation 240 [1/1] (0.00ns)   --->   "%image_V_addr_33 = getelementptr [2704 x i24]* %image_V, i64 0, i64 %image_V_load_max_V_1_26" [nnet/solution1/nnet.cpp:94]
ST_30 : Operation 241 [2/2] (3.25ns)   --->   "%image_V_load_33 = load i24* %image_V_addr_33, align 4" [nnet/solution1/nnet.cpp:94]   --->   Core 37 'RAM' <Latency = 1> <II = 1> <Delay = 3.25> <Storage> <Opcode : 'load' 'store'> <Ports = 2> <Width = 24> <Depth = 576> <RAM>
ST_30 : Operation 242 [1/2] (3.25ns)   --->   "%image_V_load_15 = load i24* %image_V_addr_15, align 4" [nnet/solution1/nnet.cpp:94]   --->   Core 37 'RAM' <Latency = 1> <II = 1> <Delay = 3.25> <Storage> <Opcode : 'load' 'store'> <Ports = 2> <Width = 24> <Depth = 576> <RAM>
ST_30 : Operation 243 [2/2] (3.25ns)   --->   "%image_V_load_17 = load i24* %image_V_addr_17, align 4" [nnet/solution1/nnet.cpp:94]   --->   Core 37 'RAM' <Latency = 1> <II = 1> <Delay = 3.25> <Storage> <Opcode : 'load' 'store'> <Ports = 2> <Width = 24> <Depth = 576> <RAM>

 <State 31> : 7.08ns
ST_31 : Operation 244 [1/1] (0.00ns) (grouped into TernaryAdder)   --->   "%tmp_17 = add i12 128, %tmp_1" [nnet/solution1/nnet.cpp:91]   --->   Core 80 'TAddSub' <Latency = 0> <II = 1> <Delay = 1.89> <IPBlock> <Opcode : 'add' 'sub'> <InPorts = 3> <OutPorts = 1> <Sync> <CReg>
ST_31 : Operation 245 [1/1] (3.78ns) (root node of TernaryAdder)   --->   "%tmp_18 = add i12 %tmp_1_mid2_cast, %tmp_17" [nnet/solution1/nnet.cpp:91]   --->   Core 80 'TAddSub' <Latency = 0> <II = 1> <Delay = 1.89> <IPBlock> <Opcode : 'add' 'sub'> <InPorts = 3> <OutPorts = 1> <Sync> <CReg>
ST_31 : Operation 246 [1/1] (0.00ns)   --->   "%tmp_20_cast = zext i12 %tmp_18 to i64" [nnet/solution1/nnet.cpp:91]
ST_31 : Operation 247 [1/1] (0.00ns)   --->   "%image_V_addr_16 = getelementptr [2704 x i24]* %image_V, i64 0, i64 %tmp_20_cast" [nnet/solution1/nnet.cpp:91]
ST_31 : Operation 248 [1/1] (0.00ns)   --->   "%image_V_load_max_V_1_25 = zext i12 %image_V_load_max_V_1_8 to i64" [nnet/solution1/nnet.cpp:94]
ST_31 : Operation 249 [1/1] (0.00ns)   --->   "%image_V_addr_32 = getelementptr [2704 x i24]* %image_V, i64 0, i64 %image_V_load_max_V_1_25" [nnet/solution1/nnet.cpp:94]
ST_31 : Operation 250 [2/2] (3.25ns)   --->   "%image_V_load_32 = load i24* %image_V_addr_32, align 4" [nnet/solution1/nnet.cpp:94]   --->   Core 37 'RAM' <Latency = 1> <II = 1> <Delay = 3.25> <Storage> <Opcode : 'load' 'store'> <Ports = 2> <Width = 24> <Depth = 576> <RAM>
ST_31 : Operation 251 [1/2] (3.25ns)   --->   "%image_V_load_33 = load i24* %image_V_addr_33, align 4" [nnet/solution1/nnet.cpp:94]   --->   Core 37 'RAM' <Latency = 1> <II = 1> <Delay = 3.25> <Storage> <Opcode : 'load' 'store'> <Ports = 2> <Width = 24> <Depth = 576> <RAM>
ST_31 : Operation 252 [1/1] (2.45ns)   --->   "%tmp_13_3_1 = icmp sgt i24 %image_V_load_14, %image_V_load_33" [nnet/solution1/nnet.cpp:94]   --->   Core 25 'Cmp' <Latency = 0> <II = 1> <Delay = 2.45> <FuncUnit> <Opcode : 'icmp'> <InPorts = 2> <OutPorts = 1>
ST_31 : Operation 253 [1/1] (1.37ns)   --->   "%image_V_load_max_V_1_27 = select i1 %tmp_13_3_1, i12 %tmp_65, i12 %image_V_load_max_V_1_9" [nnet/solution1/nnet.cpp:94]   --->   Core 26 'Sel' <Latency = 0> <II = 1> <Delay = 1.37> <FuncUnit> <Opcode : 'select'> <InPorts = 3> <OutPorts = 1>
ST_31 : Operation 254 [2/2] (3.25ns)   --->   "%image_V_load_16 = load i24* %image_V_addr_16, align 4" [nnet/solution1/nnet.cpp:91]   --->   Core 37 'RAM' <Latency = 1> <II = 1> <Delay = 3.25> <Storage> <Opcode : 'load' 'store'> <Ports = 2> <Width = 24> <Depth = 576> <RAM>
ST_31 : Operation 255 [1/2] (3.25ns)   --->   "%image_V_load_17 = load i24* %image_V_addr_17, align 4" [nnet/solution1/nnet.cpp:94]   --->   Core 37 'RAM' <Latency = 1> <II = 1> <Delay = 3.25> <Storage> <Opcode : 'load' 'store'> <Ports = 2> <Width = 24> <Depth = 576> <RAM>

 <State 32> : 7.08ns
ST_32 : Operation 256 [1/1] (0.00ns) (grouped into TernaryAdder)   --->   "%tmp_70 = add i12 144, %tmp_52" [nnet/solution1/nnet.cpp:94]   --->   Core 80 'TAddSub' <Latency = 0> <II = 1> <Delay = 1.89> <IPBlock> <Opcode : 'add' 'sub'> <InPorts = 3> <OutPorts = 1> <Sync> <CReg>
ST_32 : Operation 257 [1/1] (3.78ns) (root node of TernaryAdder)   --->   "%tmp_71 = add i12 %tmp_1_mid2_cast, %tmp_70" [nnet/solution1/nnet.cpp:94]   --->   Core 80 'TAddSub' <Latency = 0> <II = 1> <Delay = 1.89> <IPBlock> <Opcode : 'add' 'sub'> <InPorts = 3> <OutPorts = 1> <Sync> <CReg>
ST_32 : Operation 258 [1/1] (0.00ns)   --->   "%tmp_71_cast = zext i12 %tmp_71 to i64" [nnet/solution1/nnet.cpp:94]
ST_32 : Operation 259 [1/1] (0.00ns)   --->   "%image_V_addr_19 = getelementptr [2704 x i24]* %image_V, i64 0, i64 %tmp_71_cast" [nnet/solution1/nnet.cpp:94]
ST_32 : Operation 260 [1/2] (3.25ns)   --->   "%image_V_load_32 = load i24* %image_V_addr_32, align 4" [nnet/solution1/nnet.cpp:94]   --->   Core 37 'RAM' <Latency = 1> <II = 1> <Delay = 3.25> <Storage> <Opcode : 'load' 'store'> <Ports = 2> <Width = 24> <Depth = 576> <RAM>
ST_32 : Operation 261 [1/1] (0.00ns)   --->   "%image_V_load_max_V_1_28 = zext i12 %image_V_load_max_V_1_27 to i64" [nnet/solution1/nnet.cpp:94]
ST_32 : Operation 262 [1/1] (0.00ns)   --->   "%image_V_addr_34 = getelementptr [2704 x i24]* %image_V, i64 0, i64 %image_V_load_max_V_1_28" [nnet/solution1/nnet.cpp:94]
ST_32 : Operation 263 [2/2] (3.25ns)   --->   "%image_V_load_34 = load i24* %image_V_addr_34, align 4" [nnet/solution1/nnet.cpp:94]   --->   Core 37 'RAM' <Latency = 1> <II = 1> <Delay = 3.25> <Storage> <Opcode : 'load' 'store'> <Ports = 2> <Width = 24> <Depth = 576> <RAM>
ST_32 : Operation 264 [1/2] (3.25ns)   --->   "%image_V_load_16 = load i24* %image_V_addr_16, align 4" [nnet/solution1/nnet.cpp:91]   --->   Core 37 'RAM' <Latency = 1> <II = 1> <Delay = 3.25> <Storage> <Opcode : 'load' 'store'> <Ports = 2> <Width = 24> <Depth = 576> <RAM>
ST_32 : Operation 265 [1/1] (2.45ns)   --->   "%tmp_13_4_0_1 = icmp sgt i24 %image_V_load_17, %image_V_load_16" [nnet/solution1/nnet.cpp:94]   --->   Core 25 'Cmp' <Latency = 0> <II = 1> <Delay = 2.45> <FuncUnit> <Opcode : 'icmp'> <InPorts = 2> <OutPorts = 1>
ST_32 : Operation 266 [1/1] (1.37ns)   --->   "%image_V_load_max_V_1_11 = select i1 %tmp_13_4_0_1, i12 %tmp_20, i12 %tmp_18" [nnet/solution1/nnet.cpp:94]   --->   Core 26 'Sel' <Latency = 0> <II = 1> <Delay = 1.37> <FuncUnit> <Opcode : 'select'> <InPorts = 3> <OutPorts = 1>
ST_32 : Operation 267 [2/2] (3.25ns)   --->   "%image_V_load_19 = load i24* %image_V_addr_19, align 4" [nnet/solution1/nnet.cpp:94]   --->   Core 37 'RAM' <Latency = 1> <II = 1> <Delay = 3.25> <Storage> <Opcode : 'load' 'store'> <Ports = 2> <Width = 24> <Depth = 576> <RAM>

 <State 33> : 7.08ns
ST_33 : Operation 268 [1/1] (0.00ns) (grouped into TernaryAdder)   --->   "%tmp_21 = add i12 160, %tmp_1" [nnet/solution1/nnet.cpp:91]   --->   Core 80 'TAddSub' <Latency = 0> <II = 1> <Delay = 1.89> <IPBlock> <Opcode : 'add' 'sub'> <InPorts = 3> <OutPorts = 1> <Sync> <CReg>
ST_33 : Operation 269 [1/1] (3.78ns) (root node of TernaryAdder)   --->   "%tmp_22 = add i12 %tmp_1_mid2_cast, %tmp_21" [nnet/solution1/nnet.cpp:91]   --->   Core 80 'TAddSub' <Latency = 0> <II = 1> <Delay = 1.89> <IPBlock> <Opcode : 'add' 'sub'> <InPorts = 3> <OutPorts = 1> <Sync> <CReg>
ST_33 : Operation 270 [1/1] (0.00ns) (grouped into TernaryAdder)   --->   "%tmp_23 = add i12 176, %tmp_1" [nnet/solution1/nnet.cpp:94]   --->   Core 80 'TAddSub' <Latency = 0> <II = 1> <Delay = 1.89> <IPBlock> <Opcode : 'add' 'sub'> <InPorts = 3> <OutPorts = 1> <Sync> <CReg>
ST_33 : Operation 271 [1/1] (3.78ns) (root node of TernaryAdder)   --->   "%tmp_24 = add i12 %tmp_1_mid2_cast, %tmp_23" [nnet/solution1/nnet.cpp:94]   --->   Core 80 'TAddSub' <Latency = 0> <II = 1> <Delay = 1.89> <IPBlock> <Opcode : 'add' 'sub'> <InPorts = 3> <OutPorts = 1> <Sync> <CReg>
ST_33 : Operation 272 [1/1] (0.00ns)   --->   "%tmp_26_cast = zext i12 %tmp_24 to i64" [nnet/solution1/nnet.cpp:94]
ST_33 : Operation 273 [1/1] (0.00ns)   --->   "%image_V_addr_21 = getelementptr [2704 x i24]* %image_V, i64 0, i64 %tmp_26_cast" [nnet/solution1/nnet.cpp:94]
ST_33 : Operation 274 [1/1] (0.00ns) (grouped into TernaryAdder)   --->   "%tmp_74 = add i12 176, %tmp_52" [nnet/solution1/nnet.cpp:94]   --->   Core 80 'TAddSub' <Latency = 0> <II = 1> <Delay = 1.89> <IPBlock> <Opcode : 'add' 'sub'> <InPorts = 3> <OutPorts = 1> <Sync> <CReg>
ST_33 : Operation 275 [1/1] (3.78ns) (root node of TernaryAdder)   --->   "%tmp_75 = add i12 %tmp_1_mid2_cast, %tmp_74" [nnet/solution1/nnet.cpp:94]   --->   Core 80 'TAddSub' <Latency = 0> <II = 1> <Delay = 1.89> <IPBlock> <Opcode : 'add' 'sub'> <InPorts = 3> <OutPorts = 1> <Sync> <CReg>
ST_33 : Operation 276 [1/2] (3.25ns)   --->   "%image_V_load_34 = load i24* %image_V_addr_34, align 4" [nnet/solution1/nnet.cpp:94]   --->   Core 37 'RAM' <Latency = 1> <II = 1> <Delay = 3.25> <Storage> <Opcode : 'load' 'store'> <Ports = 2> <Width = 24> <Depth = 576> <RAM>
ST_33 : Operation 277 [1/1] (2.45ns)   --->   "%tmp_13_3_1_1 = icmp sgt i24 %image_V_load_15, %image_V_load_34" [nnet/solution1/nnet.cpp:94]   --->   Core 25 'Cmp' <Latency = 0> <II = 1> <Delay = 2.45> <FuncUnit> <Opcode : 'icmp'> <InPorts = 2> <OutPorts = 1>
ST_33 : Operation 278 [1/1] (1.37ns)   --->   "%image_V_load_max_V_1_10 = select i1 %tmp_13_3_1_1, i12 %tmp_67, i12 %image_V_load_max_V_1_27" [nnet/solution1/nnet.cpp:94]   --->   Core 26 'Sel' <Latency = 0> <II = 1> <Delay = 1.37> <FuncUnit> <Opcode : 'select'> <InPorts = 3> <OutPorts = 1>
ST_33 : Operation 279 [1/1] (0.00ns)   --->   "%image_V_load_max_V_1_30 = zext i12 %image_V_load_max_V_1_11 to i64" [nnet/solution1/nnet.cpp:94]
ST_33 : Operation 280 [1/1] (0.00ns)   --->   "%image_V_addr_36 = getelementptr [2704 x i24]* %image_V, i64 0, i64 %image_V_load_max_V_1_30" [nnet/solution1/nnet.cpp:94]
ST_33 : Operation 281 [2/2] (3.25ns)   --->   "%image_V_load_36 = load i24* %image_V_addr_36, align 4" [nnet/solution1/nnet.cpp:94]   --->   Core 37 'RAM' <Latency = 1> <II = 1> <Delay = 3.25> <Storage> <Opcode : 'load' 'store'> <Ports = 2> <Width = 24> <Depth = 576> <RAM>
ST_33 : Operation 282 [1/2] (3.25ns)   --->   "%image_V_load_19 = load i24* %image_V_addr_19, align 4" [nnet/solution1/nnet.cpp:94]   --->   Core 37 'RAM' <Latency = 1> <II = 1> <Delay = 3.25> <Storage> <Opcode : 'load' 'store'> <Ports = 2> <Width = 24> <Depth = 576> <RAM>
ST_33 : Operation 283 [2/2] (3.25ns)   --->   "%image_V_load_21 = load i24* %image_V_addr_21, align 4" [nnet/solution1/nnet.cpp:94]   --->   Core 37 'RAM' <Latency = 1> <II = 1> <Delay = 3.25> <Storage> <Opcode : 'load' 'store'> <Ports = 2> <Width = 24> <Depth = 576> <RAM>

 <State 34> : 7.08ns
ST_34 : Operation 284 [1/1] (0.00ns)   --->   "%tmp_24_cast = zext i12 %tmp_22 to i64" [nnet/solution1/nnet.cpp:91]
ST_34 : Operation 285 [1/1] (0.00ns)   --->   "%image_V_addr_20 = getelementptr [2704 x i24]* %image_V, i64 0, i64 %tmp_24_cast" [nnet/solution1/nnet.cpp:91]
ST_34 : Operation 286 [1/1] (0.00ns)   --->   "%image_V_load_max_V_1_29 = zext i12 %image_V_load_max_V_1_10 to i64" [nnet/solution1/nnet.cpp:94]
ST_34 : Operation 287 [1/1] (0.00ns)   --->   "%image_V_addr_35 = getelementptr [2704 x i24]* %image_V, i64 0, i64 %image_V_load_max_V_1_29" [nnet/solution1/nnet.cpp:94]
ST_34 : Operation 288 [2/2] (3.25ns)   --->   "%image_V_load_35 = load i24* %image_V_addr_35, align 4" [nnet/solution1/nnet.cpp:94]   --->   Core 37 'RAM' <Latency = 1> <II = 1> <Delay = 3.25> <Storage> <Opcode : 'load' 'store'> <Ports = 2> <Width = 24> <Depth = 576> <RAM>
ST_34 : Operation 289 [1/2] (3.25ns)   --->   "%image_V_load_36 = load i24* %image_V_addr_36, align 4" [nnet/solution1/nnet.cpp:94]   --->   Core 37 'RAM' <Latency = 1> <II = 1> <Delay = 3.25> <Storage> <Opcode : 'load' 'store'> <Ports = 2> <Width = 24> <Depth = 576> <RAM>
ST_34 : Operation 290 [1/1] (2.45ns)   --->   "%tmp_13_4_1 = icmp sgt i24 %image_V_load_18, %image_V_load_36" [nnet/solution1/nnet.cpp:94]   --->   Core 25 'Cmp' <Latency = 0> <II = 1> <Delay = 2.45> <FuncUnit> <Opcode : 'icmp'> <InPorts = 2> <OutPorts = 1>
ST_34 : Operation 291 [1/1] (1.37ns)   --->   "%image_V_load_max_V_1_12 = select i1 %tmp_13_4_1, i12 %tmp_69, i12 %image_V_load_max_V_1_11" [nnet/solution1/nnet.cpp:94]   --->   Core 26 'Sel' <Latency = 0> <II = 1> <Delay = 1.37> <FuncUnit> <Opcode : 'select'> <InPorts = 3> <OutPorts = 1>
ST_34 : Operation 292 [2/2] (3.25ns)   --->   "%image_V_load_20 = load i24* %image_V_addr_20, align 4" [nnet/solution1/nnet.cpp:91]   --->   Core 37 'RAM' <Latency = 1> <II = 1> <Delay = 3.25> <Storage> <Opcode : 'load' 'store'> <Ports = 2> <Width = 24> <Depth = 576> <RAM>
ST_34 : Operation 293 [1/2] (3.25ns)   --->   "%image_V_load_21 = load i24* %image_V_addr_21, align 4" [nnet/solution1/nnet.cpp:94]   --->   Core 37 'RAM' <Latency = 1> <II = 1> <Delay = 3.25> <Storage> <Opcode : 'load' 'store'> <Ports = 2> <Width = 24> <Depth = 576> <RAM>

 <State 35> : 7.08ns
ST_35 : Operation 294 [1/1] (0.00ns)   --->   "%tmp_75_cast = zext i12 %tmp_75 to i64" [nnet/solution1/nnet.cpp:94]
ST_35 : Operation 295 [1/1] (0.00ns)   --->   "%image_V_addr_23 = getelementptr [2704 x i24]* %image_V, i64 0, i64 %tmp_75_cast" [nnet/solution1/nnet.cpp:94]
ST_35 : Operation 296 [1/2] (3.25ns)   --->   "%image_V_load_35 = load i24* %image_V_addr_35, align 4" [nnet/solution1/nnet.cpp:94]   --->   Core 37 'RAM' <Latency = 1> <II = 1> <Delay = 3.25> <Storage> <Opcode : 'load' 'store'> <Ports = 2> <Width = 24> <Depth = 576> <RAM>
ST_35 : Operation 297 [1/1] (0.00ns)   --->   "%image_V_load_max_V_1_31 = zext i12 %image_V_load_max_V_1_12 to i64" [nnet/solution1/nnet.cpp:94]
ST_35 : Operation 298 [1/1] (0.00ns)   --->   "%image_V_addr_37 = getelementptr [2704 x i24]* %image_V, i64 0, i64 %image_V_load_max_V_1_31" [nnet/solution1/nnet.cpp:94]
ST_35 : Operation 299 [2/2] (3.25ns)   --->   "%image_V_load_37 = load i24* %image_V_addr_37, align 4" [nnet/solution1/nnet.cpp:94]   --->   Core 37 'RAM' <Latency = 1> <II = 1> <Delay = 3.25> <Storage> <Opcode : 'load' 'store'> <Ports = 2> <Width = 24> <Depth = 576> <RAM>
ST_35 : Operation 300 [1/2] (3.25ns)   --->   "%image_V_load_20 = load i24* %image_V_addr_20, align 4" [nnet/solution1/nnet.cpp:91]   --->   Core 37 'RAM' <Latency = 1> <II = 1> <Delay = 3.25> <Storage> <Opcode : 'load' 'store'> <Ports = 2> <Width = 24> <Depth = 576> <RAM>
ST_35 : Operation 301 [1/1] (2.45ns)   --->   "%tmp_13_5_0_1 = icmp sgt i24 %image_V_load_21, %image_V_load_20" [nnet/solution1/nnet.cpp:94]   --->   Core 25 'Cmp' <Latency = 0> <II = 1> <Delay = 2.45> <FuncUnit> <Opcode : 'icmp'> <InPorts = 2> <OutPorts = 1>
ST_35 : Operation 302 [1/1] (1.37ns)   --->   "%image_V_load_max_V_1_14 = select i1 %tmp_13_5_0_1, i12 %tmp_24, i12 %tmp_22" [nnet/solution1/nnet.cpp:94]   --->   Core 26 'Sel' <Latency = 0> <II = 1> <Delay = 1.37> <FuncUnit> <Opcode : 'select'> <InPorts = 3> <OutPorts = 1>
ST_35 : Operation 303 [2/2] (3.25ns)   --->   "%image_V_load_23 = load i24* %image_V_addr_23, align 4" [nnet/solution1/nnet.cpp:94]   --->   Core 37 'RAM' <Latency = 1> <II = 1> <Delay = 3.25> <Storage> <Opcode : 'load' 'store'> <Ports = 2> <Width = 24> <Depth = 576> <RAM>

 <State 36> : 7.08ns
ST_36 : Operation 304 [1/2] (3.25ns)   --->   "%image_V_load_37 = load i24* %image_V_addr_37, align 4" [nnet/solution1/nnet.cpp:94]   --->   Core 37 'RAM' <Latency = 1> <II = 1> <Delay = 3.25> <Storage> <Opcode : 'load' 'store'> <Ports = 2> <Width = 24> <Depth = 576> <RAM>
ST_36 : Operation 305 [1/1] (2.45ns)   --->   "%tmp_13_4_1_1 = icmp sgt i24 %image_V_load_19, %image_V_load_37" [nnet/solution1/nnet.cpp:94]   --->   Core 25 'Cmp' <Latency = 0> <II = 1> <Delay = 2.45> <FuncUnit> <Opcode : 'icmp'> <InPorts = 2> <OutPorts = 1>
ST_36 : Operation 306 [1/1] (1.37ns)   --->   "%image_V_load_max_V_1_13 = select i1 %tmp_13_4_1_1, i12 %tmp_71, i12 %image_V_load_max_V_1_12" [nnet/solution1/nnet.cpp:94]   --->   Core 26 'Sel' <Latency = 0> <II = 1> <Delay = 1.37> <FuncUnit> <Opcode : 'select'> <InPorts = 3> <OutPorts = 1>
ST_36 : Operation 307 [1/1] (0.00ns)   --->   "%image_V_load_max_V_1_33 = zext i12 %image_V_load_max_V_1_14 to i64" [nnet/solution1/nnet.cpp:94]
ST_36 : Operation 308 [1/1] (0.00ns)   --->   "%image_V_addr_39 = getelementptr [2704 x i24]* %image_V, i64 0, i64 %image_V_load_max_V_1_33" [nnet/solution1/nnet.cpp:94]
ST_36 : Operation 309 [2/2] (3.25ns)   --->   "%image_V_load_39 = load i24* %image_V_addr_39, align 4" [nnet/solution1/nnet.cpp:94]   --->   Core 37 'RAM' <Latency = 1> <II = 1> <Delay = 3.25> <Storage> <Opcode : 'load' 'store'> <Ports = 2> <Width = 24> <Depth = 576> <RAM>
ST_36 : Operation 310 [1/2] (3.25ns)   --->   "%image_V_load_23 = load i24* %image_V_addr_23, align 4" [nnet/solution1/nnet.cpp:94]   --->   Core 37 'RAM' <Latency = 1> <II = 1> <Delay = 3.25> <Storage> <Opcode : 'load' 'store'> <Ports = 2> <Width = 24> <Depth = 576> <RAM>

 <State 37> : 7.08ns
ST_37 : Operation 311 [1/1] (0.00ns)   --->   "%image_V_load_max_V_1_32 = zext i12 %image_V_load_max_V_1_13 to i64" [nnet/solution1/nnet.cpp:94]
ST_37 : Operation 312 [1/1] (0.00ns)   --->   "%image_V_addr_38 = getelementptr [2704 x i24]* %image_V, i64 0, i64 %image_V_load_max_V_1_32" [nnet/solution1/nnet.cpp:94]
ST_37 : Operation 313 [2/2] (3.25ns)   --->   "%image_V_load_38 = load i24* %image_V_addr_38, align 4" [nnet/solution1/nnet.cpp:94]   --->   Core 37 'RAM' <Latency = 1> <II = 1> <Delay = 3.25> <Storage> <Opcode : 'load' 'store'> <Ports = 2> <Width = 24> <Depth = 576> <RAM>
ST_37 : Operation 314 [1/2] (3.25ns)   --->   "%image_V_load_39 = load i24* %image_V_addr_39, align 4" [nnet/solution1/nnet.cpp:94]   --->   Core 37 'RAM' <Latency = 1> <II = 1> <Delay = 3.25> <Storage> <Opcode : 'load' 'store'> <Ports = 2> <Width = 24> <Depth = 576> <RAM>
ST_37 : Operation 315 [1/1] (2.45ns)   --->   "%tmp_13_5_1 = icmp sgt i24 %image_V_load_22, %image_V_load_39" [nnet/solution1/nnet.cpp:94]   --->   Core 25 'Cmp' <Latency = 0> <II = 1> <Delay = 2.45> <FuncUnit> <Opcode : 'icmp'> <InPorts = 2> <OutPorts = 1>
ST_37 : Operation 316 [1/1] (1.37ns)   --->   "%image_V_load_max_V_1_15 = select i1 %tmp_13_5_1, i12 %tmp_73, i12 %image_V_load_max_V_1_14" [nnet/solution1/nnet.cpp:94]   --->   Core 26 'Sel' <Latency = 0> <II = 1> <Delay = 1.37> <FuncUnit> <Opcode : 'select'> <InPorts = 3> <OutPorts = 1>

 <State 38> : 3.25ns
ST_38 : Operation 317 [1/2] (3.25ns)   --->   "%image_V_load_38 = load i24* %image_V_addr_38, align 4" [nnet/solution1/nnet.cpp:94]   --->   Core 37 'RAM' <Latency = 1> <II = 1> <Delay = 3.25> <Storage> <Opcode : 'load' 'store'> <Ports = 2> <Width = 24> <Depth = 576> <RAM>
ST_38 : Operation 318 [1/1] (0.00ns)   --->   "%image_V_load_max_V_1_34 = zext i12 %image_V_load_max_V_1_15 to i64" [nnet/solution1/nnet.cpp:94]
ST_38 : Operation 319 [1/1] (0.00ns)   --->   "%image_V_addr_40 = getelementptr [2704 x i24]* %image_V, i64 0, i64 %image_V_load_max_V_1_34" [nnet/solution1/nnet.cpp:94]
ST_38 : Operation 320 [2/2] (3.25ns)   --->   "%image_V_load_40 = load i24* %image_V_addr_40, align 4" [nnet/solution1/nnet.cpp:94]   --->   Core 37 'RAM' <Latency = 1> <II = 1> <Delay = 3.25> <Storage> <Opcode : 'load' 'store'> <Ports = 2> <Width = 24> <Depth = 576> <RAM>

 <State 39> : 7.08ns
ST_39 : Operation 321 [1/2] (3.25ns)   --->   "%image_V_load_40 = load i24* %image_V_addr_40, align 4" [nnet/solution1/nnet.cpp:94]   --->   Core 37 'RAM' <Latency = 1> <II = 1> <Delay = 3.25> <Storage> <Opcode : 'load' 'store'> <Ports = 2> <Width = 24> <Depth = 576> <RAM>
ST_39 : Operation 322 [1/1] (2.45ns)   --->   "%tmp_13_5_1_1 = icmp sgt i24 %image_V_load_23, %image_V_load_40" [nnet/solution1/nnet.cpp:94]   --->   Core 25 'Cmp' <Latency = 0> <II = 1> <Delay = 2.45> <FuncUnit> <Opcode : 'icmp'> <InPorts = 2> <OutPorts = 1>
ST_39 : Operation 323 [1/1] (1.37ns)   --->   "%image_V_load_max_V_1_16 = select i1 %tmp_13_5_1_1, i12 %tmp_75, i12 %image_V_load_max_V_1_15" [nnet/solution1/nnet.cpp:94]   --->   Core 26 'Sel' <Latency = 0> <II = 1> <Delay = 1.37> <FuncUnit> <Opcode : 'select'> <InPorts = 3> <OutPorts = 1>

 <State 40> : 3.25ns
ST_40 : Operation 324 [1/1] (0.00ns)   --->   "%image_V_load_max_V_1_35 = zext i12 %image_V_load_max_V_1_16 to i64" [nnet/solution1/nnet.cpp:94]
ST_40 : Operation 325 [1/1] (0.00ns)   --->   "%image_V_addr_41 = getelementptr [2704 x i24]* %image_V, i64 0, i64 %image_V_load_max_V_1_35" [nnet/solution1/nnet.cpp:94]
ST_40 : Operation 326 [2/2] (3.25ns)   --->   "%image_V_load_41 = load i24* %image_V_addr_41, align 4" [nnet/solution1/nnet.cpp:94]   --->   Core 37 'RAM' <Latency = 1> <II = 1> <Delay = 3.25> <Storage> <Opcode : 'load' 'store'> <Ports = 2> <Width = 24> <Depth = 576> <RAM>

 <State 41> : 3.25ns
ST_41 : Operation 327 [1/2] (3.25ns)   --->   "%image_V_load_41 = load i24* %image_V_addr_41, align 4" [nnet/solution1/nnet.cpp:94]   --->   Core 37 'RAM' <Latency = 1> <II = 1> <Delay = 3.25> <Storage> <Opcode : 'load' 'store'> <Ports = 2> <Width = 24> <Depth = 576> <RAM>

 <State 42> : 0.00ns

 <State 43> : 0.00ns

 <State 44> : 3.25ns
ST_44 : Operation 328 [1/1] (0.00ns)   --->   "%image_V_load_max_V_1_22 = zext i12 %image_V_load_max_V_1_5 to i64" [nnet/solution1/nnet.cpp:94]
ST_44 : Operation 329 [1/1] (0.00ns)   --->   "%image_V_addr_29 = getelementptr [2704 x i24]* %image_V, i64 0, i64 %image_V_load_max_V_1_22" [nnet/solution1/nnet.cpp:94]
ST_44 : Operation 330 [2/2] (3.25ns)   --->   "%image_V_load_29 = load i24* %image_V_addr_29, align 4" [nnet/solution1/nnet.cpp:94]   --->   Core 37 'RAM' <Latency = 1> <II = 1> <Delay = 3.25> <Storage> <Opcode : 'load' 'store'> <Ports = 2> <Width = 24> <Depth = 576> <RAM>

 <State 45> : 6.51ns
ST_45 : Operation 331 [1/1] (0.00ns)   --->   "%tmp_1_mid2_cast1 = zext i5 %tmp_1_mid2_v to i11" [nnet/solution1/nnet.cpp:89]
ST_45 : Operation 332 [1/1] (0.00ns) (grouped into LUT with out node tmp_35)   --->   "%tmp_34 = or i11 %tmp_28, 16" [nnet/solution1/nnet.cpp:95]
ST_45 : Operation 333 [1/1] (1.97ns) (out node of the LUT)   --->   "%tmp_35 = add i11 %tmp_1_mid2_cast1, %tmp_34" [nnet/solution1/nnet.cpp:95]   --->   Core 14 'AddSub' <Latency = 0> <II = 1> <Delay = 1.73> <FuncUnit> <Opcode : 'add' 'sub'> <InPorts = 2> <OutPorts = 1>
ST_45 : Operation 334 [1/1] (0.00ns)   --->   "%tmp_37_cast = sext i11 %tmp_35 to i64" [nnet/solution1/nnet.cpp:95]
ST_45 : Operation 335 [1/1] (0.00ns)   --->   "%output_V_addr_1 = getelementptr [576 x i24]* %output_V, i64 0, i64 %tmp_37_cast" [nnet/solution1/nnet.cpp:95]
ST_45 : Operation 336 [1/2] (3.25ns)   --->   "%image_V_load_29 = load i24* %image_V_addr_29, align 4" [nnet/solution1/nnet.cpp:94]   --->   Core 37 'RAM' <Latency = 1> <II = 1> <Delay = 3.25> <Storage> <Opcode : 'load' 'store'> <Ports = 2> <Width = 24> <Depth = 576> <RAM>
ST_45 : Operation 337 [1/1] (3.25ns)   --->   "store i24 %image_V_load_29, i24* %output_V_addr_1, align 4" [nnet/solution1/nnet.cpp:95]   --->   Core 37 'RAM' <Latency = 1> <II = 1> <Delay = 3.25> <Storage> <Opcode : 'load' 'store'> <Ports = 2> <Width = 24> <Depth = 576> <RAM>

 <State 46> : 6.32ns
ST_46 : Operation 338 [1/1] (0.00ns)   --->   "%tmp_31_cast = sext i11 %tmp_28 to i12" [nnet/solution1/nnet.cpp:95]
ST_46 : Operation 339 [1/1] (1.97ns)   --->   "%tmp_36 = add i12 32, %tmp_31_cast" [nnet/solution1/nnet.cpp:95]   --->   Core 14 'AddSub' <Latency = 0> <II = 1> <Delay = 1.73> <FuncUnit> <Opcode : 'add' 'sub'> <InPorts = 2> <OutPorts = 1>
ST_46 : Operation 340 [1/1] (0.00ns)   --->   "%tmp_37 = trunc i12 %tmp_36 to i5" [nnet/solution1/nnet.cpp:95]
ST_46 : Operation 341 [1/1] (1.09ns)   --->   "%tmp_38 = or i5 %tmp_37, %tmp_1_mid2_v" [nnet/solution1/nnet.cpp:95]   --->   Core 27 'LogicGate' <Latency = 0> <II = 1> <Delay = 1.09> <FuncUnit> <Opcode : 'and' 'or' 'xor'> <InPorts = 2> <OutPorts = 1>
ST_46 : Operation 342 [1/1] (0.00ns)   --->   "%tmp_39 = call i7 @_ssdm_op_PartSelect.i7.i12.i32.i32(i12 %tmp_36, i32 5, i32 11)" [nnet/solution1/nnet.cpp:95]
ST_46 : Operation 343 [1/1] (0.00ns)   --->   "%tmp_40 = call i12 @_ssdm_op_BitConcatenate.i12.i7.i5(i7 %tmp_39, i5 %tmp_38)" [nnet/solution1/nnet.cpp:95]
ST_46 : Operation 344 [1/1] (0.00ns)   --->   "%tmp_41 = sext i12 %tmp_40 to i64" [nnet/solution1/nnet.cpp:95]
ST_46 : Operation 345 [1/1] (0.00ns)   --->   "%output_V_addr_2 = getelementptr [576 x i24]* %output_V, i64 0, i64 %tmp_41" [nnet/solution1/nnet.cpp:95]
ST_46 : Operation 346 [1/1] (1.97ns)   --->   "%tmp_44 = add i12 64, %tmp_31_cast" [nnet/solution1/nnet.cpp:95]   --->   Core 14 'AddSub' <Latency = 0> <II = 1> <Delay = 1.73> <FuncUnit> <Opcode : 'add' 'sub'> <InPorts = 2> <OutPorts = 1>
ST_46 : Operation 347 [1/1] (0.00ns)   --->   "%tmp_45 = trunc i12 %tmp_44 to i5" [nnet/solution1/nnet.cpp:95]
ST_46 : Operation 348 [1/1] (1.09ns)   --->   "%tmp_46 = or i5 %tmp_45, %tmp_1_mid2_v" [nnet/solution1/nnet.cpp:95]   --->   Core 27 'LogicGate' <Latency = 0> <II = 1> <Delay = 1.09> <FuncUnit> <Opcode : 'and' 'or' 'xor'> <InPorts = 2> <OutPorts = 1>
ST_46 : Operation 349 [1/1] (0.00ns)   --->   "%tmp_47 = call i7 @_ssdm_op_PartSelect.i7.i12.i32.i32(i12 %tmp_44, i32 5, i32 11)" [nnet/solution1/nnet.cpp:95]
ST_46 : Operation 350 [1/1] (3.25ns)   --->   "store i24 %image_V_load_32, i24* %output_V_addr_2, align 4" [nnet/solution1/nnet.cpp:95]   --->   Core 37 'RAM' <Latency = 1> <II = 1> <Delay = 3.25> <Storage> <Opcode : 'load' 'store'> <Ports = 2> <Width = 24> <Depth = 576> <RAM>

 <State 47> : 7.01ns
ST_47 : Operation 351 [1/1] (0.00ns) (grouped into TernaryAdder)   --->   "%tmp_42 = add i11 48, %tmp_28" [nnet/solution1/nnet.cpp:95]   --->   Core 80 'TAddSub' <Latency = 0> <II = 1> <Delay = 1.89> <IPBlock> <Opcode : 'add' 'sub'> <InPorts = 3> <OutPorts = 1> <Sync> <CReg>
ST_47 : Operation 352 [1/1] (3.75ns) (root node of TernaryAdder)   --->   "%tmp_43 = add i11 %tmp_1_mid2_cast1, %tmp_42" [nnet/solution1/nnet.cpp:95]   --->   Core 80 'TAddSub' <Latency = 0> <II = 1> <Delay = 1.89> <IPBlock> <Opcode : 'add' 'sub'> <InPorts = 3> <OutPorts = 1> <Sync> <CReg>
ST_47 : Operation 353 [1/1] (0.00ns)   --->   "%tmp_44_cast = sext i11 %tmp_43 to i64" [nnet/solution1/nnet.cpp:95]
ST_47 : Operation 354 [1/1] (0.00ns)   --->   "%output_V_addr_3 = getelementptr [576 x i24]* %output_V, i64 0, i64 %tmp_44_cast" [nnet/solution1/nnet.cpp:95]
ST_47 : Operation 355 [1/1] (0.00ns) (grouped into TernaryAdder)   --->   "%tmp_50 = add i11 80, %tmp_28" [nnet/solution1/nnet.cpp:95]   --->   Core 80 'TAddSub' <Latency = 0> <II = 1> <Delay = 1.89> <IPBlock> <Opcode : 'add' 'sub'> <InPorts = 3> <OutPorts = 1> <Sync> <CReg>
ST_47 : Operation 356 [1/1] (3.75ns) (root node of TernaryAdder)   --->   "%tmp_51 = add i11 %tmp_1_mid2_cast1, %tmp_50" [nnet/solution1/nnet.cpp:95]   --->   Core 80 'TAddSub' <Latency = 0> <II = 1> <Delay = 1.89> <IPBlock> <Opcode : 'add' 'sub'> <InPorts = 3> <OutPorts = 1> <Sync> <CReg>
ST_47 : Operation 357 [1/1] (3.25ns)   --->   "store i24 %image_V_load_35, i24* %output_V_addr_3, align 4" [nnet/solution1/nnet.cpp:95]   --->   Core 37 'RAM' <Latency = 1> <II = 1> <Delay = 3.25> <Storage> <Opcode : 'load' 'store'> <Ports = 2> <Width = 24> <Depth = 576> <RAM>

 <State 48> : 3.25ns
ST_48 : Operation 358 [1/1] (0.00ns)   --->   "%tmp_48 = call i12 @_ssdm_op_BitConcatenate.i12.i7.i5(i7 %tmp_47, i5 %tmp_46)" [nnet/solution1/nnet.cpp:95]
ST_48 : Operation 359 [1/1] (0.00ns)   --->   "%tmp_49 = sext i12 %tmp_48 to i64" [nnet/solution1/nnet.cpp:95]
ST_48 : Operation 360 [1/1] (0.00ns)   --->   "%output_V_addr_4 = getelementptr [576 x i24]* %output_V, i64 0, i64 %tmp_49" [nnet/solution1/nnet.cpp:95]
ST_48 : Operation 361 [1/1] (3.25ns)   --->   "store i24 %image_V_load_38, i24* %output_V_addr_4, align 4" [nnet/solution1/nnet.cpp:95]   --->   Core 37 'RAM' <Latency = 1> <II = 1> <Delay = 3.25> <Storage> <Opcode : 'load' 'store'> <Ports = 2> <Width = 24> <Depth = 576> <RAM>

 <State 49> : 3.25ns
ST_49 : Operation 362 [1/1] (0.00ns)   --->   "call void (...)* @_ssdm_op_SpecLoopName([22 x i8]* @L_pool_layer2_label1)"
ST_49 : Operation 363 [1/1] (0.00ns)   --->   "%empty = call i32 (...)* @_ssdm_op_SpecLoopTripCount(i64 96, i64 96, i64 96)"
ST_49 : Operation 364 [1/1] (0.00ns)   --->   "call void (...)* @_ssdm_op_SpecLoopName([20 x i8]* @p_str27) nounwind" [nnet/solution1/nnet.cpp:89]
ST_49 : Operation 365 [1/1] (0.00ns)   --->   "%tmp = call i32 (...)* @_ssdm_op_SpecRegionBegin([20 x i8]* @p_str27)" [nnet/solution1/nnet.cpp:89]
ST_49 : Operation 366 [1/1] (0.00ns)   --->   "call void (...)* @_ssdm_op_SpecPipeline(i32 21, i32 1, i32 1, i32 0, [1 x i8]* @p_str12) nounwind" [nnet/solution1/nnet.cpp:90]
ST_49 : Operation 367 [1/1] (0.00ns)   --->   "%tmp_51_cast = sext i11 %tmp_51 to i64" [nnet/solution1/nnet.cpp:95]
ST_49 : Operation 368 [1/1] (0.00ns)   --->   "%output_V_addr_5 = getelementptr [576 x i24]* %output_V, i64 0, i64 %tmp_51_cast" [nnet/solution1/nnet.cpp:95]
ST_49 : Operation 369 [1/1] (3.25ns)   --->   "store i24 %image_V_load_41, i24* %output_V_addr_5, align 4" [nnet/solution1/nnet.cpp:95]   --->   Core 37 'RAM' <Latency = 1> <II = 1> <Delay = 3.25> <Storage> <Opcode : 'load' 'store'> <Ports = 2> <Width = 24> <Depth = 576> <RAM>
ST_49 : Operation 370 [1/1] (0.00ns)   --->   "%empty_18 = call i32 (...)* @_ssdm_op_SpecRegionEnd([20 x i8]* @p_str27, i32 %tmp)" [nnet/solution1/nnet.cpp:96]
ST_49 : Operation 371 [1/1] (0.00ns)   --->   "br label %.preheader" [nnet/solution1/nnet.cpp:88]

 <State 50> : 0.00ns
ST_50 : Operation 372 [1/1] (0.00ns)   --->   "ret void" [nnet/solution1/nnet.cpp:98]


============================================================
+ Verbose Summary: Timing violations
============================================================
Target clock period: 10ns, clock uncertainty: 1.25ns.

 <State 1>: 1.77ns
The critical path consists of the following:
	multiplexor before 'phi' operation ('indvar_flatten') with incoming values : ('indvar_flatten_next') [5]  (1.77 ns)

 <State 2>: 7.02ns
The critical path consists of the following:
	'phi' operation ('i') with incoming values : ('i', nnet/solution1/nnet.cpp:88) [7]  (0 ns)
	'icmp' operation ('tmp_s', nnet/solution1/nnet.cpp:88) [15]  (1.3 ns)
	'select' operation ('i_mid2', nnet/solution1/nnet.cpp:88) [16]  (1.37 ns)
	'or' operation ('tmp_9_0_s', nnet/solution1/nnet.cpp:94) [118]  (0 ns)
	'mul' operation ('tmp_52', nnet/solution1/nnet.cpp:94) [120]  (4.35 ns)

 <State 3>: 0ns
The critical path consists of the following:

 <State 4>: 0ns
The critical path consists of the following:

 <State 5>: 0ns
The critical path consists of the following:

 <State 6>: 0ns
The critical path consists of the following:

 <State 7>: 0ns
The critical path consists of the following:

 <State 8>: 0ns
The critical path consists of the following:

 <State 9>: 0ns
The critical path consists of the following:

 <State 10>: 0ns
The critical path consists of the following:

 <State 11>: 0ns
The critical path consists of the following:

 <State 12>: 0ns
The critical path consists of the following:

 <State 13>: 0ns
The critical path consists of the following:

 <State 14>: 0ns
The critical path consists of the following:

 <State 15>: 5.25ns
The critical path consists of the following:
	'add' operation ('tmp_4', nnet/solution1/nnet.cpp:91) [25]  (2 ns)
	'getelementptr' operation ('image_V_addr', nnet/solution1/nnet.cpp:91) [27]  (0 ns)
	'load' operation ('image_V_load', nnet/solution1/nnet.cpp:91) on array 'image_V' [111]  (3.25 ns)

 <State 16>: 7.04ns
The critical path consists of the following:
	'add' operation ('tmp_5', nnet/solution1/nnet.cpp:94) [28]  (0 ns)
	'add' operation ('tmp_6', nnet/solution1/nnet.cpp:94) [29]  (3.79 ns)
	'getelementptr' operation ('image_V_addr_1', nnet/solution1/nnet.cpp:94) [31]  (0 ns)
	'load' operation ('image_V_load_1', nnet/solution1/nnet.cpp:94) on array 'image_V' [112]  (3.25 ns)

 <State 17>: 7.08ns
The critical path consists of the following:
	'load' operation ('image_V_load_1', nnet/solution1/nnet.cpp:94) on array 'image_V' [112]  (3.25 ns)
	'icmp' operation ('tmp_13_0_0_1', nnet/solution1/nnet.cpp:94) [113]  (2.45 ns)
	'select' operation ('image_V_load_max_V_1', nnet/solution1/nnet.cpp:94) [114]  (1.37 ns)

 <State 18>: 7.04ns
The critical path consists of the following:
	'add' operation ('tmp_9', nnet/solution1/nnet.cpp:94) [36]  (0 ns)
	'add' operation ('tmp_2', nnet/solution1/nnet.cpp:94) [37]  (3.79 ns)
	'getelementptr' operation ('image_V_addr_5', nnet/solution1/nnet.cpp:94) [39]  (0 ns)
	'load' operation ('image_V_load_5', nnet/solution1/nnet.cpp:94) on array 'image_V' [182]  (3.25 ns)

 <State 19>: 7.08ns
The critical path consists of the following:
	'load' operation ('image_V_load_5', nnet/solution1/nnet.cpp:94) on array 'image_V' [182]  (3.25 ns)
	'icmp' operation ('tmp_13_1_0_1', nnet/solution1/nnet.cpp:94) [183]  (2.45 ns)
	'select' operation ('image_V_load_max_V_1_3', nnet/solution1/nnet.cpp:94) [184]  (1.37 ns)

 <State 20>: 7.08ns
The critical path consists of the following:
	'load' operation ('image_V_load_24', nnet/solution1/nnet.cpp:94) on array 'image_V' [117]  (3.25 ns)
	'icmp' operation ('tmp_13_0_1', nnet/solution1/nnet.cpp:94) [169]  (2.45 ns)
	'select' operation ('image_V_load_max_V_1_1', nnet/solution1/nnet.cpp:94) [170]  (1.37 ns)

 <State 21>: 7.08ns
The critical path consists of the following:
	'load' operation ('image_V_load_27', nnet/solution1/nnet.cpp:94) on array 'image_V' [187]  (3.25 ns)
	'icmp' operation ('tmp_13_1_1', nnet/solution1/nnet.cpp:94) [189]  (2.45 ns)
	'select' operation ('image_V_load_max_V_1_4', nnet/solution1/nnet.cpp:94) [190]  (1.37 ns)

 <State 22>: 7.08ns
The critical path consists of the following:
	'load' operation ('image_V_load_25', nnet/solution1/nnet.cpp:94) on array 'image_V' [173]  (3.25 ns)
	'icmp' operation ('tmp_13_0_1_1', nnet/solution1/nnet.cpp:94) [175]  (2.45 ns)
	'select' operation ('image_V_load_max_V_1_2', nnet/solution1/nnet.cpp:94) [176]  (1.37 ns)

 <State 23>: 7.08ns
The critical path consists of the following:
	'load' operation ('image_V_load_28', nnet/solution1/nnet.cpp:94) on array 'image_V' [193]  (3.25 ns)
	'icmp' operation ('tmp_13_1_1_1', nnet/solution1/nnet.cpp:94) [195]  (2.45 ns)
	'select' operation ('image_V_load_max_V_1_5', nnet/solution1/nnet.cpp:94) [196]  (1.37 ns)

 <State 24>: 7.04ns
The critical path consists of the following:
	'add' operation ('tmp_3', nnet/solution1/nnet.cpp:91) [40]  (0 ns)
	'add' operation ('tmp_10', nnet/solution1/nnet.cpp:91) [41]  (3.79 ns)
	'getelementptr' operation ('image_V_addr_8', nnet/solution1/nnet.cpp:91) [43]  (0 ns)
	'load' operation ('image_V_load_8', nnet/solution1/nnet.cpp:91) on array 'image_V' [201]  (3.25 ns)

 <State 25>: 7.04ns
The critical path consists of the following:
	'add' operation ('tmp_11', nnet/solution1/nnet.cpp:94) [44]  (0 ns)
	'add' operation ('tmp_12', nnet/solution1/nnet.cpp:94) [45]  (3.79 ns)
	'getelementptr' operation ('image_V_addr_9', nnet/solution1/nnet.cpp:94) [47]  (0 ns)
	'load' operation ('image_V_load_9', nnet/solution1/nnet.cpp:94) on array 'image_V' [202]  (3.25 ns)

 <State 26>: 7.08ns
The critical path consists of the following:
	'load' operation ('image_V_load_9', nnet/solution1/nnet.cpp:94) on array 'image_V' [202]  (3.25 ns)
	'icmp' operation ('tmp_13_2_0_1', nnet/solution1/nnet.cpp:94) [203]  (2.45 ns)
	'select' operation ('image_V_load_max_V_1_6', nnet/solution1/nnet.cpp:94) [204]  (1.37 ns)

 <State 27>: 7.04ns
The critical path consists of the following:
	'add' operation ('tmp_13', nnet/solution1/nnet.cpp:91) [48]  (0 ns)
	'add' operation ('tmp_14', nnet/solution1/nnet.cpp:91) [49]  (3.79 ns)
	'getelementptr' operation ('image_V_addr_12', nnet/solution1/nnet.cpp:91) [51]  (0 ns)
	'load' operation ('image_V_load_12', nnet/solution1/nnet.cpp:91) on array 'image_V' [221]  (3.25 ns)

 <State 28>: 7.08ns
The critical path consists of the following:
	'load' operation ('image_V_load_30', nnet/solution1/nnet.cpp:94) on array 'image_V' [207]  (3.25 ns)
	'icmp' operation ('tmp_13_2_1', nnet/solution1/nnet.cpp:94) [209]  (2.45 ns)
	'select' operation ('image_V_load_max_V_1_7', nnet/solution1/nnet.cpp:94) [210]  (1.37 ns)

 <State 29>: 7.08ns
The critical path consists of the following:
	'load' operation ('image_V_load_13', nnet/solution1/nnet.cpp:94) on array 'image_V' [222]  (3.25 ns)
	'icmp' operation ('tmp_13_3_0_1', nnet/solution1/nnet.cpp:94) [223]  (2.45 ns)
	'select' operation ('image_V_load_max_V_1_9', nnet/solution1/nnet.cpp:94) [224]  (1.37 ns)

 <State 30>: 7.08ns
The critical path consists of the following:
	'load' operation ('image_V_load_31', nnet/solution1/nnet.cpp:94) on array 'image_V' [213]  (3.25 ns)
	'icmp' operation ('tmp_13_2_1_1', nnet/solution1/nnet.cpp:94) [215]  (2.45 ns)
	'select' operation ('image_V_load_max_V_1_8', nnet/solution1/nnet.cpp:94) [216]  (1.37 ns)

 <State 31>: 7.08ns
The critical path consists of the following:
	'load' operation ('image_V_load_33', nnet/solution1/nnet.cpp:94) on array 'image_V' [227]  (3.25 ns)
	'icmp' operation ('tmp_13_3_1', nnet/solution1/nnet.cpp:94) [229]  (2.45 ns)
	'select' operation ('image_V_load_max_V_1_27', nnet/solution1/nnet.cpp:94) [230]  (1.37 ns)

 <State 32>: 7.08ns
The critical path consists of the following:
	'load' operation ('image_V_load_16', nnet/solution1/nnet.cpp:91) on array 'image_V' [241]  (3.25 ns)
	'icmp' operation ('tmp_13_4_0_1', nnet/solution1/nnet.cpp:94) [243]  (2.45 ns)
	'select' operation ('image_V_load_max_V_1_11', nnet/solution1/nnet.cpp:94) [244]  (1.37 ns)

 <State 33>: 7.08ns
The critical path consists of the following:
	'load' operation ('image_V_load_34', nnet/solution1/nnet.cpp:94) on array 'image_V' [233]  (3.25 ns)
	'icmp' operation ('tmp_13_3_1_1', nnet/solution1/nnet.cpp:94) [235]  (2.45 ns)
	'select' operation ('image_V_load_max_V_1_10', nnet/solution1/nnet.cpp:94) [236]  (1.37 ns)

 <State 34>: 7.08ns
The critical path consists of the following:
	'load' operation ('image_V_load_36', nnet/solution1/nnet.cpp:94) on array 'image_V' [247]  (3.25 ns)
	'icmp' operation ('tmp_13_4_1', nnet/solution1/nnet.cpp:94) [249]  (2.45 ns)
	'select' operation ('image_V_load_max_V_1_12', nnet/solution1/nnet.cpp:94) [250]  (1.37 ns)

 <State 35>: 7.08ns
The critical path consists of the following:
	'load' operation ('image_V_load_20', nnet/solution1/nnet.cpp:91) on array 'image_V' [261]  (3.25 ns)
	'icmp' operation ('tmp_13_5_0_1', nnet/solution1/nnet.cpp:94) [263]  (2.45 ns)
	'select' operation ('image_V_load_max_V_1_14', nnet/solution1/nnet.cpp:94) [264]  (1.37 ns)

 <State 36>: 7.08ns
The critical path consists of the following:
	'load' operation ('image_V_load_37', nnet/solution1/nnet.cpp:94) on array 'image_V' [253]  (3.25 ns)
	'icmp' operation ('tmp_13_4_1_1', nnet/solution1/nnet.cpp:94) [255]  (2.45 ns)
	'select' operation ('image_V_load_max_V_1_13', nnet/solution1/nnet.cpp:94) [256]  (1.37 ns)

 <State 37>: 7.08ns
The critical path consists of the following:
	'load' operation ('image_V_load_39', nnet/solution1/nnet.cpp:94) on array 'image_V' [267]  (3.25 ns)
	'icmp' operation ('tmp_13_5_1', nnet/solution1/nnet.cpp:94) [269]  (2.45 ns)
	'select' operation ('image_V_load_max_V_1_15', nnet/solution1/nnet.cpp:94) [270]  (1.37 ns)

 <State 38>: 3.25ns
The critical path consists of the following:
	'load' operation ('image_V_load_38', nnet/solution1/nnet.cpp:94) on array 'image_V' [259]  (3.25 ns)

 <State 39>: 7.08ns
The critical path consists of the following:
	'load' operation ('image_V_load_40', nnet/solution1/nnet.cpp:94) on array 'image_V' [273]  (3.25 ns)
	'icmp' operation ('tmp_13_5_1_1', nnet/solution1/nnet.cpp:94) [275]  (2.45 ns)
	'select' operation ('image_V_load_max_V_1_16', nnet/solution1/nnet.cpp:94) [276]  (1.37 ns)

 <State 40>: 3.25ns
The critical path consists of the following:
	'getelementptr' operation ('image_V_addr_41', nnet/solution1/nnet.cpp:94) [278]  (0 ns)
	'load' operation ('image_V_load_41', nnet/solution1/nnet.cpp:94) on array 'image_V' [279]  (3.25 ns)

 <State 41>: 3.25ns
The critical path consists of the following:
	'load' operation ('image_V_load_41', nnet/solution1/nnet.cpp:94) on array 'image_V' [279]  (3.25 ns)

 <State 42>: 0ns
The critical path consists of the following:

 <State 43>: 0ns
The critical path consists of the following:

 <State 44>: 3.25ns
The critical path consists of the following:
	'getelementptr' operation ('image_V_addr_29', nnet/solution1/nnet.cpp:94) [198]  (0 ns)
	'load' operation ('image_V_load_29', nnet/solution1/nnet.cpp:94) on array 'image_V' [199]  (3.25 ns)

 <State 45>: 6.51ns
The critical path consists of the following:
	'load' operation ('image_V_load_29', nnet/solution1/nnet.cpp:94) on array 'image_V' [199]  (3.25 ns)
	'store' operation (nnet/solution1/nnet.cpp:95) of variable 'image_V_load_29', nnet/solution1/nnet.cpp:94 on array 'output_V' [200]  (3.25 ns)

 <State 46>: 6.32ns
The critical path consists of the following:
	'add' operation ('tmp_36', nnet/solution1/nnet.cpp:95) [89]  (1.98 ns)
	'or' operation ('tmp_38', nnet/solution1/nnet.cpp:95) [91]  (1.09 ns)
	'getelementptr' operation ('output_V_addr_2', nnet/solution1/nnet.cpp:95) [95]  (0 ns)
	'store' operation (nnet/solution1/nnet.cpp:95) of variable 'image_V_load_32', nnet/solution1/nnet.cpp:94 on array 'output_V' [220]  (3.25 ns)

 <State 47>: 7.01ns
The critical path consists of the following:
	'add' operation ('tmp_42', nnet/solution1/nnet.cpp:95) [96]  (0 ns)
	'add' operation ('tmp_43', nnet/solution1/nnet.cpp:95) [97]  (3.76 ns)
	'getelementptr' operation ('output_V_addr_3', nnet/solution1/nnet.cpp:95) [99]  (0 ns)
	'store' operation (nnet/solution1/nnet.cpp:95) of variable 'image_V_load_35', nnet/solution1/nnet.cpp:94 on array 'output_V' [240]  (3.25 ns)

 <State 48>: 3.25ns
The critical path consists of the following:
	'getelementptr' operation ('output_V_addr_4', nnet/solution1/nnet.cpp:95) [106]  (0 ns)
	'store' operation (nnet/solution1/nnet.cpp:95) of variable 'image_V_load_38', nnet/solution1/nnet.cpp:94 on array 'output_V' [260]  (3.25 ns)

 <State 49>: 3.25ns
The critical path consists of the following:
	'getelementptr' operation ('output_V_addr_5', nnet/solution1/nnet.cpp:95) [110]  (0 ns)
	'store' operation (nnet/solution1/nnet.cpp:95) of variable 'image_V_load_41', nnet/solution1/nnet.cpp:94 on array 'output_V' [280]  (3.25 ns)

 <State 50>: 0ns
The critical path consists of the following:


============================================================
+ Verbose Summary: Binding
============================================================
N/A
* FSMD analyzer results:
  - Output states:
 - Input state : 
  - Chain level:
	State 1
	State 2
	State 3
	State 4
	State 5
	State 6
	State 7
	State 8
	State 9
	State 10
	State 11
	State 12
	State 13
	State 14
	State 15
	State 16
	State 17
	State 18
	State 19
	State 20
	State 21
	State 22
	State 23
	State 24
	State 25
	State 26
	State 27
	State 28
	State 29
	State 30
	State 31
	State 32
	State 33
	State 34
	State 35
	State 36
	State 37
	State 38
	State 39
	State 40
	State 41
	State 42
	State 43
	State 44
	State 45
	State 46
	State 47
	State 48
	State 49
	State 50


============================================================
+ Verbose Summary: Datapath Resource usage 
============================================================
N/A
