

================================================================
== Vivado HLS Report for 'pool_layer1'
================================================================
* Date:           Wed Apr 25 19:19:44 2018

* Version:        2017.4.1 (Build 2117188 on Tue Jan 30 15:53:01 MST 2018)
* Project:        nnet
* Solution:       solution1
* Product family: zynq
* Target device:  xc7z020clg400-1


================================================================
== Performance Estimates
================================================================
+ Timing (ns): 
    * Summary: 
    +--------+-------+----------+------------+
    |  Clock | Target| Estimated| Uncertainty|
    +--------+-------+----------+------------+
    |ap_clk  |  10.00|      7.19|        1.25|
    +--------+-------+----------+------------+

+ Latency (clock cycles): 
    * Summary: 
    +-------+-------+-------+-------+---------+
    |    Latency    |    Interval   | Pipeline|
    |  min  |  max  |  min  |  max  |   Type  |
    +-------+-------+-------+-------+---------+
    |  30033|  30033|  30033|  30033|   none  |
    +-------+-------+-------+-------+---------+

    + Detail: 
        * Instance: 
        N/A

        * Loop: 
        +-------------------------+-------+-------+----------+-----------+-----------+------+----------+
        |                         |    Latency    | Iteration|  Initiation Interval  | Trip |          |
        |        Loop Name        |  min  |  max  |  Latency |  achieved |   target  | Count| Pipelined|
        +-------------------------+-------+-------+----------+-----------+-----------+------+----------+
        |- Loop 1                 |  30032|  30032|      3754|          -|          -|     8|    no    |
        | + Loop 1.1              |   3752|   3752|       268|          -|          -|    14|    no    |
        |  ++ Loop 1.1.1          |    266|    266|        19|          -|          -|    14|    no    |
        |   +++ Loop 1.1.1.1      |     16|     16|         8|          -|          -|     2|    no    |
        |    ++++ Loop 1.1.1.1.1  |      6|      6|         3|          -|          -|     2|    no    |
        +-------------------------+-------+-------+----------+-----------+-----------+------+----------+



================================================================
== Utilization Estimates
================================================================
* Summary: 
+-----------------+---------+-------+--------+-------+
|       Name      | BRAM_18K| DSP48E|   FF   |  LUT  |
+-----------------+---------+-------+--------+-------+
|DSP              |        -|      -|       -|      -|
|Expression       |        -|      0|       0|    326|
|FIFO             |        -|      -|       -|      -|
|Instance         |        -|      -|       -|      -|
|Memory           |        -|      -|       -|      -|
|Multiplexer      |        -|      -|       -|    125|
|Register         |        -|      -|     133|      -|
+-----------------+---------+-------+--------+-------+
|Total            |        0|      0|     133|    451|
+-----------------+---------+-------+--------+-------+
|Available        |      280|    220|  106400|  53200|
+-----------------+---------+-------+--------+-------+
|Utilization (%)  |        0|      0|   ~0   |   ~0  |
+-----------------+---------+-------+--------+-------+

+ Detail: 
    * Instance: 
    N/A

    * DSP48: 
    N/A

    * Memory: 
    N/A

    * FIFO: 
    N/A

    * Expression: 
    +---------------------+----------+-------+---+----+------------+------------+
    |    Variable Name    | Operation| DSP48E| FF| LUT| Bitwidth P0| Bitwidth P1|
    +---------------------+----------+-------+---+----+------------+------------+
    |tmp_31_fu_317_p2     |     *    |      0|  0|  17|           5|           5|
    |tmp_fu_201_p2        |     *    |      0|  0|  17|           5|           5|
    |channel_2_fu_177_p2  |     +    |      0|  0|  13|           4|           1|
    |i_2_fu_285_p2        |     +    |      0|  0|  15|           5|           2|
    |j_2_fu_360_p2        |     +    |      0|  0|  15|           5|           2|
    |k_2_fu_301_p2        |     +    |      0|  0|  10|           2|           1|
    |l_2_fu_376_p2        |     +    |      0|  0|  10|           2|           1|
    |tmp_17_fu_307_p2     |     +    |      0|  0|  15|           5|           5|
    |tmp_19_fu_382_p2     |     +    |      0|  0|  15|           5|           5|
    |tmp_24_fu_257_p2     |     +    |      0|  0|  17|          10|          10|
    |tmp_29_fu_337_p2     |     +    |      0|  0|  16|           9|           9|
    |tmp_30_fu_350_p2     |     +    |      0|  0|  19|          12|          12|
    |tmp_32_fu_392_p2     |     +    |      0|  0|  17|          10|          10|
    |tmp_34_fu_409_p2     |     +    |      0|  0|  21|          14|          14|
    |tmp_23_fu_241_p2     |     -    |      0|  0|  16|           9|           9|
    |exitcond3_fu_171_p2  |   icmp   |      0|  0|  11|           4|           5|
    |exitcond4_fu_295_p2  |   icmp   |      0|  0|   9|           2|           3|
    |exitcond_fu_370_p2   |   icmp   |      0|  0|   9|           2|           3|
    |tmp_12_fu_191_p2     |   icmp   |      0|  0|  11|           5|           4|
    |tmp_14_fu_247_p2     |   icmp   |      0|  0|  11|           5|           4|
    |tmp_21_fu_418_p2     |   icmp   |      0|  0|  18|          24|          24|
    |max_V_2_fu_424_p3    |  select  |      0|  0|  24|           1|          24|
    +---------------------+----------+-------+---+----+------------+------------+
    |Total                |          |      0|  0| 326|         145|         158|
    +---------------------+----------+-------+---+----+------------+------------+

    * Multiplexer: 
    +------------------+----+-----------+-----+-----------+
    |       Name       | LUT| Input Size| Bits| Total Bits|
    +------------------+----+-----------+-----+-----------+
    |ap_NS_fsm         |  47|         10|    1|         10|
    |channel_reg_90    |   9|          2|    4|          8|
    |i_reg_102         |   9|          2|    5|         10|
    |image_V_address0  |  15|          3|   13|         39|
    |j_reg_114         |   9|          2|    5|         10|
    |k_reg_137         |   9|          2|    2|          4|
    |l_reg_160         |   9|          2|    2|          4|
    |max_V3_reg_126    |   9|          2|   24|         48|
    |max_V_1_reg_148   |   9|          2|   24|         48|
    +------------------+----+-----------+-----+-----------+
    |Total             | 125|         27|   80|        181|
    +------------------+----+-----------+-----+-----------+

    * Register: 
    +-------------------+----+----+-----+-----------+
    |        Name       | FF | LUT| Bits| Const Bits|
    +-------------------+----+----+-----+-----------+
    |ap_CS_fsm          |   9|   0|    9|          0|
    |channel_2_reg_435  |   4|   0|    4|          0|
    |channel_reg_90     |   4|   0|    4|          0|
    |i_reg_102          |   5|   0|    5|          0|
    |j_reg_114          |   5|   0|    5|          0|
    |k_2_reg_484        |   2|   0|    2|          0|
    |k_reg_137          |   2|   0|    2|          0|
    |l_2_reg_502        |   2|   0|    2|          0|
    |l_reg_160          |   2|   0|    2|          0|
    |max_V3_reg_126     |  24|   0|   24|          0|
    |max_V_1_reg_148    |  24|   0|   24|          0|
    |tmp_23_reg_458     |   8|   0|    9|          1|
    |tmp_31_reg_489     |  10|   0|   10|          0|
    |tmp_34_reg_507     |  14|   0|   14|          0|
    |tmp_cast2_reg_440  |   4|   0|   14|         10|
    |tmp_cast_reg_445   |   4|   0|   12|          8|
    |tmp_reg_453        |  10|   0|   10|          0|
    +-------------------+----+----+-----+-----------+
    |Total              | 133|   0|  152|         19|
    +-------------------+----+----+-----+-----------+



================================================================
== Interface
================================================================
* Summary: 
+-------------------+-----+-----+------------+--------------+--------------+
|     RTL Ports     | Dir | Bits|  Protocol  | Source Object|    C Type    |
+-------------------+-----+-----+------------+--------------+--------------+
|ap_clk             |  in |    1| ap_ctrl_hs |  pool_layer1 | return value |
|ap_rst             |  in |    1| ap_ctrl_hs |  pool_layer1 | return value |
|ap_start           |  in |    1| ap_ctrl_hs |  pool_layer1 | return value |
|ap_done            | out |    1| ap_ctrl_hs |  pool_layer1 | return value |
|ap_idle            | out |    1| ap_ctrl_hs |  pool_layer1 | return value |
|ap_ready           | out |    1| ap_ctrl_hs |  pool_layer1 | return value |
|output_V_address0  | out |   11|  ap_memory |   output_V   |     array    |
|output_V_ce0       | out |    1|  ap_memory |   output_V   |     array    |
|output_V_we0       | out |    1|  ap_memory |   output_V   |     array    |
|output_V_d0        | out |   24|  ap_memory |   output_V   |     array    |
|image_V_address0   | out |   13|  ap_memory |    image_V   |     array    |
|image_V_ce0        | out |    1|  ap_memory |    image_V   |     array    |
|image_V_q0         |  in |   24|  ap_memory |    image_V   |     array    |
+-------------------+-----+-----+------------+--------------+--------------+

